[ 2016-09-18T15:55:28+08:00 ] 127.0.0.1 /style/css/bootstrap.css
INFO: [ app_init ] --START--
INFO: Run Behavior\BuildLiteBehavior [ RunTime:0.000000s ]
INFO: [ app_init ] --END-- [ RunTime:0.000000s ]
ERR: 无法加载模块:Style

[ 2016-09-18T15:55:28+08:00 ] 127.0.0.1 /style/css/owl.carousel.css
INFO: [ app_init ] --START--
INFO: Run Behavior\BuildLiteBehavior [ RunTime:0.000000s ]
INFO: [ app_init ] --END-- [ RunTime:0.000000s ]
ERR: 无法加载模块:Style

[ 2016-09-18T15:55:28+08:00 ] 127.0.0.1 /style/css/settings.css
INFO: [ app_init ] --START--
INFO: Run Behavior\BuildLiteBehavior [ RunTime:0.000000s ]
INFO: [ app_init ] --END-- [ RunTime:0.000000s ]
ERR: 无法加载模块:Style

[ 2016-09-18T15:55:28+08:00 ] 127.0.0.1 /style/css/color/blue.css
INFO: [ app_init ] --START--
INFO: Run Behavior\BuildLiteBehavior [ RunTime:0.000000s ]
INFO: [ app_init ] --END-- [ RunTime:0.000000s ]
ERR: 无法加载模块:Style

[ 2016-09-18T15:55:28+08:00 ] 127.0.0.1 /style/js/fancybox/jquery.fancybox.css
INFO: [ app_init ] --START--
INFO: Run Behavior\BuildLiteBehavior [ RunTime:0.000000s ]
INFO: [ app_init ] --END-- [ RunTime:0.000000s ]
ERR: 无法加载模块:Style

[ 2016-09-18T15:55:28+08:00 ] 127.0.0.1 /style/js/google-code-prettify/prettify.css
INFO: [ app_init ] --START--
INFO: Run Behavior\BuildLiteBehavior [ RunTime:0.000000s ]
INFO: [ app_init ] --END-- [ RunTime:0.001000s ]
ERR: 无法加载模块:Style

[ 2016-09-18T15:55:28+08:00 ] 127.0.0.1 /style.css
INFO: [ app_init ] --START--
INFO: Run Behavior\BuildLiteBehavior [ RunTime:0.000000s ]
INFO: [ app_init ] --END-- [ RunTime:0.004000s ]
ERR: 无法加载模块:Style

[ 2016-09-18T15:55:28+08:00 ] 127.0.0.1 /style/type/fontello.css
INFO: [ app_init ] --START--
INFO: Run Behavior\BuildLiteBehavior [ RunTime:0.000000s ]
INFO: [ app_init ] --END-- [ RunTime:0.000000s ]
ERR: 无法加载模块:Style

[ 2016-09-18T15:55:28+08:00 ] 127.0.0.1 /style/type/budicons.css
INFO: [ app_init ] --START--
INFO: Run Behavior\BuildLiteBehavior [ RunTime:0.000000s ]
INFO: [ app_init ] --END-- [ RunTime:0.000000s ]
ERR: 无法加载模块:Style

[ 2016-09-18T15:55:28+08:00 ] 127.0.0.1 /style/js/fancybox/helpers/jquery.fancybox-thumbs.css?v=1.0.2
INFO: [ app_init ] --START--
INFO: Run Behavior\BuildLiteBehavior [ RunTime:0.000000s ]
INFO: [ app_init ] --END-- [ RunTime:0.000000s ]
ERR: 无法加载模块:Style

[ 2016-09-18T15:55:28+08:00 ] 127.0.0.1 /style/js/jquery.min.js
INFO: [ app_init ] --START--
INFO: Run Behavior\BuildLiteBehavior [ RunTime:0.000000s ]
INFO: [ app_init ] --END-- [ RunTime:0.001000s ]
ERR: 无法加载模块:Style

[ 2016-09-18T15:55:28+08:00 ] 127.0.0.1 /style/js/bootstrap.min.js
INFO: [ app_init ] --START--
INFO: Run Behavior\BuildLiteBehavior [ RunTime:0.000000s ]
INFO: [ app_init ] --END-- [ RunTime:0.000000s ]
ERR: 无法加载模块:Style

[ 2016-09-18T15:55:28+08:00 ] 127.0.0.1 /style/js/twitter-bootstrap-hover-dropdown.min.js
INFO: [ app_init ] --START--
INFO: Run Behavior\BuildLiteBehavior [ RunTime:0.000000s ]
INFO: [ app_init ] --END-- [ RunTime:0.000000s ]
ERR: 无法加载模块:Style

[ 2016-09-18T15:55:28+08:00 ] 127.0.0.1 /style/js/jquery.themepunch.plugins.min.js
INFO: [ app_init ] --START--
INFO: Run Behavior\BuildLiteBehavior [ RunTime:0.000000s ]
INFO: [ app_init ] --END-- [ RunTime:0.000000s ]
ERR: 无法加载模块:Style

[ 2016-09-18T15:55:28+08:00 ] 127.0.0.1 /style/js/jquery.themepunch.revolution.min.js
INFO: [ app_init ] --START--
INFO: Run Behavior\BuildLiteBehavior [ RunTime:0.000000s ]
INFO: [ app_init ] --END-- [ RunTime:0.000000s ]
ERR: 无法加载模块:Style

[ 2016-09-18T15:55:28+08:00 ] 127.0.0.1 /style/js/jquery.easytabs.min.js
INFO: [ app_init ] --START--
INFO: Run Behavior\BuildLiteBehavior [ RunTime:0.000000s ]
INFO: [ app_init ] --END-- [ RunTime:0.000000s ]
ERR: 无法加载模块:Style

[ 2016-09-18T15:55:28+08:00 ] 127.0.0.1 /style/js/owl.carousel.min.js
INFO: [ app_init ] --START--
INFO: Run Behavior\BuildLiteBehavior [ RunTime:0.000000s ]
INFO: [ app_init ] --END-- [ RunTime:0.000000s ]
ERR: 无法加载模块:Style

[ 2016-09-18T15:55:28+08:00 ] 127.0.0.1 /style/js/jquery.isotope.min.js
INFO: [ app_init ] --START--
INFO: Run Behavior\BuildLiteBehavior [ RunTime:0.000000s ]
INFO: [ app_init ] --END-- [ RunTime:0.000000s ]
ERR: 无法加载模块:Style

[ 2016-09-18T15:55:28+08:00 ] 127.0.0.1 /style/js/jquery.fitvids.js
INFO: [ app_init ] --START--
INFO: Run Behavior\BuildLiteBehavior [ RunTime:0.000000s ]
INFO: [ app_init ] --END-- [ RunTime:0.000000s ]
ERR: 无法加载模块:Style

[ 2016-09-18T15:55:28+08:00 ] 127.0.0.1 /style/js/jquery.fancybox.pack.js
INFO: [ app_init ] --START--
INFO: Run Behavior\BuildLiteBehavior [ RunTime:0.000000s ]
INFO: [ app_init ] --END-- [ RunTime:0.000000s ]
ERR: 无法加载模块:Style

[ 2016-09-18T15:55:28+08:00 ] 127.0.0.1 /style/js/fancybox/helpers/jquery.fancybox-thumbs.js?v=1.0.2
INFO: [ app_init ] --START--
INFO: Run Behavior\BuildLiteBehavior [ RunTime:0.000000s ]
INFO: [ app_init ] --END-- [ RunTime:0.001000s ]
ERR: 无法加载模块:Style

[ 2016-09-18T15:55:28+08:00 ] 127.0.0.1 /style/js/fancybox/helpers/jquery.fancybox-media.js?v=1.0.0
INFO: [ app_init ] --START--
INFO: Run Behavior\BuildLiteBehavior [ RunTime:0.000000s ]
INFO: [ app_init ] --END-- [ RunTime:0.001000s ]
ERR: 无法加载模块:Style

[ 2016-09-18T15:55:28+08:00 ] 127.0.0.1 /style/js/jquery.slickforms.js
INFO: [ app_init ] --START--
INFO: Run Behavior\BuildLiteBehavior [ RunTime:0.000000s ]
INFO: [ app_init ] --END-- [ RunTime:0.000000s ]
ERR: 无法加载模块:Style

[ 2016-09-18T15:55:28+08:00 ] 127.0.0.1 /style/js/instafeed.min.js
INFO: [ app_init ] --START--
INFO: Run Behavior\BuildLiteBehavior [ RunTime:0.000000s ]
INFO: [ app_init ] --END-- [ RunTime:0.000000s ]
ERR: 无法加载模块:Style

[ 2016-09-18T15:55:28+08:00 ] 127.0.0.1 /style/js/retina.js
INFO: [ app_init ] --START--
INFO: Run Behavior\BuildLiteBehavior [ RunTime:0.000000s ]
INFO: [ app_init ] --END-- [ RunTime:0.000000s ]
ERR: 无法加载模块:Style

[ 2016-09-18T15:55:28+08:00 ] 127.0.0.1 /style/js/google-code-prettify/prettify.js
INFO: [ app_init ] --START--
INFO: Run Behavior\BuildLiteBehavior [ RunTime:0.000000s ]
INFO: [ app_init ] --END-- [ RunTime:0.000000s ]
ERR: 无法加载模块:Style

[ 2016-09-18T15:55:28+08:00 ] 127.0.0.1 /style/js/scripts.js
INFO: [ app_init ] --START--
INFO: Run Behavior\BuildLiteBehavior [ RunTime:0.000000s ]
INFO: [ app_init ] --END-- [ RunTime:0.000000s ]
ERR: 无法加载模块:Style

[ 2016-09-18T15:55:28+08:00 ] 127.0.0.1 /style/images/logo.png
INFO: [ app_init ] --START--
INFO: Run Behavior\BuildLiteBehavior [ RunTime:0.000000s ]
INFO: [ app_init ] --END-- [ RunTime:0.000000s ]
ERR: 无法加载模块:Style

[ 2016-09-18T15:55:28+08:00 ] 127.0.0.1 /style/images/art/slider-bg1.jpg
INFO: [ app_init ] --START--
INFO: Run Behavior\BuildLiteBehavior [ RunTime:0.000000s ]
INFO: [ app_init ] --END-- [ RunTime:0.000000s ]
ERR: 无法加载模块:Style

[ 2016-09-18T15:55:28+08:00 ] 127.0.0.1 /style/images/art/slider-bg2.jpg
INFO: [ app_init ] --START--
INFO: Run Behavior\BuildLiteBehavior [ RunTime:0.000000s ]
INFO: [ app_init ] --END-- [ RunTime:0.000000s ]
ERR: 无法加载模块:Style

[ 2016-09-18T15:55:28+08:00 ] 127.0.0.1 /style/images/art/slider-bg3.jpg
INFO: [ app_init ] --START--
INFO: Run Behavior\BuildLiteBehavior [ RunTime:0.000000s ]
INFO: [ app_init ] --END-- [ RunTime:0.001000s ]
ERR: 无法加载模块:Style

[ 2016-09-18T15:55:28+08:00 ] 127.0.0.1 /style/images/art/p1.jpg
INFO: [ app_init ] --START--
INFO: Run Behavior\BuildLiteBehavior [ RunTime:0.000000s ]
INFO: [ app_init ] --END-- [ RunTime:0.000000s ]
ERR: 无法加载模块:Style

[ 2016-09-18T15:55:28+08:00 ] 127.0.0.1 /style/images/art/p2.jpg
INFO: [ app_init ] --START--
INFO: Run Behavior\BuildLiteBehavior [ RunTime:0.000000s ]
INFO: [ app_init ] --END-- [ RunTime:0.000000s ]
ERR: 无法加载模块:Style

[ 2016-09-18T15:55:28+08:00 ] 127.0.0.1 /style/images/art/p3.jpg
INFO: [ app_init ] --START--
INFO: Run Behavior\BuildLiteBehavior [ RunTime:0.000000s ]
INFO: [ app_init ] --END-- [ RunTime:0.000000s ]
ERR: 无法加载模块:Style

[ 2016-09-18T15:55:28+08:00 ] 127.0.0.1 /style/images/art/p4.jpg
INFO: [ app_init ] --START--
INFO: Run Behavior\BuildLiteBehavior [ RunTime:0.000000s ]
INFO: [ app_init ] --END-- [ RunTime:0.000000s ]
ERR: 无法加载模块:Style

[ 2016-09-18T15:55:28+08:00 ] 127.0.0.1 /style/images/art/p5.jpg
INFO: [ app_init ] --START--
INFO: Run Behavior\BuildLiteBehavior [ RunTime:0.000000s ]
INFO: [ app_init ] --END-- [ RunTime:0.000000s ]
ERR: 无法加载模块:Style

[ 2016-09-18T15:55:28+08:00 ] 127.0.0.1 /style/images/art/p6.jpg
INFO: [ app_init ] --START--
INFO: Run Behavior\BuildLiteBehavior [ RunTime:0.000000s ]
INFO: [ app_init ] --END-- [ RunTime:0.001000s ]
ERR: 无法加载模块:Style

[ 2016-09-18T15:55:28+08:00 ] 127.0.0.1 /style/images/art/p7.jpg
INFO: [ app_init ] --START--
INFO: Run Behavior\BuildLiteBehavior [ RunTime:0.000000s ]
INFO: [ app_init ] --END-- [ RunTime:0.001000s ]
ERR: 无法加载模块:Style

[ 2016-09-18T15:55:28+08:00 ] 127.0.0.1 /style/images/art/p8.jpg
INFO: [ app_init ] --START--
INFO: Run Behavior\BuildLiteBehavior [ RunTime:0.000000s ]
INFO: [ app_init ] --END-- [ RunTime:0.000000s ]
ERR: 无法加载模块:Style

[ 2016-09-18T15:55:28+08:00 ] 127.0.0.1 /style/images/art/p9.jpg
INFO: [ app_init ] --START--
INFO: Run Behavior\BuildLiteBehavior [ RunTime:0.000000s ]
INFO: [ app_init ] --END-- [ RunTime:0.000000s ]
ERR: 无法加载模块:Style

[ 2016-09-18T15:55:28+08:00 ] 127.0.0.1 /style/images/art/p10.jpg
INFO: [ app_init ] --START--
INFO: Run Behavior\BuildLiteBehavior [ RunTime:0.000000s ]
INFO: [ app_init ] --END-- [ RunTime:0.000000s ]
ERR: 无法加载模块:Style

[ 2016-09-18T15:55:28+08:00 ] 127.0.0.1 /style/images/art/p11.jpg
INFO: [ app_init ] --START--
INFO: Run Behavior\BuildLiteBehavior [ RunTime:0.000000s ]
INFO: [ app_init ] --END-- [ RunTime:0.000000s ]
ERR: 无法加载模块:Style

[ 2016-09-18T15:55:28+08:00 ] 127.0.0.1 /style/images/art/p12.jpg
INFO: [ app_init ] --START--
INFO: Run Behavior\BuildLiteBehavior [ RunTime:0.000000s ]
INFO: [ app_init ] --END-- [ RunTime:0.001000s ]
ERR: 无法加载模块:Style

[ 2016-09-18T15:55:28+08:00 ] 127.0.0.1 /style/images/art/p13.jpg
INFO: [ app_init ] --START--
INFO: Run Behavior\BuildLiteBehavior [ RunTime:0.000000s ]
INFO: [ app_init ] --END-- [ RunTime:0.000000s ]
ERR: 无法加载模块:Style

[ 2016-09-18T15:55:28+08:00 ] 127.0.0.1 /style/images/art/p14.jpg
INFO: [ app_init ] --START--
INFO: Run Behavior\BuildLiteBehavior [ RunTime:0.000000s ]
INFO: [ app_init ] --END-- [ RunTime:0.000000s ]
ERR: 无法加载模块:Style

[ 2016-09-18T15:55:28+08:00 ] 127.0.0.1 /style/images/art/p15.jpg
INFO: [ app_init ] --START--
INFO: Run Behavior\BuildLiteBehavior [ RunTime:0.000000s ]
INFO: [ app_init ] --END-- [ RunTime:0.001000s ]
ERR: 无法加载模块:Style

[ 2016-09-18T15:55:28+08:00 ] 127.0.0.1 /style/images/art/about.jpg
INFO: [ app_init ] --START--
INFO: Run Behavior\BuildLiteBehavior [ RunTime:0.000000s ]
INFO: [ app_init ] --END-- [ RunTime:0.001000s ]
ERR: 无法加载模块:Style

[ 2016-09-18T15:55:28+08:00 ] 127.0.0.1 /style/images/art/team1.jpg
INFO: [ app_init ] --START--
INFO: Run Behavior\BuildLiteBehavior [ RunTime:0.000000s ]
INFO: [ app_init ] --END-- [ RunTime:0.001000s ]
ERR: 无法加载模块:Style

[ 2016-09-18T15:55:28+08:00 ] 127.0.0.1 /style/images/art/team2.jpg
INFO: [ app_init ] --START--
INFO: Run Behavior\BuildLiteBehavior [ RunTime:0.000000s ]
INFO: [ app_init ] --END-- [ RunTime:0.000000s ]
ERR: 无法加载模块:Style

[ 2016-09-18T15:55:29+08:00 ] 127.0.0.1 /style/images/art/team3.jpg
INFO: [ app_init ] --START--
INFO: Run Behavior\BuildLiteBehavior [ RunTime:0.000000s ]
INFO: [ app_init ] --END-- [ RunTime:0.000000s ]
ERR: 无法加载模块:Style

[ 2016-09-18T15:55:40+08:00 ] 127.0.0.1 /style/js/bootstrap.min.js
INFO: [ app_init ] --START--
INFO: Run Behavior\BuildLiteBehavior [ RunTime:0.000000s ]
INFO: [ app_init ] --END-- [ RunTime:0.000000s ]
ERR: 无法加载模块:Style

[ 2016-09-18T15:55:40+08:00 ] 127.0.0.1 /style/js/twitter-bootstrap-hover-dropdown.min.js
INFO: [ app_init ] --START--
INFO: Run Behavior\BuildLiteBehavior [ RunTime:0.000000s ]
INFO: [ app_init ] --END-- [ RunTime:0.000000s ]
ERR: 无法加载模块:Style

[ 2016-09-18T15:55:40+08:00 ] 127.0.0.1 /style/js/jquery.themepunch.plugins.min.js
INFO: [ app_init ] --START--
INFO: Run Behavior\BuildLiteBehavior [ RunTime:0.000000s ]
INFO: [ app_init ] --END-- [ RunTime:0.001000s ]
ERR: 无法加载模块:Style

[ 2016-09-18T15:55:40+08:00 ] 127.0.0.1 /style/js/jquery.themepunch.revolution.min.js
INFO: [ app_init ] --START--
INFO: Run Behavior\BuildLiteBehavior [ RunTime:0.000000s ]
INFO: [ app_init ] --END-- [ RunTime:0.001000s ]
ERR: 无法加载模块:Style

[ 2016-09-18T15:55:40+08:00 ] 127.0.0.1 /style/js/jquery.easytabs.min.js
INFO: [ app_init ] --START--
INFO: Run Behavior\BuildLiteBehavior [ RunTime:0.000000s ]
INFO: [ app_init ] --END-- [ RunTime:0.000000s ]
ERR: 无法加载模块:Style

[ 2016-09-18T15:55:40+08:00 ] 127.0.0.1 /style/js/owl.carousel.min.js
INFO: [ app_init ] --START--
INFO: Run Behavior\BuildLiteBehavior [ RunTime:0.000000s ]
INFO: [ app_init ] --END-- [ RunTime:0.000000s ]
ERR: 无法加载模块:Style

[ 2016-09-18T15:55:40+08:00 ] 127.0.0.1 /style/js/jquery.isotope.min.js
INFO: [ app_init ] --START--
INFO: Run Behavior\BuildLiteBehavior [ RunTime:0.000000s ]
INFO: [ app_init ] --END-- [ RunTime:0.000000s ]
ERR: 无法加载模块:Style

[ 2016-09-18T15:55:40+08:00 ] 127.0.0.1 /style/js/jquery.fitvids.js
INFO: [ app_init ] --START--
INFO: Run Behavior\BuildLiteBehavior [ RunTime:0.000000s ]
INFO: [ app_init ] --END-- [ RunTime:0.001000s ]
ERR: 无法加载模块:Style

[ 2016-09-18T15:55:40+08:00 ] 127.0.0.1 /style/js/jquery.fancybox.pack.js
INFO: [ app_init ] --START--
INFO: Run Behavior\BuildLiteBehavior [ RunTime:0.000000s ]
INFO: [ app_init ] --END-- [ RunTime:0.000000s ]
ERR: 无法加载模块:Style

[ 2016-09-18T15:55:40+08:00 ] 127.0.0.1 /style/js/fancybox/helpers/jquery.fancybox-thumbs.js?v=1.0.2
INFO: [ app_init ] --START--
INFO: Run Behavior\BuildLiteBehavior [ RunTime:0.000000s ]
INFO: [ app_init ] --END-- [ RunTime:0.000000s ]
ERR: 无法加载模块:Style

[ 2016-09-18T15:55:40+08:00 ] 127.0.0.1 /style/js/fancybox/helpers/jquery.fancybox-media.js?v=1.0.0
INFO: [ app_init ] --START--
INFO: Run Behavior\BuildLiteBehavior [ RunTime:0.000000s ]
INFO: [ app_init ] --END-- [ RunTime:0.000000s ]
ERR: 无法加载模块:Style

[ 2016-09-18T15:55:40+08:00 ] 127.0.0.1 /style/js/jquery.slickforms.js
INFO: [ app_init ] --START--
INFO: Run Behavior\BuildLiteBehavior [ RunTime:0.000000s ]
INFO: [ app_init ] --END-- [ RunTime:0.000000s ]
ERR: 无法加载模块:Style

[ 2016-09-18T15:55:40+08:00 ] 127.0.0.1 /style/js/instafeed.min.js
INFO: [ app_init ] --START--
INFO: Run Behavior\BuildLiteBehavior [ RunTime:0.000000s ]
INFO: [ app_init ] --END-- [ RunTime:0.000000s ]
ERR: 无法加载模块:Style

[ 2016-09-18T15:55:40+08:00 ] 127.0.0.1 /style/js/retina.js
INFO: [ app_init ] --START--
INFO: Run Behavior\BuildLiteBehavior [ RunTime:0.000000s ]
INFO: [ app_init ] --END-- [ RunTime:0.000000s ]
ERR: 无法加载模块:Style

[ 2016-09-18T15:55:40+08:00 ] 127.0.0.1 /style/js/google-code-prettify/prettify.js
INFO: [ app_init ] --START--
INFO: Run Behavior\BuildLiteBehavior [ RunTime:0.000000s ]
INFO: [ app_init ] --END-- [ RunTime:0.001000s ]
ERR: 无法加载模块:Style

[ 2016-09-18T15:55:40+08:00 ] 127.0.0.1 /style/js/scripts.js
INFO: [ app_init ] --START--
INFO: Run Behavior\BuildLiteBehavior [ RunTime:0.000000s ]
INFO: [ app_init ] --END-- [ RunTime:0.000000s ]
ERR: 无法加载模块:Style

[ 2016-09-18T15:55:40+08:00 ] 127.0.0.1 /style/images/favicon.png
INFO: [ app_init ] --START--
INFO: Run Behavior\BuildLiteBehavior [ RunTime:0.000000s ]
INFO: [ app_init ] --END-- [ RunTime:0.000000s ]
ERR: 无法加载模块:Style

[ 2016-09-18T15:56:54+08:00 ] 127.0.0.1 /Public/style.css
INFO: [ app_init ] --START--
INFO: Run Behavior\BuildLiteBehavior [ RunTime:0.000000s ]
INFO: [ app_init ] --END-- [ RunTime:0.000000s ]
ERR: 无法加载模块:Public

[ 2016-09-18T15:56:54+08:00 ] 127.0.0.1 /style/js/jquery.min.js
INFO: [ app_init ] --START--
INFO: Run Behavior\BuildLiteBehavior [ RunTime:0.000000s ]
INFO: [ app_init ] --END-- [ RunTime:0.000000s ]
ERR: 无法加载模块:Style

[ 2016-09-18T15:56:54+08:00 ] 127.0.0.1 /style/js/bootstrap.min.js
INFO: [ app_init ] --START--
INFO: Run Behavior\BuildLiteBehavior [ RunTime:0.000000s ]
INFO: [ app_init ] --END-- [ RunTime:0.000000s ]
ERR: 无法加载模块:Style

[ 2016-09-18T15:56:54+08:00 ] 127.0.0.1 /style/js/twitter-bootstrap-hover-dropdown.min.js
INFO: [ app_init ] --START--
INFO: Run Behavior\BuildLiteBehavior [ RunTime:0.000000s ]
INFO: [ app_init ] --END-- [ RunTime:0.000000s ]
ERR: 无法加载模块:Style

[ 2016-09-18T15:56:54+08:00 ] 127.0.0.1 /style/js/jquery.themepunch.plugins.min.js
INFO: [ app_init ] --START--
INFO: Run Behavior\BuildLiteBehavior [ RunTime:0.000000s ]
INFO: [ app_init ] --END-- [ RunTime:0.000000s ]
ERR: 无法加载模块:Style

[ 2016-09-18T15:56:54+08:00 ] 127.0.0.1 /style/js/jquery.themepunch.revolution.min.js
INFO: [ app_init ] --START--
INFO: Run Behavior\BuildLiteBehavior [ RunTime:0.000000s ]
INFO: [ app_init ] --END-- [ RunTime:0.001000s ]
ERR: 无法加载模块:Style

[ 2016-09-18T15:56:54+08:00 ] 127.0.0.1 /style/js/jquery.easytabs.min.js
INFO: [ app_init ] --START--
INFO: Run Behavior\BuildLiteBehavior [ RunTime:0.000000s ]
INFO: [ app_init ] --END-- [ RunTime:0.000000s ]
ERR: 无法加载模块:Style

[ 2016-09-18T15:56:54+08:00 ] 127.0.0.1 /style/js/owl.carousel.min.js
INFO: [ app_init ] --START--
INFO: Run Behavior\BuildLiteBehavior [ RunTime:0.000000s ]
INFO: [ app_init ] --END-- [ RunTime:0.000000s ]
ERR: 无法加载模块:Style

[ 2016-09-18T15:56:54+08:00 ] 127.0.0.1 /style/js/jquery.isotope.min.js
INFO: [ app_init ] --START--
INFO: Run Behavior\BuildLiteBehavior [ RunTime:0.001000s ]
INFO: [ app_init ] --END-- [ RunTime:0.001000s ]
ERR: 无法加载模块:Style

[ 2016-09-18T15:56:54+08:00 ] 127.0.0.1 /style/js/jquery.fitvids.js
INFO: [ app_init ] --START--
INFO: Run Behavior\BuildLiteBehavior [ RunTime:0.000000s ]
INFO: [ app_init ] --END-- [ RunTime:0.000000s ]
ERR: 无法加载模块:Style

[ 2016-09-18T15:56:54+08:00 ] 127.0.0.1 /style/js/jquery.fancybox.pack.js
INFO: [ app_init ] --START--
INFO: Run Behavior\BuildLiteBehavior [ RunTime:0.000000s ]
INFO: [ app_init ] --END-- [ RunTime:0.001000s ]
ERR: 无法加载模块:Style

[ 2016-09-18T15:56:54+08:00 ] 127.0.0.1 /style/js/fancybox/helpers/jquery.fancybox-thumbs.js?v=1.0.2
INFO: [ app_init ] --START--
INFO: Run Behavior\BuildLiteBehavior [ RunTime:0.000000s ]
INFO: [ app_init ] --END-- [ RunTime:0.000000s ]
ERR: 无法加载模块:Style

[ 2016-09-18T15:56:54+08:00 ] 127.0.0.1 /style/js/fancybox/helpers/jquery.fancybox-media.js?v=1.0.0
INFO: [ app_init ] --START--
INFO: Run Behavior\BuildLiteBehavior [ RunTime:0.000000s ]
INFO: [ app_init ] --END-- [ RunTime:0.000000s ]
ERR: 无法加载模块:Style

[ 2016-09-18T15:56:54+08:00 ] 127.0.0.1 /style/js/jquery.slickforms.js
INFO: [ app_init ] --START--
INFO: Run Behavior\BuildLiteBehavior [ RunTime:0.000000s ]
INFO: [ app_init ] --END-- [ RunTime:0.001000s ]
ERR: 无法加载模块:Style

[ 2016-09-18T15:56:54+08:00 ] 127.0.0.1 /style/js/instafeed.min.js
INFO: [ app_init ] --START--
INFO: Run Behavior\BuildLiteBehavior [ RunTime:0.000000s ]
INFO: [ app_init ] --END-- [ RunTime:0.000000s ]
ERR: 无法加载模块:Style

[ 2016-09-18T15:56:54+08:00 ] 127.0.0.1 /style/js/retina.js
INFO: [ app_init ] --START--
INFO: Run Behavior\BuildLiteBehavior [ RunTime:0.000000s ]
INFO: [ app_init ] --END-- [ RunTime:0.001000s ]
ERR: 无法加载模块:Style

[ 2016-09-18T15:56:54+08:00 ] 127.0.0.1 /style/js/google-code-prettify/prettify.js
INFO: [ app_init ] --START--
INFO: Run Behavior\BuildLiteBehavior [ RunTime:0.000000s ]
INFO: [ app_init ] --END-- [ RunTime:0.000000s ]
ERR: 无法加载模块:Style

[ 2016-09-18T15:56:54+08:00 ] 127.0.0.1 /style/js/scripts.js
INFO: [ app_init ] --START--
INFO: Run Behavior\BuildLiteBehavior [ RunTime:0.000000s ]
INFO: [ app_init ] --END-- [ RunTime:0.000000s ]
ERR: 无法加载模块:Style

[ 2016-09-18T15:56:54+08:00 ] 127.0.0.1 /style/images/logo.png
INFO: [ app_init ] --START--
INFO: Run Behavior\BuildLiteBehavior [ RunTime:0.000000s ]
INFO: [ app_init ] --END-- [ RunTime:0.000000s ]
ERR: 无法加载模块:Style

[ 2016-09-18T15:56:54+08:00 ] 127.0.0.1 /style/images/art/slider-bg1.jpg
INFO: [ app_init ] --START--
INFO: Run Behavior\BuildLiteBehavior [ RunTime:0.000000s ]
INFO: [ app_init ] --END-- [ RunTime:0.000000s ]
ERR: 无法加载模块:Style

[ 2016-09-18T15:56:54+08:00 ] 127.0.0.1 /style/images/art/slider-bg2.jpg
INFO: [ app_init ] --START--
INFO: Run Behavior\BuildLiteBehavior [ RunTime:0.000000s ]
INFO: [ app_init ] --END-- [ RunTime:0.001000s ]
ERR: 无法加载模块:Style

[ 2016-09-18T15:56:54+08:00 ] 127.0.0.1 /style/images/art/slider-bg3.jpg
INFO: [ app_init ] --START--
INFO: Run Behavior\BuildLiteBehavior [ RunTime:0.000000s ]
INFO: [ app_init ] --END-- [ RunTime:0.000000s ]
ERR: 无法加载模块:Style

[ 2016-09-18T15:56:54+08:00 ] 127.0.0.1 /style/images/art/p1.jpg
INFO: [ app_init ] --START--
INFO: Run Behavior\BuildLiteBehavior [ RunTime:0.000000s ]
INFO: [ app_init ] --END-- [ RunTime:0.001000s ]
ERR: 无法加载模块:Style

[ 2016-09-18T15:56:54+08:00 ] 127.0.0.1 /style/images/art/p2.jpg
INFO: [ app_init ] --START--
INFO: Run Behavior\BuildLiteBehavior [ RunTime:0.000000s ]
INFO: [ app_init ] --END-- [ RunTime:0.001000s ]
ERR: 无法加载模块:Style

[ 2016-09-18T15:56:54+08:00 ] 127.0.0.1 /style/images/art/p3.jpg
INFO: [ app_init ] --START--
INFO: Run Behavior\BuildLiteBehavior [ RunTime:0.000000s ]
INFO: [ app_init ] --END-- [ RunTime:0.000000s ]
ERR: 无法加载模块:Style

[ 2016-09-18T15:56:54+08:00 ] 127.0.0.1 /style/images/art/p4.jpg
INFO: [ app_init ] --START--
INFO: Run Behavior\BuildLiteBehavior [ RunTime:0.000000s ]
INFO: [ app_init ] --END-- [ RunTime:0.000000s ]
ERR: 无法加载模块:Style

[ 2016-09-18T15:56:54+08:00 ] 127.0.0.1 /style/images/art/p5.jpg
INFO: [ app_init ] --START--
INFO: Run Behavior\BuildLiteBehavior [ RunTime:0.000000s ]
INFO: [ app_init ] --END-- [ RunTime:0.000000s ]
ERR: 无法加载模块:Style

[ 2016-09-18T15:56:54+08:00 ] 127.0.0.1 /style/images/art/p6.jpg
INFO: [ app_init ] --START--
INFO: Run Behavior\BuildLiteBehavior [ RunTime:0.000000s ]
INFO: [ app_init ] --END-- [ RunTime:0.001000s ]
ERR: 无法加载模块:Style

[ 2016-09-18T15:56:54+08:00 ] 127.0.0.1 /style/images/art/p7.jpg
INFO: [ app_init ] --START--
INFO: Run Behavior\BuildLiteBehavior [ RunTime:0.000000s ]
INFO: [ app_init ] --END-- [ RunTime:0.000000s ]
ERR: 无法加载模块:Style

[ 2016-09-18T15:56:54+08:00 ] 127.0.0.1 /style/images/art/p8.jpg
INFO: [ app_init ] --START--
INFO: Run Behavior\BuildLiteBehavior [ RunTime:0.000000s ]
INFO: [ app_init ] --END-- [ RunTime:0.000000s ]
ERR: 无法加载模块:Style

[ 2016-09-18T15:56:54+08:00 ] 127.0.0.1 /style/images/art/p9.jpg
INFO: [ app_init ] --START--
INFO: Run Behavior\BuildLiteBehavior [ RunTime:0.000000s ]
INFO: [ app_init ] --END-- [ RunTime:0.000000s ]
ERR: 无法加载模块:Style

[ 2016-09-18T15:56:54+08:00 ] 127.0.0.1 /style/images/art/p10.jpg
INFO: [ app_init ] --START--
INFO: Run Behavior\BuildLiteBehavior [ RunTime:0.000000s ]
INFO: [ app_init ] --END-- [ RunTime:0.000000s ]
ERR: 无法加载模块:Style

[ 2016-09-18T15:56:54+08:00 ] 127.0.0.1 /style/images/art/p11.jpg
INFO: [ app_init ] --START--
INFO: Run Behavior\BuildLiteBehavior [ RunTime:0.000000s ]
INFO: [ app_init ] --END-- [ RunTime:0.000000s ]
ERR: 无法加载模块:Style

[ 2016-09-18T15:56:54+08:00 ] 127.0.0.1 /style/images/art/p12.jpg
INFO: [ app_init ] --START--
INFO: Run Behavior\BuildLiteBehavior [ RunTime:0.000000s ]
INFO: [ app_init ] --END-- [ RunTime:0.000000s ]
ERR: 无法加载模块:Style

[ 2016-09-18T15:56:54+08:00 ] 127.0.0.1 /style/images/art/p13.jpg
INFO: [ app_init ] --START--
INFO: Run Behavior\BuildLiteBehavior [ RunTime:0.000000s ]
INFO: [ app_init ] --END-- [ RunTime:0.000000s ]
ERR: 无法加载模块:Style

[ 2016-09-18T15:56:54+08:00 ] 127.0.0.1 /style/images/art/p14.jpg
INFO: [ app_init ] --START--
INFO: Run Behavior\BuildLiteBehavior [ RunTime:0.000000s ]
INFO: [ app_init ] --END-- [ RunTime:0.001000s ]
ERR: 无法加载模块:Style

[ 2016-09-18T15:56:54+08:00 ] 127.0.0.1 /style/images/art/p15.jpg
INFO: [ app_init ] --START--
INFO: Run Behavior\BuildLiteBehavior [ RunTime:0.000000s ]
INFO: [ app_init ] --END-- [ RunTime:0.000000s ]
ERR: 无法加载模块:Style

[ 2016-09-18T15:56:54+08:00 ] 127.0.0.1 /style/images/art/about.jpg
INFO: [ app_init ] --START--
INFO: Run Behavior\BuildLiteBehavior [ RunTime:0.000000s ]
INFO: [ app_init ] --END-- [ RunTime:0.001000s ]
ERR: 无法加载模块:Style

[ 2016-09-18T15:56:54+08:00 ] 127.0.0.1 /style/images/art/team1.jpg
INFO: [ app_init ] --START--
INFO: Run Behavior\BuildLiteBehavior [ RunTime:0.000000s ]
INFO: [ app_init ] --END-- [ RunTime:0.000000s ]
ERR: 无法加载模块:Style

[ 2016-09-18T15:56:54+08:00 ] 127.0.0.1 /style/images/art/team2.jpg
INFO: [ app_init ] --START--
INFO: Run Behavior\BuildLiteBehavior [ RunTime:0.000000s ]
INFO: [ app_init ] --END-- [ RunTime:0.001000s ]
ERR: 无法加载模块:Style

[ 2016-09-18T15:56:54+08:00 ] 127.0.0.1 /style/images/art/team3.jpg
INFO: [ app_init ] --START--
INFO: Run Behavior\BuildLiteBehavior [ RunTime:0.000000s ]
INFO: [ app_init ] --END-- [ RunTime:0.000000s ]
ERR: 无法加载模块:Style

[ 2016-09-18T15:56:57+08:00 ] 127.0.0.1 /style/js/bootstrap.min.js
INFO: [ app_init ] --START--
INFO: Run Behavior\BuildLiteBehavior [ RunTime:0.000000s ]
INFO: [ app_init ] --END-- [ RunTime:0.000000s ]
ERR: 无法加载模块:Style

[ 2016-09-18T15:56:57+08:00 ] 127.0.0.1 /Public/assets/timer.png
INFO: [ app_init ] --START--
INFO: Run Behavior\BuildLiteBehavior [ RunTime:0.000000s ]
INFO: [ app_init ] --END-- [ RunTime:0.000000s ]
ERR: 无法加载模块:Public

[ 2016-09-18T15:56:57+08:00 ] 127.0.0.1 /style/js/twitter-bootstrap-hover-dropdown.min.js
INFO: [ app_init ] --START--
INFO: Run Behavior\BuildLiteBehavior [ RunTime:0.000000s ]
INFO: [ app_init ] --END-- [ RunTime:0.000000s ]
ERR: 无法加载模块:Style

[ 2016-09-18T15:56:57+08:00 ] 127.0.0.1 /style/js/jquery.themepunch.plugins.min.js
INFO: [ app_init ] --START--
INFO: Run Behavior\BuildLiteBehavior [ RunTime:0.000000s ]
INFO: [ app_init ] --END-- [ RunTime:0.000000s ]
ERR: 无法加载模块:Style

[ 2016-09-18T15:56:57+08:00 ] 127.0.0.1 /style/js/jquery.themepunch.revolution.min.js
INFO: [ app_init ] --START--
INFO: Run Behavior\BuildLiteBehavior [ RunTime:0.000000s ]
INFO: [ app_init ] --END-- [ RunTime:0.000000s ]
ERR: 无法加载模块:Style

[ 2016-09-18T15:56:57+08:00 ] 127.0.0.1 /style/js/jquery.easytabs.min.js
INFO: [ app_init ] --START--
INFO: Run Behavior\BuildLiteBehavior [ RunTime:0.000000s ]
INFO: [ app_init ] --END-- [ RunTime:0.000000s ]
ERR: 无法加载模块:Style

[ 2016-09-18T15:56:57+08:00 ] 127.0.0.1 /style/js/owl.carousel.min.js
INFO: [ app_init ] --START--
INFO: Run Behavior\BuildLiteBehavior [ RunTime:0.000000s ]
INFO: [ app_init ] --END-- [ RunTime:0.001000s ]
ERR: 无法加载模块:Style

[ 2016-09-18T15:56:57+08:00 ] 127.0.0.1 /style/js/jquery.isotope.min.js
INFO: [ app_init ] --START--
INFO: Run Behavior\BuildLiteBehavior [ RunTime:0.000000s ]
INFO: [ app_init ] --END-- [ RunTime:0.000000s ]
ERR: 无法加载模块:Style

[ 2016-09-18T15:56:57+08:00 ] 127.0.0.1 /style/js/jquery.fitvids.js
INFO: [ app_init ] --START--
INFO: Run Behavior\BuildLiteBehavior [ RunTime:0.000000s ]
INFO: [ app_init ] --END-- [ RunTime:0.000000s ]
ERR: 无法加载模块:Style

[ 2016-09-18T15:56:57+08:00 ] 127.0.0.1 /style/js/jquery.fancybox.pack.js
INFO: [ app_init ] --START--
INFO: Run Behavior\BuildLiteBehavior [ RunTime:0.000000s ]
INFO: [ app_init ] --END-- [ RunTime:0.000000s ]
ERR: 无法加载模块:Style

[ 2016-09-18T15:56:57+08:00 ] 127.0.0.1 /style/js/fancybox/helpers/jquery.fancybox-thumbs.js?v=1.0.2
INFO: [ app_init ] --START--
INFO: Run Behavior\BuildLiteBehavior [ RunTime:0.000000s ]
INFO: [ app_init ] --END-- [ RunTime:0.001000s ]
ERR: 无法加载模块:Style

[ 2016-09-18T15:56:57+08:00 ] 127.0.0.1 /style/js/fancybox/helpers/jquery.fancybox-media.js?v=1.0.0
INFO: [ app_init ] --START--
INFO: Run Behavior\BuildLiteBehavior [ RunTime:0.000000s ]
INFO: [ app_init ] --END-- [ RunTime:0.001000s ]
ERR: 无法加载模块:Style

[ 2016-09-18T15:56:57+08:00 ] 127.0.0.1 /style/js/jquery.slickforms.js
INFO: [ app_init ] --START--
INFO: Run Behavior\BuildLiteBehavior [ RunTime:0.000000s ]
INFO: [ app_init ] --END-- [ RunTime:0.000000s ]
ERR: 无法加载模块:Style

[ 2016-09-18T15:56:57+08:00 ] 127.0.0.1 /style/js/instafeed.min.js
INFO: [ app_init ] --START--
INFO: Run Behavior\BuildLiteBehavior [ RunTime:0.000000s ]
INFO: [ app_init ] --END-- [ RunTime:0.000000s ]
ERR: 无法加载模块:Style

[ 2016-09-18T15:56:57+08:00 ] 127.0.0.1 /style/js/retina.js
INFO: [ app_init ] --START--
INFO: Run Behavior\BuildLiteBehavior [ RunTime:0.000000s ]
INFO: [ app_init ] --END-- [ RunTime:0.001000s ]
ERR: 无法加载模块:Style

[ 2016-09-18T15:56:57+08:00 ] 127.0.0.1 /style/js/google-code-prettify/prettify.js
INFO: [ app_init ] --START--
INFO: Run Behavior\BuildLiteBehavior [ RunTime:0.000000s ]
INFO: [ app_init ] --END-- [ RunTime:0.000000s ]
ERR: 无法加载模块:Style

[ 2016-09-18T15:56:57+08:00 ] 127.0.0.1 /style/js/scripts.js
INFO: [ app_init ] --START--
INFO: Run Behavior\BuildLiteBehavior [ RunTime:0.000000s ]
INFO: [ app_init ] --END-- [ RunTime:0.001000s ]
ERR: 无法加载模块:Style

[ 2016-09-18T15:58:18+08:00 ] 127.0.0.1 /style/js/jquery.min.js
INFO: [ app_init ] --START--
INFO: Run Behavior\BuildLiteBehavior [ RunTime:0.000000s ]
INFO: [ app_init ] --END-- [ RunTime:0.001000s ]
ERR: 无法加载模块:Style

[ 2016-09-18T15:58:18+08:00 ] 127.0.0.1 /style/js/bootstrap.min.js
INFO: [ app_init ] --START--
INFO: Run Behavior\BuildLiteBehavior [ RunTime:0.000000s ]
INFO: [ app_init ] --END-- [ RunTime:0.001000s ]
ERR: 无法加载模块:Style

[ 2016-09-18T15:58:18+08:00 ] 127.0.0.1 /style/js/jquery.easytabs.min.js
INFO: [ app_init ] --START--
INFO: Run Behavior\BuildLiteBehavior [ RunTime:0.000000s ]
INFO: [ app_init ] --END-- [ RunTime:0.001000s ]
ERR: 无法加载模块:Style

[ 2016-09-18T15:58:18+08:00 ] 127.0.0.1 /style/js/bootstrap.min.js
INFO: [ app_init ] --START--
INFO: Run Behavior\BuildLiteBehavior [ RunTime:0.000000s ]
INFO: [ app_init ] --END-- [ RunTime:0.000000s ]
ERR: 无法加载模块:Style

[ 2016-09-18T15:58:18+08:00 ] 127.0.0.1 /style/js/jquery.themepunch.plugins.min.js
INFO: [ app_init ] --START--
INFO: Run Behavior\BuildLiteBehavior [ RunTime:0.000000s ]
INFO: [ app_init ] --END-- [ RunTime:0.000000s ]
ERR: 无法加载模块:Style

[ 2016-09-18T15:58:18+08:00 ] 127.0.0.1 /style/js/owl.carousel.min.js
INFO: [ app_init ] --START--
INFO: Run Behavior\BuildLiteBehavior [ RunTime:0.000000s ]
INFO: [ app_init ] --END-- [ RunTime:0.000000s ]
ERR: 无法加载模块:Style

[ 2016-09-18T15:58:18+08:00 ] 127.0.0.1 /style/js/jquery.themepunch.revolution.min.js
INFO: [ app_init ] --START--
INFO: Run Behavior\BuildLiteBehavior [ RunTime:0.000000s ]
INFO: [ app_init ] --END-- [ RunTime:0.000000s ]
ERR: 无法加载模块:Style

[ 2016-09-18T15:58:18+08:00 ] 127.0.0.1 /style/js/twitter-bootstrap-hover-dropdown.min.js
INFO: [ app_init ] --START--
INFO: Run Behavior\BuildLiteBehavior [ RunTime:0.000000s ]
INFO: [ app_init ] --END-- [ RunTime:0.000000s ]
ERR: 无法加载模块:Style

[ 2016-09-18T15:58:18+08:00 ] 127.0.0.1 /style/js/jquery.isotope.min.js
INFO: [ app_init ] --START--
INFO: Run Behavior\BuildLiteBehavior [ RunTime:0.000000s ]
INFO: [ app_init ] --END-- [ RunTime:0.000000s ]
ERR: 无法加载模块:Style

[ 2016-09-18T15:58:18+08:00 ] 127.0.0.1 /style/js/jquery.fitvids.js
INFO: [ app_init ] --START--
INFO: Run Behavior\BuildLiteBehavior [ RunTime:0.000000s ]
INFO: [ app_init ] --END-- [ RunTime:0.000000s ]
ERR: 无法加载模块:Style

[ 2016-09-18T15:58:18+08:00 ] 127.0.0.1 /style/js/jquery.fancybox.pack.js
INFO: [ app_init ] --START--
INFO: Run Behavior\BuildLiteBehavior [ RunTime:0.000000s ]
INFO: [ app_init ] --END-- [ RunTime:0.000000s ]
ERR: 无法加载模块:Style

[ 2016-09-18T15:58:18+08:00 ] 127.0.0.1 /style/js/fancybox/helpers/jquery.fancybox-media.js?v=1.0.0
INFO: [ app_init ] --START--
INFO: Run Behavior\BuildLiteBehavior [ RunTime:0.000000s ]
INFO: [ app_init ] --END-- [ RunTime:0.000000s ]
ERR: 无法加载模块:Style


[ 2016-09-18T15:58:18+08:00 ] 127.0.0.1 /style/js/jquery.slickforms.js
INFO: [ app_init ] --START--
INFO: Run Behavior\BuildLiteBehavior [ RunTime:0.000000s ]
INFO: [ app_init ] --END-- [ RunTime:0.000000s ]
ERR: 无法加载模块:Style

[ 2016-09-18T15:58:18+08:00 ] 127.0.0.1 /style/js/retina.js
INFO: [ app_init ] --START--
INFO: Run Behavior\BuildLiteBehavior [ RunTime:0.000000s ]
INFO: [ app_init ] --END-- [ RunTime:0.000000s ]
ERR: 无法加载模块:Style

[ 2016-09-18T15:58:18+08:00 ] 127.0.0.1 /style/js/instafeed.min.js
INFO: [ app_init ] --START--
INFO: Run Behavior\BuildLiteBehavior [ RunTime:0.000000s ]
INFO: [ app_init ] --END-- [ RunTime:0.000000s ]
ERR: 无法加载模块:Style

[ 2016-09-18T15:58:18+08:00 ] 127.0.0.1 /style/js/scripts.js
INFO: [ app_init ] --START--
INFO: Run Behavior\BuildLiteBehavior [ RunTime:0.000000s ]
INFO: [ app_init ] --END-- [ RunTime:0.000000s ]
ERR: 无法加载模块:Style

[ 2016-09-18T15:58:18+08:00 ] 127.0.0.1 /style/images/logo.png
INFO: [ app_init ] --START--
INFO: Run Behavior\BuildLiteBehavior [ RunTime:0.000000s ]
INFO: [ app_init ] --END-- [ RunTime:0.001000s ]
ERR: 无法加载模块:Style

[ 2016-09-18T15:58:18+08:00 ] 127.0.0.1 /style/images/art/slider-bg1.jpg
INFO: [ app_init ] --START--
INFO: Run Behavior\BuildLiteBehavior [ RunTime:0.000000s ]
INFO: [ app_init ] --END-- [ RunTime:0.001000s ]
ERR: 无法加载模块:Style

[ 2016-09-18T15:58:18+08:00 ] 127.0.0.1 /style/js/google-code-prettify/prettify.js
INFO: [ app_init ] --START--
INFO: Run Behavior\BuildLiteBehavior [ RunTime:0.000000s ]
INFO: [ app_init ] --END-- [ RunTime:0.000000s ]
ERR: 无法加载模块:Style

[ 2016-09-18T15:58:18+08:00 ] 127.0.0.1 /style/js/jquery.themepunch.plugins.min.js
INFO: [ app_init ] --START--
INFO: Run Behavior\BuildLiteBehavior [ RunTime:0.000000s ]
INFO: [ app_init ] --END-- [ RunTime:0.000000s ]
ERR: 无法加载模块:Style

[ 2016-09-18T15:58:18+08:00 ] 127.0.0.1 /Public/css/style/images/timer.png
INFO: [ app_init ] --START--
INFO: Run Behavior\BuildLiteBehavior [ RunTime:0.000000s ]
INFO: [ app_init ] --END-- [ RunTime:0.001000s ]
ERR: 无法加载模块:Public

[ 2016-09-18T15:58:18+08:00 ] 127.0.0.1 /style/images/art/slider-bg3.jpg
INFO: [ app_init ] --START--
INFO: Run Behavior\BuildLiteBehavior [ RunTime:0.000000s ]
INFO: [ app_init ] --END-- [ RunTime:0.000000s ]
ERR: 无法加载模块:Style

[ 2016-09-18T15:58:19+08:00 ] 127.0.0.1 /Public/css/style/images/art/parallax1.jpg
INFO: [ app_init ] --START--
INFO: Run Behavior\BuildLiteBehavior [ RunTime:0.000000s ]
INFO: [ app_init ] --END-- [ RunTime:0.000000s ]
ERR: 无法加载模块:Public

[ 2016-09-18T15:58:19+08:00 ] 127.0.0.1 /style/images/art/slider-bg2.jpg
INFO: [ app_init ] --START--
INFO: Run Behavior\BuildLiteBehavior [ RunTime:0.000000s ]
INFO: [ app_init ] --END-- [ RunTime:0.000000s ]
ERR: 无法加载模块:Style

[ 2016-09-18T15:58:19+08:00 ] 127.0.0.1 /style/images/art/p2.jpg
INFO: [ app_init ] --START--
INFO: Run Behavior\BuildLiteBehavior [ RunTime:0.000000s ]
INFO: [ app_init ] --END-- [ RunTime:0.000000s ]
ERR: 无法加载模块:Style

[ 2016-09-18T15:58:19+08:00 ] 127.0.0.1 /style/js/jquery.themepunch.revolution.min.js
INFO: [ app_init ] --START--
INFO: Run Behavior\BuildLiteBehavior [ RunTime:0.000000s ]
INFO: [ app_init ] --END-- [ RunTime:0.000000s ]
ERR: 无法加载模块:Style

[ 2016-09-18T15:58:19+08:00 ] 127.0.0.1 /style/images/art/p3.jpg
INFO: [ app_init ] --START--
INFO: Run Behavior\BuildLiteBehavior [ RunTime:0.000000s ]
INFO: [ app_init ] --END-- [ RunTime:0.001000s ]
ERR: 无法加载模块:Style

[ 2016-09-18T15:58:19+08:00 ] 127.0.0.1 /style/images/art/p1.jpg
INFO: [ app_init ] --START--
INFO: Run Behavior\BuildLiteBehavior [ RunTime:0.000000s ]
INFO: [ app_init ] --END-- [ RunTime:0.001000s ]
ERR: 无法加载模块:Style

[ 2016-09-18T15:58:19+08:00 ] 127.0.0.1 /style/images/art/p5.jpg
INFO: [ app_init ] --START--
INFO: Run Behavior\BuildLiteBehavior [ RunTime:0.000000s ]
INFO: [ app_init ] --END-- [ RunTime:0.000000s ]
ERR: 无法加载模块:Style

[ 2016-09-18T15:58:19+08:00 ] 127.0.0.1 /style/images/art/p4.jpg
INFO: [ app_init ] --START--
INFO: Run Behavior\BuildLiteBehavior [ RunTime:0.000000s ]
INFO: [ app_init ] --END-- [ RunTime:0.000000s ]
ERR: 无法加载模块:Style

[ 2016-09-18T15:58:19+08:00 ] 127.0.0.1 /style/images/art/p6.jpg
INFO: [ app_init ] --START--
INFO: Run Behavior\BuildLiteBehavior [ RunTime:0.000000s ]
INFO: [ app_init ] --END-- [ RunTime:0.001000s ]
ERR: 无法加载模块:Style

[ 2016-09-18T15:58:19+08:00 ] 127.0.0.1 /style/images/art/p8.jpg
INFO: [ app_init ] --START--
INFO: Run Behavior\BuildLiteBehavior [ RunTime:0.000000s ]
INFO: [ app_init ] --END-- [ RunTime:0.000000s ]
ERR: 无法加载模块:Style

[ 2016-09-18T15:58:19+08:00 ] 127.0.0.1 /style/images/art/p9.jpg
INFO: [ app_init ] --START--
INFO: Run Behavior\BuildLiteBehavior [ RunTime:0.000000s ]
INFO: [ app_init ] --END-- [ RunTime:0.000000s ]
ERR: 无法加载模块:Style

[ 2016-09-18T15:58:19+08:00 ] 127.0.0.1 /style/images/art/p10.jpg
INFO: [ app_init ] --START--
INFO: Run Behavior\BuildLiteBehavior [ RunTime:0.000000s ]
INFO: [ app_init ] --END-- [ RunTime:0.000000s ]
ERR: 无法加载模块:Style

[ 2016-09-18T15:58:19+08:00 ] 127.0.0.1 /style/images/art/p7.jpg
INFO: [ app_init ] --START--
INFO: Run Behavior\BuildLiteBehavior [ RunTime:0.000000s ]
INFO: [ app_init ] --END-- [ RunTime:0.000000s ]
ERR: 无法加载模块:Style

[ 2016-09-18T15:58:19+08:00 ] 127.0.0.1 /style/js/jquery.easytabs.min.js
INFO: [ app_init ] --START--
INFO: Run Behavior\BuildLiteBehavior [ RunTime:0.000000s ]
INFO: [ app_init ] --END-- [ RunTime:0.000000s ]
ERR: 无法加载模块:Style

[ 2016-09-18T15:58:19+08:00 ] 127.0.0.1 /style/images/art/p12.jpg
INFO: [ app_init ] --START--
INFO: Run Behavior\BuildLiteBehavior [ RunTime:0.000000s ]
INFO: [ app_init ] --END-- [ RunTime:0.001000s ]
ERR: 无法加载模块:Style

[ 2016-09-18T15:58:19+08:00 ] 127.0.0.1 /style/images/art/p11.jpg
INFO: [ app_init ] --START--
INFO: Run Behavior\BuildLiteBehavior [ RunTime:0.000000s ]
INFO: [ app_init ] --END-- [ RunTime:0.000000s ]
ERR: 无法加载模块:Style

[ 2016-09-18T15:58:19+08:00 ] 127.0.0.1 /style/images/art/p15.jpg
INFO: [ app_init ] --START--
INFO: Run Behavior\BuildLiteBehavior [ RunTime:0.000000s ]
INFO: [ app_init ] --END-- [ RunTime:0.000000s ]
ERR: 无法加载模块:Style

[ 2016-09-18T15:58:19+08:00 ] 127.0.0.1 /style/images/art/about.jpg
INFO: [ app_init ] --START--
INFO: Run Behavior\BuildLiteBehavior [ RunTime:0.000000s ]
INFO: [ app_init ] --END-- [ RunTime:0.001000s ]
ERR: 无法加载模块:Style

[ 2016-09-18T15:58:19+08:00 ] 127.0.0.1 /style/js/owl.carousel.min.js
INFO: [ app_init ] --START--
INFO: Run Behavior\BuildLiteBehavior [ RunTime:0.000000s ]
INFO: [ app_init ] --END-- [ RunTime:0.000000s ]
ERR: 无法加载模块:Style

[ 2016-09-18T15:58:19+08:00 ] 127.0.0.1 /style/images/art/p13.jpg
INFO: [ app_init ] --START--
INFO: Run Behavior\BuildLiteBehavior [ RunTime:0.000000s ]
INFO: [ app_init ] --END-- [ RunTime:0.000000s ]
ERR: 无法加载模块:Style

[ 2016-09-18T15:58:19+08:00 ] 127.0.0.1 /style/images/art/p14.jpg
INFO: [ app_init ] --START--
INFO: Run Behavior\BuildLiteBehavior [ RunTime:0.000000s ]
INFO: [ app_init ] --END-- [ RunTime:0.000000s ]
ERR: 无法加载模块:Style

[ 2016-09-18T15:58:19+08:00 ] 127.0.0.1 /style/images/art/team2.jpg
INFO: [ app_init ] --START--
INFO: Run Behavior\BuildLiteBehavior [ RunTime:0.000000s ]
INFO: [ app_init ] --END-- [ RunTime:0.001000s ]
ERR: 无法加载模块:Style

[ 2016-09-18T15:58:19+08:00 ] 127.0.0.1 /style/images/art/team1.jpg
INFO: [ app_init ] --START--
INFO: Run Behavior\BuildLiteBehavior [ RunTime:0.000000s ]
INFO: [ app_init ] --END-- [ RunTime:0.000000s ]
ERR: 无法加载模块:Style

[ 2016-09-18T15:58:19+08:00 ] 127.0.0.1 /style/images/art/team3.jpg
INFO: [ app_init ] --START--
INFO: Run Behavior\BuildLiteBehavior [ RunTime:0.000000s ]
INFO: [ app_init ] --END-- [ RunTime:0.001000s ]
ERR: 无法加载模块:Style

[ 2016-09-18T15:58:19+08:00 ] 127.0.0.1 /style/js/jquery.isotope.min.js
INFO: [ app_init ] --START--
INFO: Run Behavior\BuildLiteBehavior [ RunTime:0.000000s ]
INFO: [ app_init ] --END-- [ RunTime:0.001000s ]
ERR: 无法加载模块:Style

[ 2016-09-18T15:58:19+08:00 ] 127.0.0.1 /Public/css/style/images/art/parallax2.jpg
INFO: [ app_init ] --START--
INFO: Run Behavior\BuildLiteBehavior [ RunTime:0.000000s ]
INFO: [ app_init ] --END-- [ RunTime:0.001000s ]
ERR: 无法加载模块:Public

[ 2016-09-18T15:58:19+08:00 ] 127.0.0.1 /Public/css/style/images/art/parallax4.jpg
INFO: [ app_init ] --START--
INFO: Run Behavior\BuildLiteBehavior [ RunTime:0.000000s ]
INFO: [ app_init ] --END-- [ RunTime:0.001000s ]
ERR: 无法加载模块:Public

[ 2016-09-18T15:58:19+08:00 ] 127.0.0.1 /Public/css/style/images/art/parallax3.jpg
INFO: [ app_init ] --START--
INFO: Run Behavior\BuildLiteBehavior [ RunTime:0.000000s ]
INFO: [ app_init ] --END-- [ RunTime:0.001000s ]
ERR: 无法加载模块:Public

[ 2016-09-18T15:58:19+08:00 ] 127.0.0.1 /style/js/jquery.fitvids.js
INFO: [ app_init ] --START--
INFO: Run Behavior\BuildLiteBehavior [ RunTime:0.000000s ]
INFO: [ app_init ] --END-- [ RunTime:0.000000s ]
ERR: 无法加载模块:Style

[ 2016-09-18T15:58:19+08:00 ] 127.0.0.1 /style/js/jquery.fancybox.pack.js
INFO: [ app_init ] --START--
INFO: Run Behavior\BuildLiteBehavior [ RunTime:0.000000s ]
INFO: [ app_init ] --END-- [ RunTime:0.000000s ]
ERR: 无法加载模块:Style

[ 2016-09-18T15:58:19+08:00 ] 127.0.0.1 /style/js/fancybox/helpers/jquery.fancybox-thumbs.js?v=1.0.2
INFO: [ app_init ] --START--
INFO: Run Behavior\BuildLiteBehavior [ RunTime:0.000000s ]
INFO: [ app_init ] --END-- [ RunTime:0.001000s ]
ERR: 无法加载模块:Style

[ 2016-09-18T15:58:19+08:00 ] 127.0.0.1 /style/js/fancybox/helpers/jquery.fancybox-media.js?v=1.0.0
INFO: [ app_init ] --START--
INFO: Run Behavior\BuildLiteBehavior [ RunTime:0.000000s ]
INFO: [ app_init ] --END-- [ RunTime:0.000000s ]
ERR: 无法加载模块:Style

[ 2016-09-18T15:58:19+08:00 ] 127.0.0.1 /style/js/jquery.slickforms.js
INFO: [ app_init ] --START--
INFO: Run Behavior\BuildLiteBehavior [ RunTime:0.000000s ]
INFO: [ app_init ] --END-- [ RunTime:0.001000s ]
ERR: 无法加载模块:Style

[ 2016-09-18T15:58:19+08:00 ] 127.0.0.1 /style/js/instafeed.min.js
INFO: [ app_init ] --START--
INFO: Run Behavior\BuildLiteBehavior [ RunTime:0.000000s ]
INFO: [ app_init ] --END-- [ RunTime:0.000000s ]
ERR: 无法加载模块:Style

[ 2016-09-18T15:58:19+08:00 ] 127.0.0.1 /style/js/retina.js
INFO: [ app_init ] --START--
INFO: Run Behavior\BuildLiteBehavior [ RunTime:0.000000s ]
INFO: [ app_init ] --END-- [ RunTime:0.000000s ]
ERR: 无法加载模块:Style

[ 2016-09-18T15:58:19+08:00 ] 127.0.0.1 /style/js/google-code-prettify/prettify.js
INFO: [ app_init ] --START--
INFO: Run Behavior\BuildLiteBehavior [ RunTime:0.000000s ]
INFO: [ app_init ] --END-- [ RunTime:0.000000s ]
ERR: 无法加载模块:Style

[ 2016-09-18T15:58:19+08:00 ] 127.0.0.1 /style/js/scripts.js
INFO: [ app_init ] --START--
INFO: Run Behavior\BuildLiteBehavior [ RunTime:0.000000s ]
INFO: [ app_init ] --END-- [ RunTime:0.001000s ]
ERR: 无法加载模块:Style

[ 2016-09-18T15:59:17+08:00 ] 127.0.0.1 /style/images/art/slider-bg1.jpg
INFO: [ app_init ] --START--
INFO: Run Behavior\BuildLiteBehavior [ RunTime:0.000000s ]
INFO: [ app_init ] --END-- [ RunTime:0.001000s ]
ERR: 无法加载模块:Style

[ 2016-09-18T16:00:09+08:00 ] 127.0.0.1 /Public/style/js/jquery.min.js
INFO: [ app_init ] --START--
INFO: Run Behavior\BuildLiteBehavior [ RunTime:0.000000s ]
INFO: [ app_init ] --END-- [ RunTime:0.000000s ]
ERR: 无法加载模块:Public

[ 2016-09-18T16:00:09+08:00 ] 127.0.0.1 /Public/style/js/bootstrap.min.js
INFO: [ app_init ] --START--
INFO: Run Behavior\BuildLiteBehavior [ RunTime:0.000000s ]
INFO: [ app_init ] --END-- [ RunTime:0.001000s ]
ERR: 无法加载模块:Public

[ 2016-09-18T16:00:09+08:00 ] 127.0.0.1 /Public/style/js/twitter-bootstrap-hover-dropdown.min.js
INFO: [ app_init ] --START--
INFO: Run Behavior\BuildLiteBehavior [ RunTime:0.000000s ]
INFO: [ app_init ] --END-- [ RunTime:0.000000s ]
ERR: 无法加载模块:Public

[ 2016-09-18T16:00:09+08:00 ] 127.0.0.1 /Public/style/js/jquery.themepunch.revolution.min.js
INFO: [ app_init ] --START--
INFO: Run Behavior\BuildLiteBehavior [ RunTime:0.000000s ]
INFO: [ app_init ] --END-- [ RunTime:0.000000s ]
ERR: 无法加载模块:Public

[ 2016-09-18T16:00:09+08:00 ] 127.0.0.1 /Public/style/js/jquery.themepunch.plugins.min.js
INFO: [ app_init ] --START--
INFO: Run Behavior\BuildLiteBehavior [ RunTime:0.000000s ]
INFO: [ app_init ] --END-- [ RunTime:0.000000s ]
ERR: 无法加载模块:Public

[ 2016-09-18T16:00:09+08:00 ] 127.0.0.1 /Public/style/js/bootstrap.min.js
INFO: [ app_init ] --START--
INFO: Run Behavior\BuildLiteBehavior [ RunTime:0.000000s ]
INFO: [ app_init ] --END-- [ RunTime:0.000000s ]
ERR: 无法加载模块:Public

[ 2016-09-18T16:00:09+08:00 ] 127.0.0.1 /Public/style/js/jquery.isotope.min.js
INFO: [ app_init ] --START--
INFO: Run Behavior\BuildLiteBehavior [ RunTime:0.000000s ]
INFO: [ app_init ] --END-- [ RunTime:0.000000s ]
ERR: 无法加载模块:Public

[ 2016-09-18T16:00:09+08:00 ] 127.0.0.1 /Public/style/js/owl.carousel.min.js
INFO: [ app_init ] --START--
INFO: Run Behavior\BuildLiteBehavior [ RunTime:0.000000s ]
INFO: [ app_init ] --END-- [ RunTime:0.001000s ]
ERR: 无法加载模块:Public

[ 2016-09-18T16:00:09+08:00 ] 127.0.0.1 /Public/style/js/jquery.easytabs.min.js
INFO: [ app_init ] --START--
INFO: Run Behavior\BuildLiteBehavior [ RunTime:0.000000s ]
INFO: [ app_init ] --END-- [ RunTime:0.000000s ]
ERR: 无法加载模块:Public

[ 2016-09-18T16:00:09+08:00 ] 127.0.0.1 /Public/style/images/art/slider-bg1.jpg
INFO: [ app_init ] --START--
INFO: Run Behavior\BuildLiteBehavior [ RunTime:0.000000s ]
INFO: [ app_init ] --END-- [ RunTime:0.001000s ]
ERR: 无法加载模块:Public

[ 2016-09-18T16:00:09+08:00 ] 127.0.0.1 /Public/style/images/art/slider-bg2.jpg
INFO: [ app_init ] --START--
INFO: Run Behavior\BuildLiteBehavior [ RunTime:0.000000s ]
INFO: [ app_init ] --END-- [ RunTime:0.000000s ]
ERR: 无法加载模块:Public

[ 2016-09-18T16:00:09+08:00 ] 127.0.0.1 /Public/css/style/images/timer.png
INFO: [ app_init ] --START--
INFO: Run Behavior\BuildLiteBehavior [ RunTime:0.000000s ]
INFO: [ app_init ] --END-- [ RunTime:0.001000s ]
ERR: 无法加载模块:Public

[ 2016-09-18T16:00:09+08:00 ] 127.0.0.1 /style/images/logo.png
INFO: [ app_init ] --START--
INFO: Run Behavior\BuildLiteBehavior [ RunTime:0.000000s ]
INFO: [ app_init ] --END-- [ RunTime:0.000000s ]
ERR: 无法加载模块:Style

[ 2016-09-18T16:00:09+08:00 ] 127.0.0.1 /Public/style/images/art/slider-bg3.jpg
INFO: [ app_init ] --START--
INFO: Run Behavior\BuildLiteBehavior [ RunTime:0.000000s ]
INFO: [ app_init ] --END-- [ RunTime:0.001000s ]
ERR: 无法加载模块:Public

[ 2016-09-18T16:00:09+08:00 ] 127.0.0.1 /Public/style/js/twitter-bootstrap-hover-dropdown.min.js
INFO: [ app_init ] --START--
INFO: Run Behavior\BuildLiteBehavior [ RunTime:0.000000s ]
INFO: [ app_init ] --END-- [ RunTime:0.000000s ]
ERR: 无法加载模块:Public

[ 2016-09-18T16:00:09+08:00 ] 127.0.0.1 /Public/css/style/images/art/parallax1.jpg
INFO: [ app_init ] --START--
INFO: Run Behavior\BuildLiteBehavior [ RunTime:0.000000s ]
INFO: [ app_init ] --END-- [ RunTime:0.001000s ]
ERR: 无法加载模块:Public

[ 2016-09-18T16:00:09+08:00 ] 127.0.0.1 /Public/style/js/jquery.fitvids.js
INFO: [ app_init ] --START--
INFO: Run Behavior\BuildLiteBehavior [ RunTime:0.000000s ]
INFO: [ app_init ] --END-- [ RunTime:0.001000s ]
ERR: 无法加载模块:Public

[ 2016-09-18T16:00:09+08:00 ] 127.0.0.1 /Public/style/js/jquery.fancybox.pack.js
INFO: [ app_init ] --START--
INFO: Run Behavior\BuildLiteBehavior [ RunTime:0.000000s ]
INFO: [ app_init ] --END-- [ RunTime:0.000000s ]
ERR: 无法加载模块:Public

[ 2016-09-18T16:00:09+08:00 ] 127.0.0.1 /Public/style/js/fancybox/helpers/jquery.fancybox-media.js?v=1.0.0
INFO: [ app_init ] --START--
INFO: Run Behavior\BuildLiteBehavior [ RunTime:0.000000s ]
INFO: [ app_init ] --END-- [ RunTime:0.000000s ]
ERR: 无法加载模块:Public

[ 2016-09-18T16:00:09+08:00 ] 127.0.0.1 /Public/style/js/fancybox/helpers/jquery.fancybox-thumbs.js?v=1.0.2
INFO: [ app_init ] --START--
INFO: Run Behavior\BuildLiteBehavior [ RunTime:0.000000s ]
INFO: [ app_init ] --END-- [ RunTime:0.001000s ]
ERR: 无法加载模块:Public

[ 2016-09-18T16:00:10+08:00 ] 127.0.0.1 /Public/style/js/jquery.slickforms.js
INFO: [ app_init ] --START--
INFO: Run Behavior\BuildLiteBehavior [ RunTime:0.000000s ]
INFO: [ app_init ] --END-- [ RunTime:0.000000s ]
ERR: 无法加载模块:Public

[ 2016-09-18T16:00:10+08:00 ] 127.0.0.1 /Public/style/js/jquery.themepunch.plugins.min.js
INFO: [ app_init ] --START--
INFO: Run Behavior\BuildLiteBehavior [ RunTime:0.000000s ]
INFO: [ app_init ] --END-- [ RunTime:0.000000s ]
ERR: 无法加载模块:Public

[ 2016-09-18T16:00:10+08:00 ] 127.0.0.1 /Public/style/js/instafeed.min.js
INFO: [ app_init ] --START--
INFO: Run Behavior\BuildLiteBehavior [ RunTime:0.000000s ]
INFO: [ app_init ] --END-- [ RunTime:0.001000s ]
ERR: 无法加载模块:Public

[ 2016-09-18T16:00:10+08:00 ] 127.0.0.1 /Public/style/js/scripts.js
INFO: [ app_init ] --START--
INFO: Run Behavior\BuildLiteBehavior [ RunTime:0.000000s ]
INFO: [ app_init ] --END-- [ RunTime:0.000000s ]
ERR: 无法加载模块:Public

[ 2016-09-18T16:00:10+08:00 ] 127.0.0.1 /Public/style/js/retina.js
INFO: [ app_init ] --START--
INFO: Run Behavior\BuildLiteBehavior [ RunTime:0.000000s ]
INFO: [ app_init ] --END-- [ RunTime:0.000000s ]
ERR: 无法加载模块:Public

[ 2016-09-18T16:00:10+08:00 ] 127.0.0.1 /Public/style/js/google-code-prettify/prettify.js
INFO: [ app_init ] --START--
INFO: Run Behavior\BuildLiteBehavior [ RunTime:0.000000s ]
INFO: [ app_init ] --END-- [ RunTime:0.001000s ]
ERR: 无法加载模块:Public

[ 2016-09-18T16:00:10+08:00 ] 127.0.0.1 /Public/style/images/art/p1.jpg
INFO: [ app_init ] --START--
INFO: Run Behavior\BuildLiteBehavior [ RunTime:0.000000s ]
INFO: [ app_init ] --END-- [ RunTime:0.000000s ]
ERR: 无法加载模块:Public

[ 2016-09-18T16:00:10+08:00 ] 127.0.0.1 /Public/style/images/art/p2.jpg
INFO: [ app_init ] --START--
INFO: Run Behavior\BuildLiteBehavior [ RunTime:0.000000s ]
INFO: [ app_init ] --END-- [ RunTime:0.001000s ]
ERR: 无法加载模块:Public

[ 2016-09-18T16:00:10+08:00 ] 127.0.0.1 /Public/style/images/art/p4.jpg
INFO: [ app_init ] --START--
INFO: Run Behavior\BuildLiteBehavior [ RunTime:0.000000s ]
INFO: [ app_init ] --END-- [ RunTime:0.000000s ]
ERR: 无法加载模块:Public

[ 2016-09-18T16:00:10+08:00 ] 127.0.0.1 /Public/style/images/art/p3.jpg
INFO: [ app_init ] --START--
INFO: Run Behavior\BuildLiteBehavior [ RunTime:0.000000s ]
INFO: [ app_init ] --END-- [ RunTime:0.000000s ]
ERR: 无法加载模块:Public

[ 2016-09-18T16:00:10+08:00 ] 127.0.0.1 /Public/style/js/jquery.themepunch.revolution.min.js
INFO: [ app_init ] --START--
INFO: Run Behavior\BuildLiteBehavior [ RunTime:0.000000s ]
INFO: [ app_init ] --END-- [ RunTime:0.001000s ]
ERR: 无法加载模块:Public

[ 2016-09-18T16:00:10+08:00 ] 127.0.0.1 /Public/style/images/art/p5.jpg
INFO: [ app_init ] --START--
INFO: Run Behavior\BuildLiteBehavior [ RunTime:0.000000s ]
INFO: [ app_init ] --END-- [ RunTime:0.000000s ]
ERR: 无法加载模块:Public

[ 2016-09-18T16:00:10+08:00 ] 127.0.0.1 /Public/style/images/art/p6.jpg
INFO: [ app_init ] --START--
INFO: Run Behavior\BuildLiteBehavior [ RunTime:0.000000s ]
INFO: [ app_init ] --END-- [ RunTime:0.000000s ]
ERR: 无法加载模块:Public

[ 2016-09-18T16:00:10+08:00 ] 127.0.0.1 /Public/style/images/art/p7.jpg
INFO: [ app_init ] --START--
INFO: Run Behavior\BuildLiteBehavior [ RunTime:0.000000s ]
INFO: [ app_init ] --END-- [ RunTime:0.000000s ]
ERR: 无法加载模块:Public

[ 2016-09-18T16:00:10+08:00 ] 127.0.0.1 /Public/style/images/art/p8.jpg
INFO: [ app_init ] --START--
INFO: Run Behavior\BuildLiteBehavior [ RunTime:0.000000s ]
INFO: [ app_init ] --END-- [ RunTime:0.000000s ]
ERR: 无法加载模块:Public

[ 2016-09-18T16:00:10+08:00 ] 127.0.0.1 /Public/style/images/art/p10.jpg
INFO: [ app_init ] --START--
INFO: Run Behavior\BuildLiteBehavior [ RunTime:0.000000s ]
INFO: [ app_init ] --END-- [ RunTime:0.000000s ]
ERR: 无法加载模块:Public

[ 2016-09-18T16:00:10+08:00 ] 127.0.0.1 /Public/style/images/art/p9.jpg
INFO: [ app_init ] --START--
INFO: Run Behavior\BuildLiteBehavior [ RunTime:0.000000s ]
INFO: [ app_init ] --END-- [ RunTime:0.001000s ]
ERR: 无法加载模块:Public

[ 2016-09-18T16:00:10+08:00 ] 127.0.0.1 /Public/style/js/jquery.easytabs.min.js
INFO: [ app_init ] --START--
INFO: Run Behavior\BuildLiteBehavior [ RunTime:0.001000s ]
INFO: [ app_init ] --END-- [ RunTime:0.001000s ]
ERR: 无法加载模块:Public

[ 2016-09-18T16:00:10+08:00 ] 127.0.0.1 /Public/style/images/art/p11.jpg
INFO: [ app_init ] --START--
INFO: Run Behavior\BuildLiteBehavior [ RunTime:0.000000s ]
INFO: [ app_init ] --END-- [ RunTime:0.000000s ]
ERR: 无法加载模块:Public

[ 2016-09-18T16:00:10+08:00 ] 127.0.0.1 /Public/style/images/art/p12.jpg
INFO: [ app_init ] --START--
INFO: Run Behavior\BuildLiteBehavior [ RunTime:0.000000s ]
INFO: [ app_init ] --END-- [ RunTime:0.000000s ]
ERR: 无法加载模块:Public

[ 2016-09-18T16:00:10+08:00 ] 127.0.0.1 /Public/style/images/art/p14.jpg
INFO: [ app_init ] --START--
INFO: Run Behavior\BuildLiteBehavior [ RunTime:0.000000s ]
INFO: [ app_init ] --END-- [ RunTime:0.001000s ]
ERR: 无法加载模块:Public

[ 2016-09-18T16:00:10+08:00 ] 127.0.0.1 /Public/style/images/art/p15.jpg
INFO: [ app_init ] --START--
INFO: Run Behavior\BuildLiteBehavior [ RunTime:0.000000s ]
INFO: [ app_init ] --END-- [ RunTime:0.000000s ]
ERR: 无法加载模块:Public

[ 2016-09-18T16:00:10+08:00 ] 127.0.0.1 /Public/style/js/owl.carousel.min.js
INFO: [ app_init ] --START--
INFO: Run Behavior\BuildLiteBehavior [ RunTime:0.000000s ]
INFO: [ app_init ] --END-- [ RunTime:0.000000s ]
ERR: 无法加载模块:Public

[ 2016-09-18T16:00:10+08:00 ] 127.0.0.1 /Public/style/images/art/team2.jpg
INFO: [ app_init ] --START--
INFO: Run Behavior\BuildLiteBehavior [ RunTime:0.000000s ]
INFO: [ app_init ] --END-- [ RunTime:0.001000s ]
ERR: 无法加载模块:Public

[ 2016-09-18T16:00:10+08:00 ] 127.0.0.1 /Public/style/images/art/team1.jpg
INFO: [ app_init ] --START--
INFO: Run Behavior\BuildLiteBehavior [ RunTime:0.000000s ]
INFO: [ app_init ] --END-- [ RunTime:0.001000s ]
ERR: 无法加载模块:Public

[ 2016-09-18T16:00:10+08:00 ] 127.0.0.1 /Public/style/images/art/p13.jpg
INFO: [ app_init ] --START--
INFO: Run Behavior\BuildLiteBehavior [ RunTime:0.000000s ]
INFO: [ app_init ] --END-- [ RunTime:0.000000s ]
ERR: 无法加载模块:Public

[ 2016-09-18T16:00:10+08:00 ] 127.0.0.1 /Public/style/images/art/about.jpg
INFO: [ app_init ] --START--
INFO: Run Behavior\BuildLiteBehavior [ RunTime:0.000000s ]
INFO: [ app_init ] --END-- [ RunTime:0.001000s ]
ERR: 无法加载模块:Public

[ 2016-09-18T16:00:10+08:00 ] 127.0.0.1 /Public/style/images/art/team3.jpg
INFO: [ app_init ] --START--
INFO: Run Behavior\BuildLiteBehavior [ RunTime:0.000000s ]
INFO: [ app_init ] --END-- [ RunTime:0.000000s ]
ERR: 无法加载模块:Public

[ 2016-09-18T16:00:10+08:00 ] 127.0.0.1 /Public/style/js/jquery.isotope.min.js
INFO: [ app_init ] --START--
INFO: Run Behavior\BuildLiteBehavior [ RunTime:0.000000s ]
INFO: [ app_init ] --END-- [ RunTime:0.001000s ]
ERR: 无法加载模块:Public

[ 2016-09-18T16:00:10+08:00 ] 127.0.0.1 /Public/css/style/images/art/parallax4.jpg
INFO: [ app_init ] --START--
INFO: Run Behavior\BuildLiteBehavior [ RunTime:0.000000s ]
INFO: [ app_init ] --END-- [ RunTime:0.000000s ]
ERR: 无法加载模块:Public

[ 2016-09-18T16:00:10+08:00 ] 127.0.0.1 /Public/css/style/images/art/parallax3.jpg
INFO: [ app_init ] --START--
INFO: Run Behavior\BuildLiteBehavior [ RunTime:0.000000s ]
INFO: [ app_init ] --END-- [ RunTime:0.001000s ]
ERR: 无法加载模块:Public

[ 2016-09-18T16:00:10+08:00 ] 127.0.0.1 /Public/css/style/images/art/parallax2.jpg
INFO: [ app_init ] --START--
INFO: Run Behavior\BuildLiteBehavior [ RunTime:0.000000s ]
INFO: [ app_init ] --END-- [ RunTime:0.001000s ]
ERR: 无法加载模块:Public

[ 2016-09-18T16:00:10+08:00 ] 127.0.0.1 /Public/style/js/jquery.fitvids.js
INFO: [ app_init ] --START--
INFO: Run Behavior\BuildLiteBehavior [ RunTime:0.000000s ]
INFO: [ app_init ] --END-- [ RunTime:0.000000s ]
ERR: 无法加载模块:Public

[ 2016-09-18T16:00:10+08:00 ] 127.0.0.1 /Public/style/js/jquery.fancybox.pack.js
INFO: [ app_init ] --START--
INFO: Run Behavior\BuildLiteBehavior [ RunTime:0.000000s ]
INFO: [ app_init ] --END-- [ RunTime:0.000000s ]
ERR: 无法加载模块:Public

[ 2016-09-18T16:00:10+08:00 ] 127.0.0.1 /Public/style/js/fancybox/helpers/jquery.fancybox-thumbs.js?v=1.0.2
INFO: [ app_init ] --START--
INFO: Run Behavior\BuildLiteBehavior [ RunTime:0.000000s ]
INFO: [ app_init ] --END-- [ RunTime:0.000000s ]
ERR: 无法加载模块:Public

[ 2016-09-18T16:00:10+08:00 ] 127.0.0.1 /Public/style/js/fancybox/helpers/jquery.fancybox-media.js?v=1.0.0
INFO: [ app_init ] --START--
INFO: Run Behavior\BuildLiteBehavior [ RunTime:0.000000s ]
INFO: [ app_init ] --END-- [ RunTime:0.000000s ]
ERR: 无法加载模块:Public

[ 2016-09-18T16:00:10+08:00 ] 127.0.0.1 /Public/style/js/jquery.slickforms.js
INFO: [ app_init ] --START--
INFO: Run Behavior\BuildLiteBehavior [ RunTime:0.000000s ]
INFO: [ app_init ] --END-- [ RunTime:0.001000s ]
ERR: 无法加载模块:Public

[ 2016-09-18T16:00:10+08:00 ] 127.0.0.1 /Public/style/js/instafeed.min.js
INFO: [ app_init ] --START--
INFO: Run Behavior\BuildLiteBehavior [ RunTime:0.000000s ]
INFO: [ app_init ] --END-- [ RunTime:0.000000s ]
ERR: 无法加载模块:Public

[ 2016-09-18T16:00:10+08:00 ] 127.0.0.1 /Public/style/js/retina.js
INFO: [ app_init ] --START--
INFO: Run Behavior\BuildLiteBehavior [ RunTime:0.000000s ]
INFO: [ app_init ] --END-- [ RunTime:0.000000s ]
ERR: 无法加载模块:Public

[ 2016-09-18T16:00:10+08:00 ] 127.0.0.1 /Public/style/js/google-code-prettify/prettify.js
INFO: [ app_init ] --START--
INFO: Run Behavior\BuildLiteBehavior [ RunTime:0.000000s ]
INFO: [ app_init ] --END-- [ RunTime:0.000000s ]
ERR: 无法加载模块:Public

[ 2016-09-18T16:00:10+08:00 ] 127.0.0.1 /Public/style/js/scripts.js
INFO: [ app_init ] --START--
INFO: Run Behavior\BuildLiteBehavior [ RunTime:0.000000s ]
INFO: [ app_init ] --END-- [ RunTime:0.000000s ]
ERR: 无法加载模块:Public

[ 2016-09-18T16:00:10+08:00 ] 127.0.0.1 /Public/style/images/favicon.png
INFO: [ app_init ] --START--
INFO: Run Behavior\BuildLiteBehavior [ RunTime:0.000000s ]
INFO: [ app_init ] --END-- [ RunTime:0.000000s ]
ERR: 无法加载模块:Public

[ 2016-09-18T16:00:20+08:00 ] 127.0.0.1 /Public/style/js/jquery.min.js
INFO: [ app_init ] --START--
INFO: Run Behavior\BuildLiteBehavior [ RunTime:0.000000s ]
INFO: [ app_init ] --END-- [ RunTime:0.001000s ]
ERR: 无法加载模块:Public

[ 2016-09-18T16:00:21+08:00 ] 127.0.0.1 /Public/style/js/bootstrap.min.js
INFO: [ app_init ] --START--
INFO: Run Behavior\BuildLiteBehavior [ RunTime:0.000000s ]
INFO: [ app_init ] --END-- [ RunTime:0.000000s ]
ERR: 无法加载模块:Public

[ 2016-09-18T16:00:21+08:00 ] 127.0.0.1 /Public/style/js/jquery.themepunch.plugins.min.js
INFO: [ app_init ] --START--
INFO: Run Behavior\BuildLiteBehavior [ RunTime:0.000000s ]
INFO: [ app_init ] --END-- [ RunTime:0.000000s ]
ERR: 无法加载模块:Public

[ 2016-09-18T16:00:21+08:00 ] 127.0.0.1 /Public/style/js/twitter-bootstrap-hover-dropdown.min.js
INFO: [ app_init ] --START--
INFO: Run Behavior\BuildLiteBehavior [ RunTime:0.000000s ]
INFO: [ app_init ] --END-- [ RunTime:0.000000s ]
ERR: 无法加载模块:Public

[ 2016-09-18T16:00:21+08:00 ] 127.0.0.1 /Public/style/js/jquery.themepunch.revolution.min.js
INFO: [ app_init ] --START--
INFO: Run Behavior\BuildLiteBehavior [ RunTime:0.000000s ]
INFO: [ app_init ] --END-- [ RunTime:0.001000s ]
ERR: 无法加载模块:Public

[ 2016-09-18T16:00:21+08:00 ] 127.0.0.1 /Public/style/js/owl.carousel.min.js
INFO: [ app_init ] --START--
INFO: Run Behavior\BuildLiteBehavior [ RunTime:0.000000s ]
INFO: [ app_init ] --END-- [ RunTime:0.001000s ]
ERR: 无法加载模块:Public

[ 2016-09-18T16:00:21+08:00 ] 127.0.0.1 /Public/style/js/jquery.easytabs.min.js
INFO: [ app_init ] --START--
INFO: Run Behavior\BuildLiteBehavior [ RunTime:0.000000s ]
INFO: [ app_init ] --END-- [ RunTime:0.000000s ]
ERR: 无法加载模块:Public

[ 2016-09-18T16:00:21+08:00 ] 127.0.0.1 /Public/style/js/jquery.isotope.min.js
INFO: [ app_init ] --START--
INFO: Run Behavior\BuildLiteBehavior [ RunTime:0.000000s ]
INFO: [ app_init ] --END-- [ RunTime:0.000000s ]
ERR: 无法加载模块:Public

[ 2016-09-18T16:00:21+08:00 ] 127.0.0.1 /Public/style/js/jquery.fitvids.js
INFO: [ app_init ] --START--
INFO: Run Behavior\BuildLiteBehavior [ RunTime:0.000000s ]
INFO: [ app_init ] --END-- [ RunTime:0.000000s ]
ERR: 无法加载模块:Public

[ 2016-09-18T16:00:21+08:00 ] 127.0.0.1 /Public/style/js/jquery.fancybox.pack.js
INFO: [ app_init ] --START--
INFO: Run Behavior\BuildLiteBehavior [ RunTime:0.000000s ]
INFO: [ app_init ] --END-- [ RunTime:0.001000s ]
ERR: 无法加载模块:Public

[ 2016-09-18T16:00:21+08:00 ] 127.0.0.1 /Public/style/js/jquery.themepunch.plugins.min.js
INFO: [ app_init ] --START--
INFO: Run Behavior\BuildLiteBehavior [ RunTime:0.000000s ]
INFO: [ app_init ] --END-- [ RunTime:0.000000s ]
ERR: 无法加载模块:Public

[ 2016-09-18T16:00:21+08:00 ] 127.0.0.1 /Public/style/images/art/slider-bg2.jpg
INFO: [ app_init ] --START--
INFO: Run Behavior\BuildLiteBehavior [ RunTime:0.000000s ]
INFO: [ app_init ] --END-- [ RunTime:0.000000s ]
ERR: 无法加载模块:Public

[ 2016-09-18T16:00:21+08:00 ] 127.0.0.1 /Public/style/images/art/slider-bg1.jpg
INFO: [ app_init ] --START--
INFO: Run Behavior\BuildLiteBehavior [ RunTime:0.000000s ]
INFO: [ app_init ] --END-- [ RunTime:0.001000s ]
ERR: 无法加载模块:Public

[ 2016-09-18T16:00:21+08:00 ] 127.0.0.1 /style/images/logo.png
INFO: [ app_init ] --START--
INFO: Run Behavior\BuildLiteBehavior [ RunTime:0.000000s ]
INFO: [ app_init ] --END-- [ RunTime:0.000000s ]
ERR: 无法加载模块:Style

[ 2016-09-18T16:00:21+08:00 ] 127.0.0.1 /Public/css/style/images/timer.png
INFO: [ app_init ] --START--
INFO: Run Behavior\BuildLiteBehavior [ RunTime:0.000000s ]
INFO: [ app_init ] --END-- [ RunTime:0.000000s ]
ERR: 无法加载模块:Public

[ 2016-09-18T16:00:21+08:00 ] 127.0.0.1 /Public/style/images/art/slider-bg3.jpg
INFO: [ app_init ] --START--
INFO: Run Behavior\BuildLiteBehavior [ RunTime:0.000000s ]
INFO: [ app_init ] --END-- [ RunTime:0.000000s ]
ERR: 无法加载模块:Public

[ 2016-09-18T16:00:21+08:00 ] 127.0.0.1 /Public/style/js/fancybox/helpers/jquery.fancybox-media.js?v=1.0.0
INFO: [ app_init ] --START--
INFO: Run Behavior\BuildLiteBehavior [ RunTime:0.000000s ]
INFO: [ app_init ] --END-- [ RunTime:0.000000s ]
ERR: 无法加载模块:Public

[ 2016-09-18T16:00:21+08:00 ] 127.0.0.1 /Public/style/js/fancybox/helpers/jquery.fancybox-thumbs.js?v=1.0.2
INFO: [ app_init ] --START--
INFO: Run Behavior\BuildLiteBehavior [ RunTime:0.000000s ]
INFO: [ app_init ] --END-- [ RunTime:0.000000s ]
ERR: 无法加载模块:Public

[ 2016-09-18T16:00:21+08:00 ] 127.0.0.1 /Public/style/js/jquery.slickforms.js
INFO: [ app_init ] --START--
INFO: Run Behavior\BuildLiteBehavior [ RunTime:0.000000s ]
INFO: [ app_init ] --END-- [ RunTime:0.000000s ]
ERR: 无法加载模块:Public

[ 2016-09-18T16:00:21+08:00 ] 127.0.0.1 /Public/style/js/instafeed.min.js
INFO: [ app_init ] --START--
INFO: Run Behavior\BuildLiteBehavior [ RunTime:0.000000s ]
INFO: [ app_init ] --END-- [ RunTime:0.001000s ]
ERR: 无法加载模块:Public

[ 2016-09-18T16:00:21+08:00 ] 127.0.0.1 /Public/style/js/retina.js
INFO: [ app_init ] --START--
INFO: Run Behavior\BuildLiteBehavior [ RunTime:0.000000s ]
INFO: [ app_init ] --END-- [ RunTime:0.001000s ]
ERR: 无法加载模块:Public

[ 2016-09-18T16:00:21+08:00 ] 127.0.0.1 /Public/style/js/google-code-prettify/prettify.js
INFO: [ app_init ] --START--
INFO: Run Behavior\BuildLiteBehavior [ RunTime:0.000000s ]
INFO: [ app_init ] --END-- [ RunTime:0.000000s ]
ERR: 无法加载模块:Public

[ 2016-09-18T16:00:21+08:00 ] 127.0.0.1 /Public/style/js/jquery.themepunch.revolution.min.js
INFO: [ app_init ] --START--
INFO: Run Behavior\BuildLiteBehavior [ RunTime:0.000000s ]
INFO: [ app_init ] --END-- [ RunTime:0.000000s ]
ERR: 无法加载模块:Public

[ 2016-09-18T16:00:21+08:00 ] 127.0.0.1 /Public/style/js/scripts.js
INFO: [ app_init ] --START--
INFO: Run Behavior\BuildLiteBehavior [ RunTime:0.000000s ]
INFO: [ app_init ] --END-- [ RunTime:0.000000s ]
ERR: 无法加载模块:Public

[ 2016-09-18T16:00:21+08:00 ] 127.0.0.1 /Public/style/images/art/p1.jpg
INFO: [ app_init ] --START--
INFO: Run Behavior\BuildLiteBehavior [ RunTime:0.000000s ]
INFO: [ app_init ] --END-- [ RunTime:0.001000s ]
ERR: 无法加载模块:Public

[ 2016-09-18T16:00:21+08:00 ] 127.0.0.1 /Public/style/images/art/p3.jpg
INFO: [ app_init ] --START--
INFO: Run Behavior\BuildLiteBehavior [ RunTime:0.000000s ]
INFO: [ app_init ] --END-- [ RunTime:0.000000s ]
ERR: 无法加载模块:Public

[ 2016-09-18T16:00:21+08:00 ] 127.0.0.1 /Public/style/images/art/p4.jpg
INFO: [ app_init ] --START--
INFO: Run Behavior\BuildLiteBehavior [ RunTime:0.000000s ]
INFO: [ app_init ] --END-- [ RunTime:0.000000s ]
ERR: 无法加载模块:Public

[ 2016-09-18T16:00:21+08:00 ] 127.0.0.1 /Public/style/images/art/p6.jpg
INFO: [ app_init ] --START--
INFO: Run Behavior\BuildLiteBehavior [ RunTime:0.000000s ]
INFO: [ app_init ] --END-- [ RunTime:0.001000s ]
ERR: 无法加载模块:Public

[ 2016-09-18T16:00:21+08:00 ] 127.0.0.1 /Public/style/images/art/p7.jpg
INFO: [ app_init ] --START--
INFO: Run Behavior\BuildLiteBehavior [ RunTime:0.000000s ]
INFO: [ app_init ] --END-- [ RunTime:0.000000s ]
ERR: 无法加载模块:Public

[ 2016-09-18T16:00:21+08:00 ] 127.0.0.1 /Public/style/images/art/p2.jpg
INFO: [ app_init ] --START--
INFO: Run Behavior\BuildLiteBehavior [ RunTime:0.000000s ]
INFO: [ app_init ] --END-- [ RunTime:0.000000s ]
ERR: 无法加载模块:Public

[ 2016-09-18T16:00:21+08:00 ] 127.0.0.1 /Public/style/images/art/p8.jpg
INFO: [ app_init ] --START--
INFO: Run Behavior\BuildLiteBehavior [ RunTime:0.000000s ]
INFO: [ app_init ] --END-- [ RunTime:0.000000s ]
ERR: 无法加载模块:Public

[ 2016-09-18T16:00:21+08:00 ] 127.0.0.1 /Public/style/images/art/p5.jpg
INFO: [ app_init ] --START--
INFO: Run Behavior\BuildLiteBehavior [ RunTime:0.000000s ]
INFO: [ app_init ] --END-- [ RunTime:0.000000s ]
ERR: 无法加载模块:Public

[ 2016-09-18T16:00:21+08:00 ] 127.0.0.1 /Public/style/js/jquery.easytabs.min.js
INFO: [ app_init ] --START--
INFO: Run Behavior\BuildLiteBehavior [ RunTime:0.000000s ]
INFO: [ app_init ] --END-- [ RunTime:0.001000s ]
ERR: 无法加载模块:Public

[ 2016-09-18T16:00:21+08:00 ] 127.0.0.1 /Public/style/images/art/p10.jpg
INFO: [ app_init ] --START--
INFO: Run Behavior\BuildLiteBehavior [ RunTime:0.000000s ]
INFO: [ app_init ] --END-- [ RunTime:0.000000s ]
ERR: 无法加载模块:Public

[ 2016-09-18T16:00:21+08:00 ] 127.0.0.1 /Public/style/images/art/p9.jpg
INFO: [ app_init ] --START--
INFO: Run Behavior\BuildLiteBehavior [ RunTime:0.000000s ]
INFO: [ app_init ] --END-- [ RunTime:0.001000s ]
ERR: 无法加载模块:Public

[ 2016-09-18T16:00:21+08:00 ] 127.0.0.1 /Public/style/images/art/p13.jpg
INFO: [ app_init ] --START--
INFO: Run Behavior\BuildLiteBehavior [ RunTime:0.000000s ]
INFO: [ app_init ] --END-- [ RunTime:0.000000s ]
ERR: 无法加载模块:Public

[ 2016-09-18T16:00:21+08:00 ] 127.0.0.1 /Public/style/images/art/p11.jpg
INFO: [ app_init ] --START--
INFO: Run Behavior\BuildLiteBehavior [ RunTime:0.000000s ]
INFO: [ app_init ] --END-- [ RunTime:0.001000s ]
ERR: 无法加载模块:Public

[ 2016-09-18T16:00:21+08:00 ] 127.0.0.1 /Public/style/images/art/p12.jpg
INFO: [ app_init ] --START--
INFO: Run Behavior\BuildLiteBehavior [ RunTime:0.000000s ]
INFO: [ app_init ] --END-- [ RunTime:0.000000s ]
ERR: 无法加载模块:Public

[ 2016-09-18T16:00:21+08:00 ] 127.0.0.1 /Public/style/images/art/p14.jpg
INFO: [ app_init ] --START--
INFO: Run Behavior\BuildLiteBehavior [ RunTime:0.000000s ]
INFO: [ app_init ] --END-- [ RunTime:0.000000s ]
ERR: 无法加载模块:Public

[ 2016-09-18T16:00:21+08:00 ] 127.0.0.1 /Public/style/js/owl.carousel.min.js
INFO: [ app_init ] --START--
INFO: Run Behavior\BuildLiteBehavior [ RunTime:0.000000s ]
INFO: [ app_init ] --END-- [ RunTime:0.000000s ]
ERR: 无法加载模块:Public

[ 2016-09-18T16:00:21+08:00 ] 127.0.0.1 /Public/style/images/art/about.jpg
INFO: [ app_init ] --START--
INFO: Run Behavior\BuildLiteBehavior [ RunTime:0.000000s ]
INFO: [ app_init ] --END-- [ RunTime:0.000000s ]
ERR: 无法加载模块:Public

[ 2016-09-18T16:00:21+08:00 ] 127.0.0.1 /Public/style/images/art/team1.jpg
INFO: [ app_init ] --START--
INFO: Run Behavior\BuildLiteBehavior [ RunTime:0.000000s ]
INFO: [ app_init ] --END-- [ RunTime:0.000000s ]
ERR: 无法加载模块:Public

[ 2016-09-18T16:00:21+08:00 ] 127.0.0.1 /Public/style/images/art/team3.jpg
INFO: [ app_init ] --START--
INFO: Run Behavior\BuildLiteBehavior [ RunTime:0.000000s ]
INFO: [ app_init ] --END-- [ RunTime:0.001000s ]
ERR: 无法加载模块:Public

[ 2016-09-18T16:00:21+08:00 ] 127.0.0.1 /Public/style/images/art/p15.jpg
INFO: [ app_init ] --START--
INFO: Run Behavior\BuildLiteBehavior [ RunTime:0.000000s ]
INFO: [ app_init ] --END-- [ RunTime:0.000000s ]
ERR: 无法加载模块:Public

[ 2016-09-18T16:00:21+08:00 ] 127.0.0.1 /Public/style/images/art/team2.jpg
INFO: [ app_init ] --START--
INFO: Run Behavior\BuildLiteBehavior [ RunTime:0.000000s ]
INFO: [ app_init ] --END-- [ RunTime:0.000000s ]
ERR: 无法加载模块:Public

[ 2016-09-18T16:00:21+08:00 ] 127.0.0.1 /Public/css/style/images/art/parallax1.jpg
INFO: [ app_init ] --START--
INFO: Run Behavior\BuildLiteBehavior [ RunTime:0.000000s ]
INFO: [ app_init ] --END-- [ RunTime:0.000000s ]
ERR: 无法加载模块:Public

[ 2016-09-18T16:00:21+08:00 ] 127.0.0.1 /Public/css/style/images/art/parallax2.jpg
INFO: [ app_init ] --START--
INFO: Run Behavior\BuildLiteBehavior [ RunTime:0.000000s ]
INFO: [ app_init ] --END-- [ RunTime:0.000000s ]
ERR: 无法加载模块:Public

[ 2016-09-18T16:00:21+08:00 ] 127.0.0.1 /Public/css/style/images/art/parallax4.jpg
INFO: [ app_init ] --START--
INFO: Run Behavior\BuildLiteBehavior [ RunTime:0.000000s ]
INFO: [ app_init ] --END-- [ RunTime:0.000000s ]
ERR: 无法加载模块:Public

[ 2016-09-18T16:00:21+08:00 ] 127.0.0.1 /Public/css/style/images/art/parallax3.jpg
INFO: [ app_init ] --START--
INFO: Run Behavior\BuildLiteBehavior [ RunTime:0.000000s ]
INFO: [ app_init ] --END-- [ RunTime:0.000000s ]
ERR: 无法加载模块:Public

[ 2016-09-18T16:00:21+08:00 ] 127.0.0.1 /Public/style/js/jquery.isotope.min.js
INFO: [ app_init ] --START--
INFO: Run Behavior\BuildLiteBehavior [ RunTime:0.000000s ]
INFO: [ app_init ] --END-- [ RunTime:0.001000s ]
ERR: 无法加载模块:Public

[ 2016-09-18T16:00:21+08:00 ] 127.0.0.1 /Public/style/js/jquery.fitvids.js
INFO: [ app_init ] --START--
INFO: Run Behavior\BuildLiteBehavior [ RunTime:0.000000s ]
INFO: [ app_init ] --END-- [ RunTime:0.000000s ]
ERR: 无法加载模块:Public

[ 2016-09-18T16:00:21+08:00 ] 127.0.0.1 /Public/style/js/jquery.fancybox.pack.js
INFO: [ app_init ] --START--
INFO: Run Behavior\BuildLiteBehavior [ RunTime:0.000000s ]
INFO: [ app_init ] --END-- [ RunTime:0.001000s ]
ERR: 无法加载模块:Public

[ 2016-09-18T16:00:21+08:00 ] 127.0.0.1 /Public/style/js/fancybox/helpers/jquery.fancybox-thumbs.js?v=1.0.2
INFO: [ app_init ] --START--
INFO: Run Behavior\BuildLiteBehavior [ RunTime:0.000000s ]
INFO: [ app_init ] --END-- [ RunTime:0.000000s ]
ERR: 无法加载模块:Public

[ 2016-09-18T16:00:21+08:00 ] 127.0.0.1 /Public/style/js/fancybox/helpers/jquery.fancybox-media.js?v=1.0.0
INFO: [ app_init ] --START--
INFO: Run Behavior\BuildLiteBehavior [ RunTime:0.000000s ]
INFO: [ app_init ] --END-- [ RunTime:0.000000s ]
ERR: 无法加载模块:Public

[ 2016-09-18T16:00:21+08:00 ] 127.0.0.1 /Public/style/js/jquery.slickforms.js
INFO: [ app_init ] --START--
INFO: Run Behavior\BuildLiteBehavior [ RunTime:0.000000s ]
INFO: [ app_init ] --END-- [ RunTime:0.000000s ]
ERR: 无法加载模块:Public

[ 2016-09-18T16:00:21+08:00 ] 127.0.0.1 /Public/style/js/instafeed.min.js
INFO: [ app_init ] --START--
INFO: Run Behavior\BuildLiteBehavior [ RunTime:0.000000s ]
INFO: [ app_init ] --END-- [ RunTime:0.001000s ]
ERR: 无法加载模块:Public

[ 2016-09-18T16:00:21+08:00 ] 127.0.0.1 /Public/style/js/retina.js
INFO: [ app_init ] --START--
INFO: Run Behavior\BuildLiteBehavior [ RunTime:0.000000s ]
INFO: [ app_init ] --END-- [ RunTime:0.001000s ]
ERR: 无法加载模块:Public

[ 2016-09-18T16:00:21+08:00 ] 127.0.0.1 /Public/style/js/google-code-prettify/prettify.js
INFO: [ app_init ] --START--
INFO: Run Behavior\BuildLiteBehavior [ RunTime:0.000000s ]
INFO: [ app_init ] --END-- [ RunTime:0.001000s ]
ERR: 无法加载模块:Public

[ 2016-09-18T16:00:21+08:00 ] 127.0.0.1 /Public/style/js/scripts.js
INFO: [ app_init ] --START--
INFO: Run Behavior\BuildLiteBehavior [ RunTime:0.000000s ]
INFO: [ app_init ] --END-- [ RunTime:0.000000s ]
ERR: 无法加载模块:Public

[ 2016-09-18T16:02:34+08:00 ] 127.0.0.1 /style/images/logo.png
INFO: [ app_init ] --START--
INFO: Run Behavior\BuildLiteBehavior [ RunTime:0.000000s ]
INFO: [ app_init ] --END-- [ RunTime:0.001000s ]
ERR: 无法加载模块:Style

[ 2016-09-18T16:02:34+08:00 ] 127.0.0.1 /Public/css/style/images/art/parallax1.jpg
INFO: [ app_init ] --START--
INFO: Run Behavior\BuildLiteBehavior [ RunTime:0.000000s ]
INFO: [ app_init ] --END-- [ RunTime:0.001000s ]
ERR: 无法加载模块:Public

[ 2016-09-18T16:02:34+08:00 ] 127.0.0.1 /Public/css/style/images/art/parallax2.jpg
INFO: [ app_init ] --START--
INFO: Run Behavior\BuildLiteBehavior [ RunTime:0.000000s ]
INFO: [ app_init ] --END-- [ RunTime:0.000000s ]
ERR: 无法加载模块:Public

[ 2016-09-18T16:02:34+08:00 ] 127.0.0.1 /Public/css/style/images/timer.png
INFO: [ app_init ] --START--
INFO: Run Behavior\BuildLiteBehavior [ RunTime:0.000000s ]
INFO: [ app_init ] --END-- [ RunTime:0.001000s ]
ERR: 无法加载模块:Public

[ 2016-09-18T16:02:34+08:00 ] 127.0.0.1 /Public/css/style/images/art/parallax4.jpg
INFO: [ app_init ] --START--
INFO: Run Behavior\BuildLiteBehavior [ RunTime:0.000000s ]
INFO: [ app_init ] --END-- [ RunTime:0.001000s ]
ERR: 无法加载模块:Public

[ 2016-09-18T16:02:34+08:00 ] 127.0.0.1 /Public/css/style/images/art/parallax3.jpg
INFO: [ app_init ] --START--
INFO: Run Behavior\BuildLiteBehavior [ RunTime:0.000000s ]
INFO: [ app_init ] --END-- [ RunTime:0.000000s ]
ERR: 无法加载模块:Public

[ 2016-09-18T16:02:34+08:00 ] 127.0.0.1 /style/images/logo.png
INFO: [ app_init ] --START--
INFO: Run Behavior\BuildLiteBehavior [ RunTime:0.000000s ]
INFO: [ app_init ] --END-- [ RunTime:0.001000s ]
ERR: 无法加载模块:Style

[ 2016-09-18T16:03:41+08:00 ] 127.0.0.1 /Public/css/style/images/timer.png
INFO: [ app_init ] --START--
INFO: Run Behavior\BuildLiteBehavior [ RunTime:0.000000s ]
INFO: [ app_init ] --END-- [ RunTime:0.000000s ]
ERR: 无法加载模块:Public

[ 2016-09-18T16:03:41+08:00 ] 127.0.0.1 /Public/css/style/images/art/parallax2.jpg
INFO: [ app_init ] --START--
INFO: Run Behavior\BuildLiteBehavior [ RunTime:0.000000s ]
INFO: [ app_init ] --END-- [ RunTime:0.000000s ]
ERR: 无法加载模块:Public

[ 2016-09-18T16:03:41+08:00 ] 127.0.0.1 /Public/css/style/images/art/parallax1.jpg
INFO: [ app_init ] --START--
INFO: Run Behavior\BuildLiteBehavior [ RunTime:0.000000s ]
INFO: [ app_init ] --END-- [ RunTime:0.000000s ]
ERR: 无法加载模块:Public

[ 2016-09-18T16:03:41+08:00 ] 127.0.0.1 /Public/css/style/images/art/parallax4.jpg
INFO: [ app_init ] --START--
INFO: Run Behavior\BuildLiteBehavior [ RunTime:0.000000s ]
INFO: [ app_init ] --END-- [ RunTime:0.001000s ]
ERR: 无法加载模块:Public

[ 2016-09-18T16:03:41+08:00 ] 127.0.0.1 /Public/css/style/images/art/parallax3.jpg
INFO: [ app_init ] --START--
INFO: Run Behavior\BuildLiteBehavior [ RunTime:0.000000s ]
INFO: [ app_init ] --END-- [ RunTime:0.000000s ]
ERR: 无法加载模块:Public

[ 2016-09-18T16:03:47+08:00 ] 127.0.0.1 /Public/css/style/images/timer.png
INFO: [ app_init ] --START--
INFO: Run Behavior\BuildLiteBehavior [ RunTime:0.000000s ]
INFO: [ app_init ] --END-- [ RunTime:0.001000s ]
ERR: 无法加载模块:Public

[ 2016-09-18T16:03:47+08:00 ] 127.0.0.1 /Public/css/style/images/art/parallax1.jpg
INFO: [ app_init ] --START--
INFO: Run Behavior\BuildLiteBehavior [ RunTime:0.000000s ]
INFO: [ app_init ] --END-- [ RunTime:0.000000s ]
ERR: 无法加载模块:Public

[ 2016-09-18T16:03:47+08:00 ] 127.0.0.1 /Public/css/style/images/art/parallax4.jpg
INFO: [ app_init ] --START--
INFO: Run Behavior\BuildLiteBehavior [ RunTime:0.000000s ]
INFO: [ app_init ] --END-- [ RunTime:0.000000s ]
ERR: 无法加载模块:Public

[ 2016-09-18T16:03:47+08:00 ] 127.0.0.1 /Public/css/style/images/art/parallax2.jpg
INFO: [ app_init ] --START--
INFO: Run Behavior\BuildLiteBehavior [ RunTime:0.000000s ]
INFO: [ app_init ] --END-- [ RunTime:0.000000s ]
ERR: 无法加载模块:Public

[ 2016-09-18T16:03:47+08:00 ] 127.0.0.1 /Public/css/style/images/art/parallax3.jpg
INFO: [ app_init ] --START--
INFO: Run Behavior\BuildLiteBehavior [ RunTime:0.000000s ]
INFO: [ app_init ] --END-- [ RunTime:0.000000s ]
ERR: 无法加载模块:Public

[ 2016-09-18T16:06:35+08:00 ] 127.0.0.1 /portfolio-post7.html?_=1474185827527
INFO: [ app_init ] --START--
INFO: Run Behavior\BuildLiteBehavior [ RunTime:0.000000s ]
INFO: [ app_init ] --END-- [ RunTime:0.000000s ]
ERR: 无法加载模块:Portfolio-post7

[ 2016-09-18T16:06:39+08:00 ] 127.0.0.1 /portfolio-post8.html?_=1474185827528
INFO: [ app_init ] --START--
INFO: Run Behavior\BuildLiteBehavior [ RunTime:0.000000s ]
INFO: [ app_init ] --END-- [ RunTime:0.001000s ]
ERR: 无法加载模块:Portfolio-post8

[ 2016-09-18T16:06:42+08:00 ] 127.0.0.1 /portfolio-post.html?_=1474185827529
INFO: [ app_init ] --START--
INFO: Run Behavior\BuildLiteBehavior [ RunTime:0.000000s ]
INFO: [ app_init ] --END-- [ RunTime:0.000000s ]
ERR: 无法加载模块:Portfolio-post

[ 2016-09-18T16:06:44+08:00 ] 127.0.0.1 /portfolio-post8.html?_=1474185827530
INFO: [ app_init ] --START--
INFO: Run Behavior\BuildLiteBehavior [ RunTime:0.000000s ]
INFO: [ app_init ] --END-- [ RunTime:0.000000s ]
ERR: 无法加载模块:Portfolio-post8

[ 2016-09-18T16:06:45+08:00 ] 127.0.0.1 /portfolio-post.html?_=1474185827531
INFO: [ app_init ] --START--
INFO: Run Behavior\BuildLiteBehavior [ RunTime:0.000000s ]
INFO: [ app_init ] --END-- [ RunTime:0.000000s ]
ERR: 无法加载模块:Portfolio-post

[ 2016-09-18T16:06:45+08:00 ] 127.0.0.1 /portfolio-post8.html?_=1474185827532
INFO: [ app_init ] --START--
INFO: Run Behavior\BuildLiteBehavior [ RunTime:0.000000s ]
INFO: [ app_init ] --END-- [ RunTime:0.000000s ]
ERR: 无法加载模块:Portfolio-post8

[ 2016-09-18T16:12:53+08:00 ] 127.0.0.1 /Public/css/style/images/timer.png
INFO: [ app_init ] --START--
INFO: Run Behavior\BuildLiteBehavior [ RunTime:0.000000s ]
INFO: [ app_init ] --END-- [ RunTime:0.001000s ]
ERR: 无法加载模块:Public

[ 2016-09-18T16:12:53+08:00 ] 127.0.0.1 /Public/css/style/images/art/parallax1.jpg
INFO: [ app_init ] --START--
INFO: Run Behavior\BuildLiteBehavior [ RunTime:0.000000s ]
INFO: [ app_init ] --END-- [ RunTime:0.000000s ]
ERR: 无法加载模块:Public

[ 2016-09-18T16:12:53+08:00 ] 127.0.0.1 /Public/css/style/images/art/parallax4.jpg
INFO: [ app_init ] --START--
INFO: Run Behavior\BuildLiteBehavior [ RunTime:0.000000s ]
INFO: [ app_init ] --END-- [ RunTime:0.000000s ]
ERR: 无法加载模块:Public

[ 2016-09-18T16:12:53+08:00 ] 127.0.0.1 /Public/css/style/images/art/parallax2.jpg
INFO: [ app_init ] --START--
INFO: Run Behavior\BuildLiteBehavior [ RunTime:0.000000s ]
INFO: [ app_init ] --END-- [ RunTime:0.001000s ]
ERR: 无法加载模块:Public

[ 2016-09-18T16:12:53+08:00 ] 127.0.0.1 /Public/css/style/images/art/parallax3.jpg
INFO: [ app_init ] --START--
INFO: Run Behavior\BuildLiteBehavior [ RunTime:0.000000s ]
INFO: [ app_init ] --END-- [ RunTime:0.001000s ]
ERR: 无法加载模块:Public

[ 2016-09-18T16:33:31+08:00 ] 127.0.0.1 /Public/css/style/images/timer.png
INFO: [ app_init ] --START--
INFO: Run Behavior\BuildLiteBehavior [ RunTime:0.000000s ]
INFO: [ app_init ] --END-- [ RunTime:0.001000s ]
ERR: 无法加载模块:Public

[ 2016-09-18T16:33:31+08:00 ] 127.0.0.1 /Public/css/style/images/art/parallax1.jpg
INFO: [ app_init ] --START--
INFO: Run Behavior\BuildLiteBehavior [ RunTime:0.000000s ]
INFO: [ app_init ] --END-- [ RunTime:0.000000s ]
ERR: 无法加载模块:Public

[ 2016-09-18T16:33:31+08:00 ] 127.0.0.1 /Public/css/style/images/art/parallax2.jpg
INFO: [ app_init ] --START--
INFO: Run Behavior\BuildLiteBehavior [ RunTime:0.000000s ]
INFO: [ app_init ] --END-- [ RunTime:0.000000s ]
ERR: 无法加载模块:Public

[ 2016-09-18T16:33:31+08:00 ] 127.0.0.1 /Public/css/style/images/art/parallax3.jpg
INFO: [ app_init ] --START--
INFO: Run Behavior\BuildLiteBehavior [ RunTime:0.000000s ]
INFO: [ app_init ] --END-- [ RunTime:0.000000s ]
ERR: 无法加载模块:Public

[ 2016-09-18T16:33:31+08:00 ] 127.0.0.1 /Public/css/style/images/art/parallax4.jpg
INFO: [ app_init ] --START--
INFO: Run Behavior\BuildLiteBehavior [ RunTime:0.000000s ]
INFO: [ app_init ] --END-- [ RunTime:0.000000s ]
ERR: 无法加载模块:Public

[ 2016-09-18T16:45:30+08:00 ] 127.0.0.1 /Public/css/Public/images/art/parallax1.jpg
INFO: [ app_init ] --START--
INFO: Run Behavior\BuildLiteBehavior [ RunTime:0.000000s ]
INFO: [ app_init ] --END-- [ RunTime:0.001000s ]
ERR: 无法加载模块:Public

[ 2016-09-18T16:45:30+08:00 ] 127.0.0.1 /Public/css/Public/images/timer.png
INFO: [ app_init ] --START--
INFO: Run Behavior\BuildLiteBehavior [ RunTime:0.000000s ]
INFO: [ app_init ] --END-- [ RunTime:0.001000s ]
ERR: 无法加载模块:Public

[ 2016-09-18T16:45:30+08:00 ] 127.0.0.1 /Public/css/Public/images/art/parallax2.jpg
INFO: [ app_init ] --START--
INFO: Run Behavior\BuildLiteBehavior [ RunTime:0.000000s ]
INFO: [ app_init ] --END-- [ RunTime:0.001000s ]
ERR: 无法加载模块:Public

[ 2016-09-18T16:45:30+08:00 ] 127.0.0.1 /Public/css/Public/images/art/parallax4.jpg
INFO: [ app_init ] --START--
INFO: Run Behavior\BuildLiteBehavior [ RunTime:0.000000s ]
INFO: [ app_init ] --END-- [ RunTime:0.000000s ]
ERR: 无法加载模块:Public

[ 2016-09-18T16:45:30+08:00 ] 127.0.0.1 /Public/css/Public/images/art/parallax3.jpg
INFO: [ app_init ] --START--
INFO: Run Behavior\BuildLiteBehavior [ RunTime:0.000000s ]
INFO: [ app_init ] --END-- [ RunTime:0.001000s ]
ERR: 无法加载模块:Public

[ 2016-09-18T16:53:21+08:00 ] 127.0.0.1 /Public/css/Public/images/timer.png
INFO: [ app_init ] --START--
INFO: Run Behavior\BuildLiteBehavior [ RunTime:0.000000s ]
INFO: [ app_init ] --END-- [ RunTime:0.000000s ]
ERR: 无法加载模块:Public

[ 2016-09-18T16:53:21+08:00 ] 127.0.0.1 /Public/css/Public/images/art/parallax2.jpg
INFO: [ app_init ] --START--
INFO: Run Behavior\BuildLiteBehavior [ RunTime:0.000000s ]
INFO: [ app_init ] --END-- [ RunTime:0.000000s ]
ERR: 无法加载模块:Public

[ 2016-09-18T16:53:21+08:00 ] 127.0.0.1 /Public/css/Public/images/art/parallax1.jpg
INFO: [ app_init ] --START--
INFO: Run Behavior\BuildLiteBehavior [ RunTime:0.000000s ]
INFO: [ app_init ] --END-- [ RunTime:0.001000s ]
ERR: 无法加载模块:Public

[ 2016-09-18T16:53:21+08:00 ] 127.0.0.1 /Public/css/Public/images/art/parallax3.jpg
INFO: [ app_init ] --START--
INFO: Run Behavior\BuildLiteBehavior [ RunTime:0.000000s ]
INFO: [ app_init ] --END-- [ RunTime:0.000000s ]
ERR: 无法加载模块:Public

[ 2016-09-18T16:53:21+08:00 ] 127.0.0.1 /Public/css/Public/images/art/parallax4.jpg
INFO: [ app_init ] --START--
INFO: Run Behavior\BuildLiteBehavior [ RunTime:0.000000s ]
INFO: [ app_init ] --END-- [ RunTime:0.001000s ]
ERR: 无法加载模块:Public

