[ 2016-11-11T09:07:14+08:00 ] 127.0.0.1 /admin.php
INFO: [ app_init ] --START--
INFO: Run Behavior\BuildLiteBehavior [ RunTime:0.000000s ]
INFO: [ app_init ] --END-- [ RunTime:0.001000s ]
INFO: [ app_begin ] --START--
INFO: Run Behavior\ReadHtmlCacheBehavior [ RunTime:0.001000s ]
INFO: [ app_begin ] --END-- [ RunTime:0.001000s ]
INFO: [ view_parse ] --START--
INFO: [ template_filter ] --START--
INFO: Run Behavior\ContentReplaceBehavior [ RunTime:0.000000s ]
INFO: [ template_filter ] --END-- [ RunTime:0.000000s ]
INFO: Run Behavior\ParseTemplateBehavior [ RunTime:0.006000s ]
INFO: [ view_parse ] --END-- [ RunTime:0.006000s ]
INFO: [ view_filter ] --START--
INFO: Run Behavior\WriteHtmlCacheBehavior [ RunTime:0.000000s ]
INFO: [ view_filter ] --END-- [ RunTime:0.000000s ]
INFO: [ app_end ] --START--
INFO: Run Behavior\ShowPageTraceBehavior [ RunTime:0.001000s ]
INFO: [ app_end ] --END-- [ RunTime:0.001000s ]

[ 2016-11-11T09:07:18+08:00 ] 127.0.0.1 /admin.php/Login/login
INFO: [ app_init ] --START--
INFO: Run Behavior\BuildLiteBehavior [ RunTime:0.000000s ]
INFO: [ app_init ] --END-- [ RunTime:0.000000s ]
INFO: [ app_begin ] --START--
INFO: Run Behavior\ReadHtmlCacheBehavior [ RunTime:0.000000s ]
INFO: [ app_begin ] --END-- [ RunTime:0.000000s ]
SQL: SHOW COLUMNS FROM `qd_users` [ RunTime:0.0156s ]
SQL: SELECT * FROM `qd_users` WHERE `account` = 'admin' AND `password` = 'e10adc3949ba59abbe56e057f20f883e' LIMIT 1   [ RunTime:0.0000s ]
SQL: UPDATE `qd_users` SET `last_login`='2016-11-11 09:07:18',`ip`='127.0.0.1' WHERE ( id=1 ) [ RunTime:0.0156s ]

[ 2016-11-11T09:07:18+08:00 ] 127.0.0.1 /admin.php/Login/loginIn
INFO: [ app_init ] --START--
INFO: Run Behavior\BuildLiteBehavior [ RunTime:0.000000s ]
INFO: [ app_init ] --END-- [ RunTime:0.000000s ]
INFO: [ app_begin ] --START--
INFO: Run Behavior\ReadHtmlCacheBehavior [ RunTime:0.015600s ]
INFO: [ app_begin ] --END-- [ RunTime:0.015600s ]

[ 2016-11-11T09:07:18+08:00 ] 127.0.0.1 /admin.php/Info/index.html
INFO: [ app_init ] --START--
INFO: Run Behavior\BuildLiteBehavior [ RunTime:0.000000s ]
INFO: [ app_init ] --END-- [ RunTime:0.000000s ]
INFO: [ app_begin ] --START--
INFO: Run Behavior\ReadHtmlCacheBehavior [ RunTime:0.000000s ]
INFO: [ app_begin ] --END-- [ RunTime:0.000000s ]
INFO: [ view_parse ] --START--
INFO: [ template_filter ] --START--
INFO: Run Behavior\ContentReplaceBehavior [ RunTime:0.000000s ]
INFO: [ template_filter ] --END-- [ RunTime:0.000000s ]
INFO: Run Behavior\ParseTemplateBehavior [ RunTime:0.018600s ]
INFO: [ view_parse ] --END-- [ RunTime:0.018600s ]
INFO: [ view_filter ] --START--
INFO: Run Behavior\WriteHtmlCacheBehavior [ RunTime:0.000000s ]
INFO: [ view_filter ] --END-- [ RunTime:0.000000s ]
INFO: [ app_end ] --START--
INFO: Run Behavior\ShowPageTraceBehavior [ RunTime:0.000000s ]
INFO: [ app_end ] --END-- [ RunTime:0.000000s ]

[ 2016-11-11T09:07:18+08:00 ] 127.0.0.1 /admin.php/Base/left
INFO: [ app_init ] --START--
INFO: Run Behavior\BuildLiteBehavior [ RunTime:0.000000s ]
INFO: [ app_init ] --END-- [ RunTime:0.000000s ]
INFO: [ app_begin ] --START--
INFO: Run Behavior\ReadHtmlCacheBehavior [ RunTime:0.000000s ]
INFO: [ app_begin ] --END-- [ RunTime:0.000000s ]
INFO: [ view_parse ] --START--
INFO: [ template_filter ] --START--
INFO: Run Behavior\ContentReplaceBehavior [ RunTime:0.000000s ]
INFO: [ template_filter ] --END-- [ RunTime:0.000000s ]
INFO: Run Behavior\ParseTemplateBehavior [ RunTime:0.010000s ]
INFO: [ view_parse ] --END-- [ RunTime:0.010000s ]
INFO: [ view_filter ] --START--
INFO: Run Behavior\WriteHtmlCacheBehavior [ RunTime:0.000000s ]
INFO: [ view_filter ] --END-- [ RunTime:0.000000s ]
INFO: [ app_end ] --START--
INFO: Run Behavior\ShowPageTraceBehavior [ RunTime:0.001000s ]
INFO: [ app_end ] --END-- [ RunTime:0.001000s ]

[ 2016-11-11T09:07:18+08:00 ] 127.0.0.1 /admin.php/Info/index1
INFO: [ app_init ] --START--
INFO: Run Behavior\BuildLiteBehavior [ RunTime:0.000000s ]
INFO: [ app_init ] --END-- [ RunTime:0.000000s ]
INFO: [ app_begin ] --START--
INFO: Run Behavior\ReadHtmlCacheBehavior [ RunTime:0.000000s ]
INFO: [ app_begin ] --END-- [ RunTime:0.000000s ]
INFO: [ view_parse ] --START--
INFO: [ template_filter ] --START--
INFO: Run Behavior\ContentReplaceBehavior [ RunTime:0.000000s ]
INFO: [ template_filter ] --END-- [ RunTime:0.000000s ]
INFO: Run Behavior\ParseTemplateBehavior [ RunTime:0.009000s ]
INFO: [ view_parse ] --END-- [ RunTime:0.009000s ]
INFO: [ view_filter ] --START--
INFO: Run Behavior\WriteHtmlCacheBehavior [ RunTime:0.001000s ]
INFO: [ view_filter ] --END-- [ RunTime:0.001000s ]
INFO: [ app_end ] --START--
INFO: Run Behavior\ShowPageTraceBehavior [ RunTime:0.001000s ]
INFO: [ app_end ] --END-- [ RunTime:0.001000s ]

[ 2016-11-11T09:07:18+08:00 ] 127.0.0.1 /admin.php/Base/head
INFO: [ app_init ] --START--
INFO: Run Behavior\BuildLiteBehavior [ RunTime:0.000000s ]
INFO: [ app_init ] --END-- [ RunTime:0.000000s ]
INFO: [ app_begin ] --START--
INFO: Run Behavior\ReadHtmlCacheBehavior [ RunTime:0.001000s ]
INFO: [ app_begin ] --END-- [ RunTime:0.001000s ]
INFO: [ view_parse ] --START--
INFO: [ template_filter ] --START--
INFO: Run Behavior\ContentReplaceBehavior [ RunTime:0.000000s ]
INFO: [ template_filter ] --END-- [ RunTime:0.000000s ]
INFO: Run Behavior\ParseTemplateBehavior [ RunTime:0.008000s ]
INFO: [ view_parse ] --END-- [ RunTime:0.008000s ]
INFO: [ view_filter ] --START--
INFO: Run Behavior\WriteHtmlCacheBehavior [ RunTime:0.000000s ]
INFO: [ view_filter ] --END-- [ RunTime:0.000000s ]
INFO: [ app_end ] --START--
INFO: Run Behavior\ShowPageTraceBehavior [ RunTime:0.001000s ]
INFO: [ app_end ] --END-- [ RunTime:0.001000s ]

[ 2016-11-11T09:07:21+08:00 ] 127.0.0.1 /admin.php/News
INFO: [ app_init ] --START--
INFO: Run Behavior\BuildLiteBehavior [ RunTime:0.000000s ]
INFO: [ app_init ] --END-- [ RunTime:0.000000s ]
INFO: [ app_begin ] --START--
INFO: Run Behavior\ReadHtmlCacheBehavior [ RunTime:0.000000s ]
INFO: [ app_begin ] --END-- [ RunTime:0.000000s ]
NOTIC: [8] Undefined index: search C:\phpstudy\WWW\tp\qidian\Application\Admin\Controller\NewsController.class.php 第 18 行.
NOTIC: [8] Undefined variable: where C:\phpstudy\WWW\tp\qidian\Application\Admin\Controller\NewsController.class.php 第 21 行.
SQL: SHOW COLUMNS FROM `qd_news` [ RunTime:0.0040s ]
SQL: SELECT COUNT(*) AS tp_count FROM `qd_news` LIMIT 1   [ RunTime:0.0000s ]
NOTIC: [8] Undefined variable: where C:\phpstudy\WWW\tp\qidian\Application\Admin\Controller\NewsController.class.php 第 34 行.
SQL: SELECT * FROM `qd_news` LIMIT 0,20   [ RunTime:0.0010s ]
SQL: SHOW COLUMNS FROM `qd_items` [ RunTime:0.0040s ]
SQL: SELECT * FROM `qd_items` WHERE ( id=3 ) LIMIT 1   [ RunTime:0.0000s ]
SQL: SELECT * FROM `qd_items` WHERE ( id=0 ) LIMIT 1   [ RunTime:0.0000s ]
SQL: SELECT * FROM `qd_items` WHERE ( id=2 ) LIMIT 1   [ RunTime:0.0010s ]
SQL: SELECT * FROM `qd_items` WHERE ( id=2 ) LIMIT 1   [ RunTime:0.0000s ]
SQL: SELECT * FROM `qd_items` WHERE ( id=2 ) LIMIT 1   [ RunTime:0.0000s ]
SQL: SELECT * FROM `qd_items` WHERE ( id=2 ) LIMIT 1   [ RunTime:0.0000s ]
SQL: SELECT * FROM `qd_items` WHERE ( pid=0 )  [ RunTime:0.0000s ]
SQL: SELECT * FROM `qd_items` WHERE ( pid=1 )  [ RunTime:0.0000s ]
SQL: SELECT * FROM `qd_items` WHERE ( pid=2 )  [ RunTime:0.0000s ]
SQL: SELECT * FROM `qd_items` WHERE ( pid=3 )  [ RunTime:0.0010s ]
INFO: [ view_parse ] --START--
INFO: [ template_filter ] --START--
INFO: Run Behavior\ContentReplaceBehavior [ RunTime:0.000000s ]
INFO: [ template_filter ] --END-- [ RunTime:0.000000s ]
INFO: Run Behavior\ParseTemplateBehavior [ RunTime:0.006000s ]
INFO: [ view_parse ] --END-- [ RunTime:0.007000s ]
INFO: [ view_filter ] --START--
INFO: Run Behavior\WriteHtmlCacheBehavior [ RunTime:0.000000s ]
INFO: [ view_filter ] --END-- [ RunTime:0.000000s ]
INFO: [ app_end ] --START--
INFO: Run Behavior\ShowPageTraceBehavior [ RunTime:0.000000s ]
INFO: [ app_end ] --END-- [ RunTime:0.000000s ]

[ 2016-11-11T09:07:22+08:00 ] 127.0.0.1 /admin.php/News/edit
INFO: [ app_init ] --START--
INFO: Run Behavior\BuildLiteBehavior [ RunTime:0.000000s ]
INFO: [ app_init ] --END-- [ RunTime:0.000000s ]
INFO: [ app_begin ] --START--
INFO: Run Behavior\ReadHtmlCacheBehavior [ RunTime:0.000000s ]
INFO: [ app_begin ] --END-- [ RunTime:0.000000s ]
NOTIC: [8] Undefined index: id C:\phpstudy\WWW\tp\qidian\Application\Admin\Controller\NewsController.class.php 第 47 行.
SQL: SHOW COLUMNS FROM `qd_items` [ RunTime:0.0030s ]
SQL: SELECT * FROM `qd_items` WHERE ( pid=0 )  [ RunTime:0.0000s ]
SQL: SELECT * FROM `qd_items` WHERE ( pid=1 )  [ RunTime:0.0000s ]
SQL: SELECT * FROM `qd_items` WHERE ( pid=2 )  [ RunTime:0.0000s ]
SQL: SELECT * FROM `qd_items` WHERE ( pid=3 )  [ RunTime:0.0000s ]
INFO: [ view_parse ] --START--
INFO: [ template_filter ] --START--
INFO: Run Behavior\ContentReplaceBehavior [ RunTime:0.000000s ]
INFO: [ template_filter ] --END-- [ RunTime:0.000000s ]
NOTIC: [8] Undefined variable: list C:\phpstudy\WWW\tp\qidian\Application\Runtime\Cache\Admin\c6b563eb3db7e185c095986d75e59a9c.php 第 70 行.
NOTIC: [8] Undefined variable: list C:\phpstudy\WWW\tp\qidian\Application\Runtime\Cache\Admin\c6b563eb3db7e185c095986d75e59a9c.php 第 84 行.
NOTIC: [8] Undefined variable: list C:\phpstudy\WWW\tp\qidian\Application\Runtime\Cache\Admin\c6b563eb3db7e185c095986d75e59a9c.php 第 88 行.
NOTIC: [8] Undefined variable: list C:\phpstudy\WWW\tp\qidian\Application\Runtime\Cache\Admin\c6b563eb3db7e185c095986d75e59a9c.php 第 92 行.
NOTIC: [8] Undefined variable: list C:\phpstudy\WWW\tp\qidian\Application\Runtime\Cache\Admin\c6b563eb3db7e185c095986d75e59a9c.php 第 96 行.
NOTIC: [8] Undefined variable: list C:\phpstudy\WWW\tp\qidian\Application\Runtime\Cache\Admin\c6b563eb3db7e185c095986d75e59a9c.php 第 100 行.
INFO: Run Behavior\ParseTemplateBehavior [ RunTime:0.006000s ]
INFO: [ view_parse ] --END-- [ RunTime:0.006000s ]
INFO: [ view_filter ] --START--
INFO: Run Behavior\WriteHtmlCacheBehavior [ RunTime:0.001000s ]
INFO: [ view_filter ] --END-- [ RunTime:0.001000s ]
INFO: [ app_end ] --START--
INFO: Run Behavior\ShowPageTraceBehavior [ RunTime:0.000000s ]
INFO: [ app_end ] --END-- [ RunTime:0.000000s ]

[ 2016-11-11T09:07:23+08:00 ] 127.0.0.1 /admin.php/News/edit
INFO: [ app_init ] --START--
INFO: Run Behavior\BuildLiteBehavior [ RunTime:0.000000s ]
INFO: [ app_init ] --END-- [ RunTime:0.001000s ]
INFO: [ app_begin ] --START--
INFO: Run Behavior\ReadHtmlCacheBehavior [ RunTime:0.000000s ]
INFO: [ app_begin ] --END-- [ RunTime:0.000000s ]
NOTIC: [8] Undefined index: id C:\phpstudy\WWW\tp\qidian\Application\Admin\Controller\NewsController.class.php 第 47 行.
SQL: SHOW COLUMNS FROM `qd_items` [ RunTime:0.0030s ]
SQL: SELECT * FROM `qd_items` WHERE ( pid=0 )  [ RunTime:0.0000s ]
SQL: SELECT * FROM `qd_items` WHERE ( pid=1 )  [ RunTime:0.0000s ]
SQL: SELECT * FROM `qd_items` WHERE ( pid=2 )  [ RunTime:0.0000s ]
SQL: SELECT * FROM `qd_items` WHERE ( pid=3 )  [ RunTime:0.0010s ]
INFO: [ view_parse ] --START--
INFO: [ template_filter ] --START--
INFO: Run Behavior\ContentReplaceBehavior [ RunTime:0.000000s ]
INFO: [ template_filter ] --END-- [ RunTime:0.000000s ]
NOTIC: [8] Undefined variable: list C:\phpstudy\WWW\tp\qidian\Application\Runtime\Cache\Admin\c6b563eb3db7e185c095986d75e59a9c.php 第 70 行.
NOTIC: [8] Undefined variable: list C:\phpstudy\WWW\tp\qidian\Application\Runtime\Cache\Admin\c6b563eb3db7e185c095986d75e59a9c.php 第 84 行.
NOTIC: [8] Undefined variable: list C:\phpstudy\WWW\tp\qidian\Application\Runtime\Cache\Admin\c6b563eb3db7e185c095986d75e59a9c.php 第 88 行.
NOTIC: [8] Undefined variable: list C:\phpstudy\WWW\tp\qidian\Application\Runtime\Cache\Admin\c6b563eb3db7e185c095986d75e59a9c.php 第 92 行.
NOTIC: [8] Undefined variable: list C:\phpstudy\WWW\tp\qidian\Application\Runtime\Cache\Admin\c6b563eb3db7e185c095986d75e59a9c.php 第 96 行.
NOTIC: [8] Undefined variable: list C:\phpstudy\WWW\tp\qidian\Application\Runtime\Cache\Admin\c6b563eb3db7e185c095986d75e59a9c.php 第 100 行.
INFO: Run Behavior\ParseTemplateBehavior [ RunTime:0.005000s ]
INFO: [ view_parse ] --END-- [ RunTime:0.005000s ]
INFO: [ view_filter ] --START--
INFO: Run Behavior\WriteHtmlCacheBehavior [ RunTime:0.001000s ]
INFO: [ view_filter ] --END-- [ RunTime:0.001000s ]
INFO: [ app_end ] --START--
INFO: Run Behavior\ShowPageTraceBehavior [ RunTime:0.000000s ]
INFO: [ app_end ] --END-- [ RunTime:0.000000s ]

[ 2016-11-11T09:07:23+08:00 ] 127.0.0.1 /admin.php/News/edit1
INFO: [ app_init ] --START--
INFO: Run Behavior\BuildLiteBehavior [ RunTime:0.000000s ]
INFO: [ app_init ] --END-- [ RunTime:0.000000s ]
INFO: [ app_begin ] --START--
INFO: Run Behavior\ReadHtmlCacheBehavior [ RunTime:0.000000s ]
INFO: [ app_begin ] --END-- [ RunTime:0.000000s ]
NOTIC: [8] Undefined index: id C:\phpstudy\WWW\tp\qidian\Application\Admin\Controller\NewsController.class.php 第 57 行.
SQL: SHOW COLUMNS FROM `qd_items` [ RunTime:0.0040s ]
SQL: SELECT * FROM `qd_items` WHERE ( pid=0 )  [ RunTime:0.0010s ]
SQL: SELECT * FROM `qd_items` WHERE ( pid=1 )  [ RunTime:0.0000s ]
SQL: SELECT * FROM `qd_items` WHERE ( pid=2 )  [ RunTime:0.0010s ]
SQL: SELECT * FROM `qd_items` WHERE ( pid=3 )  [ RunTime:0.0000s ]
INFO: [ view_parse ] --START--
INFO: [ template_filter ] --START--
INFO: Run Behavior\ContentReplaceBehavior [ RunTime:0.000000s ]
INFO: [ template_filter ] --END-- [ RunTime:0.000000s ]
NOTIC: [8] Undefined variable: list C:\phpstudy\WWW\tp\qidian\Application\Runtime\Cache\Admin\3f821e06dd1fb3587f162d3cf65b0c7f.php 第 63 行.
NOTIC: [8] Undefined variable: list C:\phpstudy\WWW\tp\qidian\Application\Runtime\Cache\Admin\3f821e06dd1fb3587f162d3cf65b0c7f.php 第 71 行.
NOTIC: [8] Undefined variable: list C:\phpstudy\WWW\tp\qidian\Application\Runtime\Cache\Admin\3f821e06dd1fb3587f162d3cf65b0c7f.php 第 71 行.
NOTIC: [8] Undefined variable: list C:\phpstudy\WWW\tp\qidian\Application\Runtime\Cache\Admin\3f821e06dd1fb3587f162d3cf65b0c7f.php 第 71 行.
NOTIC: [8] Undefined variable: list C:\phpstudy\WWW\tp\qidian\Application\Runtime\Cache\Admin\3f821e06dd1fb3587f162d3cf65b0c7f.php 第 77 行.
NOTIC: [8] Undefined variable: list C:\phpstudy\WWW\tp\qidian\Application\Runtime\Cache\Admin\3f821e06dd1fb3587f162d3cf65b0c7f.php 第 81 行.
NOTIC: [8] Undefined variable: list C:\phpstudy\WWW\tp\qidian\Application\Runtime\Cache\Admin\3f821e06dd1fb3587f162d3cf65b0c7f.php 第 85 行.
NOTIC: [8] Undefined variable: list C:\phpstudy\WWW\tp\qidian\Application\Runtime\Cache\Admin\3f821e06dd1fb3587f162d3cf65b0c7f.php 第 93 行.
NOTIC: [8] Undefined variable: list C:\phpstudy\WWW\tp\qidian\Application\Runtime\Cache\Admin\3f821e06dd1fb3587f162d3cf65b0c7f.php 第 100 行.
INFO: Run Behavior\ParseTemplateBehavior [ RunTime:0.006000s ]
INFO: [ view_parse ] --END-- [ RunTime:0.006000s ]
INFO: [ view_filter ] --START--
INFO: Run Behavior\WriteHtmlCacheBehavior [ RunTime:0.000000s ]
INFO: [ view_filter ] --END-- [ RunTime:0.000000s ]
INFO: [ app_end ] --START--
INFO: Run Behavior\ShowPageTraceBehavior [ RunTime:0.001000s ]
INFO: [ app_end ] --END-- [ RunTime:0.001000s ]

