[ 2016-10-26T14:02:55+08:00 ] 127.0.0.1 /admin.php
INFO: [ app_init ] --START--
INFO: Run Behavior\BuildLiteBehavior [ RunTime:0.000000s ]
INFO: [ app_init ] --END-- [ RunTime:0.001000s ]
INFO: [ app_begin ] --START--
INFO: Run Behavior\ReadHtmlCacheBehavior [ RunTime:0.001000s ]
INFO: [ app_begin ] --END-- [ RunTime:0.001000s ]
INFO: [ view_parse ] --START--
INFO: [ template_filter ] --START--
INFO: Run Behavior\ContentReplaceBehavior [ RunTime:0.000000s ]
INFO: [ template_filter ] --END-- [ RunTime:0.000000s ]
INFO: Run Behavior\ParseTemplateBehavior [ RunTime:0.005000s ]
INFO: [ view_parse ] --END-- [ RunTime:0.005000s ]
INFO: [ view_filter ] --START--
INFO: Run Behavior\WriteHtmlCacheBehavior [ RunTime:0.001000s ]
INFO: [ view_filter ] --END-- [ RunTime:0.001000s ]
INFO: [ app_end ] --START--
INFO: Run Behavior\ShowPageTraceBehavior [ RunTime:0.001000s ]
INFO: [ app_end ] --END-- [ RunTime:0.001000s ]

[ 2016-10-26T14:03:00+08:00 ] 127.0.0.1 /admin.php/Login/login
INFO: [ app_init ] --START--
INFO: Run Behavior\BuildLiteBehavior [ RunTime:0.000000s ]
INFO: [ app_init ] --END-- [ RunTime:0.000000s ]
INFO: [ app_begin ] --START--
INFO: Run Behavior\ReadHtmlCacheBehavior [ RunTime:0.001000s ]
INFO: [ app_begin ] --END-- [ RunTime:0.001000s ]
SQL: SHOW COLUMNS FROM `qd_users` [ RunTime:0.0000s ]
SQL: SELECT * FROM `qd_users` WHERE `account` = 'admin' AND `password` = 'e10adc3949ba59abbe56e057f20f883e' LIMIT 1   [ RunTime:0.0000s ]
SQL: UPDATE `qd_users` SET `last_login`='2016-10-26 14:03:00',`ip`='127.0.0.1' WHERE ( id=1 ) [ RunTime:0.0000s ]

[ 2016-10-26T14:03:00+08:00 ] 127.0.0.1 /admin.php/Login/loginIn
INFO: [ app_init ] --START--
INFO: Run Behavior\BuildLiteBehavior [ RunTime:0.000000s ]
INFO: [ app_init ] --END-- [ RunTime:0.000000s ]
INFO: [ app_begin ] --START--
INFO: Run Behavior\ReadHtmlCacheBehavior [ RunTime:0.000000s ]
INFO: [ app_begin ] --END-- [ RunTime:0.000000s ]

[ 2016-10-26T14:03:00+08:00 ] 127.0.0.1 /admin.php/Info/index.html
INFO: [ app_init ] --START--
INFO: Run Behavior\BuildLiteBehavior [ RunTime:0.000000s ]
INFO: [ app_init ] --END-- [ RunTime:0.000000s ]
INFO: [ app_begin ] --START--
INFO: Run Behavior\ReadHtmlCacheBehavior [ RunTime:0.000000s ]
INFO: [ app_begin ] --END-- [ RunTime:0.000000s ]
INFO: [ view_parse ] --START--
INFO: [ template_filter ] --START--
INFO: Run Behavior\ContentReplaceBehavior [ RunTime:0.000000s ]
INFO: [ template_filter ] --END-- [ RunTime:0.000000s ]
INFO: Run Behavior\ParseTemplateBehavior [ RunTime:0.000000s ]
INFO: [ view_parse ] --END-- [ RunTime:0.000000s ]
INFO: [ view_filter ] --START--
INFO: Run Behavior\WriteHtmlCacheBehavior [ RunTime:0.000000s ]
INFO: [ view_filter ] --END-- [ RunTime:0.000000s ]
INFO: [ app_end ] --START--
INFO: Run Behavior\ShowPageTraceBehavior [ RunTime:0.000000s ]
INFO: [ app_end ] --END-- [ RunTime:0.000000s ]

[ 2016-10-26T14:03:00+08:00 ] 127.0.0.1 /admin.php/Base/left
INFO: [ app_init ] --START--
INFO: Run Behavior\BuildLiteBehavior [ RunTime:0.000000s ]
INFO: [ app_init ] --END-- [ RunTime:0.000000s ]
INFO: [ app_begin ] --START--
INFO: Run Behavior\ReadHtmlCacheBehavior [ RunTime:0.000000s ]
INFO: [ app_begin ] --END-- [ RunTime:0.000000s ]
INFO: [ view_parse ] --START--
INFO: [ template_filter ] --START--
INFO: Run Behavior\ContentReplaceBehavior [ RunTime:0.000000s ]
INFO: [ template_filter ] --END-- [ RunTime:0.000000s ]
INFO: Run Behavior\ParseTemplateBehavior [ RunTime:0.008000s ]
INFO: [ view_parse ] --END-- [ RunTime:0.008000s ]
INFO: [ view_filter ] --START--
INFO: Run Behavior\WriteHtmlCacheBehavior [ RunTime:0.000000s ]
INFO: [ view_filter ] --END-- [ RunTime:0.000000s ]
INFO: [ app_end ] --START--
INFO: Run Behavior\ShowPageTraceBehavior [ RunTime:0.000000s ]
INFO: [ app_end ] --END-- [ RunTime:0.000000s ]

[ 2016-10-26T14:03:00+08:00 ] 127.0.0.1 /admin.php/Info/index1
INFO: [ app_init ] --START--
INFO: Run Behavior\BuildLiteBehavior [ RunTime:0.000000s ]
INFO: [ app_init ] --END-- [ RunTime:0.000000s ]
INFO: [ app_begin ] --START--
INFO: Run Behavior\ReadHtmlCacheBehavior [ RunTime:0.000000s ]
INFO: [ app_begin ] --END-- [ RunTime:0.000000s ]
INFO: [ view_parse ] --START--
INFO: [ template_filter ] --START--
INFO: Run Behavior\ContentReplaceBehavior [ RunTime:0.000000s ]
INFO: [ template_filter ] --END-- [ RunTime:0.000000s ]
INFO: Run Behavior\ParseTemplateBehavior [ RunTime:0.006000s ]
INFO: [ view_parse ] --END-- [ RunTime:0.006000s ]
INFO: [ view_filter ] --START--
INFO: Run Behavior\WriteHtmlCacheBehavior [ RunTime:0.000000s ]
INFO: [ view_filter ] --END-- [ RunTime:0.000000s ]
INFO: [ app_end ] --START--
INFO: Run Behavior\ShowPageTraceBehavior [ RunTime:0.001000s ]
INFO: [ app_end ] --END-- [ RunTime:0.001000s ]

[ 2016-10-26T14:03:00+08:00 ] 127.0.0.1 /admin.php/Base/head
INFO: [ app_init ] --START--
INFO: Run Behavior\BuildLiteBehavior [ RunTime:0.000000s ]
INFO: [ app_init ] --END-- [ RunTime:0.000000s ]
INFO: [ app_begin ] --START--
INFO: Run Behavior\ReadHtmlCacheBehavior [ RunTime:0.000000s ]
INFO: [ app_begin ] --END-- [ RunTime:0.000000s ]
INFO: [ view_parse ] --START--
INFO: [ template_filter ] --START--
INFO: Run Behavior\ContentReplaceBehavior [ RunTime:0.000000s ]
INFO: [ template_filter ] --END-- [ RunTime:0.000000s ]
INFO: Run Behavior\ParseTemplateBehavior [ RunTime:0.005000s ]
INFO: [ view_parse ] --END-- [ RunTime:0.005000s ]
INFO: [ view_filter ] --START--
INFO: Run Behavior\WriteHtmlCacheBehavior [ RunTime:0.000000s ]
INFO: [ view_filter ] --END-- [ RunTime:0.000000s ]
INFO: [ app_end ] --START--
INFO: Run Behavior\ShowPageTraceBehavior [ RunTime:0.001000s ]
INFO: [ app_end ] --END-- [ RunTime:0.001000s ]

[ 2016-10-26T14:03:10+08:00 ] 127.0.0.1 /admin.php/Users
INFO: [ app_init ] --START--
INFO: Run Behavior\BuildLiteBehavior [ RunTime:0.000000s ]
INFO: [ app_init ] --END-- [ RunTime:0.000000s ]
INFO: [ app_begin ] --START--
INFO: Run Behavior\ReadHtmlCacheBehavior [ RunTime:0.000000s ]
INFO: [ app_begin ] --END-- [ RunTime:0.000000s ]
NOTIC: [8] Undefined index: search C:\phpstudy\WWW\tp\qidian\Application\Admin\Controller\UsersController.class.php 第 18 行.
NOTIC: [8] Undefined variable: where C:\phpstudy\WWW\tp\qidian\Application\Admin\Controller\UsersController.class.php 第 21 行.
SQL: SHOW COLUMNS FROM `qd_users` [ RunTime:0.0050s ]
SQL: SELECT COUNT(*) AS tp_count FROM `qd_users` LIMIT 1   [ RunTime:0.0000s ]
NOTIC: [8] Undefined variable: where C:\phpstudy\WWW\tp\qidian\Application\Admin\Controller\UsersController.class.php 第 34 行.
SQL: SELECT * FROM `qd_users` LIMIT 0,20   [ RunTime:0.0000s ]
INFO: [ view_parse ] --START--
INFO: [ template_filter ] --START--
INFO: Run Behavior\ContentReplaceBehavior [ RunTime:0.000000s ]
INFO: [ template_filter ] --END-- [ RunTime:0.000000s ]
INFO: Run Behavior\ParseTemplateBehavior [ RunTime:0.006000s ]
INFO: [ view_parse ] --END-- [ RunTime:0.006000s ]
INFO: [ view_filter ] --START--
INFO: Run Behavior\WriteHtmlCacheBehavior [ RunTime:0.000000s ]
INFO: [ view_filter ] --END-- [ RunTime:0.000000s ]
INFO: [ app_end ] --START--
INFO: Run Behavior\ShowPageTraceBehavior [ RunTime:0.001000s ]
INFO: [ app_end ] --END-- [ RunTime:0.001000s ]

[ 2016-10-26T14:03:14+08:00 ] 127.0.0.1 /admin.php/Users/edit
INFO: [ app_init ] --START--
INFO: Run Behavior\BuildLiteBehavior [ RunTime:0.000000s ]
INFO: [ app_init ] --END-- [ RunTime:0.000000s ]
INFO: [ app_begin ] --START--
INFO: Run Behavior\ReadHtmlCacheBehavior [ RunTime:0.000000s ]
INFO: [ app_begin ] --END-- [ RunTime:0.000000s ]
NOTIC: [8] Undefined index: id C:\phpstudy\WWW\tp\qidian\Application\Admin\Controller\UsersController.class.php 第 41 行.
INFO: [ view_parse ] --START--
INFO: [ template_filter ] --START--
INFO: Run Behavior\ContentReplaceBehavior [ RunTime:0.000000s ]
INFO: [ template_filter ] --END-- [ RunTime:0.000000s ]
NOTIC: [8] Undefined variable: list C:\phpstudy\WWW\tp\qidian\Application\Runtime\Cache\Admin\249bcbe5e74899d6fe13be1c7dcad2ff.php 第 50 行.
NOTIC: [8] Undefined variable: list C:\phpstudy\WWW\tp\qidian\Application\Runtime\Cache\Admin\249bcbe5e74899d6fe13be1c7dcad2ff.php 第 50 行.
NOTIC: [8] Undefined variable: list C:\phpstudy\WWW\tp\qidian\Application\Runtime\Cache\Admin\249bcbe5e74899d6fe13be1c7dcad2ff.php 第 55 行.
NOTIC: [8] Undefined variable: list C:\phpstudy\WWW\tp\qidian\Application\Runtime\Cache\Admin\249bcbe5e74899d6fe13be1c7dcad2ff.php 第 59 行.
INFO: Run Behavior\ParseTemplateBehavior [ RunTime:0.000000s ]
INFO: [ view_parse ] --END-- [ RunTime:0.000000s ]
INFO: [ view_filter ] --START--
INFO: Run Behavior\WriteHtmlCacheBehavior [ RunTime:0.000000s ]
INFO: [ view_filter ] --END-- [ RunTime:0.000000s ]
INFO: [ app_end ] --START--
INFO: Run Behavior\ShowPageTraceBehavior [ RunTime:0.000000s ]
INFO: [ app_end ] --END-- [ RunTime:0.000000s ]

[ 2016-10-26T14:03:16+08:00 ] 127.0.0.1 /admin.php/Users
INFO: [ app_init ] --START--
INFO: Run Behavior\BuildLiteBehavior [ RunTime:0.000000s ]
INFO: [ app_init ] --END-- [ RunTime:0.000000s ]
INFO: [ app_begin ] --START--
INFO: Run Behavior\ReadHtmlCacheBehavior [ RunTime:0.000000s ]
INFO: [ app_begin ] --END-- [ RunTime:0.001000s ]
NOTIC: [8] Undefined index: search C:\phpstudy\WWW\tp\qidian\Application\Admin\Controller\UsersController.class.php 第 18 行.
NOTIC: [8] Undefined variable: where C:\phpstudy\WWW\tp\qidian\Application\Admin\Controller\UsersController.class.php 第 21 行.
SQL: SHOW COLUMNS FROM `qd_users` [ RunTime:0.0020s ]
SQL: SELECT COUNT(*) AS tp_count FROM `qd_users` LIMIT 1   [ RunTime:0.0010s ]
NOTIC: [8] Undefined variable: where C:\phpstudy\WWW\tp\qidian\Application\Admin\Controller\UsersController.class.php 第 34 行.
SQL: SELECT * FROM `qd_users` LIMIT 0,20   [ RunTime:0.0010s ]
INFO: [ view_parse ] --START--
INFO: [ template_filter ] --START--
INFO: Run Behavior\ContentReplaceBehavior [ RunTime:0.000000s ]
INFO: [ template_filter ] --END-- [ RunTime:0.000000s ]
INFO: Run Behavior\ParseTemplateBehavior [ RunTime:0.005000s ]
INFO: [ view_parse ] --END-- [ RunTime:0.005000s ]
INFO: [ view_filter ] --START--
INFO: Run Behavior\WriteHtmlCacheBehavior [ RunTime:0.000000s ]
INFO: [ view_filter ] --END-- [ RunTime:0.000000s ]
INFO: [ app_end ] --START--
INFO: Run Behavior\ShowPageTraceBehavior [ RunTime:0.000000s ]
INFO: [ app_end ] --END-- [ RunTime:0.000000s ]

[ 2016-10-26T14:03:17+08:00 ] 127.0.0.1 /admin.php/Users/edit
INFO: [ app_init ] --START--
INFO: Run Behavior\BuildLiteBehavior [ RunTime:0.000000s ]
INFO: [ app_init ] --END-- [ RunTime:0.001000s ]
INFO: [ app_begin ] --START--
INFO: Run Behavior\ReadHtmlCacheBehavior [ RunTime:0.001000s ]
INFO: [ app_begin ] --END-- [ RunTime:0.001000s ]
NOTIC: [8] Undefined index: id C:\phpstudy\WWW\tp\qidian\Application\Admin\Controller\UsersController.class.php 第 41 行.
INFO: [ view_parse ] --START--
INFO: [ template_filter ] --START--
INFO: Run Behavior\ContentReplaceBehavior [ RunTime:0.000000s ]
INFO: [ template_filter ] --END-- [ RunTime:0.000000s ]
NOTIC: [8] Undefined variable: list C:\phpstudy\WWW\tp\qidian\Application\Runtime\Cache\Admin\249bcbe5e74899d6fe13be1c7dcad2ff.php 第 50 行.
NOTIC: [8] Undefined variable: list C:\phpstudy\WWW\tp\qidian\Application\Runtime\Cache\Admin\249bcbe5e74899d6fe13be1c7dcad2ff.php 第 50 行.
NOTIC: [8] Undefined variable: list C:\phpstudy\WWW\tp\qidian\Application\Runtime\Cache\Admin\249bcbe5e74899d6fe13be1c7dcad2ff.php 第 55 行.
NOTIC: [8] Undefined variable: list C:\phpstudy\WWW\tp\qidian\Application\Runtime\Cache\Admin\249bcbe5e74899d6fe13be1c7dcad2ff.php 第 59 行.
INFO: Run Behavior\ParseTemplateBehavior [ RunTime:0.006000s ]
INFO: [ view_parse ] --END-- [ RunTime:0.006000s ]
INFO: [ view_filter ] --START--
INFO: Run Behavior\WriteHtmlCacheBehavior [ RunTime:0.000000s ]
INFO: [ view_filter ] --END-- [ RunTime:0.000000s ]
INFO: [ app_end ] --START--
INFO: Run Behavior\ShowPageTraceBehavior [ RunTime:0.001000s ]
INFO: [ app_end ] --END-- [ RunTime:0.001000s ]

[ 2016-10-26T14:03:19+08:00 ] 127.0.0.1 /admin.php/Users
INFO: [ app_init ] --START--
INFO: Run Behavior\BuildLiteBehavior [ RunTime:0.001000s ]
INFO: [ app_init ] --END-- [ RunTime:0.001000s ]
INFO: [ app_begin ] --START--
INFO: Run Behavior\ReadHtmlCacheBehavior [ RunTime:0.001000s ]
INFO: [ app_begin ] --END-- [ RunTime:0.001000s ]
NOTIC: [8] Undefined index: search C:\phpstudy\WWW\tp\qidian\Application\Admin\Controller\UsersController.class.php 第 18 行.
NOTIC: [8] Undefined variable: where C:\phpstudy\WWW\tp\qidian\Application\Admin\Controller\UsersController.class.php 第 21 行.
SQL: SHOW COLUMNS FROM `qd_users` [ RunTime:0.0020s ]
SQL: SELECT COUNT(*) AS tp_count FROM `qd_users` LIMIT 1   [ RunTime:0.0000s ]
NOTIC: [8] Undefined variable: where C:\phpstudy\WWW\tp\qidian\Application\Admin\Controller\UsersController.class.php 第 34 行.
SQL: SELECT * FROM `qd_users` LIMIT 0,20   [ RunTime:0.0000s ]
INFO: [ view_parse ] --START--
INFO: [ template_filter ] --START--
INFO: Run Behavior\ContentReplaceBehavior [ RunTime:0.000000s ]
INFO: [ template_filter ] --END-- [ RunTime:0.000000s ]
INFO: Run Behavior\ParseTemplateBehavior [ RunTime:0.005000s ]
INFO: [ view_parse ] --END-- [ RunTime:0.005000s ]
INFO: [ view_filter ] --START--
INFO: Run Behavior\WriteHtmlCacheBehavior [ RunTime:0.000000s ]
INFO: [ view_filter ] --END-- [ RunTime:0.000000s ]
INFO: [ app_end ] --START--
INFO: Run Behavior\ShowPageTraceBehavior [ RunTime:0.001000s ]
INFO: [ app_end ] --END-- [ RunTime:0.001000s ]

[ 2016-10-26T14:03:21+08:00 ] 127.0.0.1 /admin.php/Users/edit/id/1
INFO: [ app_init ] --START--
INFO: Run Behavior\BuildLiteBehavior [ RunTime:0.000000s ]
INFO: [ app_init ] --END-- [ RunTime:0.000000s ]
INFO: [ app_begin ] --START--
INFO: Run Behavior\ReadHtmlCacheBehavior [ RunTime:0.000000s ]
INFO: [ app_begin ] --END-- [ RunTime:0.000000s ]
SQL: SHOW COLUMNS FROM `qd_users` [ RunTime:0.0020s ]
SQL: SELECT * FROM `qd_users` WHERE ( id=1 ) LIMIT 1   [ RunTime:0.0000s ]
INFO: [ view_parse ] --START--
INFO: [ template_filter ] --START--
INFO: Run Behavior\ContentReplaceBehavior [ RunTime:0.000000s ]
INFO: [ template_filter ] --END-- [ RunTime:0.000000s ]
INFO: Run Behavior\ParseTemplateBehavior [ RunTime:0.005000s ]
INFO: [ view_parse ] --END-- [ RunTime:0.005000s ]
INFO: [ view_filter ] --START--
INFO: Run Behavior\WriteHtmlCacheBehavior [ RunTime:0.000000s ]
INFO: [ view_filter ] --END-- [ RunTime:0.000000s ]
INFO: [ app_end ] --START--
INFO: Run Behavior\ShowPageTraceBehavior [ RunTime:0.001000s ]
INFO: [ app_end ] --END-- [ RunTime:0.001000s ]

[ 2016-10-26T14:03:23+08:00 ] 127.0.0.1 /admin.php/Users
INFO: [ app_init ] --START--
INFO: Run Behavior\BuildLiteBehavior [ RunTime:0.000000s ]
INFO: [ app_init ] --END-- [ RunTime:0.000000s ]
INFO: [ app_begin ] --START--
INFO: Run Behavior\ReadHtmlCacheBehavior [ RunTime:0.001000s ]
INFO: [ app_begin ] --END-- [ RunTime:0.001000s ]
NOTIC: [8] Undefined index: search C:\phpstudy\WWW\tp\qidian\Application\Admin\Controller\UsersController.class.php 第 18 行.
NOTIC: [8] Undefined variable: where C:\phpstudy\WWW\tp\qidian\Application\Admin\Controller\UsersController.class.php 第 21 行.
SQL: SHOW COLUMNS FROM `qd_users` [ RunTime:0.0040s ]
SQL: SELECT COUNT(*) AS tp_count FROM `qd_users` LIMIT 1   [ RunTime:0.0010s ]
NOTIC: [8] Undefined variable: where C:\phpstudy\WWW\tp\qidian\Application\Admin\Controller\UsersController.class.php 第 34 行.
SQL: SELECT * FROM `qd_users` LIMIT 0,20   [ RunTime:0.0000s ]
INFO: [ view_parse ] --START--
INFO: [ template_filter ] --START--
INFO: Run Behavior\ContentReplaceBehavior [ RunTime:0.000000s ]
INFO: [ template_filter ] --END-- [ RunTime:0.001000s ]
INFO: Run Behavior\ParseTemplateBehavior [ RunTime:0.005000s ]
INFO: [ view_parse ] --END-- [ RunTime:0.005000s ]
INFO: [ view_filter ] --START--
INFO: Run Behavior\WriteHtmlCacheBehavior [ RunTime:0.000000s ]
INFO: [ view_filter ] --END-- [ RunTime:0.000000s ]
INFO: [ app_end ] --START--
INFO: Run Behavior\ShowPageTraceBehavior [ RunTime:0.000000s ]
INFO: [ app_end ] --END-- [ RunTime:0.000000s ]

[ 2016-10-26T14:03:31+08:00 ] 127.0.0.1 /admin.php/Users/edit/id/1
INFO: [ app_init ] --START--
INFO: Run Behavior\BuildLiteBehavior [ RunTime:0.000000s ]
INFO: [ app_init ] --END-- [ RunTime:0.001000s ]
INFO: [ app_begin ] --START--
INFO: Run Behavior\ReadHtmlCacheBehavior [ RunTime:0.001000s ]
INFO: [ app_begin ] --END-- [ RunTime:0.001000s ]
SQL: SHOW COLUMNS FROM `qd_users` [ RunTime:0.0030s ]
SQL: SELECT * FROM `qd_users` WHERE ( id=1 ) LIMIT 1   [ RunTime:0.0010s ]
INFO: [ view_parse ] --START--
INFO: [ template_filter ] --START--
INFO: Run Behavior\ContentReplaceBehavior [ RunTime:0.001000s ]
INFO: [ template_filter ] --END-- [ RunTime:0.001000s ]
INFO: Run Behavior\ParseTemplateBehavior [ RunTime:0.005000s ]
INFO: [ view_parse ] --END-- [ RunTime:0.005000s ]
INFO: [ view_filter ] --START--
INFO: Run Behavior\WriteHtmlCacheBehavior [ RunTime:0.000000s ]
INFO: [ view_filter ] --END-- [ RunTime:0.000000s ]
INFO: [ app_end ] --START--
INFO: Run Behavior\ShowPageTraceBehavior [ RunTime:0.001000s ]
INFO: [ app_end ] --END-- [ RunTime:0.001000s ]

[ 2016-10-26T14:04:01+08:00 ] 127.0.0.1 /admin.php/Users/edit
INFO: [ app_init ] --START--
INFO: Run Behavior\BuildLiteBehavior [ RunTime:0.000000s ]
INFO: [ app_init ] --END-- [ RunTime:0.000000s ]
INFO: [ app_begin ] --START--
INFO: Run Behavior\ReadHtmlCacheBehavior [ RunTime:0.001000s ]
INFO: [ app_begin ] --END-- [ RunTime:0.001000s ]
NOTIC: [8] Undefined index: id C:\phpstudy\WWW\tp\qidian\Application\Admin\Controller\UsersController.class.php 第 41 行.
INFO: [ view_parse ] --START--
INFO: [ template_filter ] --START--
INFO: Run Behavior\ContentReplaceBehavior [ RunTime:0.000000s ]
INFO: [ template_filter ] --END-- [ RunTime:0.001000s ]
NOTIC: [8] Undefined variable: list C:\phpstudy\WWW\tp\qidian\Application\Runtime\Cache\Admin\249bcbe5e74899d6fe13be1c7dcad2ff.php 第 50 行.
NOTIC: [8] Undefined variable: list C:\phpstudy\WWW\tp\qidian\Application\Runtime\Cache\Admin\249bcbe5e74899d6fe13be1c7dcad2ff.php 第 50 行.
NOTIC: [8] Undefined variable: list C:\phpstudy\WWW\tp\qidian\Application\Runtime\Cache\Admin\249bcbe5e74899d6fe13be1c7dcad2ff.php 第 55 行.
NOTIC: [8] Undefined variable: list C:\phpstudy\WWW\tp\qidian\Application\Runtime\Cache\Admin\249bcbe5e74899d6fe13be1c7dcad2ff.php 第 59 行.
INFO: Run Behavior\ParseTemplateBehavior [ RunTime:0.004000s ]
INFO: [ view_parse ] --END-- [ RunTime:0.004000s ]
INFO: [ view_filter ] --START--
INFO: Run Behavior\WriteHtmlCacheBehavior [ RunTime:0.001000s ]
INFO: [ view_filter ] --END-- [ RunTime:0.001000s ]
INFO: [ app_end ] --START--
INFO: Run Behavior\ShowPageTraceBehavior [ RunTime:0.000000s ]
INFO: [ app_end ] --END-- [ RunTime:0.000000s ]

[ 2016-10-26T14:04:02+08:00 ] 127.0.0.1 /admin.php/Users
INFO: [ app_init ] --START--
INFO: Run Behavior\BuildLiteBehavior [ RunTime:0.000000s ]
INFO: [ app_init ] --END-- [ RunTime:0.000000s ]
INFO: [ app_begin ] --START--
INFO: Run Behavior\ReadHtmlCacheBehavior [ RunTime:0.000000s ]
INFO: [ app_begin ] --END-- [ RunTime:0.000000s ]
NOTIC: [8] Undefined index: search C:\phpstudy\WWW\tp\qidian\Application\Admin\Controller\UsersController.class.php 第 18 行.
NOTIC: [8] Undefined variable: where C:\phpstudy\WWW\tp\qidian\Application\Admin\Controller\UsersController.class.php 第 21 行.
SQL: SHOW COLUMNS FROM `qd_users` [ RunTime:0.0030s ]
SQL: SELECT COUNT(*) AS tp_count FROM `qd_users` LIMIT 1   [ RunTime:0.0000s ]
NOTIC: [8] Undefined variable: where C:\phpstudy\WWW\tp\qidian\Application\Admin\Controller\UsersController.class.php 第 34 行.
SQL: SELECT * FROM `qd_users` LIMIT 0,20   [ RunTime:0.0010s ]
INFO: [ view_parse ] --START--
INFO: [ template_filter ] --START--
INFO: Run Behavior\ContentReplaceBehavior [ RunTime:0.000000s ]
INFO: [ template_filter ] --END-- [ RunTime:0.000000s ]
INFO: Run Behavior\ParseTemplateBehavior [ RunTime:0.004000s ]
INFO: [ view_parse ] --END-- [ RunTime:0.004000s ]
INFO: [ view_filter ] --START--
INFO: Run Behavior\WriteHtmlCacheBehavior [ RunTime:0.000000s ]
INFO: [ view_filter ] --END-- [ RunTime:0.000000s ]
INFO: [ app_end ] --START--
INFO: Run Behavior\ShowPageTraceBehavior [ RunTime:0.000000s ]
INFO: [ app_end ] --END-- [ RunTime:0.000000s ]

[ 2016-10-26T14:04:03+08:00 ] 127.0.0.1 /admin.php/Users/edit
INFO: [ app_init ] --START--
INFO: Run Behavior\BuildLiteBehavior [ RunTime:0.000000s ]
INFO: [ app_init ] --END-- [ RunTime:0.000000s ]
INFO: [ app_begin ] --START--
INFO: Run Behavior\ReadHtmlCacheBehavior [ RunTime:0.000000s ]
INFO: [ app_begin ] --END-- [ RunTime:0.000000s ]
NOTIC: [8] Undefined index: id C:\phpstudy\WWW\tp\qidian\Application\Admin\Controller\UsersController.class.php 第 41 行.
INFO: [ view_parse ] --START--
INFO: [ template_filter ] --START--
INFO: Run Behavior\ContentReplaceBehavior [ RunTime:0.000000s ]
INFO: [ template_filter ] --END-- [ RunTime:0.000000s ]
NOTIC: [8] Undefined variable: list C:\phpstudy\WWW\tp\qidian\Application\Runtime\Cache\Admin\249bcbe5e74899d6fe13be1c7dcad2ff.php 第 50 行.
NOTIC: [8] Undefined variable: list C:\phpstudy\WWW\tp\qidian\Application\Runtime\Cache\Admin\249bcbe5e74899d6fe13be1c7dcad2ff.php 第 50 行.
NOTIC: [8] Undefined variable: list C:\phpstudy\WWW\tp\qidian\Application\Runtime\Cache\Admin\249bcbe5e74899d6fe13be1c7dcad2ff.php 第 55 行.
NOTIC: [8] Undefined variable: list C:\phpstudy\WWW\tp\qidian\Application\Runtime\Cache\Admin\249bcbe5e74899d6fe13be1c7dcad2ff.php 第 59 行.
INFO: Run Behavior\ParseTemplateBehavior [ RunTime:0.008000s ]
INFO: [ view_parse ] --END-- [ RunTime:0.008000s ]
INFO: [ view_filter ] --START--
INFO: Run Behavior\WriteHtmlCacheBehavior [ RunTime:0.000000s ]
INFO: [ view_filter ] --END-- [ RunTime:0.000000s ]
INFO: [ app_end ] --START--
INFO: Run Behavior\ShowPageTraceBehavior [ RunTime:0.001000s ]
INFO: [ app_end ] --END-- [ RunTime:0.001000s ]

[ 2016-10-26T14:04:08+08:00 ] 127.0.0.1 /admin.php/Items
INFO: [ app_init ] --START--
INFO: Run Behavior\BuildLiteBehavior [ RunTime:0.000000s ]
INFO: [ app_init ] --END-- [ RunTime:0.000000s ]
INFO: [ app_begin ] --START--
INFO: Run Behavior\ReadHtmlCacheBehavior [ RunTime:0.000000s ]
INFO: [ app_begin ] --END-- [ RunTime:0.000000s ]
NOTIC: [8] Undefined index: search C:\phpstudy\WWW\tp\qidian\Application\Admin\Controller\ItemsController.class.php 第 13 行.
NOTIC: [8] Undefined variable: where C:\phpstudy\WWW\tp\qidian\Application\Admin\Controller\ItemsController.class.php 第 16 行.
SQL: SHOW COLUMNS FROM `qd_items` [ RunTime:0.0030s ]
SQL: SELECT COUNT(*) AS tp_count FROM `qd_items` LIMIT 1   [ RunTime:0.0000s ]
SQL: SELECT * FROM `qd_items` WHERE ( pid=0 )  [ RunTime:0.0000s ]
SQL: SELECT * FROM `qd_items` WHERE ( pid=1 )  [ RunTime:0.0010s ]
SQL: SELECT * FROM `qd_items` WHERE ( pid=4 )  [ RunTime:0.0000s ]
SQL: SELECT * FROM `qd_items` WHERE ( pid=6 )  [ RunTime:0.0000s ]
SQL: SELECT * FROM `qd_items` WHERE ( pid=5 )  [ RunTime:0.0000s ]
SQL: SELECT * FROM `qd_items` WHERE ( pid=8 )  [ RunTime:0.0000s ]
SQL: SELECT * FROM `qd_items` WHERE ( pid=9 )  [ RunTime:0.0000s ]
SQL: SELECT * FROM `qd_items` WHERE ( pid=10 )  [ RunTime:0.0000s ]
SQL: SELECT * FROM `qd_items` WHERE ( id=1 ) LIMIT 1   [ RunTime:0.0010s ]
SQL: SELECT * FROM `qd_items` WHERE ( id=1 ) LIMIT 1   [ RunTime:0.0000s ]
SQL: SELECT * FROM `qd_items` WHERE ( id=8 ) LIMIT 1   [ RunTime:0.0000s ]
SQL: SELECT * FROM `qd_items` WHERE ( id=9 ) LIMIT 1   [ RunTime:0.0000s ]
INFO: [ view_parse ] --START--
INFO: [ template_filter ] --START--
INFO: Run Behavior\ContentReplaceBehavior [ RunTime:0.000000s ]
INFO: [ template_filter ] --END-- [ RunTime:0.000000s ]
INFO: Run Behavior\ParseTemplateBehavior [ RunTime:0.005000s ]
INFO: [ view_parse ] --END-- [ RunTime:0.005000s ]
INFO: [ view_filter ] --START--
INFO: Run Behavior\WriteHtmlCacheBehavior [ RunTime:0.000000s ]
INFO: [ view_filter ] --END-- [ RunTime:0.000000s ]
INFO: [ app_end ] --START--
INFO: Run Behavior\ShowPageTraceBehavior [ RunTime:0.000000s ]
INFO: [ app_end ] --END-- [ RunTime:0.001000s ]

[ 2016-10-26T14:04:12+08:00 ] 127.0.0.1 /admin.php/Items/edit
INFO: [ app_init ] --START--
INFO: Run Behavior\BuildLiteBehavior [ RunTime:0.000000s ]
INFO: [ app_init ] --END-- [ RunTime:0.001000s ]
INFO: [ app_begin ] --START--
INFO: Run Behavior\ReadHtmlCacheBehavior [ RunTime:0.000000s ]
INFO: [ app_begin ] --END-- [ RunTime:0.000000s ]
NOTIC: [8] Undefined index: id C:\phpstudy\WWW\tp\qidian\Application\Admin\Controller\ItemsController.class.php 第 46 行.
SQL: SHOW COLUMNS FROM `qd_items` [ RunTime:0.0040s ]
SQL: SELECT * FROM `qd_items` WHERE ( pid=0 )  [ RunTime:0.0010s ]
SQL: SELECT * FROM `qd_items` WHERE ( pid=1 )  [ RunTime:0.0000s ]
SQL: SELECT * FROM `qd_items` WHERE ( pid=4 )  [ RunTime:0.0000s ]
SQL: SELECT * FROM `qd_items` WHERE ( pid=6 )  [ RunTime:0.0000s ]
SQL: SELECT * FROM `qd_items` WHERE ( pid=5 )  [ RunTime:0.0010s ]
SQL: SELECT * FROM `qd_items` WHERE ( pid=8 )  [ RunTime:0.0000s ]
SQL: SELECT * FROM `qd_items` WHERE ( pid=9 )  [ RunTime:0.0010s ]
SQL: SELECT * FROM `qd_items` WHERE ( pid=10 )  [ RunTime:0.0000s ]
INFO: [ view_parse ] --START--
INFO: [ template_filter ] --START--
INFO: Run Behavior\ContentReplaceBehavior [ RunTime:0.000000s ]
INFO: [ template_filter ] --END-- [ RunTime:0.000000s ]
NOTIC: [8] Undefined variable: list C:\phpstudy\WWW\tp\qidian\Application\Runtime\Cache\Admin\2de17912e750364dae0019bb790050be.php 第 50 行.
NOTIC: [8] Undefined variable: list C:\phpstudy\WWW\tp\qidian\Application\Runtime\Cache\Admin\2de17912e750364dae0019bb790050be.php 第 52 行.
NOTIC: [8] Undefined variable: list C:\phpstudy\WWW\tp\qidian\Application\Runtime\Cache\Admin\2de17912e750364dae0019bb790050be.php 第 52 行.
NOTIC: [8] Undefined variable: list C:\phpstudy\WWW\tp\qidian\Application\Runtime\Cache\Admin\2de17912e750364dae0019bb790050be.php 第 52 行.
NOTIC: [8] Undefined variable: list C:\phpstudy\WWW\tp\qidian\Application\Runtime\Cache\Admin\2de17912e750364dae0019bb790050be.php 第 52 行.
NOTIC: [8] Undefined variable: list C:\phpstudy\WWW\tp\qidian\Application\Runtime\Cache\Admin\2de17912e750364dae0019bb790050be.php 第 52 行.
NOTIC: [8] Undefined variable: list C:\phpstudy\WWW\tp\qidian\Application\Runtime\Cache\Admin\2de17912e750364dae0019bb790050be.php 第 52 行.
NOTIC: [8] Undefined variable: list C:\phpstudy\WWW\tp\qidian\Application\Runtime\Cache\Admin\2de17912e750364dae0019bb790050be.php 第 52 行.
NOTIC: [8] Undefined variable: list C:\phpstudy\WWW\tp\qidian\Application\Runtime\Cache\Admin\2de17912e750364dae0019bb790050be.php 第 58 行.
NOTIC: [8] Undefined variable: list C:\phpstudy\WWW\tp\qidian\Application\Runtime\Cache\Admin\2de17912e750364dae0019bb790050be.php 第 62 行.
INFO: Run Behavior\ParseTemplateBehavior [ RunTime:0.006000s ]
INFO: [ view_parse ] --END-- [ RunTime:0.006000s ]
INFO: [ view_filter ] --START--
INFO: Run Behavior\WriteHtmlCacheBehavior [ RunTime:0.000000s ]
INFO: [ view_filter ] --END-- [ RunTime:0.000000s ]
INFO: [ app_end ] --START--
INFO: Run Behavior\ShowPageTraceBehavior [ RunTime:0.000000s ]
INFO: [ app_end ] --END-- [ RunTime:0.000000s ]

[ 2016-10-26T14:04:13+08:00 ] 127.0.0.1 /admin.php/Items/edit
INFO: [ app_init ] --START--
INFO: Run Behavior\BuildLiteBehavior [ RunTime:0.000000s ]
INFO: [ app_init ] --END-- [ RunTime:0.001000s ]
INFO: [ app_begin ] --START--
INFO: Run Behavior\ReadHtmlCacheBehavior [ RunTime:0.001000s ]
INFO: [ app_begin ] --END-- [ RunTime:0.001000s ]
NOTIC: [8] Undefined index: id C:\phpstudy\WWW\tp\qidian\Application\Admin\Controller\ItemsController.class.php 第 46 行.
SQL: SHOW COLUMNS FROM `qd_items` [ RunTime:0.0030s ]
SQL: SELECT * FROM `qd_items` WHERE ( pid=0 )  [ RunTime:0.0010s ]
SQL: SELECT * FROM `qd_items` WHERE ( pid=1 )  [ RunTime:0.0010s ]
SQL: SELECT * FROM `qd_items` WHERE ( pid=4 )  [ RunTime:0.0000s ]
SQL: SELECT * FROM `qd_items` WHERE ( pid=6 )  [ RunTime:0.0000s ]
SQL: SELECT * FROM `qd_items` WHERE ( pid=5 )  [ RunTime:0.0000s ]
SQL: SELECT * FROM `qd_items` WHERE ( pid=8 )  [ RunTime:0.0000s ]
SQL: SELECT * FROM `qd_items` WHERE ( pid=9 )  [ RunTime:0.0000s ]
SQL: SELECT * FROM `qd_items` WHERE ( pid=10 )  [ RunTime:0.0000s ]
INFO: [ view_parse ] --START--
INFO: [ template_filter ] --START--
INFO: Run Behavior\ContentReplaceBehavior [ RunTime:0.000000s ]
INFO: [ template_filter ] --END-- [ RunTime:0.000000s ]
NOTIC: [8] Undefined variable: list C:\phpstudy\WWW\tp\qidian\Application\Runtime\Cache\Admin\2de17912e750364dae0019bb790050be.php 第 50 行.
NOTIC: [8] Undefined variable: list C:\phpstudy\WWW\tp\qidian\Application\Runtime\Cache\Admin\2de17912e750364dae0019bb790050be.php 第 52 行.
NOTIC: [8] Undefined variable: list C:\phpstudy\WWW\tp\qidian\Application\Runtime\Cache\Admin\2de17912e750364dae0019bb790050be.php 第 52 行.
NOTIC: [8] Undefined variable: list C:\phpstudy\WWW\tp\qidian\Application\Runtime\Cache\Admin\2de17912e750364dae0019bb790050be.php 第 52 行.
NOTIC: [8] Undefined variable: list C:\phpstudy\WWW\tp\qidian\Application\Runtime\Cache\Admin\2de17912e750364dae0019bb790050be.php 第 52 行.
NOTIC: [8] Undefined variable: list C:\phpstudy\WWW\tp\qidian\Application\Runtime\Cache\Admin\2de17912e750364dae0019bb790050be.php 第 52 行.
NOTIC: [8] Undefined variable: list C:\phpstudy\WWW\tp\qidian\Application\Runtime\Cache\Admin\2de17912e750364dae0019bb790050be.php 第 52 行.
NOTIC: [8] Undefined variable: list C:\phpstudy\WWW\tp\qidian\Application\Runtime\Cache\Admin\2de17912e750364dae0019bb790050be.php 第 52 行.
NOTIC: [8] Undefined variable: list C:\phpstudy\WWW\tp\qidian\Application\Runtime\Cache\Admin\2de17912e750364dae0019bb790050be.php 第 58 行.
NOTIC: [8] Undefined variable: list C:\phpstudy\WWW\tp\qidian\Application\Runtime\Cache\Admin\2de17912e750364dae0019bb790050be.php 第 62 行.
INFO: Run Behavior\ParseTemplateBehavior [ RunTime:0.006000s ]
INFO: [ view_parse ] --END-- [ RunTime:0.006000s ]
INFO: [ view_filter ] --START--
INFO: Run Behavior\WriteHtmlCacheBehavior [ RunTime:0.001000s ]
INFO: [ view_filter ] --END-- [ RunTime:0.001000s ]
INFO: [ app_end ] --START--
INFO: Run Behavior\ShowPageTraceBehavior [ RunTime:0.000000s ]
INFO: [ app_end ] --END-- [ RunTime:0.000000s ]

[ 2016-10-26T14:04:14+08:00 ] 127.0.0.1 /admin.php/Items
INFO: [ app_init ] --START--
INFO: Run Behavior\BuildLiteBehavior [ RunTime:0.000000s ]
INFO: [ app_init ] --END-- [ RunTime:0.000000s ]
INFO: [ app_begin ] --START--
INFO: Run Behavior\ReadHtmlCacheBehavior [ RunTime:0.001000s ]
INFO: [ app_begin ] --END-- [ RunTime:0.001000s ]
NOTIC: [8] Undefined index: search C:\phpstudy\WWW\tp\qidian\Application\Admin\Controller\ItemsController.class.php 第 13 行.
NOTIC: [8] Undefined variable: where C:\phpstudy\WWW\tp\qidian\Application\Admin\Controller\ItemsController.class.php 第 16 行.
SQL: SHOW COLUMNS FROM `qd_items` [ RunTime:0.0050s ]
SQL: SELECT COUNT(*) AS tp_count FROM `qd_items` LIMIT 1   [ RunTime:0.0010s ]
SQL: SELECT * FROM `qd_items` WHERE ( pid=0 )  [ RunTime:0.0000s ]
SQL: SELECT * FROM `qd_items` WHERE ( pid=1 )  [ RunTime:0.0010s ]
SQL: SELECT * FROM `qd_items` WHERE ( pid=4 )  [ RunTime:0.0000s ]
SQL: SELECT * FROM `qd_items` WHERE ( pid=6 )  [ RunTime:0.0010s ]
SQL: SELECT * FROM `qd_items` WHERE ( pid=5 )  [ RunTime:0.0000s ]
SQL: SELECT * FROM `qd_items` WHERE ( pid=8 )  [ RunTime:0.0010s ]
SQL: SELECT * FROM `qd_items` WHERE ( pid=9 )  [ RunTime:0.0000s ]
SQL: SELECT * FROM `qd_items` WHERE ( pid=10 )  [ RunTime:0.0010s ]
SQL: SELECT * FROM `qd_items` WHERE ( id=1 ) LIMIT 1   [ RunTime:0.0000s ]
SQL: SELECT * FROM `qd_items` WHERE ( id=1 ) LIMIT 1   [ RunTime:0.0000s ]
SQL: SELECT * FROM `qd_items` WHERE ( id=8 ) LIMIT 1   [ RunTime:0.0000s ]
SQL: SELECT * FROM `qd_items` WHERE ( id=9 ) LIMIT 1   [ RunTime:0.0000s ]
INFO: [ view_parse ] --START--
INFO: [ template_filter ] --START--
INFO: Run Behavior\ContentReplaceBehavior [ RunTime:0.000000s ]
INFO: [ template_filter ] --END-- [ RunTime:0.000000s ]
INFO: Run Behavior\ParseTemplateBehavior [ RunTime:0.008000s ]
INFO: [ view_parse ] --END-- [ RunTime:0.008000s ]
INFO: [ view_filter ] --START--
INFO: Run Behavior\WriteHtmlCacheBehavior [ RunTime:0.000000s ]
INFO: [ view_filter ] --END-- [ RunTime:0.000000s ]
INFO: [ app_end ] --START--
INFO: Run Behavior\ShowPageTraceBehavior [ RunTime:0.001000s ]
INFO: [ app_end ] --END-- [ RunTime:0.001000s ]

[ 2016-10-26T14:04:25+08:00 ] 127.0.0.1 /admin.php/Items/edit
INFO: [ app_init ] --START--
INFO: Run Behavior\BuildLiteBehavior [ RunTime:0.000000s ]
INFO: [ app_init ] --END-- [ RunTime:0.000000s ]
INFO: [ app_begin ] --START--
INFO: Run Behavior\ReadHtmlCacheBehavior [ RunTime:0.000000s ]
INFO: [ app_begin ] --END-- [ RunTime:0.000000s ]
NOTIC: [8] Undefined index: id C:\phpstudy\WWW\tp\qidian\Application\Admin\Controller\ItemsController.class.php 第 46 行.
SQL: SHOW COLUMNS FROM `qd_items` [ RunTime:0.0030s ]
SQL: SELECT * FROM `qd_items` WHERE ( pid=0 )  [ RunTime:0.0000s ]
SQL: SELECT * FROM `qd_items` WHERE ( pid=1 )  [ RunTime:0.0000s ]
SQL: SELECT * FROM `qd_items` WHERE ( pid=4 )  [ RunTime:0.0000s ]
SQL: SELECT * FROM `qd_items` WHERE ( pid=6 )  [ RunTime:0.0000s ]
SQL: SELECT * FROM `qd_items` WHERE ( pid=5 )  [ RunTime:0.0010s ]
SQL: SELECT * FROM `qd_items` WHERE ( pid=8 )  [ RunTime:0.0000s ]
SQL: SELECT * FROM `qd_items` WHERE ( pid=9 )  [ RunTime:0.0000s ]
SQL: SELECT * FROM `qd_items` WHERE ( pid=10 )  [ RunTime:0.0010s ]
INFO: [ view_parse ] --START--
INFO: [ template_filter ] --START--
INFO: Run Behavior\ContentReplaceBehavior [ RunTime:0.000000s ]
INFO: [ template_filter ] --END-- [ RunTime:0.000000s ]
NOTIC: [8] Undefined variable: list C:\phpstudy\WWW\tp\qidian\Application\Runtime\Cache\Admin\2de17912e750364dae0019bb790050be.php 第 50 行.
NOTIC: [8] Undefined variable: list C:\phpstudy\WWW\tp\qidian\Application\Runtime\Cache\Admin\2de17912e750364dae0019bb790050be.php 第 52 行.
NOTIC: [8] Undefined variable: list C:\phpstudy\WWW\tp\qidian\Application\Runtime\Cache\Admin\2de17912e750364dae0019bb790050be.php 第 52 行.
NOTIC: [8] Undefined variable: list C:\phpstudy\WWW\tp\qidian\Application\Runtime\Cache\Admin\2de17912e750364dae0019bb790050be.php 第 52 行.
NOTIC: [8] Undefined variable: list C:\phpstudy\WWW\tp\qidian\Application\Runtime\Cache\Admin\2de17912e750364dae0019bb790050be.php 第 52 行.
NOTIC: [8] Undefined variable: list C:\phpstudy\WWW\tp\qidian\Application\Runtime\Cache\Admin\2de17912e750364dae0019bb790050be.php 第 52 行.
NOTIC: [8] Undefined variable: list C:\phpstudy\WWW\tp\qidian\Application\Runtime\Cache\Admin\2de17912e750364dae0019bb790050be.php 第 52 行.
NOTIC: [8] Undefined variable: list C:\phpstudy\WWW\tp\qidian\Application\Runtime\Cache\Admin\2de17912e750364dae0019bb790050be.php 第 52 行.
NOTIC: [8] Undefined variable: list C:\phpstudy\WWW\tp\qidian\Application\Runtime\Cache\Admin\2de17912e750364dae0019bb790050be.php 第 58 行.
NOTIC: [8] Undefined variable: list C:\phpstudy\WWW\tp\qidian\Application\Runtime\Cache\Admin\2de17912e750364dae0019bb790050be.php 第 62 行.
INFO: Run Behavior\ParseTemplateBehavior [ RunTime:0.007000s ]
INFO: [ view_parse ] --END-- [ RunTime:0.007000s ]
INFO: [ view_filter ] --START--
INFO: Run Behavior\WriteHtmlCacheBehavior [ RunTime:0.000000s ]
INFO: [ view_filter ] --END-- [ RunTime:0.000000s ]
INFO: [ app_end ] --START--
INFO: Run Behavior\ShowPageTraceBehavior [ RunTime:0.001000s ]
INFO: [ app_end ] --END-- [ RunTime:0.001000s ]

[ 2016-10-26T14:04:40+08:00 ] 127.0.0.1 /admin.php/News
INFO: [ app_init ] --START--
INFO: Run Behavior\BuildLiteBehavior [ RunTime:0.000000s ]
INFO: [ app_init ] --END-- [ RunTime:0.000000s ]
INFO: [ app_begin ] --START--
INFO: Run Behavior\ReadHtmlCacheBehavior [ RunTime:0.000000s ]
INFO: [ app_begin ] --END-- [ RunTime:0.000000s ]
NOTIC: [8] Undefined index: search C:\phpstudy\WWW\tp\qidian\Application\Admin\Controller\NewsController.class.php 第 18 行.
NOTIC: [8] Undefined variable: where C:\phpstudy\WWW\tp\qidian\Application\Admin\Controller\NewsController.class.php 第 21 行.
SQL: SHOW COLUMNS FROM `qd_news` [ RunTime:0.0060s ]
SQL: SELECT COUNT(*) AS tp_count FROM `qd_news` LIMIT 1   [ RunTime:0.0000s ]
NOTIC: [8] Undefined variable: where C:\phpstudy\WWW\tp\qidian\Application\Admin\Controller\NewsController.class.php 第 34 行.
SQL: SELECT * FROM `qd_news` LIMIT 0,20   [ RunTime:0.0030s ]
SQL: SHOW COLUMNS FROM `qd_items` [ RunTime:0.0020s ]
SQL: SELECT * FROM `qd_items` WHERE ( id=4 ) LIMIT 1   [ RunTime:0.0010s ]
SQL: SELECT * FROM `qd_items` WHERE ( id=6 ) LIMIT 1   [ RunTime:0.0000s ]
SQL: SELECT * FROM `qd_items` WHERE ( id=6 ) LIMIT 1   [ RunTime:0.0000s ]
SQL: SELECT * FROM `qd_items` WHERE ( pid=0 )  [ RunTime:0.0000s ]
SQL: SELECT * FROM `qd_items` WHERE ( pid=1 )  [ RunTime:0.0010s ]
SQL: SELECT * FROM `qd_items` WHERE ( pid=4 )  [ RunTime:0.0000s ]
SQL: SELECT * FROM `qd_items` WHERE ( pid=6 )  [ RunTime:0.0000s ]
SQL: SELECT * FROM `qd_items` WHERE ( pid=5 )  [ RunTime:0.0000s ]
SQL: SELECT * FROM `qd_items` WHERE ( pid=8 )  [ RunTime:0.0000s ]
SQL: SELECT * FROM `qd_items` WHERE ( pid=9 )  [ RunTime:0.0000s ]
SQL: SELECT * FROM `qd_items` WHERE ( pid=10 )  [ RunTime:0.0000s ]
INFO: [ view_parse ] --START--
INFO: [ template_filter ] --START--
INFO: Run Behavior\ContentReplaceBehavior [ RunTime:0.000000s ]
INFO: [ template_filter ] --END-- [ RunTime:0.000000s ]
INFO: Run Behavior\ParseTemplateBehavior [ RunTime:0.006000s ]
INFO: [ view_parse ] --END-- [ RunTime:0.006000s ]
INFO: [ view_filter ] --START--
INFO: Run Behavior\WriteHtmlCacheBehavior [ RunTime:0.000000s ]
INFO: [ view_filter ] --END-- [ RunTime:0.000000s ]
INFO: [ app_end ] --START--
INFO: Run Behavior\ShowPageTraceBehavior [ RunTime:0.001000s ]
INFO: [ app_end ] --END-- [ RunTime:0.001000s ]

[ 2016-10-26T14:04:42+08:00 ] 127.0.0.1 /admin.php/News/edit
INFO: [ app_init ] --START--
INFO: Run Behavior\BuildLiteBehavior [ RunTime:0.000000s ]
INFO: [ app_init ] --END-- [ RunTime:0.000000s ]
INFO: [ app_begin ] --START--
INFO: Run Behavior\ReadHtmlCacheBehavior [ RunTime:0.001000s ]
INFO: [ app_begin ] --END-- [ RunTime:0.001000s ]
NOTIC: [8] Undefined index: id C:\phpstudy\WWW\tp\qidian\Application\Admin\Controller\NewsController.class.php 第 47 行.
SQL: SHOW COLUMNS FROM `qd_items` [ RunTime:0.0030s ]
SQL: SELECT * FROM `qd_items` WHERE ( pid=0 )  [ RunTime:0.0010s ]
SQL: SELECT * FROM `qd_items` WHERE ( pid=1 )  [ RunTime:0.0000s ]
SQL: SELECT * FROM `qd_items` WHERE ( pid=4 )  [ RunTime:0.0010s ]
SQL: SELECT * FROM `qd_items` WHERE ( pid=6 )  [ RunTime:0.0000s ]
SQL: SELECT * FROM `qd_items` WHERE ( pid=5 )  [ RunTime:0.0000s ]
SQL: SELECT * FROM `qd_items` WHERE ( pid=8 )  [ RunTime:0.0000s ]
SQL: SELECT * FROM `qd_items` WHERE ( pid=9 )  [ RunTime:0.0000s ]
SQL: SELECT * FROM `qd_items` WHERE ( pid=10 )  [ RunTime:0.0010s ]
INFO: [ view_parse ] --START--
INFO: [ template_filter ] --START--
INFO: Run Behavior\ContentReplaceBehavior [ RunTime:0.000000s ]
INFO: [ template_filter ] --END-- [ RunTime:0.000000s ]
NOTIC: [8] Undefined variable: list C:\phpstudy\WWW\tp\qidian\Application\Runtime\Cache\Admin\c6b563eb3db7e185c095986d75e59a9c.php 第 70 行.
NOTIC: [8] Undefined variable: list C:\phpstudy\WWW\tp\qidian\Application\Runtime\Cache\Admin\c6b563eb3db7e185c095986d75e59a9c.php 第 84 行.
NOTIC: [8] Undefined variable: list C:\phpstudy\WWW\tp\qidian\Application\Runtime\Cache\Admin\c6b563eb3db7e185c095986d75e59a9c.php 第 88 行.
NOTIC: [8] Undefined variable: list C:\phpstudy\WWW\tp\qidian\Application\Runtime\Cache\Admin\c6b563eb3db7e185c095986d75e59a9c.php 第 92 行.
NOTIC: [8] Undefined variable: list C:\phpstudy\WWW\tp\qidian\Application\Runtime\Cache\Admin\c6b563eb3db7e185c095986d75e59a9c.php 第 96 行.
NOTIC: [8] Undefined variable: list C:\phpstudy\WWW\tp\qidian\Application\Runtime\Cache\Admin\c6b563eb3db7e185c095986d75e59a9c.php 第 100 行.
INFO: Run Behavior\ParseTemplateBehavior [ RunTime:0.007000s ]
INFO: [ view_parse ] --END-- [ RunTime:0.007000s ]
INFO: [ view_filter ] --START--
INFO: Run Behavior\WriteHtmlCacheBehavior [ RunTime:0.001000s ]
INFO: [ view_filter ] --END-- [ RunTime:0.001000s ]
INFO: [ app_end ] --START--
INFO: Run Behavior\ShowPageTraceBehavior [ RunTime:0.000000s ]
INFO: [ app_end ] --END-- [ RunTime:0.000000s ]

[ 2016-10-26T14:04:43+08:00 ] 127.0.0.1 /admin.php/News/edit1
INFO: [ app_init ] --START--
INFO: Run Behavior\BuildLiteBehavior [ RunTime:0.000000s ]
INFO: [ app_init ] --END-- [ RunTime:0.000000s ]
INFO: [ app_begin ] --START--
INFO: Run Behavior\ReadHtmlCacheBehavior [ RunTime:0.000000s ]
INFO: [ app_begin ] --END-- [ RunTime:0.000000s ]
NOTIC: [8] Undefined index: id C:\phpstudy\WWW\tp\qidian\Application\Admin\Controller\NewsController.class.php 第 57 行.
SQL: SHOW COLUMNS FROM `qd_items` [ RunTime:0.0020s ]
SQL: SELECT * FROM `qd_items` WHERE ( pid=0 )  [ RunTime:0.0000s ]
SQL: SELECT * FROM `qd_items` WHERE ( pid=1 )  [ RunTime:0.0000s ]
SQL: SELECT * FROM `qd_items` WHERE ( pid=4 )  [ RunTime:0.0000s ]
SQL: SELECT * FROM `qd_items` WHERE ( pid=6 )  [ RunTime:0.0010s ]
SQL: SELECT * FROM `qd_items` WHERE ( pid=5 )  [ RunTime:0.0000s ]
SQL: SELECT * FROM `qd_items` WHERE ( pid=8 )  [ RunTime:0.0000s ]
SQL: SELECT * FROM `qd_items` WHERE ( pid=9 )  [ RunTime:0.0000s ]
SQL: SELECT * FROM `qd_items` WHERE ( pid=10 )  [ RunTime:0.0000s ]
INFO: [ view_parse ] --START--
INFO: [ template_filter ] --START--
INFO: Run Behavior\ContentReplaceBehavior [ RunTime:0.000000s ]
INFO: [ template_filter ] --END-- [ RunTime:0.000000s ]
NOTIC: [8] Undefined variable: list C:\phpstudy\WWW\tp\qidian\Application\Runtime\Cache\Admin\3f821e06dd1fb3587f162d3cf65b0c7f.php 第 63 行.
NOTIC: [8] Undefined variable: list C:\phpstudy\WWW\tp\qidian\Application\Runtime\Cache\Admin\3f821e06dd1fb3587f162d3cf65b0c7f.php 第 71 行.
NOTIC: [8] Undefined variable: list C:\phpstudy\WWW\tp\qidian\Application\Runtime\Cache\Admin\3f821e06dd1fb3587f162d3cf65b0c7f.php 第 71 行.
NOTIC: [8] Undefined variable: list C:\phpstudy\WWW\tp\qidian\Application\Runtime\Cache\Admin\3f821e06dd1fb3587f162d3cf65b0c7f.php 第 71 行.
NOTIC: [8] Undefined variable: list C:\phpstudy\WWW\tp\qidian\Application\Runtime\Cache\Admin\3f821e06dd1fb3587f162d3cf65b0c7f.php 第 71 行.
NOTIC: [8] Undefined variable: list C:\phpstudy\WWW\tp\qidian\Application\Runtime\Cache\Admin\3f821e06dd1fb3587f162d3cf65b0c7f.php 第 71 行.
NOTIC: [8] Undefined variable: list C:\phpstudy\WWW\tp\qidian\Application\Runtime\Cache\Admin\3f821e06dd1fb3587f162d3cf65b0c7f.php 第 71 行.
NOTIC: [8] Undefined variable: list C:\phpstudy\WWW\tp\qidian\Application\Runtime\Cache\Admin\3f821e06dd1fb3587f162d3cf65b0c7f.php 第 71 行.
NOTIC: [8] Undefined variable: list C:\phpstudy\WWW\tp\qidian\Application\Runtime\Cache\Admin\3f821e06dd1fb3587f162d3cf65b0c7f.php 第 77 行.
NOTIC: [8] Undefined variable: list C:\phpstudy\WWW\tp\qidian\Application\Runtime\Cache\Admin\3f821e06dd1fb3587f162d3cf65b0c7f.php 第 81 行.
NOTIC: [8] Undefined variable: list C:\phpstudy\WWW\tp\qidian\Application\Runtime\Cache\Admin\3f821e06dd1fb3587f162d3cf65b0c7f.php 第 85 行.
NOTIC: [8] Undefined variable: list C:\phpstudy\WWW\tp\qidian\Application\Runtime\Cache\Admin\3f821e06dd1fb3587f162d3cf65b0c7f.php 第 93 行.
NOTIC: [8] Undefined variable: list C:\phpstudy\WWW\tp\qidian\Application\Runtime\Cache\Admin\3f821e06dd1fb3587f162d3cf65b0c7f.php 第 100 行.
INFO: Run Behavior\ParseTemplateBehavior [ RunTime:0.005000s ]
INFO: [ view_parse ] --END-- [ RunTime:0.005000s ]
INFO: [ view_filter ] --START--
INFO: Run Behavior\WriteHtmlCacheBehavior [ RunTime:0.000000s ]
INFO: [ view_filter ] --END-- [ RunTime:0.000000s ]
INFO: [ app_end ] --START--
INFO: Run Behavior\ShowPageTraceBehavior [ RunTime:0.000000s ]
INFO: [ app_end ] --END-- [ RunTime:0.000000s ]

[ 2016-10-26T14:05:02+08:00 ] 127.0.0.1 /admin.php/News/edit1
INFO: [ app_init ] --START--
INFO: Run Behavior\BuildLiteBehavior [ RunTime:0.000000s ]
INFO: [ app_init ] --END-- [ RunTime:0.001000s ]
INFO: [ app_begin ] --START--
INFO: Run Behavior\ReadHtmlCacheBehavior [ RunTime:0.001000s ]
INFO: [ app_begin ] --END-- [ RunTime:0.001000s ]
NOTIC: [8] Undefined index: id C:\phpstudy\WWW\tp\qidian\Application\Admin\Controller\NewsController.class.php 第 57 行.
SQL: SHOW COLUMNS FROM `qd_items` [ RunTime:0.0020s ]
SQL: SELECT * FROM `qd_items` WHERE ( pid=0 )  [ RunTime:0.0000s ]
SQL: SELECT * FROM `qd_items` WHERE ( pid=1 )  [ RunTime:0.0000s ]
SQL: SELECT * FROM `qd_items` WHERE ( pid=4 )  [ RunTime:0.0000s ]
SQL: SELECT * FROM `qd_items` WHERE ( pid=6 )  [ RunTime:0.0000s ]
SQL: SELECT * FROM `qd_items` WHERE ( pid=5 )  [ RunTime:0.0000s ]
SQL: SELECT * FROM `qd_items` WHERE ( pid=8 )  [ RunTime:0.0010s ]
SQL: SELECT * FROM `qd_items` WHERE ( pid=9 )  [ RunTime:0.0000s ]
SQL: SELECT * FROM `qd_items` WHERE ( pid=10 )  [ RunTime:0.0000s ]
INFO: [ view_parse ] --START--
INFO: [ template_filter ] --START--
INFO: Run Behavior\ContentReplaceBehavior [ RunTime:0.000000s ]
INFO: [ template_filter ] --END-- [ RunTime:0.000000s ]
NOTIC: [8] Undefined variable: list C:\phpstudy\WWW\tp\qidian\Application\Runtime\Cache\Admin\3f821e06dd1fb3587f162d3cf65b0c7f.php 第 63 行.
NOTIC: [8] Undefined variable: list C:\phpstudy\WWW\tp\qidian\Application\Runtime\Cache\Admin\3f821e06dd1fb3587f162d3cf65b0c7f.php 第 71 行.
NOTIC: [8] Undefined variable: list C:\phpstudy\WWW\tp\qidian\Application\Runtime\Cache\Admin\3f821e06dd1fb3587f162d3cf65b0c7f.php 第 71 行.
NOTIC: [8] Undefined variable: list C:\phpstudy\WWW\tp\qidian\Application\Runtime\Cache\Admin\3f821e06dd1fb3587f162d3cf65b0c7f.php 第 71 行.
NOTIC: [8] Undefined variable: list C:\phpstudy\WWW\tp\qidian\Application\Runtime\Cache\Admin\3f821e06dd1fb3587f162d3cf65b0c7f.php 第 71 行.
NOTIC: [8] Undefined variable: list C:\phpstudy\WWW\tp\qidian\Application\Runtime\Cache\Admin\3f821e06dd1fb3587f162d3cf65b0c7f.php 第 71 行.
NOTIC: [8] Undefined variable: list C:\phpstudy\WWW\tp\qidian\Application\Runtime\Cache\Admin\3f821e06dd1fb3587f162d3cf65b0c7f.php 第 71 行.
NOTIC: [8] Undefined variable: list C:\phpstudy\WWW\tp\qidian\Application\Runtime\Cache\Admin\3f821e06dd1fb3587f162d3cf65b0c7f.php 第 71 行.
NOTIC: [8] Undefined variable: list C:\phpstudy\WWW\tp\qidian\Application\Runtime\Cache\Admin\3f821e06dd1fb3587f162d3cf65b0c7f.php 第 77 行.
NOTIC: [8] Undefined variable: list C:\phpstudy\WWW\tp\qidian\Application\Runtime\Cache\Admin\3f821e06dd1fb3587f162d3cf65b0c7f.php 第 81 行.
NOTIC: [8] Undefined variable: list C:\phpstudy\WWW\tp\qidian\Application\Runtime\Cache\Admin\3f821e06dd1fb3587f162d3cf65b0c7f.php 第 85 行.
NOTIC: [8] Undefined variable: list C:\phpstudy\WWW\tp\qidian\Application\Runtime\Cache\Admin\3f821e06dd1fb3587f162d3cf65b0c7f.php 第 93 行.
NOTIC: [8] Undefined variable: list C:\phpstudy\WWW\tp\qidian\Application\Runtime\Cache\Admin\3f821e06dd1fb3587f162d3cf65b0c7f.php 第 100 行.
INFO: Run Behavior\ParseTemplateBehavior [ RunTime:0.006000s ]
INFO: [ view_parse ] --END-- [ RunTime:0.007000s ]
INFO: [ view_filter ] --START--
INFO: Run Behavior\WriteHtmlCacheBehavior [ RunTime:0.000000s ]
INFO: [ view_filter ] --END-- [ RunTime:0.001000s ]
INFO: [ app_end ] --START--
INFO: Run Behavior\ShowPageTraceBehavior [ RunTime:0.001000s ]
INFO: [ app_end ] --END-- [ RunTime:0.001000s ]

