[ 2017-02-03T09:12:37+08:00 ] 127.0.0.1 /admin.php
INFO: [ app_init ] --START--
INFO: Run Behavior\BuildLiteBehavior [ RunTime:0.000000s ]
INFO: [ app_init ] --END-- [ RunTime:0.001000s ]
INFO: [ app_begin ] --START--
INFO: Run Behavior\ReadHtmlCacheBehavior [ RunTime:0.001000s ]
INFO: [ app_begin ] --END-- [ RunTime:0.001000s ]
INFO: [ view_parse ] --START--
INFO: [ template_filter ] --START--
INFO: Run Behavior\ContentReplaceBehavior [ RunTime:0.000000s ]
INFO: [ template_filter ] --END-- [ RunTime:0.000000s ]
INFO: Run Behavior\ParseTemplateBehavior [ RunTime:0.007000s ]
INFO: [ view_parse ] --END-- [ RunTime:0.007000s ]
INFO: [ view_filter ] --START--
INFO: Run Behavior\WriteHtmlCacheBehavior [ RunTime:0.000000s ]
INFO: [ view_filter ] --END-- [ RunTime:0.000000s ]
INFO: [ app_end ] --START--
INFO: Run Behavior\ShowPageTraceBehavior [ RunTime:0.001000s ]
INFO: [ app_end ] --END-- [ RunTime:0.001000s ]

[ 2017-02-03T09:12:51+08:00 ] 127.0.0.1 /admin.php/Login/login
INFO: [ app_init ] --START--
INFO: Run Behavior\BuildLiteBehavior [ RunTime:0.000000s ]
INFO: [ app_init ] --END-- [ RunTime:0.000000s ]
INFO: [ app_begin ] --START--
INFO: Run Behavior\ReadHtmlCacheBehavior [ RunTime:0.000000s ]
INFO: [ app_begin ] --END-- [ RunTime:0.000000s ]
SQL: SHOW COLUMNS FROM `qd_users` [ RunTime:0.0000s ]
SQL: SELECT * FROM `qd_users` WHERE `account` = 'admin' AND `password` = 'e10adc3949ba59abbe56e057f20f883e' LIMIT 1   [ RunTime:0.0000s ]
SQL: UPDATE `qd_users` SET `last_login`='2017-02-03 09:12:51',`ip`='127.0.0.1' WHERE ( id=1 ) [ RunTime:0.0000s ]

[ 2017-02-03T09:12:51+08:00 ] 127.0.0.1 /admin.php/Login/loginIn
INFO: [ app_init ] --START--
INFO: Run Behavior\BuildLiteBehavior [ RunTime:0.000000s ]
INFO: [ app_init ] --END-- [ RunTime:0.000000s ]
INFO: [ app_begin ] --START--
INFO: Run Behavior\ReadHtmlCacheBehavior [ RunTime:0.000000s ]
INFO: [ app_begin ] --END-- [ RunTime:0.000000s ]

[ 2017-02-03T09:12:51+08:00 ] 127.0.0.1 /admin.php/Info/index.html
INFO: [ app_init ] --START--
INFO: Run Behavior\BuildLiteBehavior [ RunTime:0.000000s ]
INFO: [ app_init ] --END-- [ RunTime:0.000000s ]
INFO: [ app_begin ] --START--
INFO: Run Behavior\ReadHtmlCacheBehavior [ RunTime:0.000000s ]
INFO: [ app_begin ] --END-- [ RunTime:0.000000s ]
INFO: [ view_parse ] --START--
INFO: [ template_filter ] --START--
INFO: Run Behavior\ContentReplaceBehavior [ RunTime:0.000000s ]
INFO: [ template_filter ] --END-- [ RunTime:0.001000s ]
INFO: Run Behavior\ParseTemplateBehavior [ RunTime:0.005000s ]
INFO: [ view_parse ] --END-- [ RunTime:0.005000s ]
INFO: [ view_filter ] --START--
INFO: Run Behavior\WriteHtmlCacheBehavior [ RunTime:0.000000s ]
INFO: [ view_filter ] --END-- [ RunTime:0.000000s ]
INFO: [ app_end ] --START--
INFO: Run Behavior\ShowPageTraceBehavior [ RunTime:0.001000s ]
INFO: [ app_end ] --END-- [ RunTime:0.001000s ]

[ 2017-02-03T09:12:52+08:00 ] 127.0.0.1 /admin.php/Base/left
INFO: [ app_init ] --START--
INFO: Run Behavior\BuildLiteBehavior [ RunTime:0.000000s ]
INFO: [ app_init ] --END-- [ RunTime:0.000000s ]
INFO: [ app_begin ] --START--
INFO: Run Behavior\ReadHtmlCacheBehavior [ RunTime:0.000000s ]
INFO: [ app_begin ] --END-- [ RunTime:0.000000s ]
INFO: [ view_parse ] --START--
INFO: [ template_filter ] --START--
INFO: Run Behavior\ContentReplaceBehavior [ RunTime:0.000000s ]
INFO: [ template_filter ] --END-- [ RunTime:0.001000s ]
INFO: Run Behavior\ParseTemplateBehavior [ RunTime:0.009000s ]
INFO: [ view_parse ] --END-- [ RunTime:0.009000s ]
INFO: [ view_filter ] --START--
INFO: Run Behavior\WriteHtmlCacheBehavior [ RunTime:0.000000s ]
INFO: [ view_filter ] --END-- [ RunTime:0.000000s ]
INFO: [ app_end ] --START--
INFO: Run Behavior\ShowPageTraceBehavior [ RunTime:0.001000s ]
INFO: [ app_end ] --END-- [ RunTime:0.001000s ]

[ 2017-02-03T09:12:52+08:00 ] 127.0.0.1 /admin.php/Base/head
INFO: [ app_init ] --START--
INFO: Run Behavior\BuildLiteBehavior [ RunTime:0.000000s ]
INFO: [ app_init ] --END-- [ RunTime:0.000000s ]
INFO: [ app_begin ] --START--
INFO: Run Behavior\ReadHtmlCacheBehavior [ RunTime:0.001000s ]
INFO: [ app_begin ] --END-- [ RunTime:0.001000s ]
INFO: [ view_parse ] --START--
INFO: [ template_filter ] --START--
INFO: Run Behavior\ContentReplaceBehavior [ RunTime:0.000000s ]
INFO: [ template_filter ] --END-- [ RunTime:0.000000s ]
INFO: Run Behavior\ParseTemplateBehavior [ RunTime:0.010000s ]
INFO: [ view_parse ] --END-- [ RunTime:0.010000s ]
INFO: [ view_filter ] --START--
INFO: Run Behavior\WriteHtmlCacheBehavior [ RunTime:0.000000s ]
INFO: [ view_filter ] --END-- [ RunTime:0.000000s ]
INFO: [ app_end ] --START--
INFO: Run Behavior\ShowPageTraceBehavior [ RunTime:0.001000s ]
INFO: [ app_end ] --END-- [ RunTime:0.001000s ]

[ 2017-02-03T09:12:52+08:00 ] 127.0.0.1 /admin.php/Info/index1
INFO: [ app_init ] --START--
INFO: Run Behavior\BuildLiteBehavior [ RunTime:0.000000s ]
INFO: [ app_init ] --END-- [ RunTime:0.000000s ]
INFO: [ app_begin ] --START--
INFO: Run Behavior\ReadHtmlCacheBehavior [ RunTime:0.000000s ]
INFO: [ app_begin ] --END-- [ RunTime:0.000000s ]
SQL: SHOW COLUMNS FROM `qd_news` [ RunTime:0.0080s ]
SQL: SELECT COUNT(*) AS tp_count FROM `qd_news` LIMIT 1   [ RunTime:0.0010s ]
SQL: SHOW COLUMNS FROM `qd_users` [ RunTime:0.0040s ]
SQL: SELECT COUNT(*) AS tp_count FROM `qd_users` LIMIT 1   [ RunTime:0.0000s ]
SQL: SHOW COLUMNS FROM `qd_emails` [ RunTime:0.0060s ]
SQL: SELECT COUNT(*) AS tp_count FROM `qd_emails` LIMIT 1   [ RunTime:0.0000s ]
SQL: SELECT COUNT(*) AS tp_count FROM `qd_emails` WHERE ( status = 0 ) LIMIT 1   [ RunTime:0.0000s ]
INFO: [ view_parse ] --START--
INFO: [ template_filter ] --START--
INFO: Run Behavior\ContentReplaceBehavior [ RunTime:0.000000s ]
INFO: [ template_filter ] --END-- [ RunTime:0.000000s ]
INFO: Run Behavior\ParseTemplateBehavior [ RunTime:0.006000s ]
INFO: [ view_parse ] --END-- [ RunTime:0.006000s ]
INFO: [ view_filter ] --START--
INFO: Run Behavior\WriteHtmlCacheBehavior [ RunTime:0.001000s ]
INFO: [ view_filter ] --END-- [ RunTime:0.001000s ]
INFO: [ app_end ] --START--
INFO: Run Behavior\ShowPageTraceBehavior [ RunTime:0.000000s ]
INFO: [ app_end ] --END-- [ RunTime:0.000000s ]

[ 2017-02-03T09:12:58+08:00 ] 127.0.0.1 /admin.php/Items
INFO: [ app_init ] --START--
INFO: Run Behavior\BuildLiteBehavior [ RunTime:0.000000s ]
INFO: [ app_init ] --END-- [ RunTime:0.001000s ]
INFO: [ app_begin ] --START--
INFO: Run Behavior\ReadHtmlCacheBehavior [ RunTime:0.000000s ]
INFO: [ app_begin ] --END-- [ RunTime:0.000000s ]
NOTIC: [8] Undefined index: search C:\phpstudy\WWW\tp\qidian\Application\Admin\Controller\ItemsController.class.php 第 13 行.
NOTIC: [8] Undefined variable: where C:\phpstudy\WWW\tp\qidian\Application\Admin\Controller\ItemsController.class.php 第 16 行.
SQL: SHOW COLUMNS FROM `qd_items` [ RunTime:0.0090s ]
SQL: SELECT COUNT(*) AS tp_count FROM `qd_items` LIMIT 1   [ RunTime:0.0000s ]
NOTIC: [8] Undefined variable: where C:\phpstudy\WWW\tp\qidian\Application\Admin\Controller\ItemsController.class.php 第 30 行.
SQL: SELECT * FROM `qd_items` LIMIT 0,10   [ RunTime:0.0000s ]
SQL: SELECT * FROM `qd_items` WHERE ( id=1 ) LIMIT 1   [ RunTime:0.0000s ]
SQL: SELECT * FROM `qd_items` WHERE ( id=1 ) LIMIT 1   [ RunTime:0.0010s ]
SQL: SELECT * FROM `qd_items` WHERE ( id=10 ) LIMIT 1   [ RunTime:0.0000s ]
SQL: SELECT * FROM `qd_items` WHERE ( id=10 ) LIMIT 1   [ RunTime:0.0000s ]
INFO: [ view_parse ] --START--
INFO: [ template_filter ] --START--
INFO: Run Behavior\ContentReplaceBehavior [ RunTime:0.000000s ]
INFO: [ template_filter ] --END-- [ RunTime:0.000000s ]
INFO: Run Behavior\ParseTemplateBehavior [ RunTime:0.006000s ]
INFO: [ view_parse ] --END-- [ RunTime:0.006000s ]
INFO: [ view_filter ] --START--
INFO: Run Behavior\WriteHtmlCacheBehavior [ RunTime:0.000000s ]
INFO: [ view_filter ] --END-- [ RunTime:0.000000s ]
INFO: [ app_end ] --START--
INFO: Run Behavior\ShowPageTraceBehavior [ RunTime:0.001000s ]
INFO: [ app_end ] --END-- [ RunTime:0.001000s ]

[ 2017-02-03T09:12:59+08:00 ] 127.0.0.1 /admin.php/Items/edit
INFO: [ app_init ] --START--
INFO: Run Behavior\BuildLiteBehavior [ RunTime:0.000000s ]
INFO: [ app_init ] --END-- [ RunTime:0.000000s ]
INFO: [ app_begin ] --START--
INFO: Run Behavior\ReadHtmlCacheBehavior [ RunTime:0.000000s ]
INFO: [ app_begin ] --END-- [ RunTime:0.000000s ]
NOTIC: [8] Undefined index: id C:\phpstudy\WWW\tp\qidian\Application\Admin\Controller\ItemsController.class.php 第 46 行.
SQL: SHOW COLUMNS FROM `qd_items` [ RunTime:0.0050s ]
SQL: SELECT * FROM `qd_items` WHERE ( pid=0 )  [ RunTime:0.0010s ]
SQL: SELECT * FROM `qd_items` WHERE ( pid=1 )  [ RunTime:0.0000s ]
SQL: SELECT * FROM `qd_items` WHERE ( pid=2 )  [ RunTime:0.0010s ]
SQL: SELECT * FROM `qd_items` WHERE ( pid=3 )  [ RunTime:0.0000s ]
SQL: SELECT * FROM `qd_items` WHERE ( pid=4 )  [ RunTime:0.0000s ]
SQL: SELECT * FROM `qd_items` WHERE ( pid=10 )  [ RunTime:0.0000s ]
SQL: SELECT * FROM `qd_items` WHERE ( pid=9 )  [ RunTime:0.0000s ]
SQL: SELECT * FROM `qd_items` WHERE ( pid=11 )  [ RunTime:0.0010s ]
INFO: [ view_parse ] --START--
INFO: [ template_filter ] --START--
INFO: Run Behavior\ContentReplaceBehavior [ RunTime:0.000000s ]
INFO: [ template_filter ] --END-- [ RunTime:0.000000s ]
NOTIC: [8] Undefined variable: list C:\phpstudy\WWW\tp\qidian\Application\Runtime\Cache\Admin\2de17912e750364dae0019bb790050be.php 第 51 行.
NOTIC: [8] Undefined variable: list C:\phpstudy\WWW\tp\qidian\Application\Runtime\Cache\Admin\2de17912e750364dae0019bb790050be.php 第 53 行.
NOTIC: [8] Undefined variable: list C:\phpstudy\WWW\tp\qidian\Application\Runtime\Cache\Admin\2de17912e750364dae0019bb790050be.php 第 53 行.
NOTIC: [8] Undefined variable: list C:\phpstudy\WWW\tp\qidian\Application\Runtime\Cache\Admin\2de17912e750364dae0019bb790050be.php 第 53 行.
NOTIC: [8] Undefined variable: list C:\phpstudy\WWW\tp\qidian\Application\Runtime\Cache\Admin\2de17912e750364dae0019bb790050be.php 第 53 行.
NOTIC: [8] Undefined variable: list C:\phpstudy\WWW\tp\qidian\Application\Runtime\Cache\Admin\2de17912e750364dae0019bb790050be.php 第 53 行.
NOTIC: [8] Undefined variable: list C:\phpstudy\WWW\tp\qidian\Application\Runtime\Cache\Admin\2de17912e750364dae0019bb790050be.php 第 53 行.
NOTIC: [8] Undefined variable: list C:\phpstudy\WWW\tp\qidian\Application\Runtime\Cache\Admin\2de17912e750364dae0019bb790050be.php 第 53 行.
NOTIC: [8] Undefined variable: list C:\phpstudy\WWW\tp\qidian\Application\Runtime\Cache\Admin\2de17912e750364dae0019bb790050be.php 第 59 行.
NOTIC: [8] Undefined variable: list C:\phpstudy\WWW\tp\qidian\Application\Runtime\Cache\Admin\2de17912e750364dae0019bb790050be.php 第 63 行.
INFO: Run Behavior\ParseTemplateBehavior [ RunTime:0.008000s ]
INFO: [ view_parse ] --END-- [ RunTime:0.008000s ]
INFO: [ view_filter ] --START--
INFO: Run Behavior\WriteHtmlCacheBehavior [ RunTime:0.000000s ]
INFO: [ view_filter ] --END-- [ RunTime:0.000000s ]
INFO: [ app_end ] --START--
INFO: Run Behavior\ShowPageTraceBehavior [ RunTime:0.001000s ]
INFO: [ app_end ] --END-- [ RunTime:0.001000s ]

[ 2017-02-03T11:19:05+08:00 ] 127.0.0.1 /admin.php
INFO: [ app_init ] --START--
INFO: Run Behavior\BuildLiteBehavior [ RunTime:0.000000s ]
INFO: [ app_init ] --END-- [ RunTime:0.000000s ]
INFO: [ app_begin ] --START--
INFO: Run Behavior\ReadHtmlCacheBehavior [ RunTime:0.000000s ]
INFO: [ app_begin ] --END-- [ RunTime:0.000000s ]
INFO: [ view_parse ] --START--
INFO: [ template_filter ] --START--
INFO: Run Behavior\ContentReplaceBehavior [ RunTime:0.000000s ]
INFO: [ template_filter ] --END-- [ RunTime:0.000000s ]
INFO: Run Behavior\ParseTemplateBehavior [ RunTime:0.005000s ]
INFO: [ view_parse ] --END-- [ RunTime:0.005000s ]
INFO: [ view_filter ] --START--
INFO: Run Behavior\WriteHtmlCacheBehavior [ RunTime:0.001000s ]
INFO: [ view_filter ] --END-- [ RunTime:0.001000s ]
INFO: [ app_end ] --START--
INFO: Run Behavior\ShowPageTraceBehavior [ RunTime:0.000000s ]
INFO: [ app_end ] --END-- [ RunTime:0.000000s ]

[ 2017-02-03T11:19:10+08:00 ] 127.0.0.1 /admin.php/Login/login
INFO: [ app_init ] --START--
INFO: Run Behavior\BuildLiteBehavior [ RunTime:0.000000s ]
INFO: [ app_init ] --END-- [ RunTime:0.000000s ]
INFO: [ app_begin ] --START--
INFO: Run Behavior\ReadHtmlCacheBehavior [ RunTime:0.010000s ]
INFO: [ app_begin ] --END-- [ RunTime:0.010000s ]
SQL: SHOW COLUMNS FROM `qd_users` [ RunTime:0.0100s ]
SQL: SELECT * FROM `qd_users` WHERE `account` = 'admin' AND `password` = 'e10adc3949ba59abbe56e057f20f883e' LIMIT 1   [ RunTime:0.0000s ]
SQL: UPDATE `qd_users` SET `last_login`='2017-02-03 11:19:10',`ip`='127.0.0.1' WHERE ( id=1 ) [ RunTime:0.0000s ]

[ 2017-02-03T11:19:10+08:00 ] 127.0.0.1 /admin.php/Login/loginIn
INFO: [ app_init ] --START--
INFO: Run Behavior\BuildLiteBehavior [ RunTime:0.000000s ]
INFO: [ app_init ] --END-- [ RunTime:0.000000s ]
INFO: [ app_begin ] --START--
INFO: Run Behavior\ReadHtmlCacheBehavior [ RunTime:0.000000s ]
INFO: [ app_begin ] --END-- [ RunTime:0.000000s ]

[ 2017-02-03T11:19:10+08:00 ] 127.0.0.1 /admin.php/Info/index.html
INFO: [ app_init ] --START--
INFO: Run Behavior\BuildLiteBehavior [ RunTime:0.000000s ]
INFO: [ app_init ] --END-- [ RunTime:0.000000s ]
INFO: [ app_begin ] --START--
INFO: Run Behavior\ReadHtmlCacheBehavior [ RunTime:0.001000s ]
INFO: [ app_begin ] --END-- [ RunTime:0.001000s ]
INFO: [ view_parse ] --START--
INFO: [ template_filter ] --START--
INFO: Run Behavior\ContentReplaceBehavior [ RunTime:0.000000s ]
INFO: [ template_filter ] --END-- [ RunTime:0.000000s ]
INFO: Run Behavior\ParseTemplateBehavior [ RunTime:0.004000s ]
INFO: [ view_parse ] --END-- [ RunTime:0.004000s ]
INFO: [ view_filter ] --START--
INFO: Run Behavior\WriteHtmlCacheBehavior [ RunTime:0.001000s ]
INFO: [ view_filter ] --END-- [ RunTime:0.001000s ]
INFO: [ app_end ] --START--
INFO: Run Behavior\ShowPageTraceBehavior [ RunTime:0.000000s ]
INFO: [ app_end ] --END-- [ RunTime:0.000000s ]

[ 2017-02-03T11:19:11+08:00 ] 127.0.0.1 /admin.php/Base/left
INFO: [ app_init ] --START--
INFO: Run Behavior\BuildLiteBehavior [ RunTime:0.000000s ]
INFO: [ app_init ] --END-- [ RunTime:0.000000s ]
INFO: [ app_begin ] --START--
INFO: Run Behavior\ReadHtmlCacheBehavior [ RunTime:0.001000s ]
INFO: [ app_begin ] --END-- [ RunTime:0.001000s ]
INFO: [ view_parse ] --START--
INFO: [ template_filter ] --START--
INFO: Run Behavior\ContentReplaceBehavior [ RunTime:0.000000s ]
INFO: [ template_filter ] --END-- [ RunTime:0.000000s ]
INFO: Run Behavior\ParseTemplateBehavior [ RunTime:0.007000s ]
INFO: [ view_parse ] --END-- [ RunTime:0.007000s ]
INFO: [ view_filter ] --START--
INFO: Run Behavior\WriteHtmlCacheBehavior [ RunTime:0.000000s ]
INFO: [ view_filter ] --END-- [ RunTime:0.000000s ]
INFO: [ app_end ] --START--
INFO: Run Behavior\ShowPageTraceBehavior [ RunTime:0.000000s ]
INFO: [ app_end ] --END-- [ RunTime:0.000000s ]

[ 2017-02-03T11:19:11+08:00 ] 127.0.0.1 /admin.php/Info/index1
INFO: [ app_init ] --START--
INFO: Run Behavior\BuildLiteBehavior [ RunTime:0.000000s ]
INFO: [ app_init ] --END-- [ RunTime:0.000000s ]
INFO: [ app_begin ] --START--
INFO: Run Behavior\ReadHtmlCacheBehavior [ RunTime:0.000000s ]
INFO: [ app_begin ] --END-- [ RunTime:0.000000s ]
SQL: SHOW COLUMNS FROM `qd_news` [ RunTime:0.0080s ]
SQL: SELECT COUNT(*) AS tp_count FROM `qd_news` LIMIT 1   [ RunTime:0.0010s ]
SQL: SHOW COLUMNS FROM `qd_users` [ RunTime:0.0050s ]
SQL: SELECT COUNT(*) AS tp_count FROM `qd_users` LIMIT 1   [ RunTime:0.0000s ]
SQL: SHOW COLUMNS FROM `qd_emails` [ RunTime:0.0070s ]
SQL: SELECT COUNT(*) AS tp_count FROM `qd_emails` LIMIT 1   [ RunTime:0.0010s ]
SQL: SELECT COUNT(*) AS tp_count FROM `qd_emails` WHERE ( status = 0 ) LIMIT 1   [ RunTime:0.0000s ]
INFO: [ view_parse ] --START--
INFO: [ template_filter ] --START--
INFO: Run Behavior\ContentReplaceBehavior [ RunTime:0.000000s ]
INFO: [ template_filter ] --END-- [ RunTime:0.000000s ]
INFO: Run Behavior\ParseTemplateBehavior [ RunTime:0.007000s ]
INFO: [ view_parse ] --END-- [ RunTime:0.007000s ]
INFO: [ view_filter ] --START--
INFO: Run Behavior\WriteHtmlCacheBehavior [ RunTime:0.000000s ]
INFO: [ view_filter ] --END-- [ RunTime:0.000000s ]
INFO: [ app_end ] --START--
INFO: Run Behavior\ShowPageTraceBehavior [ RunTime:0.001000s ]
INFO: [ app_end ] --END-- [ RunTime:0.001000s ]

[ 2017-02-03T11:19:11+08:00 ] 127.0.0.1 /admin.php/Base/head
INFO: [ app_init ] --START--
INFO: Run Behavior\BuildLiteBehavior [ RunTime:0.000000s ]
INFO: [ app_init ] --END-- [ RunTime:0.001000s ]
INFO: [ app_begin ] --START--
INFO: Run Behavior\ReadHtmlCacheBehavior [ RunTime:0.000000s ]
INFO: [ app_begin ] --END-- [ RunTime:0.000000s ]
INFO: [ view_parse ] --START--
INFO: [ template_filter ] --START--
INFO: Run Behavior\ContentReplaceBehavior [ RunTime:0.000000s ]
INFO: [ template_filter ] --END-- [ RunTime:0.000000s ]
INFO: Run Behavior\ParseTemplateBehavior [ RunTime:0.007000s ]
INFO: [ view_parse ] --END-- [ RunTime:0.007000s ]
INFO: [ view_filter ] --START--
INFO: Run Behavior\WriteHtmlCacheBehavior [ RunTime:0.001000s ]
INFO: [ view_filter ] --END-- [ RunTime:0.001000s ]
INFO: [ app_end ] --START--
INFO: Run Behavior\ShowPageTraceBehavior [ RunTime:0.000000s ]
INFO: [ app_end ] --END-- [ RunTime:0.000000s ]

[ 2017-02-03T11:19:13+08:00 ] 127.0.0.1 /admin.php/Users
INFO: [ app_init ] --START--
INFO: Run Behavior\BuildLiteBehavior [ RunTime:0.000000s ]
INFO: [ app_init ] --END-- [ RunTime:0.001000s ]
INFO: [ app_begin ] --START--
INFO: Run Behavior\ReadHtmlCacheBehavior [ RunTime:0.001000s ]
INFO: [ app_begin ] --END-- [ RunTime:0.001000s ]
NOTIC: [8] Undefined index: search C:\phpstudy\WWW\tp\qidian\Application\Admin\Controller\UsersController.class.php 第 18 行.
NOTIC: [8] Undefined variable: where C:\phpstudy\WWW\tp\qidian\Application\Admin\Controller\UsersController.class.php 第 21 行.
SQL: SHOW COLUMNS FROM `qd_users` [ RunTime:0.0040s ]
SQL: SELECT COUNT(*) AS tp_count FROM `qd_users` LIMIT 1   [ RunTime:0.0000s ]
NOTIC: [8] Undefined variable: where C:\phpstudy\WWW\tp\qidian\Application\Admin\Controller\UsersController.class.php 第 34 行.
SQL: SELECT * FROM `qd_users` LIMIT 0,20   [ RunTime:0.0010s ]
INFO: [ view_parse ] --START--
INFO: [ template_filter ] --START--
INFO: Run Behavior\ContentReplaceBehavior [ RunTime:0.000000s ]
INFO: [ template_filter ] --END-- [ RunTime:0.000000s ]
INFO: Run Behavior\ParseTemplateBehavior [ RunTime:0.006000s ]
INFO: [ view_parse ] --END-- [ RunTime:0.006000s ]
INFO: [ view_filter ] --START--
INFO: Run Behavior\WriteHtmlCacheBehavior [ RunTime:0.000000s ]
INFO: [ view_filter ] --END-- [ RunTime:0.000000s ]
INFO: [ app_end ] --START--
INFO: Run Behavior\ShowPageTraceBehavior [ RunTime:0.001000s ]
INFO: [ app_end ] --END-- [ RunTime:0.001000s ]

[ 2017-02-03T11:19:15+08:00 ] 127.0.0.1 /admin.php/Items
INFO: [ app_init ] --START--
INFO: Run Behavior\BuildLiteBehavior [ RunTime:0.000000s ]
INFO: [ app_init ] --END-- [ RunTime:0.000000s ]
INFO: [ app_begin ] --START--
INFO: Run Behavior\ReadHtmlCacheBehavior [ RunTime:0.000000s ]
INFO: [ app_begin ] --END-- [ RunTime:0.000000s ]
NOTIC: [8] Undefined index: search C:\phpstudy\WWW\tp\qidian\Application\Admin\Controller\ItemsController.class.php 第 13 行.
NOTIC: [8] Undefined variable: where C:\phpstudy\WWW\tp\qidian\Application\Admin\Controller\ItemsController.class.php 第 16 行.
SQL: SHOW COLUMNS FROM `qd_items` [ RunTime:0.0050s ]
SQL: SELECT COUNT(*) AS tp_count FROM `qd_items` LIMIT 1   [ RunTime:0.0010s ]
NOTIC: [8] Undefined variable: where C:\phpstudy\WWW\tp\qidian\Application\Admin\Controller\ItemsController.class.php 第 30 行.
SQL: SELECT * FROM `qd_items` LIMIT 0,10   [ RunTime:0.0010s ]
SQL: SELECT * FROM `qd_items` WHERE ( id=1 ) LIMIT 1   [ RunTime:0.0000s ]
SQL: SELECT * FROM `qd_items` WHERE ( id=1 ) LIMIT 1   [ RunTime:0.0000s ]
SQL: SELECT * FROM `qd_items` WHERE ( id=10 ) LIMIT 1   [ RunTime:0.0010s ]
SQL: SELECT * FROM `qd_items` WHERE ( id=10 ) LIMIT 1   [ RunTime:0.0000s ]
INFO: [ view_parse ] --START--
INFO: [ template_filter ] --START--
INFO: Run Behavior\ContentReplaceBehavior [ RunTime:0.000000s ]
INFO: [ template_filter ] --END-- [ RunTime:0.001000s ]
INFO: Run Behavior\ParseTemplateBehavior [ RunTime:0.006000s ]
INFO: [ view_parse ] --END-- [ RunTime:0.006000s ]
INFO: [ view_filter ] --START--
INFO: Run Behavior\WriteHtmlCacheBehavior [ RunTime:0.000000s ]
INFO: [ view_filter ] --END-- [ RunTime:0.000000s ]
INFO: [ app_end ] --START--
INFO: Run Behavior\ShowPageTraceBehavior [ RunTime:0.001000s ]
INFO: [ app_end ] --END-- [ RunTime:0.001000s ]

[ 2017-02-03T11:19:25+08:00 ] 127.0.0.1 /admin.php/Items/index
INFO: [ app_init ] --START--
INFO: Run Behavior\BuildLiteBehavior [ RunTime:0.000000s ]
INFO: [ app_init ] --END-- [ RunTime:0.000000s ]
INFO: [ app_begin ] --START--
INFO: Run Behavior\ReadHtmlCacheBehavior [ RunTime:0.001000s ]
INFO: [ app_begin ] --END-- [ RunTime:0.001000s ]
NOTIC: [8] Undefined index: search C:\phpstudy\WWW\tp\qidian\Application\Admin\Controller\ItemsController.class.php 第 13 行.
SQL: SHOW COLUMNS FROM `qd_items` [ RunTime:0.0040s ]
SQL: SELECT COUNT(*) AS tp_count FROM `qd_items` LIMIT 1   [ RunTime:0.0010s ]
SQL: SELECT * FROM `qd_items` WHERE `name` LIKE '%%' LIMIT 0,10   [ RunTime:0.0010s ]
SQL: SELECT * FROM `qd_items` WHERE ( id=1 ) LIMIT 1   [ RunTime:0.0000s ]
SQL: SELECT * FROM `qd_items` WHERE ( id=1 ) LIMIT 1   [ RunTime:0.0010s ]
SQL: SELECT * FROM `qd_items` WHERE ( id=10 ) LIMIT 1   [ RunTime:0.0010s ]
SQL: SELECT * FROM `qd_items` WHERE ( id=10 ) LIMIT 1   [ RunTime:0.0010s ]
INFO: [ view_parse ] --START--
INFO: [ template_filter ] --START--
INFO: Run Behavior\ContentReplaceBehavior [ RunTime:0.000000s ]
INFO: [ template_filter ] --END-- [ RunTime:0.000000s ]
INFO: Run Behavior\ParseTemplateBehavior [ RunTime:0.005000s ]
INFO: [ view_parse ] --END-- [ RunTime:0.005000s ]
INFO: [ view_filter ] --START--
INFO: Run Behavior\WriteHtmlCacheBehavior [ RunTime:0.001000s ]
INFO: [ view_filter ] --END-- [ RunTime:0.001000s ]
INFO: [ app_end ] --START--
INFO: Run Behavior\ShowPageTraceBehavior [ RunTime:0.000000s ]
INFO: [ app_end ] --END-- [ RunTime:0.000000s ]

[ 2017-02-03T11:20:14+08:00 ] 127.0.0.1 /admin.php/Items/edit
INFO: [ app_init ] --START--
INFO: Run Behavior\BuildLiteBehavior [ RunTime:0.000000s ]
INFO: [ app_init ] --END-- [ RunTime:0.000000s ]
INFO: [ app_begin ] --START--
INFO: Run Behavior\ReadHtmlCacheBehavior [ RunTime:0.000000s ]
INFO: [ app_begin ] --END-- [ RunTime:0.000000s ]
NOTIC: [8] Undefined index: id C:\phpstudy\WWW\tp\qidian\Application\Admin\Controller\ItemsController.class.php 第 46 行.
SQL: SHOW COLUMNS FROM `qd_items` [ RunTime:0.0040s ]
SQL: SELECT * FROM `qd_items` WHERE ( pid=0 )  [ RunTime:0.0000s ]
SQL: SELECT * FROM `qd_items` WHERE ( pid=1 )  [ RunTime:0.0010s ]
SQL: SELECT * FROM `qd_items` WHERE ( pid=2 )  [ RunTime:0.0000s ]
SQL: SELECT * FROM `qd_items` WHERE ( pid=3 )  [ RunTime:0.0000s ]
SQL: SELECT * FROM `qd_items` WHERE ( pid=4 )  [ RunTime:0.0010s ]
SQL: SELECT * FROM `qd_items` WHERE ( pid=10 )  [ RunTime:0.0000s ]
SQL: SELECT * FROM `qd_items` WHERE ( pid=9 )  [ RunTime:0.0000s ]
SQL: SELECT * FROM `qd_items` WHERE ( pid=11 )  [ RunTime:0.0000s ]
INFO: [ view_parse ] --START--
INFO: [ template_filter ] --START--
INFO: Run Behavior\ContentReplaceBehavior [ RunTime:0.000000s ]
INFO: [ template_filter ] --END-- [ RunTime:0.000000s ]
NOTIC: [8] Undefined variable: list C:\phpstudy\WWW\tp\qidian\Application\Runtime\Cache\Admin\2de17912e750364dae0019bb790050be.php 第 51 行.
NOTIC: [8] Undefined variable: list C:\phpstudy\WWW\tp\qidian\Application\Runtime\Cache\Admin\2de17912e750364dae0019bb790050be.php 第 53 行.
NOTIC: [8] Undefined variable: list C:\phpstudy\WWW\tp\qidian\Application\Runtime\Cache\Admin\2de17912e750364dae0019bb790050be.php 第 53 行.
NOTIC: [8] Undefined variable: list C:\phpstudy\WWW\tp\qidian\Application\Runtime\Cache\Admin\2de17912e750364dae0019bb790050be.php 第 53 行.
NOTIC: [8] Undefined variable: list C:\phpstudy\WWW\tp\qidian\Application\Runtime\Cache\Admin\2de17912e750364dae0019bb790050be.php 第 53 行.
NOTIC: [8] Undefined variable: list C:\phpstudy\WWW\tp\qidian\Application\Runtime\Cache\Admin\2de17912e750364dae0019bb790050be.php 第 53 行.
NOTIC: [8] Undefined variable: list C:\phpstudy\WWW\tp\qidian\Application\Runtime\Cache\Admin\2de17912e750364dae0019bb790050be.php 第 53 行.
NOTIC: [8] Undefined variable: list C:\phpstudy\WWW\tp\qidian\Application\Runtime\Cache\Admin\2de17912e750364dae0019bb790050be.php 第 53 行.
NOTIC: [8] Undefined variable: list C:\phpstudy\WWW\tp\qidian\Application\Runtime\Cache\Admin\2de17912e750364dae0019bb790050be.php 第 59 行.
NOTIC: [8] Undefined variable: list C:\phpstudy\WWW\tp\qidian\Application\Runtime\Cache\Admin\2de17912e750364dae0019bb790050be.php 第 63 行.
INFO: Run Behavior\ParseTemplateBehavior [ RunTime:0.007000s ]
INFO: [ view_parse ] --END-- [ RunTime:0.007000s ]
INFO: [ view_filter ] --START--
INFO: Run Behavior\WriteHtmlCacheBehavior [ RunTime:0.001000s ]
INFO: [ view_filter ] --END-- [ RunTime:0.001000s ]
INFO: [ app_end ] --START--
INFO: Run Behavior\ShowPageTraceBehavior [ RunTime:0.000000s ]
INFO: [ app_end ] --END-- [ RunTime:0.000000s ]

[ 2017-02-03T11:20:16+08:00 ] 127.0.0.1 /admin.php/News
INFO: [ app_init ] --START--
INFO: Run Behavior\BuildLiteBehavior [ RunTime:0.000000s ]
INFO: [ app_init ] --END-- [ RunTime:0.000000s ]
INFO: [ app_begin ] --START--
INFO: Run Behavior\ReadHtmlCacheBehavior [ RunTime:0.001000s ]
INFO: [ app_begin ] --END-- [ RunTime:0.001000s ]
NOTIC: [8] Undefined index: search C:\phpstudy\WWW\tp\qidian\Application\Admin\Controller\NewsController.class.php 第 18 行.
NOTIC: [8] Undefined variable: where C:\phpstudy\WWW\tp\qidian\Application\Admin\Controller\NewsController.class.php 第 21 行.
SQL: SHOW COLUMNS FROM `qd_news` [ RunTime:0.0050s ]
NOTIC: [8] Undefined variable: where C:\phpstudy\WWW\tp\qidian\Application\Admin\Controller\NewsController.class.php 第 25 行.
SQL: SELECT COUNT(*) AS tp_count FROM `qd_news` LIMIT 1   [ RunTime:0.0010s ]
NOTIC: [8] Undefined variable: where C:\phpstudy\WWW\tp\qidian\Application\Admin\Controller\NewsController.class.php 第 34 行.
SQL: SELECT * FROM `qd_news` ORDER BY id desc LIMIT 0,10   [ RunTime:0.0140s ]
SQL: SHOW COLUMNS FROM `qd_items` [ RunTime:0.0040s ]
SQL: SELECT * FROM `qd_items` WHERE ( id=4 ) LIMIT 1   [ RunTime:0.0000s ]
SQL: SELECT * FROM `qd_items` WHERE ( id=4 ) LIMIT 1   [ RunTime:0.0000s ]
SQL: SELECT * FROM `qd_items` WHERE ( id=9 ) LIMIT 1   [ RunTime:0.0010s ]
SQL: SELECT * FROM `qd_items` WHERE ( id=4 ) LIMIT 1   [ RunTime:0.0010s ]
SQL: SELECT * FROM `qd_items` WHERE ( id=4 ) LIMIT 1   [ RunTime:0.0000s ]
SQL: SELECT * FROM `qd_items` WHERE ( id=4 ) LIMIT 1   [ RunTime:0.0010s ]
SQL: SELECT * FROM `qd_items` WHERE ( id=2 ) LIMIT 1   [ RunTime:0.0000s ]
SQL: SELECT * FROM `qd_items` WHERE ( id=2 ) LIMIT 1   [ RunTime:0.0010s ]
SQL: SELECT * FROM `qd_items` WHERE ( id=2 ) LIMIT 1   [ RunTime:0.0000s ]
SQL: SELECT * FROM `qd_items` WHERE ( id=2 ) LIMIT 1   [ RunTime:0.0010s ]
SQL: SELECT * FROM `qd_items` WHERE ( pid=0 )  [ RunTime:0.0000s ]
SQL: SELECT * FROM `qd_items` WHERE ( pid=1 )  [ RunTime:0.0010s ]
SQL: SELECT * FROM `qd_items` WHERE ( pid=2 )  [ RunTime:0.0000s ]
SQL: SELECT * FROM `qd_items` WHERE ( pid=3 )  [ RunTime:0.0010s ]
SQL: SELECT * FROM `qd_items` WHERE ( pid=4 )  [ RunTime:0.0000s ]
SQL: SELECT * FROM `qd_items` WHERE ( pid=10 )  [ RunTime:0.0010s ]
SQL: SELECT * FROM `qd_items` WHERE ( pid=9 )  [ RunTime:0.0000s ]
SQL: SELECT * FROM `qd_items` WHERE ( pid=11 )  [ RunTime:0.0010s ]
INFO: [ view_parse ] --START--
INFO: [ template_filter ] --START--
INFO: Run Behavior\ContentReplaceBehavior [ RunTime:0.000000s ]
INFO: [ template_filter ] --END-- [ RunTime:0.000000s ]
INFO: Run Behavior\ParseTemplateBehavior [ RunTime:0.008000s ]
INFO: [ view_parse ] --END-- [ RunTime:0.009000s ]
INFO: [ view_filter ] --START--
INFO: Run Behavior\WriteHtmlCacheBehavior [ RunTime:0.001000s ]
INFO: [ view_filter ] --END-- [ RunTime:0.001000s ]
INFO: [ app_end ] --START--
INFO: Run Behavior\ShowPageTraceBehavior [ RunTime:0.000000s ]
INFO: [ app_end ] --END-- [ RunTime:0.000000s ]

[ 2017-02-03T11:20:21+08:00 ] 127.0.0.1 /admin.php/News/edit/id/12
INFO: [ app_init ] --START--
INFO: Run Behavior\BuildLiteBehavior [ RunTime:0.000000s ]
INFO: [ app_init ] --END-- [ RunTime:0.000000s ]
INFO: [ app_begin ] --START--
INFO: Run Behavior\ReadHtmlCacheBehavior [ RunTime:0.000000s ]
INFO: [ app_begin ] --END-- [ RunTime:0.000000s ]
SQL: SHOW COLUMNS FROM `qd_news` [ RunTime:0.0040s ]
SQL: SELECT * FROM `qd_news` WHERE ( id=12 ) LIMIT 1   [ RunTime:0.0010s ]
SQL: SHOW COLUMNS FROM `qd_items` [ RunTime:0.0040s ]
SQL: SELECT * FROM `qd_items` WHERE ( pid=0 )  [ RunTime:0.0000s ]
SQL: SELECT * FROM `qd_items` WHERE ( pid=1 )  [ RunTime:0.0000s ]
SQL: SELECT * FROM `qd_items` WHERE ( pid=2 )  [ RunTime:0.0000s ]
SQL: SELECT * FROM `qd_items` WHERE ( pid=3 )  [ RunTime:0.0010s ]
SQL: SELECT * FROM `qd_items` WHERE ( pid=4 )  [ RunTime:0.0000s ]
SQL: SELECT * FROM `qd_items` WHERE ( pid=10 )  [ RunTime:0.0000s ]
SQL: SELECT * FROM `qd_items` WHERE ( pid=9 )  [ RunTime:0.0010s ]
SQL: SELECT * FROM `qd_items` WHERE ( pid=11 )  [ RunTime:0.0000s ]
INFO: [ view_parse ] --START--
INFO: [ template_filter ] --START--
INFO: Run Behavior\ContentReplaceBehavior [ RunTime:0.000000s ]
INFO: [ template_filter ] --END-- [ RunTime:0.000000s ]
INFO: Run Behavior\ParseTemplateBehavior [ RunTime:0.007000s ]
INFO: [ view_parse ] --END-- [ RunTime:0.007000s ]
INFO: [ view_filter ] --START--
INFO: Run Behavior\WriteHtmlCacheBehavior [ RunTime:0.000000s ]
INFO: [ view_filter ] --END-- [ RunTime:0.000000s ]
INFO: [ app_end ] --START--
INFO: Run Behavior\ShowPageTraceBehavior [ RunTime:0.000000s ]
INFO: [ app_end ] --END-- [ RunTime:0.000000s ]

[ 2017-02-03T11:21:54+08:00 ] 127.0.0.1 /admin.php/News
INFO: [ app_init ] --START--
INFO: Run Behavior\BuildLiteBehavior [ RunTime:0.000000s ]
INFO: [ app_init ] --END-- [ RunTime:0.000000s ]
INFO: [ app_begin ] --START--
INFO: Run Behavior\ReadHtmlCacheBehavior [ RunTime:0.001000s ]
INFO: [ app_begin ] --END-- [ RunTime:0.001000s ]
NOTIC: [8] Undefined index: search C:\phpstudy\WWW\tp\qidian\Application\Admin\Controller\NewsController.class.php 第 18 行.
NOTIC: [8] Undefined variable: where C:\phpstudy\WWW\tp\qidian\Application\Admin\Controller\NewsController.class.php 第 21 行.
SQL: SHOW COLUMNS FROM `qd_news` [ RunTime:0.0070s ]
NOTIC: [8] Undefined variable: where C:\phpstudy\WWW\tp\qidian\Application\Admin\Controller\NewsController.class.php 第 25 行.
SQL: SELECT COUNT(*) AS tp_count FROM `qd_news` LIMIT 1   [ RunTime:0.0010s ]
NOTIC: [8] Undefined variable: where C:\phpstudy\WWW\tp\qidian\Application\Admin\Controller\NewsController.class.php 第 34 行.
SQL: SELECT * FROM `qd_news` ORDER BY id desc LIMIT 0,10   [ RunTime:0.0010s ]
SQL: SHOW COLUMNS FROM `qd_items` [ RunTime:0.0050s ]
SQL: SELECT * FROM `qd_items` WHERE ( id=4 ) LIMIT 1   [ RunTime:0.0000s ]
SQL: SELECT * FROM `qd_items` WHERE ( id=4 ) LIMIT 1   [ RunTime:0.0010s ]
SQL: SELECT * FROM `qd_items` WHERE ( id=9 ) LIMIT 1   [ RunTime:0.0000s ]
SQL: SELECT * FROM `qd_items` WHERE ( id=4 ) LIMIT 1   [ RunTime:0.0010s ]
SQL: SELECT * FROM `qd_items` WHERE ( id=4 ) LIMIT 1   [ RunTime:0.0010s ]
SQL: SELECT * FROM `qd_items` WHERE ( id=4 ) LIMIT 1   [ RunTime:0.0000s ]
SQL: SELECT * FROM `qd_items` WHERE ( id=2 ) LIMIT 1   [ RunTime:0.0010s ]
SQL: SELECT * FROM `qd_items` WHERE ( id=2 ) LIMIT 1   [ RunTime:0.0000s ]
SQL: SELECT * FROM `qd_items` WHERE ( id=2 ) LIMIT 1   [ RunTime:0.0000s ]
SQL: SELECT * FROM `qd_items` WHERE ( id=2 ) LIMIT 1   [ RunTime:0.0000s ]
SQL: SELECT * FROM `qd_items` WHERE ( pid=0 )  [ RunTime:0.0010s ]
SQL: SELECT * FROM `qd_items` WHERE ( pid=1 )  [ RunTime:0.0000s ]
SQL: SELECT * FROM `qd_items` WHERE ( pid=2 )  [ RunTime:0.0000s ]
SQL: SELECT * FROM `qd_items` WHERE ( pid=3 )  [ RunTime:0.0010s ]
SQL: SELECT * FROM `qd_items` WHERE ( pid=4 )  [ RunTime:0.0000s ]
SQL: SELECT * FROM `qd_items` WHERE ( pid=10 )  [ RunTime:0.0000s ]
SQL: SELECT * FROM `qd_items` WHERE ( pid=9 )  [ RunTime:0.0000s ]
SQL: SELECT * FROM `qd_items` WHERE ( pid=11 )  [ RunTime:0.0000s ]
INFO: [ view_parse ] --START--
INFO: [ template_filter ] --START--
INFO: Run Behavior\ContentReplaceBehavior [ RunTime:0.000000s ]
INFO: [ template_filter ] --END-- [ RunTime:0.000000s ]
INFO: Run Behavior\ParseTemplateBehavior [ RunTime:0.006000s ]
INFO: [ view_parse ] --END-- [ RunTime:0.007000s ]
INFO: [ view_filter ] --START--
INFO: Run Behavior\WriteHtmlCacheBehavior [ RunTime:0.000000s ]
INFO: [ view_filter ] --END-- [ RunTime:0.000000s ]
INFO: [ app_end ] --START--
INFO: Run Behavior\ShowPageTraceBehavior [ RunTime:0.000000s ]
INFO: [ app_end ] --END-- [ RunTime:0.000000s ]

[ 2017-02-03T11:23:11+08:00 ] 127.0.0.1 /admin.php/News/edit/id/11
INFO: [ app_init ] --START--
INFO: Run Behavior\BuildLiteBehavior [ RunTime:0.000000s ]
INFO: [ app_init ] --END-- [ RunTime:0.001000s ]
INFO: [ app_begin ] --START--
INFO: Run Behavior\ReadHtmlCacheBehavior [ RunTime:0.000000s ]
INFO: [ app_begin ] --END-- [ RunTime:0.000000s ]
SQL: SHOW COLUMNS FROM `qd_news` [ RunTime:0.0040s ]
SQL: SELECT * FROM `qd_news` WHERE ( id=11 ) LIMIT 1   [ RunTime:0.0000s ]
SQL: SHOW COLUMNS FROM `qd_items` [ RunTime:0.0040s ]
SQL: SELECT * FROM `qd_items` WHERE ( pid=0 )  [ RunTime:0.0000s ]
SQL: SELECT * FROM `qd_items` WHERE ( pid=1 )  [ RunTime:0.0010s ]
SQL: SELECT * FROM `qd_items` WHERE ( pid=2 )  [ RunTime:0.0000s ]
SQL: SELECT * FROM `qd_items` WHERE ( pid=3 )  [ RunTime:0.0000s ]
SQL: SELECT * FROM `qd_items` WHERE ( pid=4 )  [ RunTime:0.0000s ]
SQL: SELECT * FROM `qd_items` WHERE ( pid=10 )  [ RunTime:0.0010s ]
SQL: SELECT * FROM `qd_items` WHERE ( pid=9 )  [ RunTime:0.0000s ]
SQL: SELECT * FROM `qd_items` WHERE ( pid=11 )  [ RunTime:0.0000s ]
INFO: [ view_parse ] --START--
INFO: [ template_filter ] --START--
INFO: Run Behavior\ContentReplaceBehavior [ RunTime:0.000000s ]
INFO: [ template_filter ] --END-- [ RunTime:0.000000s ]
INFO: Run Behavior\ParseTemplateBehavior [ RunTime:0.006000s ]
INFO: [ view_parse ] --END-- [ RunTime:0.006000s ]
INFO: [ view_filter ] --START--
INFO: Run Behavior\WriteHtmlCacheBehavior [ RunTime:0.000000s ]
INFO: [ view_filter ] --END-- [ RunTime:0.000000s ]
INFO: [ app_end ] --START--
INFO: Run Behavior\ShowPageTraceBehavior [ RunTime:0.001000s ]
INFO: [ app_end ] --END-- [ RunTime:0.001000s ]

[ 2017-02-03T11:23:32+08:00 ] 127.0.0.1 /admin.php/News
INFO: [ app_init ] --START--
INFO: Run Behavior\BuildLiteBehavior [ RunTime:0.000000s ]
INFO: [ app_init ] --END-- [ RunTime:0.001000s ]
INFO: [ app_begin ] --START--
INFO: Run Behavior\ReadHtmlCacheBehavior [ RunTime:0.001000s ]
INFO: [ app_begin ] --END-- [ RunTime:0.001000s ]
NOTIC: [8] Undefined index: search C:\phpstudy\WWW\tp\qidian\Application\Admin\Controller\NewsController.class.php 第 18 行.
NOTIC: [8] Undefined variable: where C:\phpstudy\WWW\tp\qidian\Application\Admin\Controller\NewsController.class.php 第 21 行.
SQL: SHOW COLUMNS FROM `qd_news` [ RunTime:0.0050s ]
NOTIC: [8] Undefined variable: where C:\phpstudy\WWW\tp\qidian\Application\Admin\Controller\NewsController.class.php 第 25 行.
SQL: SELECT COUNT(*) AS tp_count FROM `qd_news` LIMIT 1   [ RunTime:0.0000s ]
NOTIC: [8] Undefined variable: where C:\phpstudy\WWW\tp\qidian\Application\Admin\Controller\NewsController.class.php 第 34 行.
SQL: SELECT * FROM `qd_news` ORDER BY id desc LIMIT 0,10   [ RunTime:0.0020s ]
SQL: SHOW COLUMNS FROM `qd_items` [ RunTime:0.0040s ]
SQL: SELECT * FROM `qd_items` WHERE ( id=4 ) LIMIT 1   [ RunTime:0.0000s ]
SQL: SELECT * FROM `qd_items` WHERE ( id=4 ) LIMIT 1   [ RunTime:0.0000s ]
SQL: SELECT * FROM `qd_items` WHERE ( id=9 ) LIMIT 1   [ RunTime:0.0000s ]
SQL: SELECT * FROM `qd_items` WHERE ( id=4 ) LIMIT 1   [ RunTime:0.0010s ]
SQL: SELECT * FROM `qd_items` WHERE ( id=4 ) LIMIT 1   [ RunTime:0.0000s ]
SQL: SELECT * FROM `qd_items` WHERE ( id=4 ) LIMIT 1   [ RunTime:0.0000s ]
SQL: SELECT * FROM `qd_items` WHERE ( id=2 ) LIMIT 1   [ RunTime:0.0010s ]
SQL: SELECT * FROM `qd_items` WHERE ( id=2 ) LIMIT 1   [ RunTime:0.0000s ]
SQL: SELECT * FROM `qd_items` WHERE ( id=2 ) LIMIT 1   [ RunTime:0.0000s ]
SQL: SELECT * FROM `qd_items` WHERE ( id=2 ) LIMIT 1   [ RunTime:0.0010s ]
SQL: SELECT * FROM `qd_items` WHERE ( pid=0 )  [ RunTime:0.0010s ]
SQL: SELECT * FROM `qd_items` WHERE ( pid=1 )  [ RunTime:0.0000s ]
SQL: SELECT * FROM `qd_items` WHERE ( pid=2 )  [ RunTime:0.0000s ]
SQL: SELECT * FROM `qd_items` WHERE ( pid=3 )  [ RunTime:0.0000s ]
SQL: SELECT * FROM `qd_items` WHERE ( pid=4 )  [ RunTime:0.0000s ]
SQL: SELECT * FROM `qd_items` WHERE ( pid=10 )  [ RunTime:0.0010s ]
SQL: SELECT * FROM `qd_items` WHERE ( pid=9 )  [ RunTime:0.0000s ]
SQL: SELECT * FROM `qd_items` WHERE ( pid=11 )  [ RunTime:0.0000s ]
INFO: [ view_parse ] --START--
INFO: [ template_filter ] --START--
INFO: Run Behavior\ContentReplaceBehavior [ RunTime:0.000000s ]
INFO: [ template_filter ] --END-- [ RunTime:0.000000s ]
INFO: Run Behavior\ParseTemplateBehavior [ RunTime:0.006000s ]
INFO: [ view_parse ] --END-- [ RunTime:0.006000s ]
INFO: [ view_filter ] --START--
INFO: Run Behavior\WriteHtmlCacheBehavior [ RunTime:0.001000s ]
INFO: [ view_filter ] --END-- [ RunTime:0.001000s ]
INFO: [ app_end ] --START--
INFO: Run Behavior\ShowPageTraceBehavior [ RunTime:0.000000s ]
INFO: [ app_end ] --END-- [ RunTime:0.000000s ]

[ 2017-02-03T11:23:50+08:00 ] 127.0.0.1 /admin.php/News/edit/id/8
INFO: [ app_init ] --START--
INFO: Run Behavior\BuildLiteBehavior [ RunTime:0.000000s ]
INFO: [ app_init ] --END-- [ RunTime:0.000000s ]
INFO: [ app_begin ] --START--
INFO: Run Behavior\ReadHtmlCacheBehavior [ RunTime:0.001000s ]
INFO: [ app_begin ] --END-- [ RunTime:0.001000s ]
SQL: SHOW COLUMNS FROM `qd_news` [ RunTime:0.0070s ]
SQL: SELECT * FROM `qd_news` WHERE ( id=8 ) LIMIT 1   [ RunTime:0.0000s ]
SQL: SHOW COLUMNS FROM `qd_items` [ RunTime:0.0050s ]
SQL: SELECT * FROM `qd_items` WHERE ( pid=0 )  [ RunTime:0.0000s ]
SQL: SELECT * FROM `qd_items` WHERE ( pid=1 )  [ RunTime:0.0000s ]
SQL: SELECT * FROM `qd_items` WHERE ( pid=2 )  [ RunTime:0.0000s ]
SQL: SELECT * FROM `qd_items` WHERE ( pid=3 )  [ RunTime:0.0010s ]
SQL: SELECT * FROM `qd_items` WHERE ( pid=4 )  [ RunTime:0.0010s ]
SQL: SELECT * FROM `qd_items` WHERE ( pid=10 )  [ RunTime:0.0000s ]
SQL: SELECT * FROM `qd_items` WHERE ( pid=9 )  [ RunTime:0.0010s ]
SQL: SELECT * FROM `qd_items` WHERE ( pid=11 )  [ RunTime:0.0000s ]
INFO: [ view_parse ] --START--
INFO: [ template_filter ] --START--
INFO: Run Behavior\ContentReplaceBehavior [ RunTime:0.000000s ]
INFO: [ template_filter ] --END-- [ RunTime:0.000000s ]
INFO: Run Behavior\ParseTemplateBehavior [ RunTime:0.007000s ]
INFO: [ view_parse ] --END-- [ RunTime:0.007000s ]
INFO: [ view_filter ] --START--
INFO: Run Behavior\WriteHtmlCacheBehavior [ RunTime:0.000000s ]
INFO: [ view_filter ] --END-- [ RunTime:0.000000s ]
INFO: [ app_end ] --START--
INFO: Run Behavior\ShowPageTraceBehavior [ RunTime:0.001000s ]
INFO: [ app_end ] --END-- [ RunTime:0.001000s ]

[ 2017-02-03T11:24:28+08:00 ] 127.0.0.1 /admin.php/News
INFO: [ app_init ] --START--
INFO: Run Behavior\BuildLiteBehavior [ RunTime:0.000000s ]
INFO: [ app_init ] --END-- [ RunTime:0.000000s ]
INFO: [ app_begin ] --START--
INFO: Run Behavior\ReadHtmlCacheBehavior [ RunTime:0.000000s ]
INFO: [ app_begin ] --END-- [ RunTime:0.000000s ]
NOTIC: [8] Undefined index: search C:\phpstudy\WWW\tp\qidian\Application\Admin\Controller\NewsController.class.php 第 18 行.
NOTIC: [8] Undefined variable: where C:\phpstudy\WWW\tp\qidian\Application\Admin\Controller\NewsController.class.php 第 21 行.
SQL: SHOW COLUMNS FROM `qd_news` [ RunTime:0.0050s ]
NOTIC: [8] Undefined variable: where C:\phpstudy\WWW\tp\qidian\Application\Admin\Controller\NewsController.class.php 第 25 行.
SQL: SELECT COUNT(*) AS tp_count FROM `qd_news` LIMIT 1   [ RunTime:0.0000s ]
NOTIC: [8] Undefined variable: where C:\phpstudy\WWW\tp\qidian\Application\Admin\Controller\NewsController.class.php 第 34 行.
SQL: SELECT * FROM `qd_news` ORDER BY id desc LIMIT 0,10   [ RunTime:0.0010s ]
SQL: SHOW COLUMNS FROM `qd_items` [ RunTime:0.0050s ]
SQL: SELECT * FROM `qd_items` WHERE ( id=4 ) LIMIT 1   [ RunTime:0.0000s ]
SQL: SELECT * FROM `qd_items` WHERE ( id=4 ) LIMIT 1   [ RunTime:0.0000s ]
SQL: SELECT * FROM `qd_items` WHERE ( id=9 ) LIMIT 1   [ RunTime:0.0010s ]
SQL: SELECT * FROM `qd_items` WHERE ( id=4 ) LIMIT 1   [ RunTime:0.0000s ]
SQL: SELECT * FROM `qd_items` WHERE ( id=4 ) LIMIT 1   [ RunTime:0.0010s ]
SQL: SELECT * FROM `qd_items` WHERE ( id=4 ) LIMIT 1   [ RunTime:0.0000s ]
SQL: SELECT * FROM `qd_items` WHERE ( id=2 ) LIMIT 1   [ RunTime:0.0000s ]
SQL: SELECT * FROM `qd_items` WHERE ( id=2 ) LIMIT 1   [ RunTime:0.0010s ]
SQL: SELECT * FROM `qd_items` WHERE ( id=2 ) LIMIT 1   [ RunTime:0.0000s ]
SQL: SELECT * FROM `qd_items` WHERE ( id=2 ) LIMIT 1   [ RunTime:0.0000s ]
SQL: SELECT * FROM `qd_items` WHERE ( pid=0 )  [ RunTime:0.0010s ]
SQL: SELECT * FROM `qd_items` WHERE ( pid=1 )  [ RunTime:0.0000s ]
SQL: SELECT * FROM `qd_items` WHERE ( pid=2 )  [ RunTime:0.0010s ]
SQL: SELECT * FROM `qd_items` WHERE ( pid=3 )  [ RunTime:0.0000s ]
SQL: SELECT * FROM `qd_items` WHERE ( pid=4 )  [ RunTime:0.0000s ]
SQL: SELECT * FROM `qd_items` WHERE ( pid=10 )  [ RunTime:0.0000s ]
SQL: SELECT * FROM `qd_items` WHERE ( pid=9 )  [ RunTime:0.0000s ]
SQL: SELECT * FROM `qd_items` WHERE ( pid=11 )  [ RunTime:0.0010s ]
INFO: [ view_parse ] --START--
INFO: [ template_filter ] --START--
INFO: Run Behavior\ContentReplaceBehavior [ RunTime:0.000000s ]
INFO: [ template_filter ] --END-- [ RunTime:0.000000s ]
INFO: Run Behavior\ParseTemplateBehavior [ RunTime:0.009000s ]
INFO: [ view_parse ] --END-- [ RunTime:0.009000s ]
INFO: [ view_filter ] --START--
INFO: Run Behavior\WriteHtmlCacheBehavior [ RunTime:0.000000s ]
INFO: [ view_filter ] --END-- [ RunTime:0.001000s ]
INFO: [ app_end ] --START--
INFO: Run Behavior\ShowPageTraceBehavior [ RunTime:0.001000s ]
INFO: [ app_end ] --END-- [ RunTime:0.001000s ]

[ 2017-02-03T11:24:50+08:00 ] 127.0.0.1 /admin.php/News/edit/id/9
INFO: [ app_init ] --START--
INFO: Run Behavior\BuildLiteBehavior [ RunTime:0.000000s ]
INFO: [ app_init ] --END-- [ RunTime:0.000000s ]
INFO: [ app_begin ] --START--
INFO: Run Behavior\ReadHtmlCacheBehavior [ RunTime:0.001000s ]
INFO: [ app_begin ] --END-- [ RunTime:0.001000s ]
SQL: SHOW COLUMNS FROM `qd_news` [ RunTime:0.0040s ]
SQL: SELECT * FROM `qd_news` WHERE ( id=9 ) LIMIT 1   [ RunTime:0.0010s ]
SQL: SHOW COLUMNS FROM `qd_items` [ RunTime:0.0050s ]
SQL: SELECT * FROM `qd_items` WHERE ( pid=0 )  [ RunTime:0.0010s ]
SQL: SELECT * FROM `qd_items` WHERE ( pid=1 )  [ RunTime:0.0000s ]
SQL: SELECT * FROM `qd_items` WHERE ( pid=2 )  [ RunTime:0.0000s ]
SQL: SELECT * FROM `qd_items` WHERE ( pid=3 )  [ RunTime:0.0010s ]
SQL: SELECT * FROM `qd_items` WHERE ( pid=4 )  [ RunTime:0.0000s ]
SQL: SELECT * FROM `qd_items` WHERE ( pid=10 )  [ RunTime:0.0000s ]
SQL: SELECT * FROM `qd_items` WHERE ( pid=9 )  [ RunTime:0.0000s ]
SQL: SELECT * FROM `qd_items` WHERE ( pid=11 )  [ RunTime:0.0000s ]
INFO: [ view_parse ] --START--
INFO: [ template_filter ] --START--
INFO: Run Behavior\ContentReplaceBehavior [ RunTime:0.000000s ]
INFO: [ template_filter ] --END-- [ RunTime:0.000000s ]
INFO: Run Behavior\ParseTemplateBehavior [ RunTime:0.006000s ]
INFO: [ view_parse ] --END-- [ RunTime:0.006000s ]
INFO: [ view_filter ] --START--
INFO: Run Behavior\WriteHtmlCacheBehavior [ RunTime:0.000000s ]
INFO: [ view_filter ] --END-- [ RunTime:0.000000s ]
INFO: [ app_end ] --START--
INFO: Run Behavior\ShowPageTraceBehavior [ RunTime:0.000000s ]
INFO: [ app_end ] --END-- [ RunTime:0.001000s ]

[ 2017-02-03T11:25:09+08:00 ] 127.0.0.1 /admin.php/News
INFO: [ app_init ] --START--
INFO: Run Behavior\BuildLiteBehavior [ RunTime:0.000000s ]
INFO: [ app_init ] --END-- [ RunTime:0.000000s ]
INFO: [ app_begin ] --START--
INFO: Run Behavior\ReadHtmlCacheBehavior [ RunTime:0.000000s ]
INFO: [ app_begin ] --END-- [ RunTime:0.000000s ]
NOTIC: [8] Undefined index: search C:\phpstudy\WWW\tp\qidian\Application\Admin\Controller\NewsController.class.php 第 18 行.
NOTIC: [8] Undefined variable: where C:\phpstudy\WWW\tp\qidian\Application\Admin\Controller\NewsController.class.php 第 21 行.
SQL: SHOW COLUMNS FROM `qd_news` [ RunTime:0.0050s ]
NOTIC: [8] Undefined variable: where C:\phpstudy\WWW\tp\qidian\Application\Admin\Controller\NewsController.class.php 第 25 行.
SQL: SELECT COUNT(*) AS tp_count FROM `qd_news` LIMIT 1   [ RunTime:0.0000s ]
NOTIC: [8] Undefined variable: where C:\phpstudy\WWW\tp\qidian\Application\Admin\Controller\NewsController.class.php 第 34 行.
SQL: SELECT * FROM `qd_news` ORDER BY id desc LIMIT 0,10   [ RunTime:0.0000s ]
SQL: SHOW COLUMNS FROM `qd_items` [ RunTime:0.0040s ]
SQL: SELECT * FROM `qd_items` WHERE ( id=4 ) LIMIT 1   [ RunTime:0.0000s ]
SQL: SELECT * FROM `qd_items` WHERE ( id=4 ) LIMIT 1   [ RunTime:0.0000s ]
SQL: SELECT * FROM `qd_items` WHERE ( id=9 ) LIMIT 1   [ RunTime:0.0000s ]
SQL: SELECT * FROM `qd_items` WHERE ( id=4 ) LIMIT 1   [ RunTime:0.0000s ]
SQL: SELECT * FROM `qd_items` WHERE ( id=4 ) LIMIT 1   [ RunTime:0.0000s ]
SQL: SELECT * FROM `qd_items` WHERE ( id=4 ) LIMIT 1   [ RunTime:0.0000s ]
SQL: SELECT * FROM `qd_items` WHERE ( id=2 ) LIMIT 1   [ RunTime:0.0000s ]
SQL: SELECT * FROM `qd_items` WHERE ( id=2 ) LIMIT 1   [ RunTime:0.0000s ]
SQL: SELECT * FROM `qd_items` WHERE ( id=2 ) LIMIT 1   [ RunTime:0.0010s ]
SQL: SELECT * FROM `qd_items` WHERE ( id=2 ) LIMIT 1   [ RunTime:0.0000s ]
SQL: SELECT * FROM `qd_items` WHERE ( pid=0 )  [ RunTime:0.0000s ]
SQL: SELECT * FROM `qd_items` WHERE ( pid=1 )  [ RunTime:0.0000s ]
SQL: SELECT * FROM `qd_items` WHERE ( pid=2 )  [ RunTime:0.0010s ]
SQL: SELECT * FROM `qd_items` WHERE ( pid=3 )  [ RunTime:0.0000s ]
SQL: SELECT * FROM `qd_items` WHERE ( pid=4 )  [ RunTime:0.0000s ]
SQL: SELECT * FROM `qd_items` WHERE ( pid=10 )  [ RunTime:0.0000s ]
SQL: SELECT * FROM `qd_items` WHERE ( pid=9 )  [ RunTime:0.0000s ]
SQL: SELECT * FROM `qd_items` WHERE ( pid=11 )  [ RunTime:0.0010s ]
INFO: [ view_parse ] --START--
INFO: [ template_filter ] --START--
INFO: Run Behavior\ContentReplaceBehavior [ RunTime:0.000000s ]
INFO: [ template_filter ] --END-- [ RunTime:0.000000s ]
INFO: Run Behavior\ParseTemplateBehavior [ RunTime:0.007000s ]
INFO: [ view_parse ] --END-- [ RunTime:0.007000s ]
INFO: [ view_filter ] --START--
INFO: Run Behavior\WriteHtmlCacheBehavior [ RunTime:0.001000s ]
INFO: [ view_filter ] --END-- [ RunTime:0.001000s ]
INFO: [ app_end ] --START--
INFO: Run Behavior\ShowPageTraceBehavior [ RunTime:0.000000s ]
INFO: [ app_end ] --END-- [ RunTime:0.000000s ]

[ 2017-02-03T11:25:28+08:00 ] 127.0.0.1 /admin.php/News/edit/id/7
INFO: [ app_init ] --START--
INFO: Run Behavior\BuildLiteBehavior [ RunTime:0.000000s ]
INFO: [ app_init ] --END-- [ RunTime:0.000000s ]
INFO: [ app_begin ] --START--
INFO: Run Behavior\ReadHtmlCacheBehavior [ RunTime:0.001000s ]
INFO: [ app_begin ] --END-- [ RunTime:0.001000s ]
SQL: SHOW COLUMNS FROM `qd_news` [ RunTime:0.0040s ]
SQL: SELECT * FROM `qd_news` WHERE ( id=7 ) LIMIT 1   [ RunTime:0.0010s ]
SQL: SHOW COLUMNS FROM `qd_items` [ RunTime:0.0040s ]
SQL: SELECT * FROM `qd_items` WHERE ( pid=0 )  [ RunTime:0.0000s ]
SQL: SELECT * FROM `qd_items` WHERE ( pid=1 )  [ RunTime:0.0010s ]
SQL: SELECT * FROM `qd_items` WHERE ( pid=2 )  [ RunTime:0.0000s ]
SQL: SELECT * FROM `qd_items` WHERE ( pid=3 )  [ RunTime:0.0000s ]
SQL: SELECT * FROM `qd_items` WHERE ( pid=4 )  [ RunTime:0.0000s ]
SQL: SELECT * FROM `qd_items` WHERE ( pid=10 )  [ RunTime:0.0000s ]
SQL: SELECT * FROM `qd_items` WHERE ( pid=9 )  [ RunTime:0.0000s ]
SQL: SELECT * FROM `qd_items` WHERE ( pid=11 )  [ RunTime:0.0000s ]
INFO: [ view_parse ] --START--
INFO: [ template_filter ] --START--
INFO: Run Behavior\ContentReplaceBehavior [ RunTime:0.000000s ]
INFO: [ template_filter ] --END-- [ RunTime:0.000000s ]
INFO: Run Behavior\ParseTemplateBehavior [ RunTime:0.005000s ]
INFO: [ view_parse ] --END-- [ RunTime:0.005000s ]
INFO: [ view_filter ] --START--
INFO: Run Behavior\WriteHtmlCacheBehavior [ RunTime:0.001000s ]
INFO: [ view_filter ] --END-- [ RunTime:0.001000s ]
INFO: [ app_end ] --START--
INFO: Run Behavior\ShowPageTraceBehavior [ RunTime:0.001000s ]
INFO: [ app_end ] --END-- [ RunTime:0.001000s ]

[ 2017-02-03T11:25:50+08:00 ] 127.0.0.1 /admin.php/News
INFO: [ app_init ] --START--
INFO: Run Behavior\BuildLiteBehavior [ RunTime:0.000000s ]
INFO: [ app_init ] --END-- [ RunTime:0.000000s ]
INFO: [ app_begin ] --START--
INFO: Run Behavior\ReadHtmlCacheBehavior [ RunTime:0.001000s ]
INFO: [ app_begin ] --END-- [ RunTime:0.001000s ]
NOTIC: [8] Undefined index: search C:\phpstudy\WWW\tp\qidian\Application\Admin\Controller\NewsController.class.php 第 18 行.
NOTIC: [8] Undefined variable: where C:\phpstudy\WWW\tp\qidian\Application\Admin\Controller\NewsController.class.php 第 21 行.
SQL: SHOW COLUMNS FROM `qd_news` [ RunTime:0.0060s ]
NOTIC: [8] Undefined variable: where C:\phpstudy\WWW\tp\qidian\Application\Admin\Controller\NewsController.class.php 第 25 行.
SQL: SELECT COUNT(*) AS tp_count FROM `qd_news` LIMIT 1   [ RunTime:0.0000s ]
NOTIC: [8] Undefined variable: where C:\phpstudy\WWW\tp\qidian\Application\Admin\Controller\NewsController.class.php 第 34 行.
SQL: SELECT * FROM `qd_news` ORDER BY id desc LIMIT 0,10   [ RunTime:0.0010s ]
SQL: SHOW COLUMNS FROM `qd_items` [ RunTime:0.0050s ]
SQL: SELECT * FROM `qd_items` WHERE ( id=4 ) LIMIT 1   [ RunTime:0.0000s ]
SQL: SELECT * FROM `qd_items` WHERE ( id=4 ) LIMIT 1   [ RunTime:0.0000s ]
SQL: SELECT * FROM `qd_items` WHERE ( id=9 ) LIMIT 1   [ RunTime:0.0000s ]
SQL: SELECT * FROM `qd_items` WHERE ( id=4 ) LIMIT 1   [ RunTime:0.0000s ]
SQL: SELECT * FROM `qd_items` WHERE ( id=4 ) LIMIT 1   [ RunTime:0.0000s ]
SQL: SELECT * FROM `qd_items` WHERE ( id=4 ) LIMIT 1   [ RunTime:0.0010s ]
SQL: SELECT * FROM `qd_items` WHERE ( id=2 ) LIMIT 1   [ RunTime:0.0000s ]
SQL: SELECT * FROM `qd_items` WHERE ( id=2 ) LIMIT 1   [ RunTime:0.0000s ]
SQL: SELECT * FROM `qd_items` WHERE ( id=2 ) LIMIT 1   [ RunTime:0.0000s ]
SQL: SELECT * FROM `qd_items` WHERE ( id=2 ) LIMIT 1   [ RunTime:0.0000s ]
SQL: SELECT * FROM `qd_items` WHERE ( pid=0 )  [ RunTime:0.0000s ]
SQL: SELECT * FROM `qd_items` WHERE ( pid=1 )  [ RunTime:0.0010s ]
SQL: SELECT * FROM `qd_items` WHERE ( pid=2 )  [ RunTime:0.0000s ]
SQL: SELECT * FROM `qd_items` WHERE ( pid=3 )  [ RunTime:0.0000s ]
SQL: SELECT * FROM `qd_items` WHERE ( pid=4 )  [ RunTime:0.0010s ]
SQL: SELECT * FROM `qd_items` WHERE ( pid=10 )  [ RunTime:0.0000s ]
SQL: SELECT * FROM `qd_items` WHERE ( pid=9 )  [ RunTime:0.0000s ]
SQL: SELECT * FROM `qd_items` WHERE ( pid=11 )  [ RunTime:0.0000s ]
INFO: [ view_parse ] --START--
INFO: [ template_filter ] --START--
INFO: Run Behavior\ContentReplaceBehavior [ RunTime:0.000000s ]
INFO: [ template_filter ] --END-- [ RunTime:0.000000s ]
INFO: Run Behavior\ParseTemplateBehavior [ RunTime:0.006000s ]
INFO: [ view_parse ] --END-- [ RunTime:0.006000s ]
INFO: [ view_filter ] --START--
INFO: Run Behavior\WriteHtmlCacheBehavior [ RunTime:0.000000s ]
INFO: [ view_filter ] --END-- [ RunTime:0.000000s ]
INFO: [ app_end ] --START--
INFO: Run Behavior\ShowPageTraceBehavior [ RunTime:0.001000s ]
INFO: [ app_end ] --END-- [ RunTime:0.001000s ]

[ 2017-02-03T11:26:00+08:00 ] 127.0.0.1 /admin.php/Items/edit
INFO: [ app_init ] --START--
INFO: Run Behavior\BuildLiteBehavior [ RunTime:0.000000s ]
INFO: [ app_init ] --END-- [ RunTime:0.000000s ]
INFO: [ app_begin ] --START--
INFO: Run Behavior\ReadHtmlCacheBehavior [ RunTime:0.000000s ]
INFO: [ app_begin ] --END-- [ RunTime:0.000000s ]
NOTIC: [8] Undefined index: id C:\phpstudy\WWW\tp\qidian\Application\Admin\Controller\ItemsController.class.php 第 46 行.
SQL: SHOW COLUMNS FROM `qd_items` [ RunTime:0.0050s ]
SQL: SELECT * FROM `qd_items` WHERE ( pid=0 )  [ RunTime:0.0010s ]
SQL: SELECT * FROM `qd_items` WHERE ( pid=1 )  [ RunTime:0.0000s ]
SQL: SELECT * FROM `qd_items` WHERE ( pid=2 )  [ RunTime:0.0000s ]
SQL: SELECT * FROM `qd_items` WHERE ( pid=3 )  [ RunTime:0.0010s ]
SQL: SELECT * FROM `qd_items` WHERE ( pid=4 )  [ RunTime:0.0000s ]
SQL: SELECT * FROM `qd_items` WHERE ( pid=10 )  [ RunTime:0.0000s ]
SQL: SELECT * FROM `qd_items` WHERE ( pid=9 )  [ RunTime:0.0010s ]
SQL: SELECT * FROM `qd_items` WHERE ( pid=11 )  [ RunTime:0.0000s ]
INFO: [ view_parse ] --START--
INFO: [ template_filter ] --START--
INFO: Run Behavior\ContentReplaceBehavior [ RunTime:0.000000s ]
INFO: [ template_filter ] --END-- [ RunTime:0.000000s ]
NOTIC: [8] Undefined variable: list C:\phpstudy\WWW\tp\qidian\Application\Runtime\Cache\Admin\2de17912e750364dae0019bb790050be.php 第 51 行.
NOTIC: [8] Undefined variable: list C:\phpstudy\WWW\tp\qidian\Application\Runtime\Cache\Admin\2de17912e750364dae0019bb790050be.php 第 53 行.
NOTIC: [8] Undefined variable: list C:\phpstudy\WWW\tp\qidian\Application\Runtime\Cache\Admin\2de17912e750364dae0019bb790050be.php 第 53 行.
NOTIC: [8] Undefined variable: list C:\phpstudy\WWW\tp\qidian\Application\Runtime\Cache\Admin\2de17912e750364dae0019bb790050be.php 第 53 行.
NOTIC: [8] Undefined variable: list C:\phpstudy\WWW\tp\qidian\Application\Runtime\Cache\Admin\2de17912e750364dae0019bb790050be.php 第 53 行.
NOTIC: [8] Undefined variable: list C:\phpstudy\WWW\tp\qidian\Application\Runtime\Cache\Admin\2de17912e750364dae0019bb790050be.php 第 53 行.
NOTIC: [8] Undefined variable: list C:\phpstudy\WWW\tp\qidian\Application\Runtime\Cache\Admin\2de17912e750364dae0019bb790050be.php 第 53 行.
NOTIC: [8] Undefined variable: list C:\phpstudy\WWW\tp\qidian\Application\Runtime\Cache\Admin\2de17912e750364dae0019bb790050be.php 第 53 行.
NOTIC: [8] Undefined variable: list C:\phpstudy\WWW\tp\qidian\Application\Runtime\Cache\Admin\2de17912e750364dae0019bb790050be.php 第 59 行.
NOTIC: [8] Undefined variable: list C:\phpstudy\WWW\tp\qidian\Application\Runtime\Cache\Admin\2de17912e750364dae0019bb790050be.php 第 63 行.
INFO: Run Behavior\ParseTemplateBehavior [ RunTime:0.006000s ]
INFO: [ view_parse ] --END-- [ RunTime:0.006000s ]
INFO: [ view_filter ] --START--
INFO: Run Behavior\WriteHtmlCacheBehavior [ RunTime:0.000000s ]
INFO: [ view_filter ] --END-- [ RunTime:0.000000s ]
INFO: [ app_end ] --START--
INFO: Run Behavior\ShowPageTraceBehavior [ RunTime:0.000000s ]
INFO: [ app_end ] --END-- [ RunTime:0.000000s ]

[ 2017-02-03T11:26:01+08:00 ] 127.0.0.1 /admin.php/Items
INFO: [ app_init ] --START--
INFO: Run Behavior\BuildLiteBehavior [ RunTime:0.000000s ]
INFO: [ app_init ] --END-- [ RunTime:0.000000s ]
INFO: [ app_begin ] --START--
INFO: Run Behavior\ReadHtmlCacheBehavior [ RunTime:0.001000s ]
INFO: [ app_begin ] --END-- [ RunTime:0.001000s ]
NOTIC: [8] Undefined index: search C:\phpstudy\WWW\tp\qidian\Application\Admin\Controller\ItemsController.class.php 第 13 行.
NOTIC: [8] Undefined variable: where C:\phpstudy\WWW\tp\qidian\Application\Admin\Controller\ItemsController.class.php 第 16 行.
SQL: SHOW COLUMNS FROM `qd_items` [ RunTime:0.0040s ]
SQL: SELECT COUNT(*) AS tp_count FROM `qd_items` LIMIT 1   [ RunTime:0.0010s ]
NOTIC: [8] Undefined variable: where C:\phpstudy\WWW\tp\qidian\Application\Admin\Controller\ItemsController.class.php 第 30 行.
SQL: SELECT * FROM `qd_items` LIMIT 0,10   [ RunTime:0.0010s ]
SQL: SELECT * FROM `qd_items` WHERE ( id=1 ) LIMIT 1   [ RunTime:0.0010s ]
SQL: SELECT * FROM `qd_items` WHERE ( id=1 ) LIMIT 1   [ RunTime:0.0000s ]
SQL: SELECT * FROM `qd_items` WHERE ( id=10 ) LIMIT 1   [ RunTime:0.0000s ]
SQL: SELECT * FROM `qd_items` WHERE ( id=10 ) LIMIT 1   [ RunTime:0.0010s ]
INFO: [ view_parse ] --START--
INFO: [ template_filter ] --START--
INFO: Run Behavior\ContentReplaceBehavior [ RunTime:0.000000s ]
INFO: [ template_filter ] --END-- [ RunTime:0.000000s ]
INFO: Run Behavior\ParseTemplateBehavior [ RunTime:0.006000s ]
INFO: [ view_parse ] --END-- [ RunTime:0.006000s ]
INFO: [ view_filter ] --START--
INFO: Run Behavior\WriteHtmlCacheBehavior [ RunTime:0.000000s ]
INFO: [ view_filter ] --END-- [ RunTime:0.000000s ]
INFO: [ app_end ] --START--
INFO: Run Behavior\ShowPageTraceBehavior [ RunTime:0.000000s ]
INFO: [ app_end ] --END-- [ RunTime:0.000000s ]

[ 2017-02-03T11:26:50+08:00 ] 127.0.0.1 /admin.php/Items/edit
INFO: [ app_init ] --START--
INFO: Run Behavior\BuildLiteBehavior [ RunTime:0.000000s ]
INFO: [ app_init ] --END-- [ RunTime:0.001000s ]
INFO: [ app_begin ] --START--
INFO: Run Behavior\ReadHtmlCacheBehavior [ RunTime:0.001000s ]
INFO: [ app_begin ] --END-- [ RunTime:0.001000s ]
NOTIC: [8] Undefined index: id C:\phpstudy\WWW\tp\qidian\Application\Admin\Controller\ItemsController.class.php 第 46 行.
SQL: SHOW COLUMNS FROM `qd_items` [ RunTime:0.0040s ]
SQL: SELECT * FROM `qd_items` WHERE ( pid=0 )  [ RunTime:0.0000s ]
SQL: SELECT * FROM `qd_items` WHERE ( pid=1 )  [ RunTime:0.0010s ]
SQL: SELECT * FROM `qd_items` WHERE ( pid=2 )  [ RunTime:0.0000s ]
SQL: SELECT * FROM `qd_items` WHERE ( pid=3 )  [ RunTime:0.0000s ]
SQL: SELECT * FROM `qd_items` WHERE ( pid=4 )  [ RunTime:0.0010s ]
SQL: SELECT * FROM `qd_items` WHERE ( pid=10 )  [ RunTime:0.0010s ]
SQL: SELECT * FROM `qd_items` WHERE ( pid=9 )  [ RunTime:0.0000s ]
SQL: SELECT * FROM `qd_items` WHERE ( pid=11 )  [ RunTime:0.0010s ]
INFO: [ view_parse ] --START--
INFO: [ template_filter ] --START--
INFO: Run Behavior\ContentReplaceBehavior [ RunTime:0.000000s ]
INFO: [ template_filter ] --END-- [ RunTime:0.001000s ]
NOTIC: [8] Undefined variable: list C:\phpstudy\WWW\tp\qidian\Application\Runtime\Cache\Admin\2de17912e750364dae0019bb790050be.php 第 51 行.
NOTIC: [8] Undefined variable: list C:\phpstudy\WWW\tp\qidian\Application\Runtime\Cache\Admin\2de17912e750364dae0019bb790050be.php 第 53 行.
NOTIC: [8] Undefined variable: list C:\phpstudy\WWW\tp\qidian\Application\Runtime\Cache\Admin\2de17912e750364dae0019bb790050be.php 第 53 行.
NOTIC: [8] Undefined variable: list C:\phpstudy\WWW\tp\qidian\Application\Runtime\Cache\Admin\2de17912e750364dae0019bb790050be.php 第 53 行.
NOTIC: [8] Undefined variable: list C:\phpstudy\WWW\tp\qidian\Application\Runtime\Cache\Admin\2de17912e750364dae0019bb790050be.php 第 53 行.
NOTIC: [8] Undefined variable: list C:\phpstudy\WWW\tp\qidian\Application\Runtime\Cache\Admin\2de17912e750364dae0019bb790050be.php 第 53 行.
NOTIC: [8] Undefined variable: list C:\phpstudy\WWW\tp\qidian\Application\Runtime\Cache\Admin\2de17912e750364dae0019bb790050be.php 第 53 行.
NOTIC: [8] Undefined variable: list C:\phpstudy\WWW\tp\qidian\Application\Runtime\Cache\Admin\2de17912e750364dae0019bb790050be.php 第 53 行.
NOTIC: [8] Undefined variable: list C:\phpstudy\WWW\tp\qidian\Application\Runtime\Cache\Admin\2de17912e750364dae0019bb790050be.php 第 59 行.
NOTIC: [8] Undefined variable: list C:\phpstudy\WWW\tp\qidian\Application\Runtime\Cache\Admin\2de17912e750364dae0019bb790050be.php 第 63 行.
INFO: Run Behavior\ParseTemplateBehavior [ RunTime:0.006000s ]
INFO: [ view_parse ] --END-- [ RunTime:0.006000s ]
INFO: [ view_filter ] --START--
INFO: Run Behavior\WriteHtmlCacheBehavior [ RunTime:0.001000s ]
INFO: [ view_filter ] --END-- [ RunTime:0.001000s ]
INFO: [ app_end ] --START--
INFO: Run Behavior\ShowPageTraceBehavior [ RunTime:0.000000s ]
INFO: [ app_end ] --END-- [ RunTime:0.000000s ]

[ 2017-02-03T11:28:01+08:00 ] 127.0.0.1 /admin.php/Items
INFO: [ app_init ] --START--
INFO: Run Behavior\BuildLiteBehavior [ RunTime:0.000000s ]
INFO: [ app_init ] --END-- [ RunTime:0.001000s ]
INFO: [ app_begin ] --START--
INFO: Run Behavior\ReadHtmlCacheBehavior [ RunTime:0.000000s ]
INFO: [ app_begin ] --END-- [ RunTime:0.000000s ]
NOTIC: [8] Undefined index: search C:\phpstudy\WWW\tp\qidian\Application\Admin\Controller\ItemsController.class.php 第 13 行.
NOTIC: [8] Undefined variable: where C:\phpstudy\WWW\tp\qidian\Application\Admin\Controller\ItemsController.class.php 第 16 行.
SQL: SHOW COLUMNS FROM `qd_items` [ RunTime:0.0060s ]
SQL: SELECT COUNT(*) AS tp_count FROM `qd_items` LIMIT 1   [ RunTime:0.0010s ]
NOTIC: [8] Undefined variable: where C:\phpstudy\WWW\tp\qidian\Application\Admin\Controller\ItemsController.class.php 第 30 行.
SQL: SELECT * FROM `qd_items` LIMIT 0,10   [ RunTime:0.0010s ]
SQL: SELECT * FROM `qd_items` WHERE ( id=1 ) LIMIT 1   [ RunTime:0.0010s ]
SQL: SELECT * FROM `qd_items` WHERE ( id=1 ) LIMIT 1   [ RunTime:0.0010s ]
SQL: SELECT * FROM `qd_items` WHERE ( id=10 ) LIMIT 1   [ RunTime:0.0000s ]
SQL: SELECT * FROM `qd_items` WHERE ( id=10 ) LIMIT 1   [ RunTime:0.0010s ]
INFO: [ view_parse ] --START--
INFO: [ template_filter ] --START--
INFO: Run Behavior\ContentReplaceBehavior [ RunTime:0.000000s ]
INFO: [ template_filter ] --END-- [ RunTime:0.000000s ]
INFO: Run Behavior\ParseTemplateBehavior [ RunTime:0.006000s ]
INFO: [ view_parse ] --END-- [ RunTime:0.006000s ]
INFO: [ view_filter ] --START--
INFO: Run Behavior\WriteHtmlCacheBehavior [ RunTime:0.000000s ]
INFO: [ view_filter ] --END-- [ RunTime:0.000000s ]
INFO: [ app_end ] --START--
INFO: Run Behavior\ShowPageTraceBehavior [ RunTime:0.001000s ]
INFO: [ app_end ] --END-- [ RunTime:0.001000s ]

[ 2017-02-03T11:37:16+08:00 ] 127.0.0.1 /admin.php/News
INFO: [ app_init ] --START--
INFO: Run Behavior\BuildLiteBehavior [ RunTime:0.000000s ]
INFO: [ app_init ] --END-- [ RunTime:0.001000s ]
INFO: [ app_begin ] --START--
INFO: Run Behavior\ReadHtmlCacheBehavior [ RunTime:0.001000s ]
INFO: [ app_begin ] --END-- [ RunTime:0.001000s ]
NOTIC: [8] Undefined index: search C:\phpstudy\WWW\tp\qidian\Application\Admin\Controller\NewsController.class.php 第 18 行.
NOTIC: [8] Undefined variable: where C:\phpstudy\WWW\tp\qidian\Application\Admin\Controller\NewsController.class.php 第 21 行.
SQL: SHOW COLUMNS FROM `qd_news` [ RunTime:0.0030s ]
NOTIC: [8] Undefined variable: where C:\phpstudy\WWW\tp\qidian\Application\Admin\Controller\NewsController.class.php 第 25 行.
SQL: SELECT COUNT(*) AS tp_count FROM `qd_news` LIMIT 1   [ RunTime:0.0010s ]
NOTIC: [8] Undefined variable: where C:\phpstudy\WWW\tp\qidian\Application\Admin\Controller\NewsController.class.php 第 34 行.
SQL: SELECT * FROM `qd_news` ORDER BY id desc LIMIT 0,10   [ RunTime:0.0010s ]
SQL: SHOW COLUMNS FROM `qd_items` [ RunTime:0.0040s ]
SQL: SELECT * FROM `qd_items` WHERE ( id=4 ) LIMIT 1   [ RunTime:0.0010s ]
SQL: SELECT * FROM `qd_items` WHERE ( id=4 ) LIMIT 1   [ RunTime:0.0000s ]
SQL: SELECT * FROM `qd_items` WHERE ( id=9 ) LIMIT 1   [ RunTime:0.0000s ]
SQL: SELECT * FROM `qd_items` WHERE ( id=4 ) LIMIT 1   [ RunTime:0.0000s ]
SQL: SELECT * FROM `qd_items` WHERE ( id=4 ) LIMIT 1   [ RunTime:0.0000s ]
SQL: SELECT * FROM `qd_items` WHERE ( id=4 ) LIMIT 1   [ RunTime:0.0000s ]
SQL: SELECT * FROM `qd_items` WHERE ( id=2 ) LIMIT 1   [ RunTime:0.0000s ]
SQL: SELECT * FROM `qd_items` WHERE ( id=2 ) LIMIT 1   [ RunTime:0.0000s ]
SQL: SELECT * FROM `qd_items` WHERE ( id=2 ) LIMIT 1   [ RunTime:0.0000s ]
SQL: SELECT * FROM `qd_items` WHERE ( id=2 ) LIMIT 1   [ RunTime:0.0000s ]
SQL: SELECT * FROM `qd_items` WHERE ( pid=0 )  [ RunTime:0.0000s ]
SQL: SELECT * FROM `qd_items` WHERE ( pid=1 )  [ RunTime:0.0000s ]
SQL: SELECT * FROM `qd_items` WHERE ( pid=2 )  [ RunTime:0.0000s ]
SQL: SELECT * FROM `qd_items` WHERE ( pid=3 )  [ RunTime:0.0000s ]
SQL: SELECT * FROM `qd_items` WHERE ( pid=4 )  [ RunTime:0.0000s ]
SQL: SELECT * FROM `qd_items` WHERE ( pid=10 )  [ RunTime:0.0000s ]
SQL: SELECT * FROM `qd_items` WHERE ( pid=9 )  [ RunTime:0.0000s ]
SQL: SELECT * FROM `qd_items` WHERE ( pid=11 )  [ RunTime:0.0000s ]
INFO: [ view_parse ] --START--
INFO: [ template_filter ] --START--
INFO: Run Behavior\ContentReplaceBehavior [ RunTime:0.000000s ]
INFO: [ template_filter ] --END-- [ RunTime:0.000000s ]
INFO: Run Behavior\ParseTemplateBehavior [ RunTime:0.007000s ]
INFO: [ view_parse ] --END-- [ RunTime:0.007000s ]
INFO: [ view_filter ] --START--
INFO: Run Behavior\WriteHtmlCacheBehavior [ RunTime:0.001000s ]
INFO: [ view_filter ] --END-- [ RunTime:0.001000s ]
INFO: [ app_end ] --START--
INFO: Run Behavior\ShowPageTraceBehavior [ RunTime:0.000000s ]
INFO: [ app_end ] --END-- [ RunTime:0.000000s ]

[ 2017-02-03T11:37:19+08:00 ] 127.0.0.1 /admin.php/News/edit/id/10
INFO: [ app_init ] --START--
INFO: Run Behavior\BuildLiteBehavior [ RunTime:0.000000s ]
INFO: [ app_init ] --END-- [ RunTime:0.000000s ]
INFO: [ app_begin ] --START--
INFO: Run Behavior\ReadHtmlCacheBehavior [ RunTime:0.000000s ]
INFO: [ app_begin ] --END-- [ RunTime:0.001000s ]
SQL: SHOW COLUMNS FROM `qd_news` [ RunTime:0.0040s ]
SQL: SELECT * FROM `qd_news` WHERE ( id=10 ) LIMIT 1   [ RunTime:0.0000s ]
SQL: SHOW COLUMNS FROM `qd_items` [ RunTime:0.0040s ]
SQL: SELECT * FROM `qd_items` WHERE ( pid=0 )  [ RunTime:0.0000s ]
SQL: SELECT * FROM `qd_items` WHERE ( pid=1 )  [ RunTime:0.0000s ]
SQL: SELECT * FROM `qd_items` WHERE ( pid=2 )  [ RunTime:0.0000s ]
SQL: SELECT * FROM `qd_items` WHERE ( pid=3 )  [ RunTime:0.0000s ]
SQL: SELECT * FROM `qd_items` WHERE ( pid=4 )  [ RunTime:0.0000s ]
SQL: SELECT * FROM `qd_items` WHERE ( pid=10 )  [ RunTime:0.0000s ]
SQL: SELECT * FROM `qd_items` WHERE ( pid=9 )  [ RunTime:0.0000s ]
SQL: SELECT * FROM `qd_items` WHERE ( pid=11 )  [ RunTime:0.0000s ]
INFO: [ view_parse ] --START--
INFO: [ template_filter ] --START--
INFO: Run Behavior\ContentReplaceBehavior [ RunTime:0.001000s ]
INFO: [ template_filter ] --END-- [ RunTime:0.001000s ]
INFO: Run Behavior\ParseTemplateBehavior [ RunTime:0.006000s ]
INFO: [ view_parse ] --END-- [ RunTime:0.006000s ]
INFO: [ view_filter ] --START--
INFO: Run Behavior\WriteHtmlCacheBehavior [ RunTime:0.000000s ]
INFO: [ view_filter ] --END-- [ RunTime:0.000000s ]
INFO: [ app_end ] --START--
INFO: Run Behavior\ShowPageTraceBehavior [ RunTime:0.001000s ]
INFO: [ app_end ] --END-- [ RunTime:0.001000s ]

[ 2017-02-03T13:08:40+08:00 ] 127.0.0.1 /admin.php/News
INFO: [ app_init ] --START--
INFO: Run Behavior\BuildLiteBehavior [ RunTime:0.000000s ]
INFO: [ app_init ] --END-- [ RunTime:0.000000s ]
INFO: [ app_begin ] --START--
INFO: Run Behavior\ReadHtmlCacheBehavior [ RunTime:0.000000s ]
INFO: [ app_begin ] --END-- [ RunTime:0.001000s ]
NOTIC: [8] Undefined index: search C:\phpstudy\WWW\tp\qidian\Application\Admin\Controller\NewsController.class.php 第 18 行.
NOTIC: [8] Undefined variable: where C:\phpstudy\WWW\tp\qidian\Application\Admin\Controller\NewsController.class.php 第 21 行.
SQL: SHOW COLUMNS FROM `qd_news` [ RunTime:0.0050s ]
NOTIC: [8] Undefined variable: where C:\phpstudy\WWW\tp\qidian\Application\Admin\Controller\NewsController.class.php 第 25 行.
SQL: SELECT COUNT(*) AS tp_count FROM `qd_news` LIMIT 1   [ RunTime:0.0000s ]
NOTIC: [8] Undefined variable: where C:\phpstudy\WWW\tp\qidian\Application\Admin\Controller\NewsController.class.php 第 34 行.
SQL: SELECT * FROM `qd_news` ORDER BY id desc LIMIT 0,10   [ RunTime:0.0010s ]
SQL: SHOW COLUMNS FROM `qd_items` [ RunTime:0.0040s ]
SQL: SELECT * FROM `qd_items` WHERE ( id=4 ) LIMIT 1   [ RunTime:0.0010s ]
SQL: SELECT * FROM `qd_items` WHERE ( id=4 ) LIMIT 1   [ RunTime:0.0000s ]
SQL: SELECT * FROM `qd_items` WHERE ( id=9 ) LIMIT 1   [ RunTime:0.0000s ]
SQL: SELECT * FROM `qd_items` WHERE ( id=4 ) LIMIT 1   [ RunTime:0.0000s ]
SQL: SELECT * FROM `qd_items` WHERE ( id=4 ) LIMIT 1   [ RunTime:0.0000s ]
SQL: SELECT * FROM `qd_items` WHERE ( id=4 ) LIMIT 1   [ RunTime:0.0000s ]
SQL: SELECT * FROM `qd_items` WHERE ( id=2 ) LIMIT 1   [ RunTime:0.0000s ]
SQL: SELECT * FROM `qd_items` WHERE ( id=2 ) LIMIT 1   [ RunTime:0.0010s ]
SQL: SELECT * FROM `qd_items` WHERE ( id=2 ) LIMIT 1   [ RunTime:0.0000s ]
SQL: SELECT * FROM `qd_items` WHERE ( id=2 ) LIMIT 1   [ RunTime:0.0000s ]
SQL: SELECT * FROM `qd_items` WHERE ( pid=0 )  [ RunTime:0.0000s ]
SQL: SELECT * FROM `qd_items` WHERE ( pid=1 )  [ RunTime:0.0000s ]
SQL: SELECT * FROM `qd_items` WHERE ( pid=2 )  [ RunTime:0.0000s ]
SQL: SELECT * FROM `qd_items` WHERE ( pid=3 )  [ RunTime:0.0000s ]
SQL: SELECT * FROM `qd_items` WHERE ( pid=4 )  [ RunTime:0.0000s ]
SQL: SELECT * FROM `qd_items` WHERE ( pid=10 )  [ RunTime:0.0010s ]
SQL: SELECT * FROM `qd_items` WHERE ( pid=9 )  [ RunTime:0.0000s ]
SQL: SELECT * FROM `qd_items` WHERE ( pid=11 )  [ RunTime:0.0000s ]
INFO: [ view_parse ] --START--
INFO: [ template_filter ] --START--
INFO: Run Behavior\ContentReplaceBehavior [ RunTime:0.000000s ]
INFO: [ template_filter ] --END-- [ RunTime:0.000000s ]
INFO: Run Behavior\ParseTemplateBehavior [ RunTime:0.008000s ]
INFO: [ view_parse ] --END-- [ RunTime:0.008000s ]
INFO: [ view_filter ] --START--
INFO: Run Behavior\WriteHtmlCacheBehavior [ RunTime:0.001000s ]
INFO: [ view_filter ] --END-- [ RunTime:0.001000s ]
INFO: [ app_end ] --START--
INFO: Run Behavior\ShowPageTraceBehavior [ RunTime:0.000000s ]
INFO: [ app_end ] --END-- [ RunTime:0.000000s ]

[ 2017-02-03T13:28:09+08:00 ] 127.0.0.1 /admin.php
INFO: [ app_init ] --START--
INFO: Run Behavior\BuildLiteBehavior [ RunTime:0.000000s ]
INFO: [ app_init ] --END-- [ RunTime:0.000000s ]
INFO: [ app_begin ] --START--
INFO: Run Behavior\ReadHtmlCacheBehavior [ RunTime:0.000000s ]
INFO: [ app_begin ] --END-- [ RunTime:0.001000s ]
INFO: [ view_parse ] --START--
INFO: [ template_filter ] --START--
INFO: Run Behavior\ContentReplaceBehavior [ RunTime:0.000000s ]
INFO: [ template_filter ] --END-- [ RunTime:0.000000s ]
INFO: Run Behavior\ParseTemplateBehavior [ RunTime:0.005000s ]
INFO: [ view_parse ] --END-- [ RunTime:0.005000s ]
INFO: [ view_filter ] --START--
INFO: Run Behavior\WriteHtmlCacheBehavior [ RunTime:0.001000s ]
INFO: [ view_filter ] --END-- [ RunTime:0.001000s ]
INFO: [ app_end ] --START--
INFO: Run Behavior\ShowPageTraceBehavior [ RunTime:0.000000s ]
INFO: [ app_end ] --END-- [ RunTime:0.000000s ]

[ 2017-02-03T13:28:17+08:00 ] 127.0.0.1 /admin.php/Login/login
INFO: [ app_init ] --START--
INFO: Run Behavior\BuildLiteBehavior [ RunTime:0.000000s ]
INFO: [ app_init ] --END-- [ RunTime:0.000000s ]
INFO: [ app_begin ] --START--
INFO: Run Behavior\ReadHtmlCacheBehavior [ RunTime:0.000000s ]
INFO: [ app_begin ] --END-- [ RunTime:0.001000s ]
SQL: SHOW COLUMNS FROM `qd_users` [ RunTime:0.0050s ]
SQL: SELECT * FROM `qd_users` WHERE `account` = 'admin' AND `password` = 'e10adc3949ba59abbe56e057f20f883e' LIMIT 1   [ RunTime:0.0000s ]
SQL: UPDATE `qd_users` SET `last_login`='2017-02-03 13:28:17',`ip`='127.0.0.1' WHERE ( id=1 ) [ RunTime:0.0000s ]

[ 2017-02-03T13:28:17+08:00 ] 127.0.0.1 /admin.php/Login/loginIn
INFO: [ app_init ] --START--
INFO: Run Behavior\BuildLiteBehavior [ RunTime:0.000000s ]
INFO: [ app_init ] --END-- [ RunTime:0.001000s ]
INFO: [ app_begin ] --START--
INFO: Run Behavior\ReadHtmlCacheBehavior [ RunTime:0.001000s ]
INFO: [ app_begin ] --END-- [ RunTime:0.001000s ]

[ 2017-02-03T13:28:17+08:00 ] 127.0.0.1 /admin.php/Info/index.html
INFO: [ app_init ] --START--
INFO: Run Behavior\BuildLiteBehavior [ RunTime:0.000000s ]
INFO: [ app_init ] --END-- [ RunTime:0.000000s ]
INFO: [ app_begin ] --START--
INFO: Run Behavior\ReadHtmlCacheBehavior [ RunTime:0.000000s ]
INFO: [ app_begin ] --END-- [ RunTime:0.000000s ]
INFO: [ view_parse ] --START--
INFO: [ template_filter ] --START--
INFO: Run Behavior\ContentReplaceBehavior [ RunTime:0.000000s ]
INFO: [ template_filter ] --END-- [ RunTime:0.000000s ]
INFO: Run Behavior\ParseTemplateBehavior [ RunTime:0.004000s ]
INFO: [ view_parse ] --END-- [ RunTime:0.004000s ]
INFO: [ view_filter ] --START--
INFO: Run Behavior\WriteHtmlCacheBehavior [ RunTime:0.000000s ]
INFO: [ view_filter ] --END-- [ RunTime:0.000000s ]
INFO: [ app_end ] --START--
INFO: Run Behavior\ShowPageTraceBehavior [ RunTime:0.000000s ]
INFO: [ app_end ] --END-- [ RunTime:0.000000s ]

[ 2017-02-03T13:28:17+08:00 ] 127.0.0.1 /admin.php/Base/left
INFO: [ app_init ] --START--
INFO: Run Behavior\BuildLiteBehavior [ RunTime:0.000000s ]
INFO: [ app_init ] --END-- [ RunTime:0.000000s ]
INFO: [ app_begin ] --START--
INFO: Run Behavior\ReadHtmlCacheBehavior [ RunTime:0.001000s ]
INFO: [ app_begin ] --END-- [ RunTime:0.001000s ]
INFO: [ view_parse ] --START--
INFO: [ template_filter ] --START--
INFO: Run Behavior\ContentReplaceBehavior [ RunTime:0.000000s ]
INFO: [ template_filter ] --END-- [ RunTime:0.000000s ]
INFO: Run Behavior\ParseTemplateBehavior [ RunTime:0.007000s ]
INFO: [ view_parse ] --END-- [ RunTime:0.007000s ]
INFO: [ view_filter ] --START--
INFO: Run Behavior\WriteHtmlCacheBehavior [ RunTime:0.000000s ]
INFO: [ view_filter ] --END-- [ RunTime:0.000000s ]
INFO: [ app_end ] --START--
INFO: Run Behavior\ShowPageTraceBehavior [ RunTime:0.001000s ]
INFO: [ app_end ] --END-- [ RunTime:0.001000s ]

[ 2017-02-03T13:28:18+08:00 ] 127.0.0.1 /admin.php/Base/head
INFO: [ app_init ] --START--
INFO: Run Behavior\BuildLiteBehavior [ RunTime:0.000000s ]
INFO: [ app_init ] --END-- [ RunTime:0.001000s ]
INFO: [ app_begin ] --START--
INFO: Run Behavior\ReadHtmlCacheBehavior [ RunTime:0.001000s ]
INFO: [ app_begin ] --END-- [ RunTime:0.001000s ]
INFO: [ view_parse ] --START--
INFO: [ template_filter ] --START--
INFO: Run Behavior\ContentReplaceBehavior [ RunTime:0.000000s ]
INFO: [ template_filter ] --END-- [ RunTime:0.000000s ]
INFO: Run Behavior\ParseTemplateBehavior [ RunTime:0.008000s ]
INFO: [ view_parse ] --END-- [ RunTime:0.008000s ]
INFO: [ view_filter ] --START--
INFO: Run Behavior\WriteHtmlCacheBehavior [ RunTime:0.001000s ]
INFO: [ view_filter ] --END-- [ RunTime:0.001000s ]
INFO: [ app_end ] --START--
INFO: Run Behavior\ShowPageTraceBehavior [ RunTime:0.001000s ]
INFO: [ app_end ] --END-- [ RunTime:0.001000s ]

[ 2017-02-03T13:28:18+08:00 ] 127.0.0.1 /admin.php/Info/index1
INFO: [ app_init ] --START--
INFO: Run Behavior\BuildLiteBehavior [ RunTime:0.000000s ]
INFO: [ app_init ] --END-- [ RunTime:0.001000s ]
INFO: [ app_begin ] --START--
INFO: Run Behavior\ReadHtmlCacheBehavior [ RunTime:0.001000s ]
INFO: [ app_begin ] --END-- [ RunTime:0.001000s ]
SQL: SHOW COLUMNS FROM `qd_news` [ RunTime:0.0070s ]
SQL: SELECT COUNT(*) AS tp_count FROM `qd_news` LIMIT 1   [ RunTime:0.0000s ]
SQL: SHOW COLUMNS FROM `qd_users` [ RunTime:0.0080s ]
SQL: SELECT COUNT(*) AS tp_count FROM `qd_users` LIMIT 1   [ RunTime:0.0000s ]
SQL: SHOW COLUMNS FROM `qd_emails` [ RunTime:0.0080s ]
SQL: SELECT COUNT(*) AS tp_count FROM `qd_emails` LIMIT 1   [ RunTime:0.0020s ]
SQL: SELECT COUNT(*) AS tp_count FROM `qd_emails` WHERE ( status = 0 ) LIMIT 1   [ RunTime:0.0010s ]
INFO: [ view_parse ] --START--
INFO: [ template_filter ] --START--
INFO: Run Behavior\ContentReplaceBehavior [ RunTime:0.000000s ]
INFO: [ template_filter ] --END-- [ RunTime:0.000000s ]
INFO: Run Behavior\ParseTemplateBehavior [ RunTime:0.009000s ]
INFO: [ view_parse ] --END-- [ RunTime:0.009000s ]
INFO: [ view_filter ] --START--
INFO: Run Behavior\WriteHtmlCacheBehavior [ RunTime:0.000000s ]
INFO: [ view_filter ] --END-- [ RunTime:0.000000s ]
INFO: [ app_end ] --START--
INFO: Run Behavior\ShowPageTraceBehavior [ RunTime:0.000000s ]
INFO: [ app_end ] --END-- [ RunTime:0.000000s ]

[ 2017-02-03T13:32:47+08:00 ] 127.0.0.1 /admin.php/Login/LoginOut
INFO: [ app_init ] --START--
INFO: Run Behavior\BuildLiteBehavior [ RunTime:0.000000s ]
INFO: [ app_init ] --END-- [ RunTime:0.000000s ]
INFO: [ app_begin ] --START--
INFO: Run Behavior\ReadHtmlCacheBehavior [ RunTime:0.001000s ]
INFO: [ app_begin ] --END-- [ RunTime:0.001000s ]

[ 2017-02-03T13:32:47+08:00 ] 127.0.0.1 /admin.php/Login/index.html
INFO: [ app_init ] --START--
INFO: Run Behavior\BuildLiteBehavior [ RunTime:0.000000s ]
INFO: [ app_init ] --END-- [ RunTime:0.000000s ]
INFO: [ app_begin ] --START--
INFO: Run Behavior\ReadHtmlCacheBehavior [ RunTime:0.000000s ]
INFO: [ app_begin ] --END-- [ RunTime:0.000000s ]
INFO: [ view_parse ] --START--
INFO: [ template_filter ] --START--
INFO: Run Behavior\ContentReplaceBehavior [ RunTime:0.001000s ]
INFO: [ template_filter ] --END-- [ RunTime:0.001000s ]
INFO: Run Behavior\ParseTemplateBehavior [ RunTime:0.005000s ]
INFO: [ view_parse ] --END-- [ RunTime:0.005000s ]
INFO: [ view_filter ] --START--
INFO: Run Behavior\WriteHtmlCacheBehavior [ RunTime:0.000000s ]
INFO: [ view_filter ] --END-- [ RunTime:0.000000s ]
INFO: [ app_end ] --START--
INFO: Run Behavior\ShowPageTraceBehavior [ RunTime:0.001000s ]
INFO: [ app_end ] --END-- [ RunTime:0.001000s ]

