[ 2016-12-30T09:20:08+08:00 ] 127.0.0.1 /
INFO: [ app_init ] --START--
INFO: Run Behavior\BuildLiteBehavior [ RunTime:0.000000s ]
INFO: [ app_init ] --END-- [ RunTime:0.001000s ]
INFO: [ app_begin ] --START--
INFO: Run Behavior\ReadHtmlCacheBehavior [ RunTime:0.000000s ]
INFO: [ app_begin ] --END-- [ RunTime:0.000000s ]
SQL: SHOW COLUMNS FROM `qd_items` [ RunTime:0.0050s ]
SQL: SELECT * FROM `qd_items` WHERE ( pid=4 )  [ RunTime:0.0000s ]
SQL: SHOW COLUMNS FROM `qd_news` [ RunTime:0.0050s ]
SQL: SELECT `id`,`title`,`small_img`,`item_id` FROM `qd_news` WHERE ( item_id =5 )  [ RunTime:0.0010s ]
SQL: SELECT `id`,`title`,`small_img`,`item_id` FROM `qd_news` WHERE ( item_id =6 )  [ RunTime:0.0000s ]
SQL: SELECT `id`,`title`,`small_img`,`item_id` FROM `qd_news` WHERE ( item_id =7 )  [ RunTime:0.0000s ]
SQL: SELECT `id`,`title`,`small_img`,`item_id` FROM `qd_news` WHERE ( item_id =8 )  [ RunTime:0.0000s ]
INFO: [ view_parse ] --START--
INFO: [ template_filter ] --START--
INFO: Run Behavior\ContentReplaceBehavior [ RunTime:0.000000s ]
INFO: [ template_filter ] --END-- [ RunTime:0.000000s ]
INFO: Run Behavior\ParseTemplateBehavior [ RunTime:0.013000s ]
INFO: [ view_parse ] --END-- [ RunTime:0.013000s ]
INFO: [ view_filter ] --START--
INFO: Run Behavior\WriteHtmlCacheBehavior [ RunTime:0.001000s ]
INFO: [ view_filter ] --END-- [ RunTime:0.001000s ]
INFO: [ app_end ] --START--
INFO: Run Behavior\ShowPageTraceBehavior [ RunTime:0.001000s ]
INFO: [ app_end ] --END-- [ RunTime:0.001000s ]

[ 2016-12-30T09:28:13+08:00 ] 127.0.0.1 /
INFO: [ app_init ] --START--
INFO: Run Behavior\BuildLiteBehavior [ RunTime:0.000000s ]
INFO: [ app_init ] --END-- [ RunTime:0.001000s ]
INFO: [ app_begin ] --START--
INFO: Run Behavior\ReadHtmlCacheBehavior [ RunTime:0.001000s ]
INFO: [ app_begin ] --END-- [ RunTime:0.001000s ]
SQL: SHOW COLUMNS FROM `qd_items` [ RunTime:0.0030s ]
SQL: SELECT * FROM `qd_items` WHERE ( pid=4 )  [ RunTime:0.0010s ]
SQL: SHOW COLUMNS FROM `qd_news` [ RunTime:0.0040s ]
SQL: SELECT `id`,`title`,`small_img`,`item_id` FROM `qd_news` WHERE ( item_id =5 )  [ RunTime:0.0000s ]
SQL: SELECT `id`,`title`,`small_img`,`item_id` FROM `qd_news` WHERE ( item_id =6 )  [ RunTime:0.0010s ]
SQL: SELECT `id`,`title`,`small_img`,`item_id` FROM `qd_news` WHERE ( item_id =7 )  [ RunTime:0.0000s ]
SQL: SELECT `id`,`title`,`small_img`,`item_id` FROM `qd_news` WHERE ( item_id =8 )  [ RunTime:0.0000s ]
INFO: [ view_parse ] --START--
INFO: [ template_filter ] --START--
INFO: Run Behavior\ContentReplaceBehavior [ RunTime:0.000000s ]
INFO: [ template_filter ] --END-- [ RunTime:0.000000s ]
INFO: Run Behavior\ParseTemplateBehavior [ RunTime:0.011000s ]
INFO: [ view_parse ] --END-- [ RunTime:0.011000s ]
INFO: [ view_filter ] --START--
INFO: Run Behavior\WriteHtmlCacheBehavior [ RunTime:0.000000s ]
INFO: [ view_filter ] --END-- [ RunTime:0.000000s ]
INFO: [ app_end ] --START--
INFO: Run Behavior\ShowPageTraceBehavior [ RunTime:0.001000s ]
INFO: [ app_end ] --END-- [ RunTime:0.001000s ]

[ 2016-12-30T09:40:26+08:00 ] 127.0.0.1 /News/cpnew
INFO: [ app_init ] --START--
INFO: Run Behavior\BuildLiteBehavior [ RunTime:0.000000s ]
INFO: [ app_init ] --END-- [ RunTime:0.001000s ]
INFO: [ app_begin ] --START--
INFO: Run Behavior\ReadHtmlCacheBehavior [ RunTime:0.001000s ]
INFO: [ app_begin ] --END-- [ RunTime:0.001000s ]
SQL: SHOW COLUMNS FROM `qd_news` [ RunTime:0.0050s ]
SQL: SELECT * FROM `qd_news` WHERE ( id = 7 ) LIMIT 1   [ RunTime:0.0000s ]

[ 2016-12-30T09:50:15+08:00 ] 127.0.0.1 /News/cpnew
INFO: [ app_init ] --START--
INFO: Run Behavior\BuildLiteBehavior [ RunTime:0.000000s ]
INFO: [ app_init ] --END-- [ RunTime:0.000000s ]
INFO: [ app_begin ] --START--
INFO: Run Behavior\ReadHtmlCacheBehavior [ RunTime:0.001000s ]
INFO: [ app_begin ] --END-- [ RunTime:0.001000s ]
SQL: SHOW COLUMNS FROM `qd_news` [ RunTime:0.0040s ]
SQL: SELECT * FROM `qd_news` WHERE ( id = 7 ) LIMIT 1   [ RunTime:0.0020s ]

[ 2016-12-30T09:50:24+08:00 ] 127.0.0.1 /
INFO: [ app_init ] --START--
INFO: Run Behavior\BuildLiteBehavior [ RunTime:0.000000s ]
INFO: [ app_init ] --END-- [ RunTime:0.001000s ]
INFO: [ app_begin ] --START--
INFO: Run Behavior\ReadHtmlCacheBehavior [ RunTime:0.000000s ]
INFO: [ app_begin ] --END-- [ RunTime:0.000000s ]
SQL: SHOW COLUMNS FROM `qd_items` [ RunTime:0.0040s ]
SQL: SELECT * FROM `qd_items` WHERE ( pid=4 )  [ RunTime:0.0010s ]
SQL: SHOW COLUMNS FROM `qd_news` [ RunTime:0.0030s ]
SQL: SELECT `id`,`title`,`small_img`,`item_id` FROM `qd_news` WHERE ( item_id =5 )  [ RunTime:0.0010s ]
SQL: SELECT `id`,`title`,`small_img`,`item_id` FROM `qd_news` WHERE ( item_id =6 )  [ RunTime:0.0000s ]
SQL: SELECT `id`,`title`,`small_img`,`item_id` FROM `qd_news` WHERE ( item_id =7 )  [ RunTime:0.0000s ]
SQL: SELECT `id`,`title`,`small_img`,`item_id` FROM `qd_news` WHERE ( item_id =8 )  [ RunTime:0.0000s ]
INFO: [ view_parse ] --START--
INFO: [ template_filter ] --START--
INFO: Run Behavior\ContentReplaceBehavior [ RunTime:0.000000s ]
INFO: [ template_filter ] --END-- [ RunTime:0.000000s ]
INFO: Run Behavior\ParseTemplateBehavior [ RunTime:0.011000s ]
INFO: [ view_parse ] --END-- [ RunTime:0.011000s ]
INFO: [ view_filter ] --START--
INFO: Run Behavior\WriteHtmlCacheBehavior [ RunTime:0.001000s ]
INFO: [ view_filter ] --END-- [ RunTime:0.001000s ]
INFO: [ app_end ] --START--
INFO: Run Behavior\ShowPageTraceBehavior [ RunTime:0.000000s ]
INFO: [ app_end ] --END-- [ RunTime:0.000000s ]

[ 2016-12-30T09:50:27+08:00 ] 127.0.0.1 /
INFO: [ app_init ] --START--
INFO: Run Behavior\BuildLiteBehavior [ RunTime:0.000000s ]
INFO: [ app_init ] --END-- [ RunTime:0.000000s ]
INFO: [ app_begin ] --START--
INFO: Run Behavior\ReadHtmlCacheBehavior [ RunTime:0.001000s ]
INFO: [ app_begin ] --END-- [ RunTime:0.001000s ]
SQL: SHOW COLUMNS FROM `qd_items` [ RunTime:0.0030s ]
SQL: SELECT * FROM `qd_items` WHERE ( pid=4 )  [ RunTime:0.0000s ]
SQL: SHOW COLUMNS FROM `qd_news` [ RunTime:0.0040s ]
SQL: SELECT `id`,`title`,`small_img`,`item_id` FROM `qd_news` WHERE ( item_id =5 )  [ RunTime:0.0000s ]
SQL: SELECT `id`,`title`,`small_img`,`item_id` FROM `qd_news` WHERE ( item_id =6 )  [ RunTime:0.0010s ]
SQL: SELECT `id`,`title`,`small_img`,`item_id` FROM `qd_news` WHERE ( item_id =7 )  [ RunTime:0.0000s ]
SQL: SELECT `id`,`title`,`small_img`,`item_id` FROM `qd_news` WHERE ( item_id =8 )  [ RunTime:0.0010s ]
INFO: [ view_parse ] --START--
INFO: [ template_filter ] --START--
INFO: Run Behavior\ContentReplaceBehavior [ RunTime:0.000000s ]
INFO: [ template_filter ] --END-- [ RunTime:0.000000s ]
INFO: Run Behavior\ParseTemplateBehavior [ RunTime:0.010000s ]
INFO: [ view_parse ] --END-- [ RunTime:0.010000s ]
INFO: [ view_filter ] --START--
INFO: Run Behavior\WriteHtmlCacheBehavior [ RunTime:0.000000s ]
INFO: [ view_filter ] --END-- [ RunTime:0.000000s ]
INFO: [ app_end ] --START--
INFO: Run Behavior\ShowPageTraceBehavior [ RunTime:0.001000s ]
INFO: [ app_end ] --END-- [ RunTime:0.001000s ]

[ 2016-12-30T09:50:49+08:00 ] 127.0.0.1 /
INFO: [ app_init ] --START--
INFO: Run Behavior\BuildLiteBehavior [ RunTime:0.000000s ]
INFO: [ app_init ] --END-- [ RunTime:0.000000s ]
INFO: [ app_begin ] --START--
INFO: Run Behavior\ReadHtmlCacheBehavior [ RunTime:0.001000s ]
INFO: [ app_begin ] --END-- [ RunTime:0.001000s ]
SQL: SHOW COLUMNS FROM `qd_items` [ RunTime:0.0050s ]
SQL: SELECT * FROM `qd_items` WHERE ( pid=4 )  [ RunTime:0.0000s ]
SQL: SHOW COLUMNS FROM `qd_news` [ RunTime:0.0050s ]
SQL: SELECT `id`,`title`,`small_img`,`item_id` FROM `qd_news` WHERE ( item_id =5 )  [ RunTime:0.0000s ]
SQL: SELECT `id`,`title`,`small_img`,`item_id` FROM `qd_news` WHERE ( item_id =6 )  [ RunTime:0.0000s ]
SQL: SELECT `id`,`title`,`small_img`,`item_id` FROM `qd_news` WHERE ( item_id =7 )  [ RunTime:0.0000s ]
SQL: SELECT `id`,`title`,`small_img`,`item_id` FROM `qd_news` WHERE ( item_id =8 )  [ RunTime:0.0000s ]
INFO: [ view_parse ] --START--
INFO: [ template_filter ] --START--
INFO: Run Behavior\ContentReplaceBehavior [ RunTime:0.000000s ]
INFO: [ template_filter ] --END-- [ RunTime:0.000000s ]
INFO: Run Behavior\ParseTemplateBehavior [ RunTime:0.010000s ]
INFO: [ view_parse ] --END-- [ RunTime:0.011000s ]
INFO: [ view_filter ] --START--
INFO: Run Behavior\WriteHtmlCacheBehavior [ RunTime:0.001000s ]
INFO: [ view_filter ] --END-- [ RunTime:0.001000s ]
INFO: [ app_end ] --START--
INFO: Run Behavior\ShowPageTraceBehavior [ RunTime:0.001000s ]
INFO: [ app_end ] --END-- [ RunTime:0.001000s ]

[ 2016-12-30T09:50:59+08:00 ] 127.0.0.1 /
INFO: [ app_init ] --START--
INFO: Run Behavior\BuildLiteBehavior [ RunTime:0.000000s ]
INFO: [ app_init ] --END-- [ RunTime:0.001000s ]
INFO: [ app_begin ] --START--
INFO: Run Behavior\ReadHtmlCacheBehavior [ RunTime:0.000000s ]
INFO: [ app_begin ] --END-- [ RunTime:0.000000s ]
SQL: SHOW COLUMNS FROM `qd_items` [ RunTime:0.0040s ]
SQL: SELECT * FROM `qd_items` WHERE ( pid=4 )  [ RunTime:0.0010s ]
SQL: SHOW COLUMNS FROM `qd_news` [ RunTime:0.0030s ]
SQL: SELECT `id`,`title`,`small_img`,`item_id` FROM `qd_news` WHERE ( item_id =5 )  [ RunTime:0.0010s ]
SQL: SELECT `id`,`title`,`small_img`,`item_id` FROM `qd_news` WHERE ( item_id =6 )  [ RunTime:0.0000s ]
SQL: SELECT `id`,`title`,`small_img`,`item_id` FROM `qd_news` WHERE ( item_id =7 )  [ RunTime:0.0000s ]
SQL: SELECT `id`,`title`,`small_img`,`item_id` FROM `qd_news` WHERE ( item_id =8 )  [ RunTime:0.0000s ]
INFO: [ view_parse ] --START--
INFO: [ template_filter ] --START--
INFO: Run Behavior\ContentReplaceBehavior [ RunTime:0.000000s ]
INFO: [ template_filter ] --END-- [ RunTime:0.000000s ]
INFO: Run Behavior\ParseTemplateBehavior [ RunTime:0.010000s ]
INFO: [ view_parse ] --END-- [ RunTime:0.011000s ]
INFO: [ view_filter ] --START--
INFO: Run Behavior\WriteHtmlCacheBehavior [ RunTime:0.000000s ]
INFO: [ view_filter ] --END-- [ RunTime:0.000000s ]
INFO: [ app_end ] --START--
INFO: Run Behavior\ShowPageTraceBehavior [ RunTime:0.000000s ]
INFO: [ app_end ] --END-- [ RunTime:0.001000s ]

[ 2016-12-30T09:52:04+08:00 ] 127.0.0.1 /
INFO: [ app_init ] --START--
INFO: Run Behavior\BuildLiteBehavior [ RunTime:0.000000s ]
INFO: [ app_init ] --END-- [ RunTime:0.000000s ]
INFO: [ app_begin ] --START--
INFO: Run Behavior\ReadHtmlCacheBehavior [ RunTime:0.000000s ]
INFO: [ app_begin ] --END-- [ RunTime:0.000000s ]
SQL: SHOW COLUMNS FROM `qd_items` [ RunTime:0.0040s ]
SQL: SELECT * FROM `qd_items` WHERE ( pid=4 )  [ RunTime:0.0000s ]
SQL: SHOW COLUMNS FROM `qd_news` [ RunTime:0.0040s ]
SQL: SELECT `id`,`title`,`small_img`,`item_id` FROM `qd_news` WHERE ( item_id =5 )  [ RunTime:0.0010s ]
SQL: SELECT `id`,`title`,`small_img`,`item_id` FROM `qd_news` WHERE ( item_id =6 )  [ RunTime:0.0010s ]
SQL: SELECT `id`,`title`,`small_img`,`item_id` FROM `qd_news` WHERE ( item_id =7 )  [ RunTime:0.0010s ]
SQL: SELECT `id`,`title`,`small_img`,`item_id` FROM `qd_news` WHERE ( item_id =8 )  [ RunTime:0.0010s ]
INFO: [ view_parse ] --START--
INFO: [ template_filter ] --START--
INFO: Run Behavior\ContentReplaceBehavior [ RunTime:0.000000s ]
INFO: [ template_filter ] --END-- [ RunTime:0.000000s ]
INFO: Run Behavior\ParseTemplateBehavior [ RunTime:0.012000s ]
INFO: [ view_parse ] --END-- [ RunTime:0.013000s ]
INFO: [ view_filter ] --START--
INFO: Run Behavior\WriteHtmlCacheBehavior [ RunTime:0.000000s ]
INFO: [ view_filter ] --END-- [ RunTime:0.000000s ]
INFO: [ app_end ] --START--
INFO: Run Behavior\ShowPageTraceBehavior [ RunTime:0.001000s ]
INFO: [ app_end ] --END-- [ RunTime:0.001000s ]

[ 2016-12-30T09:52:14+08:00 ] 127.0.0.1 /
INFO: [ app_init ] --START--
INFO: Run Behavior\BuildLiteBehavior [ RunTime:0.001000s ]
INFO: [ app_init ] --END-- [ RunTime:0.001000s ]
INFO: [ app_begin ] --START--
INFO: Run Behavior\ReadHtmlCacheBehavior [ RunTime:0.001000s ]
INFO: [ app_begin ] --END-- [ RunTime:0.001000s ]
SQL: SHOW COLUMNS FROM `qd_items` [ RunTime:0.0040s ]
SQL: SELECT * FROM `qd_items` WHERE ( pid=4 )  [ RunTime:0.0010s ]
SQL: SHOW COLUMNS FROM `qd_news` [ RunTime:0.0040s ]
SQL: SELECT `id`,`title`,`small_img`,`item_id` FROM `qd_news` WHERE ( item_id =5 )  [ RunTime:0.0000s ]
SQL: SELECT `id`,`title`,`small_img`,`item_id` FROM `qd_news` WHERE ( item_id =6 )  [ RunTime:0.0010s ]
SQL: SELECT `id`,`title`,`small_img`,`item_id` FROM `qd_news` WHERE ( item_id =7 )  [ RunTime:0.0000s ]
SQL: SELECT `id`,`title`,`small_img`,`item_id` FROM `qd_news` WHERE ( item_id =8 )  [ RunTime:0.0010s ]
INFO: [ view_parse ] --START--
INFO: [ template_filter ] --START--
INFO: Run Behavior\ContentReplaceBehavior [ RunTime:0.000000s ]
INFO: [ template_filter ] --END-- [ RunTime:0.000000s ]
INFO: Run Behavior\ParseTemplateBehavior [ RunTime:0.012000s ]
INFO: [ view_parse ] --END-- [ RunTime:0.012000s ]
INFO: [ view_filter ] --START--
INFO: Run Behavior\WriteHtmlCacheBehavior [ RunTime:0.000000s ]
INFO: [ view_filter ] --END-- [ RunTime:0.000000s ]
INFO: [ app_end ] --START--
INFO: Run Behavior\ShowPageTraceBehavior [ RunTime:0.000000s ]
INFO: [ app_end ] --END-- [ RunTime:0.000000s ]

[ 2016-12-30T09:52:15+08:00 ] 127.0.0.1 /
INFO: [ app_init ] --START--
INFO: Run Behavior\BuildLiteBehavior [ RunTime:0.000000s ]
INFO: [ app_init ] --END-- [ RunTime:0.000000s ]
INFO: [ app_begin ] --START--
INFO: Run Behavior\ReadHtmlCacheBehavior [ RunTime:0.000000s ]
INFO: [ app_begin ] --END-- [ RunTime:0.000000s ]
SQL: SHOW COLUMNS FROM `qd_items` [ RunTime:0.0050s ]
SQL: SELECT * FROM `qd_items` WHERE ( pid=4 )  [ RunTime:0.0010s ]
SQL: SHOW COLUMNS FROM `qd_news` [ RunTime:0.0040s ]
SQL: SELECT `id`,`title`,`small_img`,`item_id` FROM `qd_news` WHERE ( item_id =5 )  [ RunTime:0.0010s ]
SQL: SELECT `id`,`title`,`small_img`,`item_id` FROM `qd_news` WHERE ( item_id =6 )  [ RunTime:0.0010s ]
SQL: SELECT `id`,`title`,`small_img`,`item_id` FROM `qd_news` WHERE ( item_id =7 )  [ RunTime:0.0000s ]
SQL: SELECT `id`,`title`,`small_img`,`item_id` FROM `qd_news` WHERE ( item_id =8 )  [ RunTime:0.0000s ]
INFO: [ view_parse ] --START--
INFO: [ template_filter ] --START--
INFO: Run Behavior\ContentReplaceBehavior [ RunTime:0.000000s ]
INFO: [ template_filter ] --END-- [ RunTime:0.000000s ]
INFO: Run Behavior\ParseTemplateBehavior [ RunTime:0.012000s ]
INFO: [ view_parse ] --END-- [ RunTime:0.012000s ]
INFO: [ view_filter ] --START--
INFO: Run Behavior\WriteHtmlCacheBehavior [ RunTime:0.001000s ]
INFO: [ view_filter ] --END-- [ RunTime:0.001000s ]
INFO: [ app_end ] --START--
INFO: Run Behavior\ShowPageTraceBehavior [ RunTime:0.001000s ]
INFO: [ app_end ] --END-- [ RunTime:0.001000s ]

[ 2016-12-30T09:52:15+08:00 ] 127.0.0.1 /Public/assets/timer.png
INFO: [ app_init ] --START--
INFO: Run Behavior\BuildLiteBehavior [ RunTime:0.000000s ]
INFO: [ app_init ] --END-- [ RunTime:0.000000s ]

[ 2016-12-30T09:52:15+08:00 ] 127.0.0.1 /
INFO: [ app_init ] --START--
INFO: Run Behavior\BuildLiteBehavior [ RunTime:0.000000s ]
INFO: [ app_init ] --END-- [ RunTime:0.000000s ]
INFO: [ app_begin ] --START--
INFO: Run Behavior\ReadHtmlCacheBehavior [ RunTime:0.001000s ]
INFO: [ app_begin ] --END-- [ RunTime:0.001000s ]
SQL: SHOW COLUMNS FROM `qd_items` [ RunTime:0.0090s ]
SQL: SELECT * FROM `qd_items` WHERE ( pid=4 )  [ RunTime:0.0010s ]
SQL: SHOW COLUMNS FROM `qd_news` [ RunTime:0.0150s ]
SQL: SELECT `id`,`title`,`small_img`,`item_id` FROM `qd_news` WHERE ( item_id =5 )  [ RunTime:0.0000s ]
SQL: SELECT `id`,`title`,`small_img`,`item_id` FROM `qd_news` WHERE ( item_id =6 )  [ RunTime:0.0170s ]
SQL: SELECT `id`,`title`,`small_img`,`item_id` FROM `qd_news` WHERE ( item_id =7 )  [ RunTime:0.0070s ]
SQL: SELECT `id`,`title`,`small_img`,`item_id` FROM `qd_news` WHERE ( item_id =8 )  [ RunTime:0.0000s ]
INFO: [ view_parse ] --START--
INFO: [ template_filter ] --START--
INFO: Run Behavior\ContentReplaceBehavior [ RunTime:0.000000s ]
INFO: [ template_filter ] --END-- [ RunTime:0.000000s ]
INFO: Run Behavior\ParseTemplateBehavior [ RunTime:0.016000s ]
INFO: [ view_parse ] --END-- [ RunTime:0.017000s ]
INFO: [ view_filter ] --START--
INFO: Run Behavior\WriteHtmlCacheBehavior [ RunTime:0.001000s ]
INFO: [ view_filter ] --END-- [ RunTime:0.001000s ]
INFO: [ app_end ] --START--
INFO: Run Behavior\ShowPageTraceBehavior [ RunTime:0.001000s ]
INFO: [ app_end ] --END-- [ RunTime:0.001000s ]

[ 2016-12-30T09:52:15+08:00 ] 127.0.0.1 /
INFO: [ app_init ] --START--
INFO: Run Behavior\BuildLiteBehavior [ RunTime:0.000000s ]
INFO: [ app_init ] --END-- [ RunTime:0.000000s ]
INFO: [ app_begin ] --START--
INFO: Run Behavior\ReadHtmlCacheBehavior [ RunTime:0.001000s ]
INFO: [ app_begin ] --END-- [ RunTime:0.001000s ]
SQL: SHOW COLUMNS FROM `qd_items` [ RunTime:0.0070s ]
SQL: SELECT * FROM `qd_items` WHERE ( pid=4 )  [ RunTime:0.0010s ]
SQL: SHOW COLUMNS FROM `qd_news` [ RunTime:0.0040s ]
SQL: SELECT `id`,`title`,`small_img`,`item_id` FROM `qd_news` WHERE ( item_id =5 )  [ RunTime:0.0010s ]
SQL: SELECT `id`,`title`,`small_img`,`item_id` FROM `qd_news` WHERE ( item_id =6 )  [ RunTime:0.0010s ]
SQL: SELECT `id`,`title`,`small_img`,`item_id` FROM `qd_news` WHERE ( item_id =7 )  [ RunTime:0.0000s ]
SQL: SELECT `id`,`title`,`small_img`,`item_id` FROM `qd_news` WHERE ( item_id =8 )  [ RunTime:0.0010s ]
INFO: [ view_parse ] --START--
INFO: [ template_filter ] --START--
INFO: Run Behavior\ContentReplaceBehavior [ RunTime:0.000000s ]
INFO: [ template_filter ] --END-- [ RunTime:0.000000s ]
INFO: Run Behavior\ParseTemplateBehavior [ RunTime:0.012000s ]
INFO: [ view_parse ] --END-- [ RunTime:0.012000s ]
INFO: [ view_filter ] --START--
INFO: Run Behavior\WriteHtmlCacheBehavior [ RunTime:0.001000s ]
INFO: [ view_filter ] --END-- [ RunTime:0.001000s ]
INFO: [ app_end ] --START--
INFO: Run Behavior\ShowPageTraceBehavior [ RunTime:0.001000s ]
INFO: [ app_end ] --END-- [ RunTime:0.001000s ]

[ 2016-12-30T09:52:25+08:00 ] 127.0.0.1 /
INFO: [ app_init ] --START--
INFO: Run Behavior\BuildLiteBehavior [ RunTime:0.000000s ]
INFO: [ app_init ] --END-- [ RunTime:0.001000s ]
INFO: [ app_begin ] --START--
INFO: Run Behavior\ReadHtmlCacheBehavior [ RunTime:0.000000s ]
INFO: [ app_begin ] --END-- [ RunTime:0.000000s ]
SQL: SHOW COLUMNS FROM `qd_items` [ RunTime:0.0030s ]
SQL: SELECT * FROM `qd_items` WHERE ( pid=4 )  [ RunTime:0.0000s ]
SQL: SHOW COLUMNS FROM `qd_news` [ RunTime:0.0030s ]
SQL: SELECT `id`,`title`,`small_img`,`item_id` FROM `qd_news` WHERE ( item_id =5 )  [ RunTime:0.0000s ]
SQL: SELECT `id`,`title`,`small_img`,`item_id` FROM `qd_news` WHERE ( item_id =6 )  [ RunTime:0.0000s ]
SQL: SELECT `id`,`title`,`small_img`,`item_id` FROM `qd_news` WHERE ( item_id =7 )  [ RunTime:0.0000s ]
SQL: SELECT `id`,`title`,`small_img`,`item_id` FROM `qd_news` WHERE ( item_id =8 )  [ RunTime:0.0010s ]
INFO: [ view_parse ] --START--
INFO: [ template_filter ] --START--
INFO: Run Behavior\ContentReplaceBehavior [ RunTime:0.001000s ]
INFO: [ template_filter ] --END-- [ RunTime:0.001000s ]
INFO: Run Behavior\ParseTemplateBehavior [ RunTime:0.010000s ]
INFO: [ view_parse ] --END-- [ RunTime:0.010000s ]
INFO: [ view_filter ] --START--
INFO: Run Behavior\WriteHtmlCacheBehavior [ RunTime:0.000000s ]
INFO: [ view_filter ] --END-- [ RunTime:0.000000s ]
INFO: [ app_end ] --START--
INFO: Run Behavior\ShowPageTraceBehavior [ RunTime:0.001000s ]
INFO: [ app_end ] --END-- [ RunTime:0.001000s ]

[ 2016-12-30T09:52:57+08:00 ] 127.0.0.1 /
INFO: [ app_init ] --START--
INFO: Run Behavior\BuildLiteBehavior [ RunTime:0.000000s ]
INFO: [ app_init ] --END-- [ RunTime:0.000000s ]
INFO: [ app_begin ] --START--
INFO: Run Behavior\ReadHtmlCacheBehavior [ RunTime:0.001000s ]
INFO: [ app_begin ] --END-- [ RunTime:0.001000s ]
SQL: SHOW COLUMNS FROM `qd_items` [ RunTime:0.0040s ]
SQL: SELECT * FROM `qd_items` WHERE ( pid=4 )  [ RunTime:0.0000s ]
SQL: SHOW COLUMNS FROM `qd_news` [ RunTime:0.0040s ]
SQL: SELECT `id`,`title`,`small_img`,`item_id` FROM `qd_news` WHERE ( item_id =5 )  [ RunTime:0.0010s ]
SQL: SELECT `id`,`title`,`small_img`,`item_id` FROM `qd_news` WHERE ( item_id =6 )  [ RunTime:0.0000s ]
SQL: SELECT `id`,`title`,`small_img`,`item_id` FROM `qd_news` WHERE ( item_id =7 )  [ RunTime:0.0010s ]
SQL: SELECT `id`,`title`,`small_img`,`item_id` FROM `qd_news` WHERE ( item_id =8 )  [ RunTime:0.0000s ]
INFO: [ view_parse ] --START--
INFO: [ template_filter ] --START--
INFO: Run Behavior\ContentReplaceBehavior [ RunTime:0.000000s ]
INFO: [ template_filter ] --END-- [ RunTime:0.000000s ]
INFO: Run Behavior\ParseTemplateBehavior [ RunTime:0.010000s ]
INFO: [ view_parse ] --END-- [ RunTime:0.011000s ]
INFO: [ view_filter ] --START--
INFO: Run Behavior\WriteHtmlCacheBehavior [ RunTime:0.000000s ]
INFO: [ view_filter ] --END-- [ RunTime:0.001000s ]
INFO: [ app_end ] --START--
INFO: Run Behavior\ShowPageTraceBehavior [ RunTime:0.001000s ]
INFO: [ app_end ] --END-- [ RunTime:0.001000s ]

[ 2016-12-30T09:53:01+08:00 ] 127.0.0.1 /News/cpnew
INFO: [ app_init ] --START--
INFO: Run Behavior\BuildLiteBehavior [ RunTime:0.000000s ]
INFO: [ app_init ] --END-- [ RunTime:0.000000s ]
INFO: [ app_begin ] --START--
INFO: Run Behavior\ReadHtmlCacheBehavior [ RunTime:0.000000s ]
INFO: [ app_begin ] --END-- [ RunTime:0.000000s ]
SQL: SHOW COLUMNS FROM `qd_news` [ RunTime:0.0050s ]
SQL: SELECT * FROM `qd_news` WHERE ( id = 7 ) LIMIT 1   [ RunTime:0.0010s ]

[ 2016-12-30T13:15:29+08:00 ] 127.0.0.1 /
INFO: [ app_init ] --START--
INFO: Run Behavior\BuildLiteBehavior [ RunTime:0.000000s ]
INFO: [ app_init ] --END-- [ RunTime:0.000000s ]
INFO: [ app_begin ] --START--
INFO: Run Behavior\ReadHtmlCacheBehavior [ RunTime:0.000000s ]
INFO: [ app_begin ] --END-- [ RunTime:0.000000s ]
SQL: SHOW COLUMNS FROM `qd_items` [ RunTime:0.0040s ]
SQL: SELECT * FROM `qd_items` WHERE ( pid=4 )  [ RunTime:0.0010s ]
SQL: SHOW COLUMNS FROM `qd_news` [ RunTime:0.0050s ]
SQL: SELECT `id`,`title`,`small_img`,`item_id` FROM `qd_news` WHERE ( item_id =5 )  [ RunTime:0.0010s ]
SQL: SELECT `id`,`title`,`small_img`,`item_id` FROM `qd_news` WHERE ( item_id =6 )  [ RunTime:0.0010s ]
SQL: SELECT `id`,`title`,`small_img`,`item_id` FROM `qd_news` WHERE ( item_id =7 )  [ RunTime:0.0000s ]
SQL: SELECT `id`,`title`,`small_img`,`item_id` FROM `qd_news` WHERE ( item_id =8 )  [ RunTime:0.0000s ]
INFO: [ view_parse ] --START--
INFO: [ template_filter ] --START--
INFO: Run Behavior\ContentReplaceBehavior [ RunTime:0.000000s ]
INFO: [ template_filter ] --END-- [ RunTime:0.000000s ]
INFO: Run Behavior\ParseTemplateBehavior [ RunTime:0.011000s ]
INFO: [ view_parse ] --END-- [ RunTime:0.011000s ]
INFO: [ view_filter ] --START--
INFO: Run Behavior\WriteHtmlCacheBehavior [ RunTime:0.001000s ]
INFO: [ view_filter ] --END-- [ RunTime:0.001000s ]
INFO: [ app_end ] --START--
INFO: Run Behavior\ShowPageTraceBehavior [ RunTime:0.001000s ]
INFO: [ app_end ] --END-- [ RunTime:0.001000s ]

[ 2016-12-30T13:15:54+08:00 ] 127.0.0.1 /
INFO: [ app_init ] --START--
INFO: Run Behavior\BuildLiteBehavior [ RunTime:0.000000s ]
INFO: [ app_init ] --END-- [ RunTime:0.001000s ]
INFO: [ app_begin ] --START--
INFO: Run Behavior\ReadHtmlCacheBehavior [ RunTime:0.001000s ]
INFO: [ app_begin ] --END-- [ RunTime:0.001000s ]
SQL: SHOW COLUMNS FROM `qd_items` [ RunTime:0.0050s ]
SQL: SELECT * FROM `qd_items` WHERE ( pid=4 )  [ RunTime:0.0010s ]
SQL: SHOW COLUMNS FROM `qd_news` [ RunTime:0.0040s ]
SQL: SELECT `id`,`title`,`small_img`,`item_id` FROM `qd_news` WHERE ( item_id =5 )  [ RunTime:0.0010s ]
SQL: SELECT `id`,`title`,`small_img`,`item_id` FROM `qd_news` WHERE ( item_id =6 )  [ RunTime:0.0000s ]
SQL: SELECT `id`,`title`,`small_img`,`item_id` FROM `qd_news` WHERE ( item_id =7 )  [ RunTime:0.0000s ]
SQL: SELECT `id`,`title`,`small_img`,`item_id` FROM `qd_news` WHERE ( item_id =8 )  [ RunTime:0.0000s ]
INFO: [ view_parse ] --START--
INFO: [ template_filter ] --START--
INFO: Run Behavior\ContentReplaceBehavior [ RunTime:0.000000s ]
INFO: [ template_filter ] --END-- [ RunTime:0.000000s ]
INFO: Run Behavior\ParseTemplateBehavior [ RunTime:0.010000s ]
INFO: [ view_parse ] --END-- [ RunTime:0.010000s ]
INFO: [ view_filter ] --START--
INFO: Run Behavior\WriteHtmlCacheBehavior [ RunTime:0.000000s ]
INFO: [ view_filter ] --END-- [ RunTime:0.001000s ]
INFO: [ app_end ] --START--
INFO: Run Behavior\ShowPageTraceBehavior [ RunTime:0.000000s ]
INFO: [ app_end ] --END-- [ RunTime:0.000000s ]

[ 2016-12-30T13:16:08+08:00 ] 127.0.0.1 /
INFO: [ app_init ] --START--
INFO: Run Behavior\BuildLiteBehavior [ RunTime:0.000000s ]
INFO: [ app_init ] --END-- [ RunTime:0.000000s ]
INFO: [ app_begin ] --START--
INFO: Run Behavior\ReadHtmlCacheBehavior [ RunTime:0.001000s ]
INFO: [ app_begin ] --END-- [ RunTime:0.001000s ]
SQL: SHOW COLUMNS FROM `qd_items` [ RunTime:0.0040s ]
SQL: SELECT * FROM `qd_items` WHERE ( pid=4 )  [ RunTime:0.0000s ]
SQL: SHOW COLUMNS FROM `qd_news` [ RunTime:0.0030s ]
SQL: SELECT `id`,`title`,`small_img`,`item_id` FROM `qd_news` WHERE ( item_id =5 )  [ RunTime:0.0000s ]
SQL: SELECT `id`,`title`,`small_img`,`item_id` FROM `qd_news` WHERE ( item_id =6 )  [ RunTime:0.0010s ]
SQL: SELECT `id`,`title`,`small_img`,`item_id` FROM `qd_news` WHERE ( item_id =7 )  [ RunTime:0.0000s ]
SQL: SELECT `id`,`title`,`small_img`,`item_id` FROM `qd_news` WHERE ( item_id =8 )  [ RunTime:0.0000s ]
INFO: [ view_parse ] --START--
INFO: [ template_filter ] --START--
INFO: Run Behavior\ContentReplaceBehavior [ RunTime:0.000000s ]
INFO: [ template_filter ] --END-- [ RunTime:0.000000s ]
INFO: Run Behavior\ParseTemplateBehavior [ RunTime:0.011000s ]
INFO: [ view_parse ] --END-- [ RunTime:0.011000s ]
INFO: [ view_filter ] --START--
INFO: Run Behavior\WriteHtmlCacheBehavior [ RunTime:0.001000s ]
INFO: [ view_filter ] --END-- [ RunTime:0.001000s ]
INFO: [ app_end ] --START--
INFO: Run Behavior\ShowPageTraceBehavior [ RunTime:0.001000s ]
INFO: [ app_end ] --END-- [ RunTime:0.001000s ]

[ 2016-12-30T13:32:25+08:00 ] 127.0.0.1 /News/cpnew
INFO: [ app_init ] --START--
INFO: Run Behavior\BuildLiteBehavior [ RunTime:0.000000s ]
INFO: [ app_init ] --END-- [ RunTime:0.000000s ]
INFO: [ app_begin ] --START--
INFO: Run Behavior\ReadHtmlCacheBehavior [ RunTime:0.001000s ]
INFO: [ app_begin ] --END-- [ RunTime:0.001000s ]
SQL: SHOW COLUMNS FROM `qd_news` [ RunTime:0.0040s ]
SQL: SELECT * FROM `qd_news` WHERE ( id = 7 ) LIMIT 1   [ RunTime:0.0010s ]

[ 2016-12-30T13:33:24+08:00 ] 127.0.0.1 /News/cpnew
INFO: [ app_init ] --START--
INFO: Run Behavior\BuildLiteBehavior [ RunTime:0.000000s ]
INFO: [ app_init ] --END-- [ RunTime:0.000000s ]
INFO: [ app_begin ] --START--
INFO: Run Behavior\ReadHtmlCacheBehavior [ RunTime:0.000000s ]
INFO: [ app_begin ] --END-- [ RunTime:0.000000s ]
SQL: SHOW COLUMNS FROM `qd_news` [ RunTime:0.0060s ]
SQL: SELECT * FROM `qd_news` WHERE ( id = 7 ) LIMIT 1   [ RunTime:0.0010s ]

[ 2016-12-30T13:34:04+08:00 ] 127.0.0.1 /News/cpnew
INFO: [ app_init ] --START--
INFO: Run Behavior\BuildLiteBehavior [ RunTime:0.000000s ]
INFO: [ app_init ] --END-- [ RunTime:0.000000s ]
INFO: [ app_begin ] --START--
INFO: Run Behavior\ReadHtmlCacheBehavior [ RunTime:0.001000s ]
INFO: [ app_begin ] --END-- [ RunTime:0.001000s ]
SQL: SHOW COLUMNS FROM `qd_news` [ RunTime:0.0040s ]
SQL: SELECT * FROM `qd_news` WHERE ( id = 7 ) LIMIT 1   [ RunTime:0.0000s ]

[ 2016-12-30T13:43:58+08:00 ] 127.0.0.1 /
INFO: [ app_init ] --START--
INFO: Run Behavior\BuildLiteBehavior [ RunTime:0.000000s ]
INFO: [ app_init ] --END-- [ RunTime:0.000000s ]
INFO: [ app_begin ] --START--
INFO: Run Behavior\ReadHtmlCacheBehavior [ RunTime:0.000000s ]
INFO: [ app_begin ] --END-- [ RunTime:0.001000s ]
SQL: SHOW COLUMNS FROM `qd_items` [ RunTime:0.0050s ]
SQL: SELECT * FROM `qd_items` WHERE ( pid=4 )  [ RunTime:0.0010s ]
SQL: SHOW COLUMNS FROM `qd_news` [ RunTime:0.0070s ]
SQL: SELECT `id`,`title`,`small_img`,`item_id` FROM `qd_news` WHERE ( item_id =5 )  [ RunTime:0.0010s ]
SQL: SELECT `id`,`title`,`small_img`,`item_id` FROM `qd_news` WHERE ( item_id =6 )  [ RunTime:0.0010s ]
SQL: SELECT `id`,`title`,`small_img`,`item_id` FROM `qd_news` WHERE ( item_id =7 )  [ RunTime:0.0010s ]
SQL: SELECT `id`,`title`,`small_img`,`item_id` FROM `qd_news` WHERE ( item_id =8 )  [ RunTime:0.0000s ]
INFO: [ view_parse ] --START--
INFO: [ template_filter ] --START--
INFO: Run Behavior\ContentReplaceBehavior [ RunTime:0.001000s ]
INFO: [ template_filter ] --END-- [ RunTime:0.001000s ]
INFO: Run Behavior\ParseTemplateBehavior [ RunTime:0.010000s ]
INFO: [ view_parse ] --END-- [ RunTime:0.010000s ]
INFO: [ view_filter ] --START--
INFO: Run Behavior\WriteHtmlCacheBehavior [ RunTime:0.001000s ]
INFO: [ view_filter ] --END-- [ RunTime:0.001000s ]
INFO: [ app_end ] --START--
INFO: Run Behavior\ShowPageTraceBehavior [ RunTime:0.002000s ]
INFO: [ app_end ] --END-- [ RunTime:0.002000s ]

[ 2016-12-30T13:45:19+08:00 ] 127.0.0.1 /
INFO: [ app_init ] --START--
INFO: Run Behavior\BuildLiteBehavior [ RunTime:0.000000s ]
INFO: [ app_init ] --END-- [ RunTime:0.000000s ]
INFO: [ app_begin ] --START--
INFO: Run Behavior\ReadHtmlCacheBehavior [ RunTime:0.001000s ]
INFO: [ app_begin ] --END-- [ RunTime:0.001000s ]
SQL: SHOW COLUMNS FROM `qd_items` [ RunTime:0.0040s ]
SQL: SELECT * FROM `qd_items` WHERE ( pid=4 )  [ RunTime:0.0000s ]
SQL: SHOW COLUMNS FROM `qd_news` [ RunTime:0.0030s ]
SQL: SELECT `id`,`title`,`small_img`,`item_id` FROM `qd_news` WHERE ( item_id =5 )  [ RunTime:0.0000s ]
SQL: SELECT `id`,`title`,`small_img`,`item_id` FROM `qd_news` WHERE ( item_id =6 )  [ RunTime:0.0000s ]
SQL: SELECT `id`,`title`,`small_img`,`item_id` FROM `qd_news` WHERE ( item_id =7 )  [ RunTime:0.0000s ]
SQL: SELECT `id`,`title`,`small_img`,`item_id` FROM `qd_news` WHERE ( item_id =8 )  [ RunTime:0.0000s ]
INFO: [ view_parse ] --START--
INFO: [ template_filter ] --START--
INFO: Run Behavior\ContentReplaceBehavior [ RunTime:0.000000s ]
INFO: [ template_filter ] --END-- [ RunTime:0.000000s ]
INFO: Run Behavior\ParseTemplateBehavior [ RunTime:0.011000s ]
INFO: [ view_parse ] --END-- [ RunTime:0.011000s ]
INFO: [ view_filter ] --START--
INFO: Run Behavior\WriteHtmlCacheBehavior [ RunTime:0.000000s ]
INFO: [ view_filter ] --END-- [ RunTime:0.000000s ]
INFO: [ app_end ] --START--
INFO: Run Behavior\ShowPageTraceBehavior [ RunTime:0.000000s ]
INFO: [ app_end ] --END-- [ RunTime:0.000000s ]

[ 2016-12-30T13:45:24+08:00 ] 127.0.0.1 /News/cpnew
INFO: [ app_init ] --START--
INFO: Run Behavior\BuildLiteBehavior [ RunTime:0.000000s ]
INFO: [ app_init ] --END-- [ RunTime:0.001000s ]
INFO: [ app_begin ] --START--
INFO: Run Behavior\ReadHtmlCacheBehavior [ RunTime:0.001000s ]
INFO: [ app_begin ] --END-- [ RunTime:0.001000s ]
SQL: SHOW COLUMNS FROM `qd_news` [ RunTime:0.0060s ]
SQL: SELECT * FROM `qd_news` WHERE ( id = 8 ) LIMIT 1   [ RunTime:0.0010s ]

[ 2016-12-30T13:45:58+08:00 ] 127.0.0.1 /News/cpnew
INFO: [ app_init ] --START--
INFO: Run Behavior\BuildLiteBehavior [ RunTime:0.000000s ]
INFO: [ app_init ] --END-- [ RunTime:0.000000s ]
INFO: [ app_begin ] --START--
INFO: Run Behavior\ReadHtmlCacheBehavior [ RunTime:0.001000s ]
INFO: [ app_begin ] --END-- [ RunTime:0.001000s ]
SQL: SHOW COLUMNS FROM `qd_news` [ RunTime:0.0040s ]
SQL: SELECT * FROM `qd_news` WHERE ( id = 7 ) LIMIT 1   [ RunTime:0.0000s ]

[ 2016-12-30T13:46:15+08:00 ] 127.0.0.1 /News/cpnew
INFO: [ app_init ] --START--
INFO: Run Behavior\BuildLiteBehavior [ RunTime:0.000000s ]
INFO: [ app_init ] --END-- [ RunTime:0.000000s ]
INFO: [ app_begin ] --START--
INFO: Run Behavior\ReadHtmlCacheBehavior [ RunTime:0.001000s ]
INFO: [ app_begin ] --END-- [ RunTime:0.001000s ]
SQL: SHOW COLUMNS FROM `qd_news` [ RunTime:0.0040s ]
SQL: SELECT * FROM `qd_news` WHERE ( id = 7 ) LIMIT 1   [ RunTime:0.0000s ]

[ 2016-12-30T13:46:26+08:00 ] 127.0.0.1 /News/cpnew
INFO: [ app_init ] --START--
INFO: Run Behavior\BuildLiteBehavior [ RunTime:0.000000s ]
INFO: [ app_init ] --END-- [ RunTime:0.000000s ]
INFO: [ app_begin ] --START--
INFO: Run Behavior\ReadHtmlCacheBehavior [ RunTime:0.000000s ]
INFO: [ app_begin ] --END-- [ RunTime:0.000000s ]
SQL: SHOW COLUMNS FROM `qd_news` [ RunTime:0.0050s ]
SQL: SELECT * FROM `qd_news` WHERE ( id = 7 ) LIMIT 1   [ RunTime:0.0010s ]

[ 2016-12-30T13:46:32+08:00 ] 127.0.0.1 /News/cpnew
INFO: [ app_init ] --START--
INFO: Run Behavior\BuildLiteBehavior [ RunTime:0.000000s ]
INFO: [ app_init ] --END-- [ RunTime:0.000000s ]
INFO: [ app_begin ] --START--
INFO: Run Behavior\ReadHtmlCacheBehavior [ RunTime:0.001000s ]
INFO: [ app_begin ] --END-- [ RunTime:0.001000s ]
SQL: SHOW COLUMNS FROM `qd_news` [ RunTime:0.0040s ]
SQL: SELECT * FROM `qd_news` WHERE ( id = 7 ) LIMIT 1   [ RunTime:0.0010s ]

[ 2016-12-30T13:46:39+08:00 ] 127.0.0.1 /News/cpnew
INFO: [ app_init ] --START--
INFO: Run Behavior\BuildLiteBehavior [ RunTime:0.000000s ]
INFO: [ app_init ] --END-- [ RunTime:0.001000s ]
INFO: [ app_begin ] --START--
INFO: Run Behavior\ReadHtmlCacheBehavior [ RunTime:0.000000s ]
INFO: [ app_begin ] --END-- [ RunTime:0.000000s ]
SQL: SHOW COLUMNS FROM `qd_news` [ RunTime:0.0050s ]
SQL: SELECT * FROM `qd_news` WHERE ( id = 7 ) LIMIT 1   [ RunTime:0.0000s ]

[ 2016-12-30T15:22:18+08:00 ] 127.0.0.1 /
INFO: [ app_init ] --START--
INFO: Run Behavior\BuildLiteBehavior [ RunTime:0.000000s ]
INFO: [ app_init ] --END-- [ RunTime:0.000000s ]
INFO: [ app_begin ] --START--
INFO: Run Behavior\ReadHtmlCacheBehavior [ RunTime:0.001000s ]
INFO: [ app_begin ] --END-- [ RunTime:0.001000s ]
SQL: SHOW COLUMNS FROM `qd_items` [ RunTime:0.0050s ]
SQL: SELECT * FROM `qd_items` WHERE ( pid=4 )  [ RunTime:0.0000s ]
SQL: SHOW COLUMNS FROM `qd_news` [ RunTime:0.0050s ]
SQL: SELECT `id`,`title`,`small_img`,`item_id` FROM `qd_news` WHERE ( item_id =5 )  [ RunTime:0.0010s ]
SQL: SELECT `id`,`title`,`small_img`,`item_id` FROM `qd_news` WHERE ( item_id =6 )  [ RunTime:0.0000s ]
SQL: SELECT `id`,`title`,`small_img`,`item_id` FROM `qd_news` WHERE ( item_id =7 )  [ RunTime:0.0000s ]
SQL: SELECT `id`,`title`,`small_img`,`item_id` FROM `qd_news` WHERE ( item_id =8 )  [ RunTime:0.0000s ]
INFO: [ view_parse ] --START--
INFO: [ template_filter ] --START--
INFO: Run Behavior\ContentReplaceBehavior [ RunTime:0.000000s ]
INFO: [ template_filter ] --END-- [ RunTime:0.000000s ]
INFO: Run Behavior\ParseTemplateBehavior [ RunTime:0.010000s ]
INFO: [ view_parse ] --END-- [ RunTime:0.010000s ]
INFO: [ view_filter ] --START--
INFO: Run Behavior\WriteHtmlCacheBehavior [ RunTime:0.001000s ]
INFO: [ view_filter ] --END-- [ RunTime:0.001000s ]
INFO: [ app_end ] --START--
INFO: Run Behavior\ShowPageTraceBehavior [ RunTime:0.001000s ]
INFO: [ app_end ] --END-- [ RunTime:0.001000s ]

[ 2016-12-30T15:22:35+08:00 ] 127.0.0.1 /
INFO: [ app_init ] --START--
INFO: Run Behavior\BuildLiteBehavior [ RunTime:0.000000s ]
INFO: [ app_init ] --END-- [ RunTime:0.000000s ]
INFO: [ app_begin ] --START--
INFO: Run Behavior\ReadHtmlCacheBehavior [ RunTime:0.001000s ]
INFO: [ app_begin ] --END-- [ RunTime:0.001000s ]
SQL: SHOW COLUMNS FROM `qd_items` [ RunTime:0.0030s ]
SQL: SELECT * FROM `qd_items` WHERE ( pid=4 )  [ RunTime:0.0010s ]
SQL: SHOW COLUMNS FROM `qd_news` [ RunTime:0.0030s ]
SQL: SELECT `id`,`title`,`small_img`,`item_id` FROM `qd_news` WHERE ( item_id =5 )  [ RunTime:0.0000s ]
SQL: SELECT `id`,`title`,`small_img`,`item_id` FROM `qd_news` WHERE ( item_id =6 )  [ RunTime:0.0000s ]
SQL: SELECT `id`,`title`,`small_img`,`item_id` FROM `qd_news` WHERE ( item_id =7 )  [ RunTime:0.0000s ]
SQL: SELECT `id`,`title`,`small_img`,`item_id` FROM `qd_news` WHERE ( item_id =8 )  [ RunTime:0.0000s ]
INFO: [ view_parse ] --START--
INFO: [ template_filter ] --START--
INFO: Run Behavior\ContentReplaceBehavior [ RunTime:0.001000s ]
INFO: [ template_filter ] --END-- [ RunTime:0.001000s ]
INFO: Run Behavior\ParseTemplateBehavior [ RunTime:0.011000s ]
INFO: [ view_parse ] --END-- [ RunTime:0.011000s ]
INFO: [ view_filter ] --START--
INFO: Run Behavior\WriteHtmlCacheBehavior [ RunTime:0.000000s ]
INFO: [ view_filter ] --END-- [ RunTime:0.001000s ]
INFO: [ app_end ] --START--
INFO: Run Behavior\ShowPageTraceBehavior [ RunTime:0.001000s ]
INFO: [ app_end ] --END-- [ RunTime:0.001000s ]

[ 2016-12-30T15:22:47+08:00 ] 127.0.0.1 /
INFO: [ app_init ] --START--
INFO: Run Behavior\BuildLiteBehavior [ RunTime:0.000000s ]
INFO: [ app_init ] --END-- [ RunTime:0.001000s ]
INFO: [ app_begin ] --START--
INFO: Run Behavior\ReadHtmlCacheBehavior [ RunTime:0.000000s ]
INFO: [ app_begin ] --END-- [ RunTime:0.000000s ]
SQL: SHOW COLUMNS FROM `qd_items` [ RunTime:0.0050s ]
SQL: SELECT * FROM `qd_items` WHERE ( pid=4 )  [ RunTime:0.0010s ]
SQL: SHOW COLUMNS FROM `qd_news` [ RunTime:0.0050s ]
SQL: SELECT `id`,`title`,`small_img`,`item_id` FROM `qd_news` WHERE ( item_id =5 )  [ RunTime:0.0000s ]
SQL: SELECT `id`,`title`,`small_img`,`item_id` FROM `qd_news` WHERE ( item_id =6 )  [ RunTime:0.0000s ]
SQL: SELECT `id`,`title`,`small_img`,`item_id` FROM `qd_news` WHERE ( item_id =7 )  [ RunTime:0.0000s ]
SQL: SELECT `id`,`title`,`small_img`,`item_id` FROM `qd_news` WHERE ( item_id =8 )  [ RunTime:0.0000s ]
INFO: [ view_parse ] --START--
INFO: [ template_filter ] --START--
INFO: Run Behavior\ContentReplaceBehavior [ RunTime:0.000000s ]
INFO: [ template_filter ] --END-- [ RunTime:0.000000s ]
INFO: Run Behavior\ParseTemplateBehavior [ RunTime:0.010000s ]
INFO: [ view_parse ] --END-- [ RunTime:0.010000s ]
INFO: [ view_filter ] --START--
INFO: Run Behavior\WriteHtmlCacheBehavior [ RunTime:0.000000s ]
INFO: [ view_filter ] --END-- [ RunTime:0.000000s ]
INFO: [ app_end ] --START--
INFO: Run Behavior\ShowPageTraceBehavior [ RunTime:0.000000s ]
INFO: [ app_end ] --END-- [ RunTime:0.001000s ]

[ 2016-12-30T15:23:45+08:00 ] 127.0.0.1 /
INFO: [ app_init ] --START--
INFO: Run Behavior\BuildLiteBehavior [ RunTime:0.000000s ]
INFO: [ app_init ] --END-- [ RunTime:0.001000s ]
INFO: [ app_begin ] --START--
INFO: Run Behavior\ReadHtmlCacheBehavior [ RunTime:0.001000s ]
INFO: [ app_begin ] --END-- [ RunTime:0.001000s ]
SQL: SHOW COLUMNS FROM `qd_items` [ RunTime:0.0040s ]
SQL: SELECT * FROM `qd_items` WHERE ( pid=4 )  [ RunTime:0.0000s ]
SQL: SHOW COLUMNS FROM `qd_news` [ RunTime:0.0040s ]
SQL: SELECT `id`,`title`,`small_img`,`item_id` FROM `qd_news` WHERE ( item_id =5 )  [ RunTime:0.0000s ]
SQL: SELECT `id`,`title`,`small_img`,`item_id` FROM `qd_news` WHERE ( item_id =6 )  [ RunTime:0.0000s ]
SQL: SELECT `id`,`title`,`small_img`,`item_id` FROM `qd_news` WHERE ( item_id =7 )  [ RunTime:0.0000s ]
SQL: SELECT `id`,`title`,`small_img`,`item_id` FROM `qd_news` WHERE ( item_id =8 )  [ RunTime:0.0000s ]
INFO: [ view_parse ] --START--
INFO: [ template_filter ] --START--
INFO: Run Behavior\ContentReplaceBehavior [ RunTime:0.001000s ]
INFO: [ template_filter ] --END-- [ RunTime:0.001000s ]
INFO: Run Behavior\ParseTemplateBehavior [ RunTime:0.012000s ]
INFO: [ view_parse ] --END-- [ RunTime:0.012000s ]
INFO: [ view_filter ] --START--
INFO: Run Behavior\WriteHtmlCacheBehavior [ RunTime:0.001000s ]
INFO: [ view_filter ] --END-- [ RunTime:0.001000s ]
INFO: [ app_end ] --START--
INFO: Run Behavior\ShowPageTraceBehavior [ RunTime:0.001000s ]
INFO: [ app_end ] --END-- [ RunTime:0.001000s ]

[ 2016-12-30T15:39:20+08:00 ] 127.0.0.1 /
INFO: [ app_init ] --START--
INFO: Run Behavior\BuildLiteBehavior [ RunTime:0.000000s ]
INFO: [ app_init ] --END-- [ RunTime:0.000000s ]
INFO: [ app_begin ] --START--
INFO: Run Behavior\ReadHtmlCacheBehavior [ RunTime:0.001000s ]
INFO: [ app_begin ] --END-- [ RunTime:0.001000s ]
SQL: SHOW COLUMNS FROM `qd_items` [ RunTime:0.0050s ]
SQL: SELECT * FROM `qd_items` WHERE ( pid=4 )  [ RunTime:0.0000s ]
SQL: SHOW COLUMNS FROM `qd_news` [ RunTime:0.0040s ]
SQL: SELECT `id`,`title`,`small_img`,`item_id` FROM `qd_news` WHERE ( item_id =5 )  [ RunTime:0.0000s ]
SQL: SELECT `id`,`title`,`small_img`,`item_id` FROM `qd_news` WHERE ( item_id =6 )  [ RunTime:0.0000s ]
SQL: SELECT `id`,`title`,`small_img`,`item_id` FROM `qd_news` WHERE ( item_id =7 )  [ RunTime:0.0000s ]
SQL: SELECT `id`,`title`,`small_img`,`item_id` FROM `qd_news` WHERE ( item_id =8 )  [ RunTime:0.0000s ]
INFO: [ view_parse ] --START--
INFO: [ template_filter ] --START--
INFO: Run Behavior\ContentReplaceBehavior [ RunTime:0.000000s ]
INFO: [ template_filter ] --END-- [ RunTime:0.000000s ]
INFO: Run Behavior\ParseTemplateBehavior [ RunTime:0.010000s ]
INFO: [ view_parse ] --END-- [ RunTime:0.010000s ]
INFO: [ view_filter ] --START--
INFO: Run Behavior\WriteHtmlCacheBehavior [ RunTime:0.000000s ]
INFO: [ view_filter ] --END-- [ RunTime:0.000000s ]
INFO: [ app_end ] --START--
INFO: Run Behavior\ShowPageTraceBehavior [ RunTime:0.001000s ]
INFO: [ app_end ] --END-- [ RunTime:0.001000s ]

[ 2016-12-30T15:39:49+08:00 ] 127.0.0.1 /
INFO: [ app_init ] --START--
INFO: Run Behavior\BuildLiteBehavior [ RunTime:0.000000s ]
INFO: [ app_init ] --END-- [ RunTime:0.001000s ]
INFO: [ app_begin ] --START--
INFO: Run Behavior\ReadHtmlCacheBehavior [ RunTime:0.000000s ]
INFO: [ app_begin ] --END-- [ RunTime:0.000000s ]
SQL: SHOW COLUMNS FROM `qd_items` [ RunTime:0.0040s ]
SQL: SELECT * FROM `qd_items` WHERE ( pid=4 )  [ RunTime:0.0000s ]
SQL: SHOW COLUMNS FROM `qd_news` [ RunTime:0.0050s ]
SQL: SELECT `id`,`title`,`small_img`,`item_id` FROM `qd_news` WHERE ( item_id =5 )  [ RunTime:0.0010s ]
SQL: SELECT `id`,`title`,`small_img`,`item_id` FROM `qd_news` WHERE ( item_id =6 )  [ RunTime:0.0000s ]
SQL: SELECT `id`,`title`,`small_img`,`item_id` FROM `qd_news` WHERE ( item_id =7 )  [ RunTime:0.0000s ]
SQL: SELECT `id`,`title`,`small_img`,`item_id` FROM `qd_news` WHERE ( item_id =8 )  [ RunTime:0.0010s ]
INFO: [ view_parse ] --START--
INFO: [ template_filter ] --START--
INFO: Run Behavior\ContentReplaceBehavior [ RunTime:0.000000s ]
INFO: [ template_filter ] --END-- [ RunTime:0.000000s ]
INFO: Run Behavior\ParseTemplateBehavior [ RunTime:0.010000s ]
INFO: [ view_parse ] --END-- [ RunTime:0.010000s ]
INFO: [ view_filter ] --START--
INFO: Run Behavior\WriteHtmlCacheBehavior [ RunTime:0.001000s ]
INFO: [ view_filter ] --END-- [ RunTime:0.001000s ]
INFO: [ app_end ] --START--
INFO: Run Behavior\ShowPageTraceBehavior [ RunTime:0.000000s ]
INFO: [ app_end ] --END-- [ RunTime:0.000000s ]

[ 2016-12-30T15:40:12+08:00 ] 127.0.0.1 /
INFO: [ app_init ] --START--
INFO: Run Behavior\BuildLiteBehavior [ RunTime:0.000000s ]
INFO: [ app_init ] --END-- [ RunTime:0.001000s ]
INFO: [ app_begin ] --START--
INFO: Run Behavior\ReadHtmlCacheBehavior [ RunTime:0.000000s ]
INFO: [ app_begin ] --END-- [ RunTime:0.000000s ]
SQL: SHOW COLUMNS FROM `qd_items` [ RunTime:0.0040s ]
SQL: SELECT * FROM `qd_items` WHERE ( pid=4 )  [ RunTime:0.0000s ]
SQL: SHOW COLUMNS FROM `qd_news` [ RunTime:0.0040s ]
SQL: SELECT `id`,`title`,`small_img`,`item_id` FROM `qd_news` WHERE ( item_id =5 )  [ RunTime:0.0000s ]
SQL: SELECT `id`,`title`,`small_img`,`item_id` FROM `qd_news` WHERE ( item_id =6 )  [ RunTime:0.0000s ]
SQL: SELECT `id`,`title`,`small_img`,`item_id` FROM `qd_news` WHERE ( item_id =7 )  [ RunTime:0.0000s ]
SQL: SELECT `id`,`title`,`small_img`,`item_id` FROM `qd_news` WHERE ( item_id =8 )  [ RunTime:0.0000s ]
INFO: [ view_parse ] --START--
INFO: [ template_filter ] --START--
INFO: Run Behavior\ContentReplaceBehavior [ RunTime:0.001000s ]
INFO: [ template_filter ] --END-- [ RunTime:0.001000s ]
INFO: Run Behavior\ParseTemplateBehavior [ RunTime:0.011000s ]
INFO: [ view_parse ] --END-- [ RunTime:0.011000s ]
INFO: [ view_filter ] --START--
INFO: Run Behavior\WriteHtmlCacheBehavior [ RunTime:0.001000s ]
INFO: [ view_filter ] --END-- [ RunTime:0.001000s ]
INFO: [ app_end ] --START--
INFO: Run Behavior\ShowPageTraceBehavior [ RunTime:0.001000s ]
INFO: [ app_end ] --END-- [ RunTime:0.001000s ]

[ 2016-12-30T15:40:50+08:00 ] 127.0.0.1 /
INFO: [ app_init ] --START--
INFO: Run Behavior\BuildLiteBehavior [ RunTime:0.000000s ]
INFO: [ app_init ] --END-- [ RunTime:0.000000s ]
INFO: [ app_begin ] --START--
INFO: Run Behavior\ReadHtmlCacheBehavior [ RunTime:0.000000s ]
INFO: [ app_begin ] --END-- [ RunTime:0.000000s ]
SQL: SHOW COLUMNS FROM `qd_items` [ RunTime:0.0040s ]
SQL: SELECT * FROM `qd_items` WHERE ( pid=4 )  [ RunTime:0.0000s ]
SQL: SHOW COLUMNS FROM `qd_news` [ RunTime:0.0030s ]
SQL: SELECT `id`,`title`,`small_img`,`item_id` FROM `qd_news` WHERE ( item_id =5 )  [ RunTime:0.0000s ]
SQL: SELECT `id`,`title`,`small_img`,`item_id` FROM `qd_news` WHERE ( item_id =6 )  [ RunTime:0.0000s ]
SQL: SELECT `id`,`title`,`small_img`,`item_id` FROM `qd_news` WHERE ( item_id =7 )  [ RunTime:0.0000s ]
SQL: SELECT `id`,`title`,`small_img`,`item_id` FROM `qd_news` WHERE ( item_id =8 )  [ RunTime:0.0000s ]
INFO: [ view_parse ] --START--
INFO: [ template_filter ] --START--
INFO: Run Behavior\ContentReplaceBehavior [ RunTime:0.000000s ]
INFO: [ template_filter ] --END-- [ RunTime:0.000000s ]
INFO: Run Behavior\ParseTemplateBehavior [ RunTime:0.011000s ]
INFO: [ view_parse ] --END-- [ RunTime:0.011000s ]
INFO: [ view_filter ] --START--
INFO: Run Behavior\WriteHtmlCacheBehavior [ RunTime:0.001000s ]
INFO: [ view_filter ] --END-- [ RunTime:0.001000s ]
INFO: [ app_end ] --START--
INFO: Run Behavior\ShowPageTraceBehavior [ RunTime:0.000000s ]
INFO: [ app_end ] --END-- [ RunTime:0.000000s ]

[ 2016-12-30T15:41:48+08:00 ] 127.0.0.1 /
INFO: [ app_init ] --START--
INFO: Run Behavior\BuildLiteBehavior [ RunTime:0.000000s ]
INFO: [ app_init ] --END-- [ RunTime:0.000000s ]
INFO: [ app_begin ] --START--
INFO: Run Behavior\ReadHtmlCacheBehavior [ RunTime:0.001000s ]
INFO: [ app_begin ] --END-- [ RunTime:0.001000s ]
SQL: SHOW COLUMNS FROM `qd_items` [ RunTime:0.0040s ]
SQL: SELECT * FROM `qd_items` WHERE ( pid=4 )  [ RunTime:0.0000s ]
SQL: SHOW COLUMNS FROM `qd_news` [ RunTime:0.0030s ]
SQL: SELECT `id`,`title`,`small_img`,`item_id` FROM `qd_news` WHERE ( item_id =5 )  [ RunTime:0.0010s ]
SQL: SELECT `id`,`title`,`small_img`,`item_id` FROM `qd_news` WHERE ( item_id =6 )  [ RunTime:0.0000s ]
SQL: SELECT `id`,`title`,`small_img`,`item_id` FROM `qd_news` WHERE ( item_id =7 )  [ RunTime:0.0010s ]
SQL: SELECT `id`,`title`,`small_img`,`item_id` FROM `qd_news` WHERE ( item_id =8 )  [ RunTime:0.0000s ]
INFO: [ view_parse ] --START--
INFO: [ template_filter ] --START--
INFO: Run Behavior\ContentReplaceBehavior [ RunTime:0.000000s ]
INFO: [ template_filter ] --END-- [ RunTime:0.000000s ]
INFO: Run Behavior\ParseTemplateBehavior [ RunTime:0.011000s ]
INFO: [ view_parse ] --END-- [ RunTime:0.011000s ]
INFO: [ view_filter ] --START--
INFO: Run Behavior\WriteHtmlCacheBehavior [ RunTime:0.000000s ]
INFO: [ view_filter ] --END-- [ RunTime:0.000000s ]
INFO: [ app_end ] --START--
INFO: Run Behavior\ShowPageTraceBehavior [ RunTime:0.001000s ]
INFO: [ app_end ] --END-- [ RunTime:0.001000s ]

[ 2016-12-30T15:41:55+08:00 ] 127.0.0.1 /
INFO: [ app_init ] --START--
INFO: Run Behavior\BuildLiteBehavior [ RunTime:0.000000s ]
INFO: [ app_init ] --END-- [ RunTime:0.000000s ]
INFO: [ app_begin ] --START--
INFO: Run Behavior\ReadHtmlCacheBehavior [ RunTime:0.001000s ]
INFO: [ app_begin ] --END-- [ RunTime:0.001000s ]
SQL: SHOW COLUMNS FROM `qd_items` [ RunTime:0.0040s ]
SQL: SELECT * FROM `qd_items` WHERE ( pid=4 )  [ RunTime:0.0000s ]
SQL: SHOW COLUMNS FROM `qd_news` [ RunTime:0.0030s ]
SQL: SELECT `id`,`title`,`small_img`,`item_id` FROM `qd_news` WHERE ( item_id =5 )  [ RunTime:0.0000s ]
SQL: SELECT `id`,`title`,`small_img`,`item_id` FROM `qd_news` WHERE ( item_id =6 )  [ RunTime:0.0000s ]
SQL: SELECT `id`,`title`,`small_img`,`item_id` FROM `qd_news` WHERE ( item_id =7 )  [ RunTime:0.0000s ]
SQL: SELECT `id`,`title`,`small_img`,`item_id` FROM `qd_news` WHERE ( item_id =8 )  [ RunTime:0.0000s ]
INFO: [ view_parse ] --START--
INFO: [ template_filter ] --START--
INFO: Run Behavior\ContentReplaceBehavior [ RunTime:0.000000s ]
INFO: [ template_filter ] --END-- [ RunTime:0.000000s ]
INFO: Run Behavior\ParseTemplateBehavior [ RunTime:0.010000s ]
INFO: [ view_parse ] --END-- [ RunTime:0.010000s ]
INFO: [ view_filter ] --START--
INFO: Run Behavior\WriteHtmlCacheBehavior [ RunTime:0.001000s ]
INFO: [ view_filter ] --END-- [ RunTime:0.001000s ]
INFO: [ app_end ] --START--
INFO: Run Behavior\ShowPageTraceBehavior [ RunTime:0.000000s ]
INFO: [ app_end ] --END-- [ RunTime:0.000000s ]

