[ 2016-11-23T16:48:39+08:00 ] 127.0.0.1 /operation
INFO: [ app_init ] --START--
INFO: Run Behavior\BuildLiteBehavior [ RunTime:0.000000s ]
INFO: [ app_init ] --END-- [ RunTime:0.001000s ]
INFO: [ app_begin ] --START--
INFO: Run Behavior\ReadHtmlCacheBehavior [ RunTime:0.001000s ]
INFO: [ app_begin ] --END-- [ RunTime:0.001000s ]
NOTIC: [8] Undefined index: item C:\phpstudy\WWW\tp\qidian\Application\Index\Controller\OperationController.class.php 第 9 行.
SQL: SHOW COLUMNS FROM `qd_items` [ RunTime:0.0050s ]
SQL: SELECT * FROM `qd_items` WHERE `pid` = 1  [ RunTime:0.0010s ]
SQL: SHOW COLUMNS FROM `qd_news` [ RunTime:0.0040s ]
SQL: SELECT `id`,`item_id`,`title` FROM `qd_news` WHERE ( item_id=2 )  [ RunTime:0.0010s ]
SQL: SELECT `id`,`item_id`,`title` FROM `qd_news` WHERE ( item_id=3 )  [ RunTime:0.0010s ]
INFO: [ view_parse ] --START--
INFO: [ template_filter ] --START--
INFO: Run Behavior\ContentReplaceBehavior [ RunTime:0.000000s ]
INFO: [ template_filter ] --END-- [ RunTime:0.001000s ]
INFO: Run Behavior\ParseTemplateBehavior [ RunTime:0.008000s ]
INFO: [ view_parse ] --END-- [ RunTime:0.008000s ]
INFO: [ view_filter ] --START--
INFO: Run Behavior\WriteHtmlCacheBehavior [ RunTime:0.001000s ]
INFO: [ view_filter ] --END-- [ RunTime:0.001000s ]
INFO: [ app_end ] --START--
INFO: Run Behavior\ShowPageTraceBehavior [ RunTime:0.000000s ]
INFO: [ app_end ] --END-- [ RunTime:0.000000s ]

[ 2016-11-23T16:48:39+08:00 ] 127.0.0.1 /favicon.ico
INFO: [ app_init ] --START--
INFO: Run Behavior\BuildLiteBehavior [ RunTime:0.000000s ]
INFO: [ app_init ] --END-- [ RunTime:0.000000s ]

[ 2016-11-23T16:48:40+08:00 ] 127.0.0.1 /operation
INFO: [ app_init ] --START--
INFO: Run Behavior\BuildLiteBehavior [ RunTime:0.000000s ]
INFO: [ app_init ] --END-- [ RunTime:0.000000s ]
INFO: [ app_begin ] --START--
INFO: Run Behavior\ReadHtmlCacheBehavior [ RunTime:0.000000s ]
INFO: [ app_begin ] --END-- [ RunTime:0.000000s ]
NOTIC: [8] Undefined index: item C:\phpstudy\WWW\tp\qidian\Application\Index\Controller\OperationController.class.php 第 9 行.
SQL: SHOW COLUMNS FROM `qd_items` [ RunTime:0.0030s ]
SQL: SELECT * FROM `qd_items` WHERE `pid` = 1  [ RunTime:0.0000s ]
SQL: SHOW COLUMNS FROM `qd_news` [ RunTime:0.0030s ]
SQL: SELECT `id`,`item_id`,`title` FROM `qd_news` WHERE ( item_id=2 )  [ RunTime:0.0000s ]
SQL: SELECT `id`,`item_id`,`title` FROM `qd_news` WHERE ( item_id=3 )  [ RunTime:0.0000s ]
INFO: [ view_parse ] --START--
INFO: [ template_filter ] --START--
INFO: Run Behavior\ContentReplaceBehavior [ RunTime:0.000000s ]
INFO: [ template_filter ] --END-- [ RunTime:0.000000s ]
INFO: Run Behavior\ParseTemplateBehavior [ RunTime:0.006000s ]
INFO: [ view_parse ] --END-- [ RunTime:0.006000s ]
INFO: [ view_filter ] --START--
INFO: Run Behavior\WriteHtmlCacheBehavior [ RunTime:0.000000s ]
INFO: [ view_filter ] --END-- [ RunTime:0.000000s ]
INFO: [ app_end ] --START--
INFO: Run Behavior\ShowPageTraceBehavior [ RunTime:0.000000s ]
INFO: [ app_end ] --END-- [ RunTime:0.000000s ]

[ 2016-11-23T16:48:45+08:00 ] 127.0.0.1 /operation
INFO: [ app_init ] --START--
INFO: Run Behavior\BuildLiteBehavior [ RunTime:0.000000s ]
INFO: [ app_init ] --END-- [ RunTime:0.000000s ]
INFO: [ app_begin ] --START--
INFO: Run Behavior\ReadHtmlCacheBehavior [ RunTime:0.001000s ]
INFO: [ app_begin ] --END-- [ RunTime:0.001000s ]
NOTIC: [8] Undefined index: item C:\phpstudy\WWW\tp\qidian\Application\Index\Controller\OperationController.class.php 第 9 行.
SQL: SHOW COLUMNS FROM `qd_items` [ RunTime:0.0040s ]
SQL: SELECT * FROM `qd_items` WHERE `pid` = 1  [ RunTime:0.0000s ]
SQL: SHOW COLUMNS FROM `qd_news` [ RunTime:0.0030s ]
SQL: SELECT `id`,`item_id`,`title` FROM `qd_news` WHERE ( item_id=2 )  [ RunTime:0.0000s ]
SQL: SELECT `id`,`item_id`,`title` FROM `qd_news` WHERE ( item_id=3 )  [ RunTime:0.0000s ]
INFO: [ view_parse ] --START--
INFO: [ template_filter ] --START--
INFO: Run Behavior\ContentReplaceBehavior [ RunTime:0.000000s ]
INFO: [ template_filter ] --END-- [ RunTime:0.000000s ]
INFO: Run Behavior\ParseTemplateBehavior [ RunTime:0.005000s ]
INFO: [ view_parse ] --END-- [ RunTime:0.005000s ]
INFO: [ view_filter ] --START--
INFO: Run Behavior\WriteHtmlCacheBehavior [ RunTime:0.000000s ]
INFO: [ view_filter ] --END-- [ RunTime:0.000000s ]
INFO: [ app_end ] --START--
INFO: Run Behavior\ShowPageTraceBehavior [ RunTime:0.001000s ]
INFO: [ app_end ] --END-- [ RunTime:0.001000s ]

[ 2016-11-23T16:54:12+08:00 ] 127.0.0.1 /operation
INFO: [ app_init ] --START--
INFO: Run Behavior\BuildLiteBehavior [ RunTime:0.000000s ]
INFO: [ app_init ] --END-- [ RunTime:0.001000s ]
INFO: [ app_begin ] --START--
INFO: Run Behavior\ReadHtmlCacheBehavior [ RunTime:0.001000s ]
INFO: [ app_begin ] --END-- [ RunTime:0.001000s ]
NOTIC: [8] Undefined index: item C:\phpstudy\WWW\tp\qidian\Application\Index\Controller\OperationController.class.php 第 9 行.
SQL: SHOW COLUMNS FROM `qd_items` [ RunTime:0.0050s ]
SQL: SELECT * FROM `qd_items` WHERE `pid` = 1  [ RunTime:0.0010s ]
SQL: SHOW COLUMNS FROM `qd_news` [ RunTime:0.0040s ]
SQL: SELECT `id`,`item_id`,`title` FROM `qd_news` WHERE ( item_id=2 )  [ RunTime:0.0000s ]
SQL: SELECT `id`,`item_id`,`title` FROM `qd_news` WHERE ( item_id=3 )  [ RunTime:0.0000s ]
INFO: [ view_parse ] --START--
INFO: [ template_filter ] --START--
INFO: Run Behavior\ContentReplaceBehavior [ RunTime:0.001000s ]
INFO: [ template_filter ] --END-- [ RunTime:0.001000s ]
INFO: Run Behavior\ParseTemplateBehavior [ RunTime:0.006000s ]
INFO: [ view_parse ] --END-- [ RunTime:0.006000s ]
INFO: [ view_filter ] --START--
INFO: Run Behavior\WriteHtmlCacheBehavior [ RunTime:0.000000s ]
INFO: [ view_filter ] --END-- [ RunTime:0.000000s ]
INFO: [ app_end ] --START--
INFO: Run Behavior\ShowPageTraceBehavior [ RunTime:0.001000s ]
INFO: [ app_end ] --END-- [ RunTime:0.001000s ]

