[ 2017-01-12T10:45:07+08:00 ] 127.0.0.1 /
INFO: [ app_init ] --START--
INFO: Run Behavior\BuildLiteBehavior [ RunTime:0.000000s ]
INFO: [ app_init ] --END-- [ RunTime:0.001000s ]
INFO: [ app_begin ] --START--
INFO: Run Behavior\ReadHtmlCacheBehavior [ RunTime:0.001000s ]
INFO: [ app_begin ] --END-- [ RunTime:0.001000s ]
SQL: SHOW COLUMNS FROM `qd_items` [ RunTime:0.0050s ]
SQL: SELECT * FROM `qd_items` WHERE ( pid=4 )  [ RunTime:0.0000s ]
SQL: SHOW COLUMNS FROM `qd_news` [ RunTime:0.0050s ]
SQL: SELECT `id`,`title`,`small_img`,`item_id` FROM `qd_news` WHERE ( item_id =5 )  [ RunTime:0.0010s ]
SQL: SELECT `id`,`title`,`small_img`,`item_id` FROM `qd_news` WHERE ( item_id =6 )  [ RunTime:0.0000s ]
SQL: SELECT `id`,`title`,`small_img`,`item_id` FROM `qd_news` WHERE ( item_id =7 )  [ RunTime:0.0010s ]
SQL: SELECT `id`,`title`,`small_img`,`item_id` FROM `qd_news` WHERE ( item_id =8 )  [ RunTime:0.0000s ]
SQL: SELECT `id`,`title`,`small_img`,`item_id` FROM `qd_news` WHERE ( item_id =12 )  [ RunTime:0.0010s ]
INFO: [ view_parse ] --START--
INFO: [ template_filter ] --START--
INFO: Run Behavior\ContentReplaceBehavior [ RunTime:0.000000s ]
INFO: [ template_filter ] --END-- [ RunTime:0.000000s ]
INFO: Run Behavior\ParseTemplateBehavior [ RunTime:0.013000s ]
INFO: [ view_parse ] --END-- [ RunTime:0.013000s ]
INFO: [ view_filter ] --START--
INFO: Run Behavior\WriteHtmlCacheBehavior [ RunTime:0.001000s ]
INFO: [ view_filter ] --END-- [ RunTime:0.001000s ]
INFO: [ app_end ] --START--
INFO: Run Behavior\ShowPageTraceBehavior [ RunTime:0.001000s ]
INFO: [ app_end ] --END-- [ RunTime:0.001000s ]

[ 2017-01-12T11:25:24+08:00 ] 127.0.0.1 /
INFO: [ app_init ] --START--
INFO: Run Behavior\BuildLiteBehavior [ RunTime:0.000000s ]
INFO: [ app_init ] --END-- [ RunTime:0.001000s ]
INFO: [ app_begin ] --START--
INFO: Run Behavior\ReadHtmlCacheBehavior [ RunTime:0.001000s ]
INFO: [ app_begin ] --END-- [ RunTime:0.001000s ]
SQL: SHOW COLUMNS FROM `qd_items` [ RunTime:0.0040s ]
SQL: SELECT * FROM `qd_items` WHERE ( pid=4 )  [ RunTime:0.0000s ]
SQL: SHOW COLUMNS FROM `qd_news` [ RunTime:0.0040s ]
SQL: SELECT `id`,`title`,`small_img`,`item_id` FROM `qd_news` WHERE ( item_id =5 )  [ RunTime:0.0000s ]
SQL: SELECT `id`,`title`,`small_img`,`item_id` FROM `qd_news` WHERE ( item_id =6 )  [ RunTime:0.0010s ]
SQL: SELECT `id`,`title`,`small_img`,`item_id` FROM `qd_news` WHERE ( item_id =7 )  [ RunTime:0.0000s ]
SQL: SELECT `id`,`title`,`small_img`,`item_id` FROM `qd_news` WHERE ( item_id =8 )  [ RunTime:0.0000s ]
SQL: SELECT `id`,`title`,`small_img`,`item_id` FROM `qd_news` WHERE ( item_id =12 )  [ RunTime:0.0000s ]
INFO: [ view_parse ] --START--
INFO: [ template_filter ] --START--
INFO: Run Behavior\ContentReplaceBehavior [ RunTime:0.000000s ]
INFO: [ template_filter ] --END-- [ RunTime:0.000000s ]
INFO: Run Behavior\ParseTemplateBehavior [ RunTime:0.012000s ]
INFO: [ view_parse ] --END-- [ RunTime:0.012000s ]
INFO: [ view_filter ] --START--
INFO: Run Behavior\WriteHtmlCacheBehavior [ RunTime:0.001000s ]
INFO: [ view_filter ] --END-- [ RunTime:0.001000s ]
INFO: [ app_end ] --START--
INFO: Run Behavior\ShowPageTraceBehavior [ RunTime:0.002000s ]
INFO: [ app_end ] --END-- [ RunTime:0.002000s ]

[ 2017-01-12T11:27:28+08:00 ] 127.0.0.1 /
INFO: [ app_init ] --START--
INFO: Run Behavior\BuildLiteBehavior [ RunTime:0.000000s ]
INFO: [ app_init ] --END-- [ RunTime:0.000000s ]
INFO: [ app_begin ] --START--
INFO: Run Behavior\ReadHtmlCacheBehavior [ RunTime:0.001000s ]
INFO: [ app_begin ] --END-- [ RunTime:0.001000s ]
SQL: SHOW COLUMNS FROM `qd_items` [ RunTime:0.0030s ]
SQL: SELECT * FROM `qd_items` WHERE ( pid=4 )  [ RunTime:0.0000s ]
SQL: SHOW COLUMNS FROM `qd_news` [ RunTime:0.0030s ]
SQL: SELECT `id`,`title`,`small_img`,`item_id` FROM `qd_news` WHERE ( item_id =5 )  [ RunTime:0.0000s ]
SQL: SELECT `id`,`title`,`small_img`,`item_id` FROM `qd_news` WHERE ( item_id =6 )  [ RunTime:0.0000s ]
SQL: SELECT `id`,`title`,`small_img`,`item_id` FROM `qd_news` WHERE ( item_id =7 )  [ RunTime:0.0010s ]
SQL: SELECT `id`,`title`,`small_img`,`item_id` FROM `qd_news` WHERE ( item_id =8 )  [ RunTime:0.0010s ]
SQL: SELECT `id`,`title`,`small_img`,`item_id` FROM `qd_news` WHERE ( item_id =12 )  [ RunTime:0.0000s ]
INFO: [ view_parse ] --START--
INFO: [ template_filter ] --START--
INFO: Run Behavior\ContentReplaceBehavior [ RunTime:0.000000s ]
INFO: [ template_filter ] --END-- [ RunTime:0.000000s ]
INFO: Run Behavior\ParseTemplateBehavior [ RunTime:0.012000s ]
INFO: [ view_parse ] --END-- [ RunTime:0.012000s ]
INFO: [ view_filter ] --START--
INFO: Run Behavior\WriteHtmlCacheBehavior [ RunTime:0.000000s ]
INFO: [ view_filter ] --END-- [ RunTime:0.000000s ]
INFO: [ app_end ] --START--
INFO: Run Behavior\ShowPageTraceBehavior [ RunTime:0.003000s ]
INFO: [ app_end ] --END-- [ RunTime:0.003000s ]

[ 2017-01-12T11:30:23+08:00 ] 127.0.0.1 /
INFO: [ app_init ] --START--
INFO: Run Behavior\BuildLiteBehavior [ RunTime:0.000000s ]
INFO: [ app_init ] --END-- [ RunTime:0.000000s ]
INFO: [ app_begin ] --START--
INFO: Run Behavior\ReadHtmlCacheBehavior [ RunTime:0.001000s ]
INFO: [ app_begin ] --END-- [ RunTime:0.001000s ]
SQL: SHOW COLUMNS FROM `qd_items` [ RunTime:0.0050s ]
SQL: SELECT * FROM `qd_items` WHERE ( pid=4 )  [ RunTime:0.0010s ]
SQL: SHOW COLUMNS FROM `qd_news` [ RunTime:0.0030s ]
SQL: SELECT `id`,`title`,`small_img`,`item_id` FROM `qd_news` WHERE ( item_id =5 )  [ RunTime:0.0000s ]
SQL: SELECT `id`,`title`,`small_img`,`item_id` FROM `qd_news` WHERE ( item_id =6 )  [ RunTime:0.0010s ]
SQL: SELECT `id`,`title`,`small_img`,`item_id` FROM `qd_news` WHERE ( item_id =7 )  [ RunTime:0.0000s ]
SQL: SELECT `id`,`title`,`small_img`,`item_id` FROM `qd_news` WHERE ( item_id =8 )  [ RunTime:0.0000s ]
SQL: SELECT `id`,`title`,`small_img`,`item_id` FROM `qd_news` WHERE ( item_id =12 )  [ RunTime:0.0010s ]
INFO: [ view_parse ] --START--
INFO: [ template_filter ] --START--
INFO: Run Behavior\ContentReplaceBehavior [ RunTime:0.000000s ]
INFO: [ template_filter ] --END-- [ RunTime:0.000000s ]
INFO: Run Behavior\ParseTemplateBehavior [ RunTime:0.011000s ]
INFO: [ view_parse ] --END-- [ RunTime:0.011000s ]
INFO: [ view_filter ] --START--
INFO: Run Behavior\WriteHtmlCacheBehavior [ RunTime:0.001000s ]
INFO: [ view_filter ] --END-- [ RunTime:0.001000s ]
INFO: [ app_end ] --START--
INFO: Run Behavior\ShowPageTraceBehavior [ RunTime:0.001000s ]
INFO: [ app_end ] --END-- [ RunTime:0.001000s ]

[ 2017-01-12T11:30:42+08:00 ] 127.0.0.1 /
INFO: [ app_init ] --START--
INFO: Run Behavior\BuildLiteBehavior [ RunTime:0.000000s ]
INFO: [ app_init ] --END-- [ RunTime:0.000000s ]
INFO: [ app_begin ] --START--
INFO: Run Behavior\ReadHtmlCacheBehavior [ RunTime:0.001000s ]
INFO: [ app_begin ] --END-- [ RunTime:0.001000s ]
SQL: SHOW COLUMNS FROM `qd_items` [ RunTime:0.0040s ]
SQL: SELECT * FROM `qd_items` WHERE ( pid=4 )  [ RunTime:0.0010s ]
SQL: SHOW COLUMNS FROM `qd_news` [ RunTime:0.0030s ]
SQL: SELECT `id`,`title`,`small_img`,`item_id` FROM `qd_news` WHERE ( item_id =5 )  [ RunTime:0.0000s ]
SQL: SELECT `id`,`title`,`small_img`,`item_id` FROM `qd_news` WHERE ( item_id =6 )  [ RunTime:0.0000s ]
SQL: SELECT `id`,`title`,`small_img`,`item_id` FROM `qd_news` WHERE ( item_id =7 )  [ RunTime:0.0000s ]
SQL: SELECT `id`,`title`,`small_img`,`item_id` FROM `qd_news` WHERE ( item_id =8 )  [ RunTime:0.0000s ]
SQL: SELECT `id`,`title`,`small_img`,`item_id` FROM `qd_news` WHERE ( item_id =12 )  [ RunTime:0.0000s ]
INFO: [ view_parse ] --START--
INFO: [ template_filter ] --START--
INFO: Run Behavior\ContentReplaceBehavior [ RunTime:0.000000s ]
INFO: [ template_filter ] --END-- [ RunTime:0.000000s ]
INFO: Run Behavior\ParseTemplateBehavior [ RunTime:0.012000s ]
INFO: [ view_parse ] --END-- [ RunTime:0.012000s ]
INFO: [ view_filter ] --START--
INFO: Run Behavior\WriteHtmlCacheBehavior [ RunTime:0.000000s ]
INFO: [ view_filter ] --END-- [ RunTime:0.000000s ]
INFO: [ app_end ] --START--
INFO: Run Behavior\ShowPageTraceBehavior [ RunTime:0.001000s ]
INFO: [ app_end ] --END-- [ RunTime:0.001000s ]

[ 2017-01-12T11:34:58+08:00 ] 127.0.0.1 /
INFO: [ app_init ] --START--
INFO: Run Behavior\BuildLiteBehavior [ RunTime:0.000000s ]
INFO: [ app_init ] --END-- [ RunTime:0.001000s ]
INFO: [ app_begin ] --START--
INFO: Run Behavior\ReadHtmlCacheBehavior [ RunTime:0.001000s ]
INFO: [ app_begin ] --END-- [ RunTime:0.001000s ]
SQL: SHOW COLUMNS FROM `qd_items` [ RunTime:0.0040s ]
SQL: SELECT * FROM `qd_items` WHERE ( pid=4 )  [ RunTime:0.0010s ]
SQL: SHOW COLUMNS FROM `qd_news` [ RunTime:0.0040s ]
SQL: SELECT `id`,`title`,`small_img`,`item_id` FROM `qd_news` WHERE ( item_id =5 )  [ RunTime:0.0000s ]
SQL: SELECT `id`,`title`,`small_img`,`item_id` FROM `qd_news` WHERE ( item_id =6 )  [ RunTime:0.0010s ]
SQL: SELECT `id`,`title`,`small_img`,`item_id` FROM `qd_news` WHERE ( item_id =7 )  [ RunTime:0.0000s ]
SQL: SELECT `id`,`title`,`small_img`,`item_id` FROM `qd_news` WHERE ( item_id =8 )  [ RunTime:0.0000s ]
SQL: SELECT `id`,`title`,`small_img`,`item_id` FROM `qd_news` WHERE ( item_id =12 )  [ RunTime:0.0010s ]
INFO: [ view_parse ] --START--
INFO: [ template_filter ] --START--
INFO: Run Behavior\ContentReplaceBehavior [ RunTime:0.000000s ]
INFO: [ template_filter ] --END-- [ RunTime:0.000000s ]
INFO: Run Behavior\ParseTemplateBehavior [ RunTime:0.012000s ]
INFO: [ view_parse ] --END-- [ RunTime:0.012000s ]
INFO: [ view_filter ] --START--
INFO: Run Behavior\WriteHtmlCacheBehavior [ RunTime:0.001000s ]
INFO: [ view_filter ] --END-- [ RunTime:0.001000s ]
INFO: [ app_end ] --START--
INFO: Run Behavior\ShowPageTraceBehavior [ RunTime:0.001000s ]
INFO: [ app_end ] --END-- [ RunTime:0.001000s ]

[ 2017-01-12T11:36:15+08:00 ] 127.0.0.1 /
INFO: [ app_init ] --START--
INFO: Run Behavior\BuildLiteBehavior [ RunTime:0.000000s ]
INFO: [ app_init ] --END-- [ RunTime:0.000000s ]
INFO: [ app_begin ] --START--
INFO: Run Behavior\ReadHtmlCacheBehavior [ RunTime:0.001000s ]
INFO: [ app_begin ] --END-- [ RunTime:0.001000s ]
SQL: SHOW COLUMNS FROM `qd_items` [ RunTime:0.0050s ]
SQL: SELECT * FROM `qd_items` WHERE ( pid=4 )  [ RunTime:0.0010s ]
SQL: SHOW COLUMNS FROM `qd_news` [ RunTime:0.0040s ]
SQL: SELECT `id`,`title`,`small_img`,`item_id` FROM `qd_news` WHERE ( item_id =5 )  [ RunTime:0.0010s ]
SQL: SELECT `id`,`title`,`small_img`,`item_id` FROM `qd_news` WHERE ( item_id =6 )  [ RunTime:0.0010s ]
SQL: SELECT `id`,`title`,`small_img`,`item_id` FROM `qd_news` WHERE ( item_id =7 )  [ RunTime:0.0010s ]
SQL: SELECT `id`,`title`,`small_img`,`item_id` FROM `qd_news` WHERE ( item_id =8 )  [ RunTime:0.0000s ]
SQL: SELECT `id`,`title`,`small_img`,`item_id` FROM `qd_news` WHERE ( item_id =12 )  [ RunTime:0.0000s ]
INFO: [ view_parse ] --START--
INFO: [ template_filter ] --START--
INFO: Run Behavior\ContentReplaceBehavior [ RunTime:0.000000s ]
INFO: [ template_filter ] --END-- [ RunTime:0.000000s ]
INFO: Run Behavior\ParseTemplateBehavior [ RunTime:0.012000s ]
INFO: [ view_parse ] --END-- [ RunTime:0.012000s ]
INFO: [ view_filter ] --START--
INFO: Run Behavior\WriteHtmlCacheBehavior [ RunTime:0.000000s ]
INFO: [ view_filter ] --END-- [ RunTime:0.000000s ]
INFO: [ app_end ] --START--
INFO: Run Behavior\ShowPageTraceBehavior [ RunTime:0.001000s ]
INFO: [ app_end ] --END-- [ RunTime:0.001000s ]

[ 2017-01-12T11:39:22+08:00 ] 127.0.0.1 /News/cpnew
INFO: [ app_init ] --START--
INFO: Run Behavior\BuildLiteBehavior [ RunTime:0.000000s ]
INFO: [ app_init ] --END-- [ RunTime:0.000000s ]
INFO: [ app_begin ] --START--
INFO: Run Behavior\ReadHtmlCacheBehavior [ RunTime:0.001000s ]
INFO: [ app_begin ] --END-- [ RunTime:0.001000s ]
SQL: SHOW COLUMNS FROM `qd_items` [ RunTime:0.0030s ]
SQL: SELECT `id` FROM `qd_items` WHERE ( pid=4 )  [ RunTime:0.0000s ]
SQL: SHOW COLUMNS FROM `qd_news` [ RunTime:0.0050s ]
SQL: SELECT * FROM `qd_news` WHERE ( id = 7 ) LIMIT 1   [ RunTime:0.0000s ]
SQL: SELECT * FROM `qd_news` WHERE `item_id` IN ('5','6','7','8','12') AND `id` < '7' ORDER BY id desc LIMIT 1   [ RunTime:0.0000s ]
SQL: SELECT * FROM `qd_news` WHERE `item_id` IN ('5','6','7','8','12') AND `id` > '7' LIMIT 1   [ RunTime:0.0010s ]

[ 2017-01-12T11:39:28+08:00 ] 127.0.0.1 /News/cpnew
INFO: [ app_init ] --START--
INFO: Run Behavior\BuildLiteBehavior [ RunTime:0.000000s ]
INFO: [ app_init ] --END-- [ RunTime:0.001000s ]
INFO: [ app_begin ] --START--
INFO: Run Behavior\ReadHtmlCacheBehavior [ RunTime:0.001000s ]
INFO: [ app_begin ] --END-- [ RunTime:0.001000s ]
SQL: SHOW COLUMNS FROM `qd_items` [ RunTime:0.0050s ]
SQL: SELECT `id` FROM `qd_items` WHERE ( pid=4 )  [ RunTime:0.0000s ]
SQL: SHOW COLUMNS FROM `qd_news` [ RunTime:0.0040s ]
SQL: SELECT * FROM `qd_news` WHERE ( id = 8 ) LIMIT 1   [ RunTime:0.0010s ]
SQL: SELECT * FROM `qd_news` WHERE `item_id` IN ('5','6','7','8','12') AND `id` < '8' ORDER BY id desc LIMIT 1   [ RunTime:0.0010s ]
SQL: SELECT * FROM `qd_news` WHERE `item_id` IN ('5','6','7','8','12') AND `id` > '8' LIMIT 1   [ RunTime:0.0020s ]

[ 2017-01-12T11:39:31+08:00 ] 127.0.0.1 /News/cpnew
INFO: [ app_init ] --START--
INFO: Run Behavior\BuildLiteBehavior [ RunTime:0.000000s ]
INFO: [ app_init ] --END-- [ RunTime:0.000000s ]
INFO: [ app_begin ] --START--
INFO: Run Behavior\ReadHtmlCacheBehavior [ RunTime:0.000000s ]
INFO: [ app_begin ] --END-- [ RunTime:0.001000s ]
SQL: SHOW COLUMNS FROM `qd_items` [ RunTime:0.0060s ]
SQL: SELECT `id` FROM `qd_items` WHERE ( pid=4 )  [ RunTime:0.0010s ]
SQL: SHOW COLUMNS FROM `qd_news` [ RunTime:0.0070s ]
SQL: SELECT * FROM `qd_news` WHERE ( id = 9 ) LIMIT 1   [ RunTime:0.0030s ]
SQL: SELECT * FROM `qd_news` WHERE `item_id` IN ('5','6','7','8','12') AND `id` < '9' ORDER BY id desc LIMIT 1   [ RunTime:0.0010s ]
SQL: SELECT * FROM `qd_news` WHERE `item_id` IN ('5','6','7','8','12') AND `id` > '9' LIMIT 1   [ RunTime:0.0010s ]

[ 2017-01-12T11:39:34+08:00 ] 127.0.0.1 /News/cpnew
INFO: [ app_init ] --START--
INFO: Run Behavior\BuildLiteBehavior [ RunTime:0.000000s ]
INFO: [ app_init ] --END-- [ RunTime:0.001000s ]
INFO: [ app_begin ] --START--
INFO: Run Behavior\ReadHtmlCacheBehavior [ RunTime:0.000000s ]
INFO: [ app_begin ] --END-- [ RunTime:0.000000s ]
SQL: SHOW COLUMNS FROM `qd_items` [ RunTime:0.0040s ]
SQL: SELECT `id` FROM `qd_items` WHERE ( pid=4 )  [ RunTime:0.0000s ]
SQL: SHOW COLUMNS FROM `qd_news` [ RunTime:0.0070s ]
SQL: SELECT * FROM `qd_news` WHERE ( id = 11 ) LIMIT 1   [ RunTime:0.0010s ]
SQL: SELECT * FROM `qd_news` WHERE `item_id` IN ('5','6','7','8','12') AND `id` < '11' ORDER BY id desc LIMIT 1   [ RunTime:0.0010s ]
SQL: SELECT * FROM `qd_news` WHERE `item_id` IN ('5','6','7','8','12') AND `id` > '11' LIMIT 1   [ RunTime:0.0010s ]

[ 2017-01-12T11:39:36+08:00 ] 127.0.0.1 /News/cpnew
INFO: [ app_init ] --START--
INFO: Run Behavior\BuildLiteBehavior [ RunTime:0.000000s ]
INFO: [ app_init ] --END-- [ RunTime:0.000000s ]
INFO: [ app_begin ] --START--
INFO: Run Behavior\ReadHtmlCacheBehavior [ RunTime:0.001000s ]
INFO: [ app_begin ] --END-- [ RunTime:0.001000s ]
SQL: SHOW COLUMNS FROM `qd_items` [ RunTime:0.0050s ]
SQL: SELECT `id` FROM `qd_items` WHERE ( pid=4 )  [ RunTime:0.0010s ]
SQL: SHOW COLUMNS FROM `qd_news` [ RunTime:0.0060s ]
SQL: SELECT * FROM `qd_news` WHERE ( id = 12 ) LIMIT 1   [ RunTime:0.0000s ]
SQL: SELECT * FROM `qd_news` WHERE `item_id` IN ('5','6','7','8','12') AND `id` < '12' ORDER BY id desc LIMIT 1   [ RunTime:0.0000s ]
SQL: SELECT * FROM `qd_news` WHERE `item_id` IN ('5','6','7','8','12') AND `id` > '12' LIMIT 1   [ RunTime:0.0010s ]

[ 2017-01-12T11:39:36+08:00 ] 127.0.0.1 /News/cpnew
INFO: [ app_init ] --START--
INFO: Run Behavior\BuildLiteBehavior [ RunTime:0.000000s ]
INFO: [ app_init ] --END-- [ RunTime:0.000000s ]
INFO: [ app_begin ] --START--
INFO: Run Behavior\ReadHtmlCacheBehavior [ RunTime:0.000000s ]
INFO: [ app_begin ] --END-- [ RunTime:0.000000s ]
SQL: SHOW COLUMNS FROM `qd_items` [ RunTime:0.0040s ]
SQL: SELECT `id` FROM `qd_items` WHERE ( pid=4 )  [ RunTime:0.0010s ]
SQL: SHOW COLUMNS FROM `qd_news` [ RunTime:0.0030s ]
ERR: 1064:You have an error in your SQL syntax; check the manual that corresponds to your MySQL server version for the right syntax to use near ') LIMIT 1' at line 1
 [ SQL语句 ] : SELECT * FROM `qd_news` WHERE ( id =  ) LIMIT 1  
ERR: 1064:You have an error in your SQL syntax; check the manual that corresponds to your MySQL server version for the right syntax to use near ') LIMIT 1' at line 1
 [ SQL语句 ] : SELECT * FROM `qd_news` WHERE ( id =  ) LIMIT 1  

[ 2017-01-12T11:39:36+08:00 ] 127.0.0.1 /News/cpnew
INFO: [ app_init ] --START--
INFO: Run Behavior\BuildLiteBehavior [ RunTime:0.000000s ]
INFO: [ app_init ] --END-- [ RunTime:0.001000s ]
INFO: [ app_begin ] --START--
INFO: Run Behavior\ReadHtmlCacheBehavior [ RunTime:0.001000s ]
INFO: [ app_begin ] --END-- [ RunTime:0.001000s ]
SQL: SHOW COLUMNS FROM `qd_items` [ RunTime:0.0040s ]
SQL: SELECT `id` FROM `qd_items` WHERE ( pid=4 )  [ RunTime:0.0000s ]
SQL: SHOW COLUMNS FROM `qd_news` [ RunTime:0.0040s ]
ERR: 1064:You have an error in your SQL syntax; check the manual that corresponds to your MySQL server version for the right syntax to use near ') LIMIT 1' at line 1
 [ SQL语句 ] : SELECT * FROM `qd_news` WHERE ( id =  ) LIMIT 1  
ERR: 1064:You have an error in your SQL syntax; check the manual that corresponds to your MySQL server version for the right syntax to use near ') LIMIT 1' at line 1
 [ SQL语句 ] : SELECT * FROM `qd_news` WHERE ( id =  ) LIMIT 1  

[ 2017-01-12T11:39:37+08:00 ] 127.0.0.1 /News/cpnew
INFO: [ app_init ] --START--
INFO: Run Behavior\BuildLiteBehavior [ RunTime:0.000000s ]
INFO: [ app_init ] --END-- [ RunTime:0.001000s ]
INFO: [ app_begin ] --START--
INFO: Run Behavior\ReadHtmlCacheBehavior [ RunTime:0.001000s ]
INFO: [ app_begin ] --END-- [ RunTime:0.001000s ]
SQL: SHOW COLUMNS FROM `qd_items` [ RunTime:0.0280s ]
SQL: SELECT `id` FROM `qd_items` WHERE ( pid=4 )  [ RunTime:0.0000s ]
SQL: SHOW COLUMNS FROM `qd_news` [ RunTime:0.0040s ]
ERR: 1064:You have an error in your SQL syntax; check the manual that corresponds to your MySQL server version for the right syntax to use near ') LIMIT 1' at line 1
 [ SQL语句 ] : SELECT * FROM `qd_news` WHERE ( id =  ) LIMIT 1  
ERR: 1064:You have an error in your SQL syntax; check the manual that corresponds to your MySQL server version for the right syntax to use near ') LIMIT 1' at line 1
 [ SQL语句 ] : SELECT * FROM `qd_news` WHERE ( id =  ) LIMIT 1  

[ 2017-01-12T11:39:37+08:00 ] 127.0.0.1 /News/cpnew
INFO: [ app_init ] --START--
INFO: Run Behavior\BuildLiteBehavior [ RunTime:0.000000s ]
INFO: [ app_init ] --END-- [ RunTime:0.000000s ]
INFO: [ app_begin ] --START--
INFO: Run Behavior\ReadHtmlCacheBehavior [ RunTime:0.001000s ]
INFO: [ app_begin ] --END-- [ RunTime:0.001000s ]
SQL: SHOW COLUMNS FROM `qd_items` [ RunTime:0.0060s ]
SQL: SELECT `id` FROM `qd_items` WHERE ( pid=4 )  [ RunTime:0.0000s ]
SQL: SHOW COLUMNS FROM `qd_news` [ RunTime:0.0070s ]
ERR: 1064:You have an error in your SQL syntax; check the manual that corresponds to your MySQL server version for the right syntax to use near ') LIMIT 1' at line 1
 [ SQL语句 ] : SELECT * FROM `qd_news` WHERE ( id =  ) LIMIT 1  
ERR: 1064:You have an error in your SQL syntax; check the manual that corresponds to your MySQL server version for the right syntax to use near ') LIMIT 1' at line 1
 [ SQL语句 ] : SELECT * FROM `qd_news` WHERE ( id =  ) LIMIT 1  

[ 2017-01-12T11:39:37+08:00 ] 127.0.0.1 /News/cpnew
INFO: [ app_init ] --START--
INFO: Run Behavior\BuildLiteBehavior [ RunTime:0.000000s ]
INFO: [ app_init ] --END-- [ RunTime:0.000000s ]
INFO: [ app_begin ] --START--
INFO: Run Behavior\ReadHtmlCacheBehavior [ RunTime:0.000000s ]
INFO: [ app_begin ] --END-- [ RunTime:0.000000s ]
SQL: SHOW COLUMNS FROM `qd_items` [ RunTime:0.0040s ]
SQL: SELECT `id` FROM `qd_items` WHERE ( pid=4 )  [ RunTime:0.0000s ]
SQL: SHOW COLUMNS FROM `qd_news` [ RunTime:0.0050s ]
SQL: SELECT * FROM `qd_news` WHERE ( id = 11 ) LIMIT 1   [ RunTime:0.0000s ]
SQL: SELECT * FROM `qd_news` WHERE `item_id` IN ('5','6','7','8','12') AND `id` < '11' ORDER BY id desc LIMIT 1   [ RunTime:0.0010s ]
SQL: SELECT * FROM `qd_news` WHERE `item_id` IN ('5','6','7','8','12') AND `id` > '11' LIMIT 1   [ RunTime:0.0010s ]

[ 2017-01-12T11:39:38+08:00 ] 127.0.0.1 /News/cpnew
INFO: [ app_init ] --START--
INFO: Run Behavior\BuildLiteBehavior [ RunTime:0.000000s ]
INFO: [ app_init ] --END-- [ RunTime:0.000000s ]
INFO: [ app_begin ] --START--
INFO: Run Behavior\ReadHtmlCacheBehavior [ RunTime:0.000000s ]
INFO: [ app_begin ] --END-- [ RunTime:0.001000s ]
SQL: SHOW COLUMNS FROM `qd_items` [ RunTime:0.0040s ]
SQL: SELECT `id` FROM `qd_items` WHERE ( pid=4 )  [ RunTime:0.0000s ]
SQL: SHOW COLUMNS FROM `qd_news` [ RunTime:0.0040s ]
SQL: SELECT * FROM `qd_news` WHERE ( id = 9 ) LIMIT 1   [ RunTime:0.0000s ]
SQL: SELECT * FROM `qd_news` WHERE `item_id` IN ('5','6','7','8','12') AND `id` < '9' ORDER BY id desc LIMIT 1   [ RunTime:0.0000s ]
SQL: SELECT * FROM `qd_news` WHERE `item_id` IN ('5','6','7','8','12') AND `id` > '9' LIMIT 1   [ RunTime:0.0000s ]

[ 2017-01-12T11:39:38+08:00 ] 127.0.0.1 /News/cpnew
INFO: [ app_init ] --START--
INFO: Run Behavior\BuildLiteBehavior [ RunTime:0.000000s ]
INFO: [ app_init ] --END-- [ RunTime:0.001000s ]
INFO: [ app_begin ] --START--
INFO: Run Behavior\ReadHtmlCacheBehavior [ RunTime:0.001000s ]
INFO: [ app_begin ] --END-- [ RunTime:0.001000s ]
SQL: SHOW COLUMNS FROM `qd_items` [ RunTime:0.0040s ]
SQL: SELECT `id` FROM `qd_items` WHERE ( pid=4 )  [ RunTime:0.0000s ]
SQL: SHOW COLUMNS FROM `qd_news` [ RunTime:0.0040s ]
SQL: SELECT * FROM `qd_news` WHERE ( id = 8 ) LIMIT 1   [ RunTime:0.0000s ]
SQL: SELECT * FROM `qd_news` WHERE `item_id` IN ('5','6','7','8','12') AND `id` < '8' ORDER BY id desc LIMIT 1   [ RunTime:0.0010s ]
SQL: SELECT * FROM `qd_news` WHERE `item_id` IN ('5','6','7','8','12') AND `id` > '8' LIMIT 1   [ RunTime:0.0000s ]

[ 2017-01-12T11:39:39+08:00 ] 127.0.0.1 /News/cpnew
INFO: [ app_init ] --START--
INFO: Run Behavior\BuildLiteBehavior [ RunTime:0.000000s ]
INFO: [ app_init ] --END-- [ RunTime:0.000000s ]
INFO: [ app_begin ] --START--
INFO: Run Behavior\ReadHtmlCacheBehavior [ RunTime:0.001000s ]
INFO: [ app_begin ] --END-- [ RunTime:0.001000s ]
SQL: SHOW COLUMNS FROM `qd_items` [ RunTime:0.0030s ]
SQL: SELECT `id` FROM `qd_items` WHERE ( pid=4 )  [ RunTime:0.0010s ]
SQL: SHOW COLUMNS FROM `qd_news` [ RunTime:0.0030s ]
SQL: SELECT * FROM `qd_news` WHERE ( id = 7 ) LIMIT 1   [ RunTime:0.0000s ]
SQL: SELECT * FROM `qd_news` WHERE `item_id` IN ('5','6','7','8','12') AND `id` < '7' ORDER BY id desc LIMIT 1   [ RunTime:0.0000s ]
SQL: SELECT * FROM `qd_news` WHERE `item_id` IN ('5','6','7','8','12') AND `id` > '7' LIMIT 1   [ RunTime:0.0010s ]

[ 2017-01-12T11:39:39+08:00 ] 127.0.0.1 /News/cpnew
INFO: [ app_init ] --START--
INFO: Run Behavior\BuildLiteBehavior [ RunTime:0.000000s ]
INFO: [ app_init ] --END-- [ RunTime:0.000000s ]
INFO: [ app_begin ] --START--
INFO: Run Behavior\ReadHtmlCacheBehavior [ RunTime:0.000000s ]
INFO: [ app_begin ] --END-- [ RunTime:0.000000s ]
SQL: SHOW COLUMNS FROM `qd_items` [ RunTime:0.0050s ]
SQL: SELECT `id` FROM `qd_items` WHERE ( pid=4 )  [ RunTime:0.0000s ]
SQL: SHOW COLUMNS FROM `qd_news` [ RunTime:0.0050s ]
ERR: 1064:You have an error in your SQL syntax; check the manual that corresponds to your MySQL server version for the right syntax to use near ') LIMIT 1' at line 1
 [ SQL语句 ] : SELECT * FROM `qd_news` WHERE ( id =  ) LIMIT 1  
ERR: 1064:You have an error in your SQL syntax; check the manual that corresponds to your MySQL server version for the right syntax to use near ') LIMIT 1' at line 1
 [ SQL语句 ] : SELECT * FROM `qd_news` WHERE ( id =  ) LIMIT 1  

[ 2017-01-12T11:39:39+08:00 ] 127.0.0.1 /News/cpnew
INFO: [ app_init ] --START--
INFO: Run Behavior\BuildLiteBehavior [ RunTime:0.000000s ]
INFO: [ app_init ] --END-- [ RunTime:0.001000s ]
INFO: [ app_begin ] --START--
INFO: Run Behavior\ReadHtmlCacheBehavior [ RunTime:0.001000s ]
INFO: [ app_begin ] --END-- [ RunTime:0.001000s ]
SQL: SHOW COLUMNS FROM `qd_items` [ RunTime:0.0040s ]
SQL: SELECT `id` FROM `qd_items` WHERE ( pid=4 )  [ RunTime:0.0010s ]
SQL: SHOW COLUMNS FROM `qd_news` [ RunTime:0.0040s ]
ERR: 1064:You have an error in your SQL syntax; check the manual that corresponds to your MySQL server version for the right syntax to use near ') LIMIT 1' at line 1
 [ SQL语句 ] : SELECT * FROM `qd_news` WHERE ( id =  ) LIMIT 1  
ERR: 1064:You have an error in your SQL syntax; check the manual that corresponds to your MySQL server version for the right syntax to use near ') LIMIT 1' at line 1
 [ SQL语句 ] : SELECT * FROM `qd_news` WHERE ( id =  ) LIMIT 1  

[ 2017-01-12T11:41:04+08:00 ] 127.0.0.1 /
INFO: [ app_init ] --START--
INFO: Run Behavior\BuildLiteBehavior [ RunTime:0.000000s ]
INFO: [ app_init ] --END-- [ RunTime:0.000000s ]
INFO: [ app_begin ] --START--
INFO: Run Behavior\ReadHtmlCacheBehavior [ RunTime:0.001000s ]
INFO: [ app_begin ] --END-- [ RunTime:0.001000s ]
SQL: SHOW COLUMNS FROM `qd_items` [ RunTime:0.0050s ]
SQL: SELECT * FROM `qd_items` WHERE ( pid=4 )  [ RunTime:0.0010s ]
SQL: SHOW COLUMNS FROM `qd_news` [ RunTime:0.0040s ]
SQL: SELECT `id`,`title`,`small_img`,`item_id` FROM `qd_news` WHERE ( item_id =5 )  [ RunTime:0.0010s ]
SQL: SELECT `id`,`title`,`small_img`,`item_id` FROM `qd_news` WHERE ( item_id =6 )  [ RunTime:0.0000s ]
SQL: SELECT `id`,`title`,`small_img`,`item_id` FROM `qd_news` WHERE ( item_id =7 )  [ RunTime:0.0010s ]
SQL: SELECT `id`,`title`,`small_img`,`item_id` FROM `qd_news` WHERE ( item_id =8 )  [ RunTime:0.0000s ]
SQL: SELECT `id`,`title`,`small_img`,`item_id` FROM `qd_news` WHERE ( item_id =12 )  [ RunTime:0.0000s ]
INFO: [ view_parse ] --START--
INFO: [ template_filter ] --START--
INFO: Run Behavior\ContentReplaceBehavior [ RunTime:0.000000s ]
INFO: [ template_filter ] --END-- [ RunTime:0.000000s ]
INFO: Run Behavior\ParseTemplateBehavior [ RunTime:0.011000s ]
INFO: [ view_parse ] --END-- [ RunTime:0.011000s ]
INFO: [ view_filter ] --START--
INFO: Run Behavior\WriteHtmlCacheBehavior [ RunTime:0.000000s ]
INFO: [ view_filter ] --END-- [ RunTime:0.000000s ]
INFO: [ app_end ] --START--
INFO: Run Behavior\ShowPageTraceBehavior [ RunTime:0.000000s ]
INFO: [ app_end ] --END-- [ RunTime:0.000000s ]

[ 2017-01-12T15:28:46+08:00 ] 127.0.0.1 /
INFO: [ app_init ] --START--
INFO: Run Behavior\BuildLiteBehavior [ RunTime:0.000000s ]
INFO: [ app_init ] --END-- [ RunTime:0.000000s ]
INFO: [ app_begin ] --START--
INFO: Run Behavior\ReadHtmlCacheBehavior [ RunTime:0.000000s ]
INFO: [ app_begin ] --END-- [ RunTime:0.000000s ]
SQL: SHOW COLUMNS FROM `qd_items` [ RunTime:0.0040s ]
SQL: SELECT * FROM `qd_items` WHERE ( pid=4 )  [ RunTime:0.0000s ]
SQL: SHOW COLUMNS FROM `qd_news` [ RunTime:0.0040s ]
SQL: SELECT `id`,`title`,`small_img`,`item_id` FROM `qd_news` WHERE ( item_id =5 )  [ RunTime:0.0000s ]
SQL: SELECT `id`,`title`,`small_img`,`item_id` FROM `qd_news` WHERE ( item_id =6 )  [ RunTime:0.0000s ]
SQL: SELECT `id`,`title`,`small_img`,`item_id` FROM `qd_news` WHERE ( item_id =7 )  [ RunTime:0.0000s ]
SQL: SELECT `id`,`title`,`small_img`,`item_id` FROM `qd_news` WHERE ( item_id =8 )  [ RunTime:0.0000s ]
SQL: SELECT `id`,`title`,`small_img`,`item_id` FROM `qd_news` WHERE ( item_id =12 )  [ RunTime:0.0000s ]
INFO: [ view_parse ] --START--
INFO: [ template_filter ] --START--
INFO: Run Behavior\ContentReplaceBehavior [ RunTime:0.000000s ]
INFO: [ template_filter ] --END-- [ RunTime:0.000000s ]
INFO: Run Behavior\ParseTemplateBehavior [ RunTime:0.012000s ]
INFO: [ view_parse ] --END-- [ RunTime:0.012000s ]
INFO: [ view_filter ] --START--
INFO: Run Behavior\WriteHtmlCacheBehavior [ RunTime:0.001000s ]
INFO: [ view_filter ] --END-- [ RunTime:0.001000s ]
INFO: [ app_end ] --START--
INFO: Run Behavior\ShowPageTraceBehavior [ RunTime:0.000000s ]
INFO: [ app_end ] --END-- [ RunTime:0.001000s ]

[ 2017-01-12T15:39:13+08:00 ] 127.0.0.1 /
INFO: [ app_init ] --START--
INFO: Run Behavior\BuildLiteBehavior [ RunTime:0.000000s ]
INFO: [ app_init ] --END-- [ RunTime:0.000000s ]
INFO: [ app_begin ] --START--
INFO: Run Behavior\ReadHtmlCacheBehavior [ RunTime:0.001000s ]
INFO: [ app_begin ] --END-- [ RunTime:0.001000s ]
SQL: SHOW COLUMNS FROM `qd_items` [ RunTime:0.0040s ]
SQL: SELECT * FROM `qd_items` WHERE ( pid=4 )  [ RunTime:0.0000s ]
SQL: SHOW COLUMNS FROM `qd_news` [ RunTime:0.0040s ]
SQL: SELECT `id`,`title`,`small_img`,`item_id` FROM `qd_news` WHERE ( item_id =5 )  [ RunTime:0.0000s ]
SQL: SELECT `id`,`title`,`small_img`,`item_id` FROM `qd_news` WHERE ( item_id =6 )  [ RunTime:0.0010s ]
SQL: SELECT `id`,`title`,`small_img`,`item_id` FROM `qd_news` WHERE ( item_id =7 )  [ RunTime:0.0000s ]
SQL: SELECT `id`,`title`,`small_img`,`item_id` FROM `qd_news` WHERE ( item_id =8 )  [ RunTime:0.0000s ]
SQL: SELECT `id`,`title`,`small_img`,`item_id` FROM `qd_news` WHERE ( item_id =12 )  [ RunTime:0.0000s ]
INFO: [ view_parse ] --START--
INFO: [ template_filter ] --START--
INFO: Run Behavior\ContentReplaceBehavior [ RunTime:0.000000s ]
INFO: [ template_filter ] --END-- [ RunTime:0.000000s ]
INFO: Run Behavior\ParseTemplateBehavior [ RunTime:0.012000s ]
INFO: [ view_parse ] --END-- [ RunTime:0.012000s ]
INFO: [ view_filter ] --START--
INFO: Run Behavior\WriteHtmlCacheBehavior [ RunTime:0.000000s ]
INFO: [ view_filter ] --END-- [ RunTime:0.001000s ]
INFO: [ app_end ] --START--
INFO: Run Behavior\ShowPageTraceBehavior [ RunTime:0.001000s ]
INFO: [ app_end ] --END-- [ RunTime:0.001000s ]

[ 2017-01-12T15:46:07+08:00 ] 127.0.0.1 /
INFO: [ app_init ] --START--
INFO: Run Behavior\BuildLiteBehavior [ RunTime:0.000000s ]
INFO: [ app_init ] --END-- [ RunTime:0.001000s ]
INFO: [ app_begin ] --START--
INFO: Run Behavior\ReadHtmlCacheBehavior [ RunTime:0.001000s ]
INFO: [ app_begin ] --END-- [ RunTime:0.001000s ]
SQL: SHOW COLUMNS FROM `qd_items` [ RunTime:0.0050s ]
SQL: SELECT * FROM `qd_items` WHERE ( pid=4 )  [ RunTime:0.0000s ]
SQL: SHOW COLUMNS FROM `qd_news` [ RunTime:0.0040s ]
SQL: SELECT `id`,`title`,`small_img`,`item_id` FROM `qd_news` WHERE ( item_id =5 )  [ RunTime:0.0010s ]
SQL: SELECT `id`,`title`,`small_img`,`item_id` FROM `qd_news` WHERE ( item_id =6 )  [ RunTime:0.0000s ]
SQL: SELECT `id`,`title`,`small_img`,`item_id` FROM `qd_news` WHERE ( item_id =7 )  [ RunTime:0.0000s ]
SQL: SELECT `id`,`title`,`small_img`,`item_id` FROM `qd_news` WHERE ( item_id =8 )  [ RunTime:0.0010s ]
SQL: SELECT `id`,`title`,`small_img`,`item_id` FROM `qd_news` WHERE ( item_id =12 )  [ RunTime:0.0000s ]
INFO: [ view_parse ] --START--
INFO: [ template_filter ] --START--
INFO: Run Behavior\ContentReplaceBehavior [ RunTime:0.000000s ]
INFO: [ template_filter ] --END-- [ RunTime:0.000000s ]
INFO: Run Behavior\ParseTemplateBehavior [ RunTime:0.012000s ]
INFO: [ view_parse ] --END-- [ RunTime:0.012000s ]
INFO: [ view_filter ] --START--
INFO: Run Behavior\WriteHtmlCacheBehavior [ RunTime:0.001000s ]
INFO: [ view_filter ] --END-- [ RunTime:0.001000s ]
INFO: [ app_end ] --START--
INFO: Run Behavior\ShowPageTraceBehavior [ RunTime:0.001000s ]
INFO: [ app_end ] --END-- [ RunTime:0.001000s ]

