[ 2017-01-06T09:10:20+08:00 ] 192.168.1.110 /tp/qidian/
INFO: [ app_init ] --START--
INFO: Run Behavior\BuildLiteBehavior [ RunTime:0.000000s ]
INFO: [ app_init ] --END-- [ RunTime:0.000000s ]
INFO: [ app_begin ] --START--
INFO: Run Behavior\ReadHtmlCacheBehavior [ RunTime:0.000000s ]
INFO: [ app_begin ] --END-- [ RunTime:0.000000s ]
SQL: SHOW COLUMNS FROM `qd_items` [ RunTime:0.0100s ]
SQL: SELECT * FROM `qd_items` WHERE ( pid=4 )  [ RunTime:0.0000s ]
SQL: SHOW COLUMNS FROM `qd_news` [ RunTime:0.0000s ]
SQL: SELECT `id`,`title`,`small_img`,`item_id` FROM `qd_news` WHERE ( item_id =5 )  [ RunTime:0.0000s ]
SQL: SELECT `id`,`title`,`small_img`,`item_id` FROM `qd_news` WHERE ( item_id =6 )  [ RunTime:0.0000s ]
SQL: SELECT `id`,`title`,`small_img`,`item_id` FROM `qd_news` WHERE ( item_id =7 )  [ RunTime:0.0000s ]
SQL: SELECT `id`,`title`,`small_img`,`item_id` FROM `qd_news` WHERE ( item_id =8 )  [ RunTime:0.0100s ]
INFO: [ view_parse ] --START--
INFO: [ template_filter ] --START--
INFO: Run Behavior\ContentReplaceBehavior [ RunTime:0.000000s ]
INFO: [ template_filter ] --END-- [ RunTime:0.000000s ]
INFO: Run Behavior\ParseTemplateBehavior [ RunTime:0.010000s ]
INFO: [ view_parse ] --END-- [ RunTime:0.010000s ]
INFO: [ view_filter ] --START--
INFO: Run Behavior\WriteHtmlCacheBehavior [ RunTime:0.000000s ]
INFO: [ view_filter ] --END-- [ RunTime:0.000000s ]
INFO: [ app_end ] --START--
INFO: Run Behavior\ShowPageTraceBehavior [ RunTime:0.000000s ]
INFO: [ app_end ] --END-- [ RunTime:0.000000s ]

[ 2017-01-06T09:20:43+08:00 ] 127.0.0.1 /
INFO: [ app_init ] --START--
INFO: Run Behavior\BuildLiteBehavior [ RunTime:0.000000s ]
INFO: [ app_init ] --END-- [ RunTime:0.001000s ]
INFO: [ app_begin ] --START--
INFO: Run Behavior\ReadHtmlCacheBehavior [ RunTime:0.000000s ]
INFO: [ app_begin ] --END-- [ RunTime:0.000000s ]
SQL: SHOW COLUMNS FROM `qd_items` [ RunTime:0.0050s ]
SQL: SELECT * FROM `qd_items` WHERE ( pid=4 )  [ RunTime:0.0000s ]
SQL: SHOW COLUMNS FROM `qd_news` [ RunTime:0.0040s ]
SQL: SELECT `id`,`title`,`small_img`,`item_id` FROM `qd_news` WHERE ( item_id =5 )  [ RunTime:0.0010s ]
SQL: SELECT `id`,`title`,`small_img`,`item_id` FROM `qd_news` WHERE ( item_id =6 )  [ RunTime:0.0010s ]
SQL: SELECT `id`,`title`,`small_img`,`item_id` FROM `qd_news` WHERE ( item_id =7 )  [ RunTime:0.0000s ]
SQL: SELECT `id`,`title`,`small_img`,`item_id` FROM `qd_news` WHERE ( item_id =8 )  [ RunTime:0.0000s ]
INFO: [ view_parse ] --START--
INFO: [ template_filter ] --START--
INFO: Run Behavior\ContentReplaceBehavior [ RunTime:0.000000s ]
INFO: [ template_filter ] --END-- [ RunTime:0.001000s ]
INFO: Run Behavior\ParseTemplateBehavior [ RunTime:0.011000s ]
INFO: [ view_parse ] --END-- [ RunTime:0.011000s ]
INFO: [ view_filter ] --START--
INFO: Run Behavior\WriteHtmlCacheBehavior [ RunTime:0.001000s ]
INFO: [ view_filter ] --END-- [ RunTime:0.001000s ]
INFO: [ app_end ] --START--
INFO: Run Behavior\ShowPageTraceBehavior [ RunTime:0.000000s ]
INFO: [ app_end ] --END-- [ RunTime:0.001000s ]

[ 2017-01-06T09:20:48+08:00 ] 127.0.0.1 /News/cpnew
INFO: [ app_init ] --START--
INFO: Run Behavior\BuildLiteBehavior [ RunTime:0.000000s ]
INFO: [ app_init ] --END-- [ RunTime:0.000000s ]
INFO: [ app_begin ] --START--
INFO: Run Behavior\ReadHtmlCacheBehavior [ RunTime:0.000000s ]
INFO: [ app_begin ] --END-- [ RunTime:0.000000s ]
SQL: SHOW COLUMNS FROM `qd_news` [ RunTime:0.0110s ]
SQL: SELECT * FROM `qd_news` WHERE ( id = 7 ) LIMIT 1   [ RunTime:0.0010s ]
SQL: SELECT * FROM `qd_news` WHERE `id` < '7' LIMIT 1   [ RunTime:0.0020s ]
SQL: SELECT * FROM `qd_news` WHERE `id` > '7' LIMIT 1   [ RunTime:0.0010s ]

[ 2017-01-06T09:23:31+08:00 ] 127.0.0.1 /News/cpnew
INFO: [ app_init ] --START--
INFO: Run Behavior\BuildLiteBehavior [ RunTime:0.000000s ]
INFO: [ app_init ] --END-- [ RunTime:0.000000s ]
INFO: [ app_begin ] --START--
INFO: Run Behavior\ReadHtmlCacheBehavior [ RunTime:0.001000s ]
INFO: [ app_begin ] --END-- [ RunTime:0.001000s ]
SQL: SHOW COLUMNS FROM `qd_news` [ RunTime:0.0050s ]
SQL: SELECT * FROM `qd_news` WHERE ( id = 8 ) LIMIT 1   [ RunTime:0.0010s ]
SQL: SELECT * FROM `qd_news` WHERE `id` < '8' LIMIT 1   [ RunTime:0.0000s ]
SQL: SELECT * FROM `qd_news` WHERE `id` > '8' LIMIT 1   [ RunTime:0.0010s ]

[ 2017-01-06T09:29:12+08:00 ] 127.0.0.1 /
INFO: [ app_init ] --START--
INFO: Run Behavior\BuildLiteBehavior [ RunTime:0.000000s ]
INFO: [ app_init ] --END-- [ RunTime:0.000000s ]
INFO: [ app_begin ] --START--
INFO: Run Behavior\ReadHtmlCacheBehavior [ RunTime:0.001000s ]
INFO: [ app_begin ] --END-- [ RunTime:0.001000s ]
SQL: SHOW COLUMNS FROM `qd_items` [ RunTime:0.0050s ]
SQL: SELECT * FROM `qd_items` WHERE ( pid=4 )  [ RunTime:0.0010s ]
SQL: SHOW COLUMNS FROM `qd_news` [ RunTime:0.0040s ]
SQL: SELECT `id`,`title`,`small_img`,`item_id` FROM `qd_news` WHERE ( item_id =5 )  [ RunTime:0.0010s ]
SQL: SELECT `id`,`title`,`small_img`,`item_id` FROM `qd_news` WHERE ( item_id =6 )  [ RunTime:0.0000s ]
SQL: SELECT `id`,`title`,`small_img`,`item_id` FROM `qd_news` WHERE ( item_id =7 )  [ RunTime:0.0000s ]
SQL: SELECT `id`,`title`,`small_img`,`item_id` FROM `qd_news` WHERE ( item_id =8 )  [ RunTime:0.0010s ]
INFO: [ view_parse ] --START--
INFO: [ template_filter ] --START--
INFO: Run Behavior\ContentReplaceBehavior [ RunTime:0.000000s ]
INFO: [ template_filter ] --END-- [ RunTime:0.000000s ]
INFO: Run Behavior\ParseTemplateBehavior [ RunTime:0.014000s ]
INFO: [ view_parse ] --END-- [ RunTime:0.014000s ]
INFO: [ view_filter ] --START--
INFO: Run Behavior\WriteHtmlCacheBehavior [ RunTime:0.000000s ]
INFO: [ view_filter ] --END-- [ RunTime:0.000000s ]
INFO: [ app_end ] --START--
INFO: Run Behavior\ShowPageTraceBehavior [ RunTime:0.000000s ]
INFO: [ app_end ] --END-- [ RunTime:0.001000s ]

[ 2017-01-06T09:30:41+08:00 ] 127.0.0.1 /
INFO: [ app_init ] --START--
INFO: Run Behavior\BuildLiteBehavior [ RunTime:0.000000s ]
INFO: [ app_init ] --END-- [ RunTime:0.000000s ]
INFO: [ app_begin ] --START--
INFO: Run Behavior\ReadHtmlCacheBehavior [ RunTime:0.001000s ]
INFO: [ app_begin ] --END-- [ RunTime:0.001000s ]
SQL: SHOW COLUMNS FROM `qd_items` [ RunTime:0.0040s ]
SQL: SELECT * FROM `qd_items` WHERE ( pid=4 )  [ RunTime:0.0010s ]
SQL: SHOW COLUMNS FROM `qd_news` [ RunTime:0.0050s ]
SQL: SELECT `id`,`title`,`small_img`,`item_id` FROM `qd_news` WHERE ( item_id =5 )  [ RunTime:0.0010s ]
SQL: SELECT `id`,`title`,`small_img`,`item_id` FROM `qd_news` WHERE ( item_id =6 )  [ RunTime:0.0010s ]
SQL: SELECT `id`,`title`,`small_img`,`item_id` FROM `qd_news` WHERE ( item_id =7 )  [ RunTime:0.0010s ]
SQL: SELECT `id`,`title`,`small_img`,`item_id` FROM `qd_news` WHERE ( item_id =8 )  [ RunTime:0.0000s ]
INFO: [ view_parse ] --START--
INFO: [ template_filter ] --START--
INFO: Run Behavior\ContentReplaceBehavior [ RunTime:0.000000s ]
INFO: [ template_filter ] --END-- [ RunTime:0.000000s ]
INFO: Run Behavior\ParseTemplateBehavior [ RunTime:0.010000s ]
INFO: [ view_parse ] --END-- [ RunTime:0.010000s ]
INFO: [ view_filter ] --START--
INFO: Run Behavior\WriteHtmlCacheBehavior [ RunTime:0.001000s ]
INFO: [ view_filter ] --END-- [ RunTime:0.001000s ]
INFO: [ app_end ] --START--
INFO: Run Behavior\ShowPageTraceBehavior [ RunTime:0.000000s ]
INFO: [ app_end ] --END-- [ RunTime:0.001000s ]

[ 2017-01-06T09:31:29+08:00 ] 127.0.0.1 /
INFO: [ app_init ] --START--
INFO: Run Behavior\BuildLiteBehavior [ RunTime:0.000000s ]
INFO: [ app_init ] --END-- [ RunTime:0.000000s ]
INFO: [ app_begin ] --START--
INFO: Run Behavior\ReadHtmlCacheBehavior [ RunTime:0.000000s ]
INFO: [ app_begin ] --END-- [ RunTime:0.000000s ]
SQL: SHOW COLUMNS FROM `qd_items` [ RunTime:0.0030s ]
SQL: SELECT * FROM `qd_items` WHERE ( pid=4 )  [ RunTime:0.0000s ]
SQL: SHOW COLUMNS FROM `qd_news` [ RunTime:0.0030s ]
SQL: SELECT `id`,`title`,`small_img`,`item_id` FROM `qd_news` WHERE ( item_id =5 )  [ RunTime:0.0000s ]
SQL: SELECT `id`,`title`,`small_img`,`item_id` FROM `qd_news` WHERE ( item_id =6 )  [ RunTime:0.0000s ]
SQL: SELECT `id`,`title`,`small_img`,`item_id` FROM `qd_news` WHERE ( item_id =7 )  [ RunTime:0.0010s ]
SQL: SELECT `id`,`title`,`small_img`,`item_id` FROM `qd_news` WHERE ( item_id =8 )  [ RunTime:0.0000s ]
INFO: [ view_parse ] --START--
INFO: [ template_filter ] --START--
INFO: Run Behavior\ContentReplaceBehavior [ RunTime:0.001000s ]
INFO: [ template_filter ] --END-- [ RunTime:0.001000s ]
INFO: Run Behavior\ParseTemplateBehavior [ RunTime:0.011000s ]
INFO: [ view_parse ] --END-- [ RunTime:0.011000s ]
INFO: [ view_filter ] --START--
INFO: Run Behavior\WriteHtmlCacheBehavior [ RunTime:0.001000s ]
INFO: [ view_filter ] --END-- [ RunTime:0.001000s ]
INFO: [ app_end ] --START--
INFO: Run Behavior\ShowPageTraceBehavior [ RunTime:0.001000s ]
INFO: [ app_end ] --END-- [ RunTime:0.001000s ]

[ 2017-01-06T09:31:50+08:00 ] 127.0.0.1 /
INFO: [ app_init ] --START--
INFO: Run Behavior\BuildLiteBehavior [ RunTime:0.000000s ]
INFO: [ app_init ] --END-- [ RunTime:0.000000s ]
INFO: [ app_begin ] --START--
INFO: Run Behavior\ReadHtmlCacheBehavior [ RunTime:0.000000s ]
INFO: [ app_begin ] --END-- [ RunTime:0.000000s ]
SQL: SHOW COLUMNS FROM `qd_items` [ RunTime:0.0040s ]
SQL: SELECT * FROM `qd_items` WHERE ( pid=4 )  [ RunTime:0.0010s ]
SQL: SHOW COLUMNS FROM `qd_news` [ RunTime:0.0030s ]
SQL: SELECT `id`,`title`,`small_img`,`item_id` FROM `qd_news` WHERE ( item_id =5 )  [ RunTime:0.0000s ]
SQL: SELECT `id`,`title`,`small_img`,`item_id` FROM `qd_news` WHERE ( item_id =6 )  [ RunTime:0.0010s ]
SQL: SELECT `id`,`title`,`small_img`,`item_id` FROM `qd_news` WHERE ( item_id =7 )  [ RunTime:0.0000s ]
SQL: SELECT `id`,`title`,`small_img`,`item_id` FROM `qd_news` WHERE ( item_id =8 )  [ RunTime:0.0000s ]
INFO: [ view_parse ] --START--
INFO: [ template_filter ] --START--
INFO: Run Behavior\ContentReplaceBehavior [ RunTime:0.000000s ]
INFO: [ template_filter ] --END-- [ RunTime:0.000000s ]
INFO: Run Behavior\ParseTemplateBehavior [ RunTime:0.011000s ]
INFO: [ view_parse ] --END-- [ RunTime:0.011000s ]
INFO: [ view_filter ] --START--
INFO: Run Behavior\WriteHtmlCacheBehavior [ RunTime:0.000000s ]
INFO: [ view_filter ] --END-- [ RunTime:0.000000s ]
INFO: [ app_end ] --START--
INFO: Run Behavior\ShowPageTraceBehavior [ RunTime:0.001000s ]
INFO: [ app_end ] --END-- [ RunTime:0.001000s ]

[ 2017-01-06T09:33:22+08:00 ] 127.0.0.1 /
INFO: [ app_init ] --START--
INFO: Run Behavior\BuildLiteBehavior [ RunTime:0.000000s ]
INFO: [ app_init ] --END-- [ RunTime:0.001000s ]
INFO: [ app_begin ] --START--
INFO: Run Behavior\ReadHtmlCacheBehavior [ RunTime:0.001000s ]
INFO: [ app_begin ] --END-- [ RunTime:0.001000s ]
SQL: SHOW COLUMNS FROM `qd_items` [ RunTime:0.0040s ]
SQL: SELECT * FROM `qd_items` WHERE ( pid=4 )  [ RunTime:0.0000s ]
SQL: SHOW COLUMNS FROM `qd_news` [ RunTime:0.0030s ]
SQL: SELECT `id`,`title`,`small_img`,`item_id` FROM `qd_news` WHERE ( item_id =5 )  [ RunTime:0.0000s ]
SQL: SELECT `id`,`title`,`small_img`,`item_id` FROM `qd_news` WHERE ( item_id =6 )  [ RunTime:0.0000s ]
SQL: SELECT `id`,`title`,`small_img`,`item_id` FROM `qd_news` WHERE ( item_id =7 )  [ RunTime:0.0000s ]
SQL: SELECT `id`,`title`,`small_img`,`item_id` FROM `qd_news` WHERE ( item_id =8 )  [ RunTime:0.0000s ]
INFO: [ view_parse ] --START--
INFO: [ template_filter ] --START--
INFO: Run Behavior\ContentReplaceBehavior [ RunTime:0.000000s ]
INFO: [ template_filter ] --END-- [ RunTime:0.000000s ]
INFO: Run Behavior\ParseTemplateBehavior [ RunTime:0.012000s ]
INFO: [ view_parse ] --END-- [ RunTime:0.013000s ]
INFO: [ view_filter ] --START--
INFO: Run Behavior\WriteHtmlCacheBehavior [ RunTime:0.000000s ]
INFO: [ view_filter ] --END-- [ RunTime:0.000000s ]
INFO: [ app_end ] --START--
INFO: Run Behavior\ShowPageTraceBehavior [ RunTime:0.000000s ]
INFO: [ app_end ] --END-- [ RunTime:0.001000s ]

[ 2017-01-06T09:33:25+08:00 ] 127.0.0.1 /News/cpnew
INFO: [ app_init ] --START--
INFO: Run Behavior\BuildLiteBehavior [ RunTime:0.000000s ]
INFO: [ app_init ] --END-- [ RunTime:0.001000s ]
INFO: [ app_begin ] --START--
INFO: Run Behavior\ReadHtmlCacheBehavior [ RunTime:0.000000s ]
INFO: [ app_begin ] --END-- [ RunTime:0.000000s ]
SQL: SHOW COLUMNS FROM `qd_news` [ RunTime:0.0060s ]
SQL: SELECT * FROM `qd_news` WHERE ( id = 7 ) LIMIT 1   [ RunTime:0.0010s ]
SQL: SELECT * FROM `qd_news` WHERE `id` < '7' LIMIT 1   [ RunTime:0.0000s ]
SQL: SELECT * FROM `qd_news` WHERE `id` > '7' LIMIT 1   [ RunTime:0.0010s ]

[ 2017-01-06T09:39:05+08:00 ] 127.0.0.1 /News/cpnew
INFO: [ app_init ] --START--
INFO: Run Behavior\BuildLiteBehavior [ RunTime:0.000000s ]
INFO: [ app_init ] --END-- [ RunTime:0.000000s ]
INFO: [ app_begin ] --START--
INFO: Run Behavior\ReadHtmlCacheBehavior [ RunTime:0.001000s ]
INFO: [ app_begin ] --END-- [ RunTime:0.001000s ]
SQL: SHOW COLUMNS FROM `qd_news` [ RunTime:0.0070s ]
SQL: SELECT * FROM `qd_news` WHERE ( id = 8 ) LIMIT 1   [ RunTime:0.0010s ]
SQL: SELECT * FROM `qd_news` WHERE `id` < '8' LIMIT 1   [ RunTime:0.0010s ]
SQL: SELECT * FROM `qd_news` WHERE `id` > '8' LIMIT 1   [ RunTime:0.0020s ]

[ 2017-01-06T09:51:56+08:00 ] 192.168.1.110 /tp/qidian/News/cpnew
INFO: [ app_init ] --START--
INFO: Run Behavior\BuildLiteBehavior [ RunTime:0.000000s ]
INFO: [ app_init ] --END-- [ RunTime:0.000000s ]
INFO: [ app_begin ] --START--
INFO: Run Behavior\ReadHtmlCacheBehavior [ RunTime:0.000000s ]
INFO: [ app_begin ] --END-- [ RunTime:0.000000s ]
SQL: SHOW COLUMNS FROM `qd_news` [ RunTime:0.0000s ]
SQL: SELECT * FROM `qd_news` WHERE ( id = 7 ) LIMIT 1   [ RunTime:0.0100s ]
SQL: SELECT * FROM `qd_news` WHERE `id` < '7' LIMIT 1   [ RunTime:0.0000s ]
SQL: SELECT * FROM `qd_news` WHERE `id` > '7' LIMIT 1   [ RunTime:0.0000s ]

[ 2017-01-06T10:13:59+08:00 ] 192.168.1.110 /tp/qidian/index.html
INFO: [ app_init ] --START--
INFO: Run Behavior\BuildLiteBehavior [ RunTime:0.000000s ]
INFO: [ app_init ] --END-- [ RunTime:0.000000s ]
INFO: [ app_begin ] --START--
INFO: Run Behavior\ReadHtmlCacheBehavior [ RunTime:0.000000s ]
INFO: [ app_begin ] --END-- [ RunTime:0.000000s ]
SQL: SHOW COLUMNS FROM `qd_items` [ RunTime:0.0100s ]
SQL: SELECT * FROM `qd_items` WHERE ( pid=4 )  [ RunTime:0.0000s ]
SQL: SHOW COLUMNS FROM `qd_news` [ RunTime:0.0100s ]
SQL: SELECT `id`,`title`,`small_img`,`item_id` FROM `qd_news` WHERE ( item_id =5 )  [ RunTime:0.0000s ]
SQL: SELECT `id`,`title`,`small_img`,`item_id` FROM `qd_news` WHERE ( item_id =6 )  [ RunTime:0.0000s ]
SQL: SELECT `id`,`title`,`small_img`,`item_id` FROM `qd_news` WHERE ( item_id =7 )  [ RunTime:0.0000s ]
SQL: SELECT `id`,`title`,`small_img`,`item_id` FROM `qd_news` WHERE ( item_id =8 )  [ RunTime:0.0000s ]
INFO: [ view_parse ] --START--
INFO: [ template_filter ] --START--
INFO: Run Behavior\ContentReplaceBehavior [ RunTime:0.000000s ]
INFO: [ template_filter ] --END-- [ RunTime:0.000000s ]
INFO: Run Behavior\ParseTemplateBehavior [ RunTime:0.010000s ]
INFO: [ view_parse ] --END-- [ RunTime:0.010000s ]
INFO: [ view_filter ] --START--
INFO: Run Behavior\WriteHtmlCacheBehavior [ RunTime:0.000000s ]
INFO: [ view_filter ] --END-- [ RunTime:0.000000s ]
INFO: [ app_end ] --START--
INFO: Run Behavior\ShowPageTraceBehavior [ RunTime:0.000000s ]
INFO: [ app_end ] --END-- [ RunTime:0.000000s ]

[ 2017-01-06T10:35:26+08:00 ] 192.168.1.110 /tp/qidian/News/cpnew
INFO: [ app_init ] --START--
INFO: Run Behavior\BuildLiteBehavior [ RunTime:0.000000s ]
INFO: [ app_init ] --END-- [ RunTime:0.000000s ]
INFO: [ app_begin ] --START--
INFO: Run Behavior\ReadHtmlCacheBehavior [ RunTime:0.000000s ]
INFO: [ app_begin ] --END-- [ RunTime:0.000000s ]
SQL: SHOW COLUMNS FROM `qd_news` [ RunTime:0.0000s ]
SQL: SELECT * FROM `qd_news` WHERE ( id = 7 ) LIMIT 1   [ RunTime:0.0000s ]
SQL: SELECT * FROM `qd_news` WHERE `id` < '7' LIMIT 1   [ RunTime:0.0000s ]
SQL: SELECT * FROM `qd_news` WHERE `id` > '7' LIMIT 1   [ RunTime:0.0000s ]

[ 2017-01-06T14:32:58+08:00 ] 127.0.0.1 /
INFO: [ app_init ] --START--
INFO: Run Behavior\BuildLiteBehavior [ RunTime:0.000000s ]
INFO: [ app_init ] --END-- [ RunTime:0.001000s ]
INFO: [ app_begin ] --START--
INFO: Run Behavior\ReadHtmlCacheBehavior [ RunTime:0.001000s ]
INFO: [ app_begin ] --END-- [ RunTime:0.001000s ]
SQL: SHOW COLUMNS FROM `qd_items` [ RunTime:0.0060s ]
SQL: SELECT * FROM `qd_items` WHERE ( pid=4 )  [ RunTime:0.0010s ]
SQL: SHOW COLUMNS FROM `qd_news` [ RunTime:0.0080s ]
SQL: SELECT `id`,`title`,`small_img`,`item_id` FROM `qd_news` WHERE ( item_id =5 )  [ RunTime:0.0010s ]
SQL: SELECT `id`,`title`,`small_img`,`item_id` FROM `qd_news` WHERE ( item_id =6 )  [ RunTime:0.0010s ]
SQL: SELECT `id`,`title`,`small_img`,`item_id` FROM `qd_news` WHERE ( item_id =7 )  [ RunTime:0.0000s ]
SQL: SELECT `id`,`title`,`small_img`,`item_id` FROM `qd_news` WHERE ( item_id =8 )  [ RunTime:0.0000s ]
INFO: [ view_parse ] --START--
INFO: [ template_filter ] --START--
INFO: Run Behavior\ContentReplaceBehavior [ RunTime:0.000000s ]
INFO: [ template_filter ] --END-- [ RunTime:0.000000s ]
INFO: Run Behavior\ParseTemplateBehavior [ RunTime:0.016000s ]
INFO: [ view_parse ] --END-- [ RunTime:0.016000s ]
INFO: [ view_filter ] --START--
INFO: Run Behavior\WriteHtmlCacheBehavior [ RunTime:0.000000s ]
INFO: [ view_filter ] --END-- [ RunTime:0.000000s ]
INFO: [ app_end ] --START--
INFO: Run Behavior\ShowPageTraceBehavior [ RunTime:0.001000s ]
INFO: [ app_end ] --END-- [ RunTime:0.001000s ]

[ 2017-01-06T14:33:52+08:00 ] 127.0.0.1 /
INFO: [ app_init ] --START--
INFO: Run Behavior\BuildLiteBehavior [ RunTime:0.000000s ]
INFO: [ app_init ] --END-- [ RunTime:0.000000s ]
INFO: [ app_begin ] --START--
INFO: Run Behavior\ReadHtmlCacheBehavior [ RunTime:0.001000s ]
INFO: [ app_begin ] --END-- [ RunTime:0.001000s ]
SQL: SHOW COLUMNS FROM `qd_items` [ RunTime:0.0040s ]
SQL: SELECT * FROM `qd_items` WHERE ( pid=4 )  [ RunTime:0.0010s ]
SQL: SHOW COLUMNS FROM `qd_news` [ RunTime:0.0040s ]
SQL: SELECT `id`,`title`,`small_img`,`item_id` FROM `qd_news` WHERE ( item_id =5 )  [ RunTime:0.0000s ]
SQL: SELECT `id`,`title`,`small_img`,`item_id` FROM `qd_news` WHERE ( item_id =6 )  [ RunTime:0.0000s ]
SQL: SELECT `id`,`title`,`small_img`,`item_id` FROM `qd_news` WHERE ( item_id =7 )  [ RunTime:0.0010s ]
SQL: SELECT `id`,`title`,`small_img`,`item_id` FROM `qd_news` WHERE ( item_id =8 )  [ RunTime:0.0000s ]
INFO: [ view_parse ] --START--
INFO: [ template_filter ] --START--
INFO: Run Behavior\ContentReplaceBehavior [ RunTime:0.000000s ]
INFO: [ template_filter ] --END-- [ RunTime:0.000000s ]
INFO: Run Behavior\ParseTemplateBehavior [ RunTime:0.011000s ]
INFO: [ view_parse ] --END-- [ RunTime:0.011000s ]
INFO: [ view_filter ] --START--
INFO: Run Behavior\WriteHtmlCacheBehavior [ RunTime:0.000000s ]
INFO: [ view_filter ] --END-- [ RunTime:0.000000s ]
INFO: [ app_end ] --START--
INFO: Run Behavior\ShowPageTraceBehavior [ RunTime:0.006000s ]
INFO: [ app_end ] --END-- [ RunTime:0.006000s ]

[ 2017-01-06T14:34:14+08:00 ] 127.0.0.1 /
INFO: [ app_init ] --START--
INFO: Run Behavior\BuildLiteBehavior [ RunTime:0.000000s ]
INFO: [ app_init ] --END-- [ RunTime:0.000000s ]
INFO: [ app_begin ] --START--
INFO: Run Behavior\ReadHtmlCacheBehavior [ RunTime:0.001000s ]
INFO: [ app_begin ] --END-- [ RunTime:0.001000s ]
SQL: SHOW COLUMNS FROM `qd_items` [ RunTime:0.0040s ]
SQL: SELECT * FROM `qd_items` WHERE ( pid=4 )  [ RunTime:0.0000s ]
SQL: SHOW COLUMNS FROM `qd_news` [ RunTime:0.0030s ]
SQL: SELECT `id`,`title`,`small_img`,`item_id` FROM `qd_news` WHERE ( item_id =5 )  [ RunTime:0.0000s ]
SQL: SELECT `id`,`title`,`small_img`,`item_id` FROM `qd_news` WHERE ( item_id =6 )  [ RunTime:0.0000s ]
SQL: SELECT `id`,`title`,`small_img`,`item_id` FROM `qd_news` WHERE ( item_id =7 )  [ RunTime:0.0000s ]
SQL: SELECT `id`,`title`,`small_img`,`item_id` FROM `qd_news` WHERE ( item_id =8 )  [ RunTime:0.0000s ]
INFO: [ view_parse ] --START--
INFO: [ template_filter ] --START--
INFO: Run Behavior\ContentReplaceBehavior [ RunTime:0.000000s ]
INFO: [ template_filter ] --END-- [ RunTime:0.000000s ]
INFO: Run Behavior\ParseTemplateBehavior [ RunTime:0.011000s ]
INFO: [ view_parse ] --END-- [ RunTime:0.011000s ]
INFO: [ view_filter ] --START--
INFO: Run Behavior\WriteHtmlCacheBehavior [ RunTime:0.000000s ]
INFO: [ view_filter ] --END-- [ RunTime:0.000000s ]
INFO: [ app_end ] --START--
INFO: Run Behavior\ShowPageTraceBehavior [ RunTime:0.001000s ]
INFO: [ app_end ] --END-- [ RunTime:0.001000s ]

[ 2017-01-06T14:36:49+08:00 ] 127.0.0.1 /
INFO: [ app_init ] --START--
INFO: Run Behavior\BuildLiteBehavior [ RunTime:0.000000s ]
INFO: [ app_init ] --END-- [ RunTime:0.000000s ]
INFO: [ app_begin ] --START--
INFO: Run Behavior\ReadHtmlCacheBehavior [ RunTime:0.001000s ]
INFO: [ app_begin ] --END-- [ RunTime:0.001000s ]
SQL: SHOW COLUMNS FROM `qd_items` [ RunTime:0.0050s ]
SQL: SELECT * FROM `qd_items` WHERE ( pid=4 )  [ RunTime:0.0010s ]
SQL: SHOW COLUMNS FROM `qd_news` [ RunTime:0.0060s ]
SQL: SELECT `id`,`title`,`small_img`,`item_id` FROM `qd_news` WHERE ( item_id =5 )  [ RunTime:0.0010s ]
SQL: SELECT `id`,`title`,`small_img`,`item_id` FROM `qd_news` WHERE ( item_id =6 )  [ RunTime:0.0000s ]
SQL: SELECT `id`,`title`,`small_img`,`item_id` FROM `qd_news` WHERE ( item_id =7 )  [ RunTime:0.0000s ]
SQL: SELECT `id`,`title`,`small_img`,`item_id` FROM `qd_news` WHERE ( item_id =8 )  [ RunTime:0.0010s ]
INFO: [ view_parse ] --START--
INFO: [ template_filter ] --START--
INFO: Run Behavior\ContentReplaceBehavior [ RunTime:0.000000s ]
INFO: [ template_filter ] --END-- [ RunTime:0.000000s ]
INFO: Run Behavior\ParseTemplateBehavior [ RunTime:0.015000s ]
INFO: [ view_parse ] --END-- [ RunTime:0.015000s ]
INFO: [ view_filter ] --START--
INFO: Run Behavior\WriteHtmlCacheBehavior [ RunTime:0.001000s ]
INFO: [ view_filter ] --END-- [ RunTime:0.001000s ]
INFO: [ app_end ] --START--
INFO: Run Behavior\ShowPageTraceBehavior [ RunTime:0.001000s ]
INFO: [ app_end ] --END-- [ RunTime:0.001000s ]

[ 2017-01-06T14:38:49+08:00 ] 127.0.0.1 /
INFO: [ app_init ] --START--
INFO: Run Behavior\BuildLiteBehavior [ RunTime:0.000000s ]
INFO: [ app_init ] --END-- [ RunTime:0.000000s ]
INFO: [ app_begin ] --START--
INFO: Run Behavior\ReadHtmlCacheBehavior [ RunTime:0.001000s ]
INFO: [ app_begin ] --END-- [ RunTime:0.001000s ]
SQL: SHOW COLUMNS FROM `qd_items` [ RunTime:0.0050s ]
SQL: SELECT * FROM `qd_items` WHERE ( pid=4 )  [ RunTime:0.0010s ]
SQL: SHOW COLUMNS FROM `qd_news` [ RunTime:0.0050s ]
SQL: SELECT `id`,`title`,`small_img`,`item_id` FROM `qd_news` WHERE ( item_id =5 )  [ RunTime:0.0000s ]
SQL: SELECT `id`,`title`,`small_img`,`item_id` FROM `qd_news` WHERE ( item_id =6 )  [ RunTime:0.0000s ]
SQL: SELECT `id`,`title`,`small_img`,`item_id` FROM `qd_news` WHERE ( item_id =7 )  [ RunTime:0.0010s ]
SQL: SELECT `id`,`title`,`small_img`,`item_id` FROM `qd_news` WHERE ( item_id =8 )  [ RunTime:0.0000s ]
INFO: [ view_parse ] --START--
INFO: [ template_filter ] --START--
INFO: Run Behavior\ContentReplaceBehavior [ RunTime:0.000000s ]
INFO: [ template_filter ] --END-- [ RunTime:0.000000s ]
INFO: Run Behavior\ParseTemplateBehavior [ RunTime:0.012000s ]
INFO: [ view_parse ] --END-- [ RunTime:0.012000s ]
INFO: [ view_filter ] --START--
INFO: Run Behavior\WriteHtmlCacheBehavior [ RunTime:0.000000s ]
INFO: [ view_filter ] --END-- [ RunTime:0.000000s ]
INFO: [ app_end ] --START--
INFO: Run Behavior\ShowPageTraceBehavior [ RunTime:0.001000s ]
INFO: [ app_end ] --END-- [ RunTime:0.001000s ]

[ 2017-01-06T14:38:51+08:00 ] 127.0.0.1 /News/cpnew
INFO: [ app_init ] --START--
INFO: Run Behavior\BuildLiteBehavior [ RunTime:0.000000s ]
INFO: [ app_init ] --END-- [ RunTime:0.000000s ]
INFO: [ app_begin ] --START--
INFO: Run Behavior\ReadHtmlCacheBehavior [ RunTime:0.000000s ]
INFO: [ app_begin ] --END-- [ RunTime:0.000000s ]
SQL: SHOW COLUMNS FROM `qd_news` [ RunTime:0.0050s ]
SQL: SELECT * FROM `qd_news` WHERE ( id = 8 ) LIMIT 1   [ RunTime:0.0000s ]
SQL: SELECT * FROM `qd_news` WHERE `id` < '8' LIMIT 1   [ RunTime:0.0010s ]
SQL: SELECT * FROM `qd_news` WHERE `id` > '8' LIMIT 1   [ RunTime:0.0000s ]

[ 2017-01-06T14:38:54+08:00 ] 127.0.0.1 /
INFO: [ app_init ] --START--
INFO: Run Behavior\BuildLiteBehavior [ RunTime:0.000000s ]
INFO: [ app_init ] --END-- [ RunTime:0.000000s ]
INFO: [ app_begin ] --START--
INFO: Run Behavior\ReadHtmlCacheBehavior [ RunTime:0.000000s ]
INFO: [ app_begin ] --END-- [ RunTime:0.000000s ]
SQL: SHOW COLUMNS FROM `qd_items` [ RunTime:0.0040s ]
SQL: SELECT * FROM `qd_items` WHERE ( pid=4 )  [ RunTime:0.0000s ]
SQL: SHOW COLUMNS FROM `qd_news` [ RunTime:0.0050s ]
SQL: SELECT `id`,`title`,`small_img`,`item_id` FROM `qd_news` WHERE ( item_id =5 )  [ RunTime:0.0010s ]
SQL: SELECT `id`,`title`,`small_img`,`item_id` FROM `qd_news` WHERE ( item_id =6 )  [ RunTime:0.0000s ]
SQL: SELECT `id`,`title`,`small_img`,`item_id` FROM `qd_news` WHERE ( item_id =7 )  [ RunTime:0.0000s ]
SQL: SELECT `id`,`title`,`small_img`,`item_id` FROM `qd_news` WHERE ( item_id =8 )  [ RunTime:0.0010s ]
INFO: [ view_parse ] --START--
INFO: [ template_filter ] --START--
INFO: Run Behavior\ContentReplaceBehavior [ RunTime:0.000000s ]
INFO: [ template_filter ] --END-- [ RunTime:0.000000s ]
INFO: Run Behavior\ParseTemplateBehavior [ RunTime:0.011000s ]
INFO: [ view_parse ] --END-- [ RunTime:0.011000s ]
INFO: [ view_filter ] --START--
INFO: Run Behavior\WriteHtmlCacheBehavior [ RunTime:0.000000s ]
INFO: [ view_filter ] --END-- [ RunTime:0.000000s ]
INFO: [ app_end ] --START--
INFO: Run Behavior\ShowPageTraceBehavior [ RunTime:0.001000s ]
INFO: [ app_end ] --END-- [ RunTime:0.001000s ]

[ 2017-01-06T14:38:55+08:00 ] 127.0.0.1 /News/cpnew
INFO: [ app_init ] --START--
INFO: Run Behavior\BuildLiteBehavior [ RunTime:0.000000s ]
INFO: [ app_init ] --END-- [ RunTime:0.000000s ]
INFO: [ app_begin ] --START--
INFO: Run Behavior\ReadHtmlCacheBehavior [ RunTime:0.001000s ]
INFO: [ app_begin ] --END-- [ RunTime:0.001000s ]
SQL: SHOW COLUMNS FROM `qd_news` [ RunTime:0.0050s ]
SQL: SELECT * FROM `qd_news` WHERE ( id = 8 ) LIMIT 1   [ RunTime:0.0010s ]
SQL: SELECT * FROM `qd_news` WHERE `id` < '8' LIMIT 1   [ RunTime:0.0010s ]
SQL: SELECT * FROM `qd_news` WHERE `id` > '8' LIMIT 1   [ RunTime:0.0010s ]

[ 2017-01-06T14:47:33+08:00 ] 127.0.0.1 /
INFO: [ app_init ] --START--
INFO: Run Behavior\BuildLiteBehavior [ RunTime:0.000000s ]
INFO: [ app_init ] --END-- [ RunTime:0.000000s ]
INFO: [ app_begin ] --START--
INFO: Run Behavior\ReadHtmlCacheBehavior [ RunTime:0.000000s ]
INFO: [ app_begin ] --END-- [ RunTime:0.001000s ]
SQL: SHOW COLUMNS FROM `qd_items` [ RunTime:0.0040s ]
SQL: SELECT * FROM `qd_items` WHERE ( pid=4 )  [ RunTime:0.0010s ]
SQL: SHOW COLUMNS FROM `qd_news` [ RunTime:0.0060s ]
SQL: SELECT `id`,`title`,`small_img`,`item_id` FROM `qd_news` WHERE ( item_id =5 )  [ RunTime:0.0000s ]
SQL: SELECT `id`,`title`,`small_img`,`item_id` FROM `qd_news` WHERE ( item_id =6 )  [ RunTime:0.0010s ]
SQL: SELECT `id`,`title`,`small_img`,`item_id` FROM `qd_news` WHERE ( item_id =7 )  [ RunTime:0.0000s ]
SQL: SELECT `id`,`title`,`small_img`,`item_id` FROM `qd_news` WHERE ( item_id =8 )  [ RunTime:0.0000s ]
INFO: [ view_parse ] --START--
INFO: [ template_filter ] --START--
INFO: Run Behavior\ContentReplaceBehavior [ RunTime:0.000000s ]
INFO: [ template_filter ] --END-- [ RunTime:0.000000s ]
INFO: Run Behavior\ParseTemplateBehavior [ RunTime:0.011000s ]
INFO: [ view_parse ] --END-- [ RunTime:0.012000s ]
INFO: [ view_filter ] --START--
INFO: Run Behavior\WriteHtmlCacheBehavior [ RunTime:0.000000s ]
INFO: [ view_filter ] --END-- [ RunTime:0.000000s ]
INFO: [ app_end ] --START--
INFO: Run Behavior\ShowPageTraceBehavior [ RunTime:0.001000s ]
INFO: [ app_end ] --END-- [ RunTime:0.001000s ]

[ 2017-01-06T14:47:34+08:00 ] 127.0.0.1 /News/cpnew
INFO: [ app_init ] --START--
INFO: Run Behavior\BuildLiteBehavior [ RunTime:0.000000s ]
INFO: [ app_init ] --END-- [ RunTime:0.001000s ]
INFO: [ app_begin ] --START--
INFO: Run Behavior\ReadHtmlCacheBehavior [ RunTime:0.001000s ]
INFO: [ app_begin ] --END-- [ RunTime:0.001000s ]
SQL: SHOW COLUMNS FROM `qd_news` [ RunTime:0.0050s ]
SQL: SELECT * FROM `qd_news` WHERE ( id = 7 ) LIMIT 1   [ RunTime:0.0010s ]
SQL: SELECT * FROM `qd_news` WHERE `id` < '7' LIMIT 1   [ RunTime:0.0010s ]
SQL: SELECT * FROM `qd_news` WHERE `id` > '7' LIMIT 1   [ RunTime:0.0000s ]

[ 2017-01-06T14:47:36+08:00 ] 127.0.0.1 /News/cpnew
INFO: [ app_init ] --START--
INFO: Run Behavior\BuildLiteBehavior [ RunTime:0.001000s ]
INFO: [ app_init ] --END-- [ RunTime:0.001000s ]
INFO: [ app_begin ] --START--
INFO: Run Behavior\ReadHtmlCacheBehavior [ RunTime:0.001000s ]
INFO: [ app_begin ] --END-- [ RunTime:0.001000s ]
SQL: SHOW COLUMNS FROM `qd_news` [ RunTime:0.0050s ]
ERR: 1064:You have an error in your SQL syntax; check the manual that corresponds to your MySQL server version for the right syntax to use near ') LIMIT 1' at line 1
 [ SQL语句 ] : SELECT * FROM `qd_news` WHERE ( id =  ) LIMIT 1  
ERR: 1064:You have an error in your SQL syntax; check the manual that corresponds to your MySQL server version for the right syntax to use near ') LIMIT 1' at line 1
 [ SQL语句 ] : SELECT * FROM `qd_news` WHERE ( id =  ) LIMIT 1  

[ 2017-01-06T14:47:38+08:00 ] 127.0.0.1 /News/cpnew
INFO: [ app_init ] --START--
INFO: Run Behavior\BuildLiteBehavior [ RunTime:0.000000s ]
INFO: [ app_init ] --END-- [ RunTime:0.001000s ]
INFO: [ app_begin ] --START--
INFO: Run Behavior\ReadHtmlCacheBehavior [ RunTime:0.001000s ]
INFO: [ app_begin ] --END-- [ RunTime:0.001000s ]
SQL: SHOW COLUMNS FROM `qd_news` [ RunTime:0.0030s ]
ERR: 1064:You have an error in your SQL syntax; check the manual that corresponds to your MySQL server version for the right syntax to use near ') LIMIT 1' at line 1
 [ SQL语句 ] : SELECT * FROM `qd_news` WHERE ( id =  ) LIMIT 1  
ERR: 1064:You have an error in your SQL syntax; check the manual that corresponds to your MySQL server version for the right syntax to use near ') LIMIT 1' at line 1
 [ SQL语句 ] : SELECT * FROM `qd_news` WHERE ( id =  ) LIMIT 1  

[ 2017-01-06T14:47:45+08:00 ] 127.0.0.1 /News/cpnew
INFO: [ app_init ] --START--
INFO: Run Behavior\BuildLiteBehavior [ RunTime:0.000000s ]
INFO: [ app_init ] --END-- [ RunTime:0.000000s ]
INFO: [ app_begin ] --START--
INFO: Run Behavior\ReadHtmlCacheBehavior [ RunTime:0.000000s ]
INFO: [ app_begin ] --END-- [ RunTime:0.001000s ]
SQL: SHOW COLUMNS FROM `qd_news` [ RunTime:0.0060s ]
ERR: 1064:You have an error in your SQL syntax; check the manual that corresponds to your MySQL server version for the right syntax to use near ') LIMIT 1' at line 1
 [ SQL语句 ] : SELECT * FROM `qd_news` WHERE ( id =  ) LIMIT 1  
ERR: 1064:You have an error in your SQL syntax; check the manual that corresponds to your MySQL server version for the right syntax to use near ') LIMIT 1' at line 1
 [ SQL语句 ] : SELECT * FROM `qd_news` WHERE ( id =  ) LIMIT 1  

[ 2017-01-06T14:48:13+08:00 ] 127.0.0.1 /
INFO: [ app_init ] --START--
INFO: Run Behavior\BuildLiteBehavior [ RunTime:0.000000s ]
INFO: [ app_init ] --END-- [ RunTime:0.000000s ]
INFO: [ app_begin ] --START--
INFO: Run Behavior\ReadHtmlCacheBehavior [ RunTime:0.000000s ]
INFO: [ app_begin ] --END-- [ RunTime:0.000000s ]
SQL: SHOW COLUMNS FROM `qd_items` [ RunTime:0.0070s ]
SQL: SELECT * FROM `qd_items` WHERE ( pid=4 )  [ RunTime:0.0000s ]
SQL: SHOW COLUMNS FROM `qd_news` [ RunTime:0.0050s ]
SQL: SELECT `id`,`title`,`small_img`,`item_id` FROM `qd_news` WHERE ( item_id =5 )  [ RunTime:0.0010s ]
SQL: SELECT `id`,`title`,`small_img`,`item_id` FROM `qd_news` WHERE ( item_id =6 )  [ RunTime:0.0000s ]
SQL: SELECT `id`,`title`,`small_img`,`item_id` FROM `qd_news` WHERE ( item_id =7 )  [ RunTime:0.0010s ]
SQL: SELECT `id`,`title`,`small_img`,`item_id` FROM `qd_news` WHERE ( item_id =8 )  [ RunTime:0.0000s ]
INFO: [ view_parse ] --START--
INFO: [ template_filter ] --START--
INFO: Run Behavior\ContentReplaceBehavior [ RunTime:0.000000s ]
INFO: [ template_filter ] --END-- [ RunTime:0.000000s ]
INFO: Run Behavior\ParseTemplateBehavior [ RunTime:0.015000s ]
INFO: [ view_parse ] --END-- [ RunTime:0.015000s ]
INFO: [ view_filter ] --START--
INFO: Run Behavior\WriteHtmlCacheBehavior [ RunTime:0.000000s ]
INFO: [ view_filter ] --END-- [ RunTime:0.000000s ]
INFO: [ app_end ] --START--
INFO: Run Behavior\ShowPageTraceBehavior [ RunTime:0.001000s ]
INFO: [ app_end ] --END-- [ RunTime:0.001000s ]

[ 2017-01-06T14:48:15+08:00 ] 127.0.0.1 /News/cpnew
INFO: [ app_init ] --START--
INFO: Run Behavior\BuildLiteBehavior [ RunTime:0.000000s ]
INFO: [ app_init ] --END-- [ RunTime:0.000000s ]
INFO: [ app_begin ] --START--
INFO: Run Behavior\ReadHtmlCacheBehavior [ RunTime:0.002000s ]
INFO: [ app_begin ] --END-- [ RunTime:0.002000s ]
SQL: SHOW COLUMNS FROM `qd_news` [ RunTime:0.0060s ]
SQL: SELECT * FROM `qd_news` WHERE ( id = 7 ) LIMIT 1   [ RunTime:0.0010s ]
SQL: SELECT * FROM `qd_news` WHERE `id` < '7' LIMIT 1   [ RunTime:0.0000s ]
SQL: SELECT * FROM `qd_news` WHERE `id` > '7' LIMIT 1   [ RunTime:0.0000s ]

[ 2017-01-06T14:48:21+08:00 ] 127.0.0.1 /News/cpnew
INFO: [ app_init ] --START--
INFO: Run Behavior\BuildLiteBehavior [ RunTime:0.000000s ]
INFO: [ app_init ] --END-- [ RunTime:0.000000s ]
INFO: [ app_begin ] --START--
INFO: Run Behavior\ReadHtmlCacheBehavior [ RunTime:0.001000s ]
INFO: [ app_begin ] --END-- [ RunTime:0.001000s ]
SQL: SHOW COLUMNS FROM `qd_news` [ RunTime:0.0040s ]
ERR: 1064:You have an error in your SQL syntax; check the manual that corresponds to your MySQL server version for the right syntax to use near ') LIMIT 1' at line 1
 [ SQL语句 ] : SELECT * FROM `qd_news` WHERE ( id =  ) LIMIT 1  
ERR: 1064:You have an error in your SQL syntax; check the manual that corresponds to your MySQL server version for the right syntax to use near ') LIMIT 1' at line 1
 [ SQL语句 ] : SELECT * FROM `qd_news` WHERE ( id =  ) LIMIT 1  

[ 2017-01-06T14:48:45+08:00 ] 127.0.0.1 /
INFO: [ app_init ] --START--
INFO: Run Behavior\BuildLiteBehavior [ RunTime:0.000000s ]
INFO: [ app_init ] --END-- [ RunTime:0.000000s ]
INFO: [ app_begin ] --START--
INFO: Run Behavior\ReadHtmlCacheBehavior [ RunTime:0.000000s ]
INFO: [ app_begin ] --END-- [ RunTime:0.000000s ]
SQL: SHOW COLUMNS FROM `qd_items` [ RunTime:0.0050s ]
SQL: SELECT * FROM `qd_items` WHERE ( pid=4 )  [ RunTime:0.0010s ]
SQL: SHOW COLUMNS FROM `qd_news` [ RunTime:0.0040s ]
SQL: SELECT `id`,`title`,`small_img`,`item_id` FROM `qd_news` WHERE ( item_id =5 )  [ RunTime:0.0000s ]
SQL: SELECT `id`,`title`,`small_img`,`item_id` FROM `qd_news` WHERE ( item_id =6 )  [ RunTime:0.0010s ]
SQL: SELECT `id`,`title`,`small_img`,`item_id` FROM `qd_news` WHERE ( item_id =7 )  [ RunTime:0.0000s ]
SQL: SELECT `id`,`title`,`small_img`,`item_id` FROM `qd_news` WHERE ( item_id =8 )  [ RunTime:0.0000s ]
INFO: [ view_parse ] --START--
INFO: [ template_filter ] --START--
INFO: Run Behavior\ContentReplaceBehavior [ RunTime:0.000000s ]
INFO: [ template_filter ] --END-- [ RunTime:0.000000s ]
INFO: Run Behavior\ParseTemplateBehavior [ RunTime:0.011000s ]
INFO: [ view_parse ] --END-- [ RunTime:0.011000s ]
INFO: [ view_filter ] --START--
INFO: Run Behavior\WriteHtmlCacheBehavior [ RunTime:0.000000s ]
INFO: [ view_filter ] --END-- [ RunTime:0.000000s ]
INFO: [ app_end ] --START--
INFO: Run Behavior\ShowPageTraceBehavior [ RunTime:0.000000s ]
INFO: [ app_end ] --END-- [ RunTime:0.000000s ]

[ 2017-01-06T14:48:48+08:00 ] 127.0.0.1 /News/cpnew
INFO: [ app_init ] --START--
INFO: Run Behavior\BuildLiteBehavior [ RunTime:0.000000s ]
INFO: [ app_init ] --END-- [ RunTime:0.001000s ]
INFO: [ app_begin ] --START--
INFO: Run Behavior\ReadHtmlCacheBehavior [ RunTime:0.000000s ]
INFO: [ app_begin ] --END-- [ RunTime:0.000000s ]
SQL: SHOW COLUMNS FROM `qd_news` [ RunTime:0.0060s ]
SQL: SELECT * FROM `qd_news` WHERE ( id = 7 ) LIMIT 1   [ RunTime:0.0010s ]
SQL: SELECT * FROM `qd_news` WHERE `id` < '7' LIMIT 1   [ RunTime:0.0010s ]
SQL: SELECT * FROM `qd_news` WHERE `id` > '7' LIMIT 1   [ RunTime:0.0010s ]

[ 2017-01-06T15:21:58+08:00 ] 127.0.0.1 /News/cpnew
INFO: [ app_init ] --START--
INFO: Run Behavior\BuildLiteBehavior [ RunTime:0.000000s ]
INFO: [ app_init ] --END-- [ RunTime:0.001000s ]
INFO: [ app_begin ] --START--
INFO: Run Behavior\ReadHtmlCacheBehavior [ RunTime:0.000000s ]
INFO: [ app_begin ] --END-- [ RunTime:0.001000s ]
SQL: SHOW COLUMNS FROM `qd_news` [ RunTime:0.0040s ]
SQL: SELECT * FROM `qd_news` WHERE ( id = 9 ) LIMIT 1   [ RunTime:0.0010s ]
SQL: SELECT * FROM `qd_news` WHERE `id` < '9' LIMIT 1   [ RunTime:0.0000s ]
SQL: SELECT * FROM `qd_news` WHERE `id` > '9' LIMIT 1   [ RunTime:0.0000s ]

[ 2017-01-06T16:41:07+08:00 ] 127.0.0.1 /News/cpnew
INFO: [ app_init ] --START--
INFO: Run Behavior\BuildLiteBehavior [ RunTime:0.000000s ]
INFO: [ app_init ] --END-- [ RunTime:0.001000s ]
INFO: [ app_begin ] --START--
INFO: Run Behavior\ReadHtmlCacheBehavior [ RunTime:0.001000s ]
INFO: [ app_begin ] --END-- [ RunTime:0.001000s ]
SQL: SHOW COLUMNS FROM `qd_news` [ RunTime:0.0050s ]
SQL: SELECT * FROM `qd_news` WHERE ( id = 7 ) LIMIT 1   [ RunTime:0.0010s ]
SQL: SELECT * FROM `qd_news` WHERE `id` < '7' LIMIT 1   [ RunTime:0.0010s ]
SQL: SELECT * FROM `qd_news` WHERE `id` > '7' LIMIT 1   [ RunTime:0.0010s ]

[ 2017-01-06T16:41:11+08:00 ] 127.0.0.1 /News/cpnew
INFO: [ app_init ] --START--
INFO: Run Behavior\BuildLiteBehavior [ RunTime:0.000000s ]
INFO: [ app_init ] --END-- [ RunTime:0.000000s ]
INFO: [ app_begin ] --START--
INFO: Run Behavior\ReadHtmlCacheBehavior [ RunTime:0.001000s ]
INFO: [ app_begin ] --END-- [ RunTime:0.001000s ]
SQL: SHOW COLUMNS FROM `qd_news` [ RunTime:0.0040s ]
SQL: SELECT * FROM `qd_news` WHERE ( id = 8 ) LIMIT 1   [ RunTime:0.0020s ]
SQL: SELECT * FROM `qd_news` WHERE `id` < '8' LIMIT 1   [ RunTime:0.0010s ]
SQL: SELECT * FROM `qd_news` WHERE `id` > '8' LIMIT 1   [ RunTime:0.0020s ]

[ 2017-01-06T16:44:15+08:00 ] 127.0.0.1 /
INFO: [ app_init ] --START--
INFO: Run Behavior\BuildLiteBehavior [ RunTime:0.000000s ]
INFO: [ app_init ] --END-- [ RunTime:0.000000s ]
INFO: [ app_begin ] --START--
INFO: Run Behavior\ReadHtmlCacheBehavior [ RunTime:0.001000s ]
INFO: [ app_begin ] --END-- [ RunTime:0.001000s ]
SQL: SHOW COLUMNS FROM `qd_items` [ RunTime:0.0040s ]
SQL: SELECT * FROM `qd_items` WHERE ( pid=4 )  [ RunTime:0.0010s ]
SQL: SHOW COLUMNS FROM `qd_news` [ RunTime:0.0030s ]
SQL: SELECT `id`,`title`,`small_img`,`item_id` FROM `qd_news` WHERE ( item_id =5 )  [ RunTime:0.0000s ]
SQL: SELECT `id`,`title`,`small_img`,`item_id` FROM `qd_news` WHERE ( item_id =6 )  [ RunTime:0.0010s ]
SQL: SELECT `id`,`title`,`small_img`,`item_id` FROM `qd_news` WHERE ( item_id =7 )  [ RunTime:0.0010s ]
SQL: SELECT `id`,`title`,`small_img`,`item_id` FROM `qd_news` WHERE ( item_id =8 )  [ RunTime:0.0000s ]
INFO: [ view_parse ] --START--
INFO: [ template_filter ] --START--
INFO: Run Behavior\ContentReplaceBehavior [ RunTime:0.000000s ]
INFO: [ template_filter ] --END-- [ RunTime:0.000000s ]
INFO: Run Behavior\ParseTemplateBehavior [ RunTime:0.011000s ]
INFO: [ view_parse ] --END-- [ RunTime:0.011000s ]
INFO: [ view_filter ] --START--
INFO: Run Behavior\WriteHtmlCacheBehavior [ RunTime:0.001000s ]
INFO: [ view_filter ] --END-- [ RunTime:0.001000s ]
INFO: [ app_end ] --START--
INFO: Run Behavior\ShowPageTraceBehavior [ RunTime:0.000000s ]
INFO: [ app_end ] --END-- [ RunTime:0.000000s ]

[ 2017-01-06T16:44:19+08:00 ] 127.0.0.1 /News/cpnew
INFO: [ app_init ] --START--
INFO: Run Behavior\BuildLiteBehavior [ RunTime:0.000000s ]
INFO: [ app_init ] --END-- [ RunTime:0.001000s ]
INFO: [ app_begin ] --START--
INFO: Run Behavior\ReadHtmlCacheBehavior [ RunTime:0.001000s ]
INFO: [ app_begin ] --END-- [ RunTime:0.001000s ]
SQL: SHOW COLUMNS FROM `qd_news` [ RunTime:0.0080s ]
SQL: SELECT * FROM `qd_news` WHERE ( id = 7 ) LIMIT 1   [ RunTime:0.0020s ]
SQL: SELECT * FROM `qd_news` WHERE `id` < '7' LIMIT 1   [ RunTime:0.0010s ]
SQL: SELECT * FROM `qd_news` WHERE `id` > '7' LIMIT 1   [ RunTime:0.0010s ]

[ 2017-01-06T16:44:22+08:00 ] 127.0.0.1 /News/cpnew
INFO: [ app_init ] --START--
INFO: Run Behavior\BuildLiteBehavior [ RunTime:0.000000s ]
INFO: [ app_init ] --END-- [ RunTime:0.000000s ]
INFO: [ app_begin ] --START--
INFO: Run Behavior\ReadHtmlCacheBehavior [ RunTime:0.000000s ]
INFO: [ app_begin ] --END-- [ RunTime:0.000000s ]
SQL: SHOW COLUMNS FROM `qd_news` [ RunTime:0.0050s ]
ERR: 1064:You have an error in your SQL syntax; check the manual that corresponds to your MySQL server version for the right syntax to use near ') LIMIT 1' at line 1
 [ SQL语句 ] : SELECT * FROM `qd_news` WHERE ( id =  ) LIMIT 1  
ERR: 1064:You have an error in your SQL syntax; check the manual that corresponds to your MySQL server version for the right syntax to use near ') LIMIT 1' at line 1
 [ SQL语句 ] : SELECT * FROM `qd_news` WHERE ( id =  ) LIMIT 1  

[ 2017-01-06T16:45:54+08:00 ] 127.0.0.1 /
INFO: [ app_init ] --START--
INFO: Run Behavior\BuildLiteBehavior [ RunTime:0.000000s ]
INFO: [ app_init ] --END-- [ RunTime:0.000000s ]
INFO: [ app_begin ] --START--
INFO: Run Behavior\ReadHtmlCacheBehavior [ RunTime:0.000000s ]
INFO: [ app_begin ] --END-- [ RunTime:0.001000s ]
SQL: SHOW COLUMNS FROM `qd_items` [ RunTime:0.0040s ]
SQL: SELECT * FROM `qd_items` WHERE ( pid=4 )  [ RunTime:0.0010s ]
SQL: SHOW COLUMNS FROM `qd_news` [ RunTime:0.0050s ]
SQL: SELECT `id`,`title`,`small_img`,`item_id` FROM `qd_news` WHERE ( item_id =5 )  [ RunTime:0.0000s ]
SQL: SELECT `id`,`title`,`small_img`,`item_id` FROM `qd_news` WHERE ( item_id =6 )  [ RunTime:0.0010s ]
SQL: SELECT `id`,`title`,`small_img`,`item_id` FROM `qd_news` WHERE ( item_id =7 )  [ RunTime:0.0000s ]
SQL: SELECT `id`,`title`,`small_img`,`item_id` FROM `qd_news` WHERE ( item_id =8 )  [ RunTime:0.0010s ]
INFO: [ view_parse ] --START--
INFO: [ template_filter ] --START--
INFO: Run Behavior\ContentReplaceBehavior [ RunTime:0.000000s ]
INFO: [ template_filter ] --END-- [ RunTime:0.000000s ]
INFO: Run Behavior\ParseTemplateBehavior [ RunTime:0.012000s ]
INFO: [ view_parse ] --END-- [ RunTime:0.012000s ]
INFO: [ view_filter ] --START--
INFO: Run Behavior\WriteHtmlCacheBehavior [ RunTime:0.000000s ]
INFO: [ view_filter ] --END-- [ RunTime:0.001000s ]
INFO: [ app_end ] --START--
INFO: Run Behavior\ShowPageTraceBehavior [ RunTime:0.001000s ]
INFO: [ app_end ] --END-- [ RunTime:0.001000s ]

[ 2017-01-06T16:45:56+08:00 ] 127.0.0.1 /News/cpnew
INFO: [ app_init ] --START--
INFO: Run Behavior\BuildLiteBehavior [ RunTime:0.000000s ]
INFO: [ app_init ] --END-- [ RunTime:0.000000s ]
INFO: [ app_begin ] --START--
INFO: Run Behavior\ReadHtmlCacheBehavior [ RunTime:0.000000s ]
INFO: [ app_begin ] --END-- [ RunTime:0.000000s ]
SQL: SHOW COLUMNS FROM `qd_news` [ RunTime:0.0040s ]
SQL: SELECT * FROM `qd_news` WHERE ( id = 7 ) LIMIT 1   [ RunTime:0.0010s ]
SQL: SELECT * FROM `qd_news` WHERE `id` < '7' LIMIT 1   [ RunTime:0.0000s ]
SQL: SELECT * FROM `qd_news` WHERE `id` > '7' LIMIT 1   [ RunTime:0.0010s ]

[ 2017-01-06T16:49:54+08:00 ] 127.0.0.1 /
INFO: [ app_init ] --START--
INFO: Run Behavior\BuildLiteBehavior [ RunTime:0.000000s ]
INFO: [ app_init ] --END-- [ RunTime:0.000000s ]
INFO: [ app_begin ] --START--
INFO: Run Behavior\ReadHtmlCacheBehavior [ RunTime:0.001000s ]
INFO: [ app_begin ] --END-- [ RunTime:0.001000s ]
SQL: SHOW COLUMNS FROM `qd_items` [ RunTime:0.0040s ]
SQL: SELECT * FROM `qd_items` WHERE ( pid=4 )  [ RunTime:0.0000s ]
SQL: SHOW COLUMNS FROM `qd_news` [ RunTime:0.0040s ]
SQL: SELECT `id`,`title`,`small_img`,`item_id` FROM `qd_news` WHERE ( item_id =5 )  [ RunTime:0.0000s ]
SQL: SELECT `id`,`title`,`small_img`,`item_id` FROM `qd_news` WHERE ( item_id =6 )  [ RunTime:0.0000s ]
SQL: SELECT `id`,`title`,`small_img`,`item_id` FROM `qd_news` WHERE ( item_id =7 )  [ RunTime:0.0000s ]
SQL: SELECT `id`,`title`,`small_img`,`item_id` FROM `qd_news` WHERE ( item_id =8 )  [ RunTime:0.0010s ]
INFO: [ view_parse ] --START--
INFO: [ template_filter ] --START--
INFO: Run Behavior\ContentReplaceBehavior [ RunTime:0.000000s ]
INFO: [ template_filter ] --END-- [ RunTime:0.000000s ]
INFO: Run Behavior\ParseTemplateBehavior [ RunTime:0.011000s ]
INFO: [ view_parse ] --END-- [ RunTime:0.011000s ]
INFO: [ view_filter ] --START--
INFO: Run Behavior\WriteHtmlCacheBehavior [ RunTime:0.000000s ]
INFO: [ view_filter ] --END-- [ RunTime:0.000000s ]
INFO: [ app_end ] --START--
INFO: Run Behavior\ShowPageTraceBehavior [ RunTime:0.001000s ]
INFO: [ app_end ] --END-- [ RunTime:0.001000s ]

[ 2017-01-06T16:49:57+08:00 ] 127.0.0.1 /News/cpnew
INFO: [ app_init ] --START--
INFO: Run Behavior\BuildLiteBehavior [ RunTime:0.000000s ]
INFO: [ app_init ] --END-- [ RunTime:0.000000s ]
INFO: [ app_begin ] --START--
INFO: Run Behavior\ReadHtmlCacheBehavior [ RunTime:0.000000s ]
INFO: [ app_begin ] --END-- [ RunTime:0.001000s ]
SQL: SHOW COLUMNS FROM `qd_news` [ RunTime:0.0040s ]
SQL: SELECT * FROM `qd_news` WHERE ( id = 7 ) LIMIT 1   [ RunTime:0.0010s ]
SQL: SELECT * FROM `qd_news` WHERE `id` < '7' LIMIT 1   [ RunTime:0.0010s ]
SQL: SELECT * FROM `qd_news` WHERE `id` > '7' LIMIT 1   [ RunTime:0.0000s ]

[ 2017-01-06T16:50:00+08:00 ] 127.0.0.1 /News/cpnew
INFO: [ app_init ] --START--
INFO: Run Behavior\BuildLiteBehavior [ RunTime:0.000000s ]
INFO: [ app_init ] --END-- [ RunTime:0.000000s ]
INFO: [ app_begin ] --START--
INFO: Run Behavior\ReadHtmlCacheBehavior [ RunTime:0.000000s ]
INFO: [ app_begin ] --END-- [ RunTime:0.000000s ]
SQL: SHOW COLUMNS FROM `qd_news` [ RunTime:0.0050s ]
ERR: 1064:You have an error in your SQL syntax; check the manual that corresponds to your MySQL server version for the right syntax to use near ') LIMIT 1' at line 1
 [ SQL语句 ] : SELECT * FROM `qd_news` WHERE ( id =  ) LIMIT 1  
ERR: 1064:You have an error in your SQL syntax; check the manual that corresponds to your MySQL server version for the right syntax to use near ') LIMIT 1' at line 1
 [ SQL语句 ] : SELECT * FROM `qd_news` WHERE ( id =  ) LIMIT 1  

[ 2017-01-06T16:50:01+08:00 ] 127.0.0.1 /News/cpnew
INFO: [ app_init ] --START--
INFO: Run Behavior\BuildLiteBehavior [ RunTime:0.000000s ]
INFO: [ app_init ] --END-- [ RunTime:0.000000s ]
INFO: [ app_begin ] --START--
INFO: Run Behavior\ReadHtmlCacheBehavior [ RunTime:0.000000s ]
INFO: [ app_begin ] --END-- [ RunTime:0.000000s ]
SQL: SHOW COLUMNS FROM `qd_news` [ RunTime:0.0060s ]
ERR: 1064:You have an error in your SQL syntax; check the manual that corresponds to your MySQL server version for the right syntax to use near ') LIMIT 1' at line 1
 [ SQL语句 ] : SELECT * FROM `qd_news` WHERE ( id =  ) LIMIT 1  
ERR: 1064:You have an error in your SQL syntax; check the manual that corresponds to your MySQL server version for the right syntax to use near ') LIMIT 1' at line 1
 [ SQL语句 ] : SELECT * FROM `qd_news` WHERE ( id =  ) LIMIT 1  

[ 2017-01-06T16:50:01+08:00 ] 127.0.0.1 /News/cpnew
INFO: [ app_init ] --START--
INFO: Run Behavior\BuildLiteBehavior [ RunTime:0.000000s ]
INFO: [ app_init ] --END-- [ RunTime:0.000000s ]
INFO: [ app_begin ] --START--
INFO: Run Behavior\ReadHtmlCacheBehavior [ RunTime:0.000000s ]
INFO: [ app_begin ] --END-- [ RunTime:0.000000s ]
SQL: SHOW COLUMNS FROM `qd_news` [ RunTime:0.0040s ]
ERR: 1064:You have an error in your SQL syntax; check the manual that corresponds to your MySQL server version for the right syntax to use near ') LIMIT 1' at line 1
 [ SQL语句 ] : SELECT * FROM `qd_news` WHERE ( id =  ) LIMIT 1  
ERR: 1064:You have an error in your SQL syntax; check the manual that corresponds to your MySQL server version for the right syntax to use near ') LIMIT 1' at line 1
 [ SQL语句 ] : SELECT * FROM `qd_news` WHERE ( id =  ) LIMIT 1  

[ 2017-01-06T16:50:02+08:00 ] 127.0.0.1 /News/cpnew
INFO: [ app_init ] --START--
INFO: Run Behavior\BuildLiteBehavior [ RunTime:0.000000s ]
INFO: [ app_init ] --END-- [ RunTime:0.000000s ]
INFO: [ app_begin ] --START--
INFO: Run Behavior\ReadHtmlCacheBehavior [ RunTime:0.000000s ]
INFO: [ app_begin ] --END-- [ RunTime:0.000000s ]
SQL: SHOW COLUMNS FROM `qd_news` [ RunTime:0.0040s ]
ERR: 1064:You have an error in your SQL syntax; check the manual that corresponds to your MySQL server version for the right syntax to use near ') LIMIT 1' at line 1
 [ SQL语句 ] : SELECT * FROM `qd_news` WHERE ( id =  ) LIMIT 1  
ERR: 1064:You have an error in your SQL syntax; check the manual that corresponds to your MySQL server version for the right syntax to use near ') LIMIT 1' at line 1
 [ SQL语句 ] : SELECT * FROM `qd_news` WHERE ( id =  ) LIMIT 1  

[ 2017-01-06T16:50:40+08:00 ] 127.0.0.1 /
INFO: [ app_init ] --START--
INFO: Run Behavior\BuildLiteBehavior [ RunTime:0.000000s ]
INFO: [ app_init ] --END-- [ RunTime:0.000000s ]
INFO: [ app_begin ] --START--
INFO: Run Behavior\ReadHtmlCacheBehavior [ RunTime:0.000000s ]
INFO: [ app_begin ] --END-- [ RunTime:0.000000s ]
SQL: SHOW COLUMNS FROM `qd_items` [ RunTime:0.0060s ]
SQL: SELECT * FROM `qd_items` WHERE ( pid=4 )  [ RunTime:0.0010s ]
SQL: SHOW COLUMNS FROM `qd_news` [ RunTime:0.0080s ]
SQL: SELECT `id`,`title`,`small_img`,`item_id` FROM `qd_news` WHERE ( item_id =5 )  [ RunTime:0.0010s ]
SQL: SELECT `id`,`title`,`small_img`,`item_id` FROM `qd_news` WHERE ( item_id =6 )  [ RunTime:0.0010s ]
SQL: SELECT `id`,`title`,`small_img`,`item_id` FROM `qd_news` WHERE ( item_id =7 )  [ RunTime:0.0010s ]
SQL: SELECT `id`,`title`,`small_img`,`item_id` FROM `qd_news` WHERE ( item_id =8 )  [ RunTime:0.0010s ]
INFO: [ view_parse ] --START--
INFO: [ template_filter ] --START--
INFO: Run Behavior\ContentReplaceBehavior [ RunTime:0.000000s ]
INFO: [ template_filter ] --END-- [ RunTime:0.001000s ]
INFO: Run Behavior\ParseTemplateBehavior [ RunTime:0.015000s ]
INFO: [ view_parse ] --END-- [ RunTime:0.015000s ]
INFO: [ view_filter ] --START--
INFO: Run Behavior\WriteHtmlCacheBehavior [ RunTime:0.000000s ]
INFO: [ view_filter ] --END-- [ RunTime:0.000000s ]
INFO: [ app_end ] --START--
INFO: Run Behavior\ShowPageTraceBehavior [ RunTime:0.001000s ]
INFO: [ app_end ] --END-- [ RunTime:0.001000s ]

[ 2017-01-06T16:50:41+08:00 ] 127.0.0.1 /News/cpnew
INFO: [ app_init ] --START--
INFO: Run Behavior\BuildLiteBehavior [ RunTime:0.000000s ]
INFO: [ app_init ] --END-- [ RunTime:0.001000s ]
INFO: [ app_begin ] --START--
INFO: Run Behavior\ReadHtmlCacheBehavior [ RunTime:0.001000s ]
INFO: [ app_begin ] --END-- [ RunTime:0.001000s ]
SQL: SHOW COLUMNS FROM `qd_news` [ RunTime:0.0060s ]
SQL: SELECT * FROM `qd_news` WHERE ( id = 7 ) LIMIT 1   [ RunTime:0.0020s ]
SQL: SELECT * FROM `qd_news` WHERE `id` < '7' LIMIT 1   [ RunTime:0.0010s ]
SQL: SELECT * FROM `qd_news` WHERE `id` > '7' LIMIT 1   [ RunTime:0.0020s ]

[ 2017-01-06T16:50:46+08:00 ] 127.0.0.1 /News/cpnew
INFO: [ app_init ] --START--
INFO: Run Behavior\BuildLiteBehavior [ RunTime:0.000000s ]
INFO: [ app_init ] --END-- [ RunTime:0.000000s ]
INFO: [ app_begin ] --START--
INFO: Run Behavior\ReadHtmlCacheBehavior [ RunTime:0.001000s ]
INFO: [ app_begin ] --END-- [ RunTime:0.001000s ]
SQL: SHOW COLUMNS FROM `qd_news` [ RunTime:0.0050s ]
SQL: SELECT * FROM `qd_news` WHERE ( id = 8 ) LIMIT 1   [ RunTime:0.0010s ]
SQL: SELECT * FROM `qd_news` WHERE `id` < '8' LIMIT 1   [ RunTime:0.0000s ]
SQL: SELECT * FROM `qd_news` WHERE `id` > '8' LIMIT 1   [ RunTime:0.0010s ]

[ 2017-01-06T16:50:54+08:00 ] 127.0.0.1 /News/cpnew
INFO: [ app_init ] --START--
INFO: Run Behavior\BuildLiteBehavior [ RunTime:0.000000s ]
INFO: [ app_init ] --END-- [ RunTime:0.001000s ]
INFO: [ app_begin ] --START--
INFO: Run Behavior\ReadHtmlCacheBehavior [ RunTime:0.003000s ]
INFO: [ app_begin ] --END-- [ RunTime:0.003000s ]
SQL: SHOW COLUMNS FROM `qd_news` [ RunTime:0.0030s ]
SQL: SELECT * FROM `qd_news` WHERE ( id = 9 ) LIMIT 1   [ RunTime:0.0000s ]
SQL: SELECT * FROM `qd_news` WHERE `id` < '9' LIMIT 1   [ RunTime:0.0010s ]
SQL: SELECT * FROM `qd_news` WHERE `id` > '9' LIMIT 1   [ RunTime:0.0000s ]

[ 2017-01-06T16:51:04+08:00 ] 127.0.0.1 /News/cpnew
INFO: [ app_init ] --START--
INFO: Run Behavior\BuildLiteBehavior [ RunTime:0.000000s ]
INFO: [ app_init ] --END-- [ RunTime:0.001000s ]
INFO: [ app_begin ] --START--
INFO: Run Behavior\ReadHtmlCacheBehavior [ RunTime:0.001000s ]
INFO: [ app_begin ] --END-- [ RunTime:0.001000s ]
SQL: SHOW COLUMNS FROM `qd_news` [ RunTime:0.0060s ]
SQL: SELECT * FROM `qd_news` WHERE ( id = 1 ) LIMIT 1   [ RunTime:0.0010s ]
SQL: SELECT * FROM `qd_news` WHERE `id` < '1' LIMIT 1   [ RunTime:0.0010s ]
SQL: SELECT * FROM `qd_news` WHERE `id` > '1' LIMIT 1   [ RunTime:0.0010s ]

[ 2017-01-06T16:51:08+08:00 ] 127.0.0.1 /News/cpnew
INFO: [ app_init ] --START--
INFO: Run Behavior\BuildLiteBehavior [ RunTime:0.000000s ]
INFO: [ app_init ] --END-- [ RunTime:0.000000s ]
INFO: [ app_begin ] --START--
INFO: Run Behavior\ReadHtmlCacheBehavior [ RunTime:0.000000s ]
INFO: [ app_begin ] --END-- [ RunTime:0.000000s ]
SQL: SHOW COLUMNS FROM `qd_news` [ RunTime:0.0050s ]
SQL: SELECT * FROM `qd_news` WHERE ( id = 2 ) LIMIT 1   [ RunTime:0.0000s ]
SQL: SELECT * FROM `qd_news` WHERE `id` < '2' LIMIT 1   [ RunTime:0.0010s ]
SQL: SELECT * FROM `qd_news` WHERE `id` > '2' LIMIT 1   [ RunTime:0.0000s ]

[ 2017-01-06T17:11:16+08:00 ] 192.168.1.110 /tp/qidian/
INFO: [ app_init ] --START--
INFO: Run Behavior\BuildLiteBehavior [ RunTime:0.000000s ]
INFO: [ app_init ] --END-- [ RunTime:0.000000s ]
INFO: [ app_begin ] --START--
INFO: Run Behavior\ReadHtmlCacheBehavior [ RunTime:0.000000s ]
INFO: [ app_begin ] --END-- [ RunTime:0.000000s ]
SQL: SHOW COLUMNS FROM `qd_items` [ RunTime:0.0040s ]
SQL: SELECT * FROM `qd_items` WHERE ( pid=4 )  [ RunTime:0.0000s ]
SQL: SHOW COLUMNS FROM `qd_news` [ RunTime:0.0040s ]
SQL: SELECT `id`,`title`,`small_img`,`item_id` FROM `qd_news` WHERE ( item_id =5 )  [ RunTime:0.0000s ]
SQL: SELECT `id`,`title`,`small_img`,`item_id` FROM `qd_news` WHERE ( item_id =6 )  [ RunTime:0.0010s ]
SQL: SELECT `id`,`title`,`small_img`,`item_id` FROM `qd_news` WHERE ( item_id =7 )  [ RunTime:0.0000s ]
SQL: SELECT `id`,`title`,`small_img`,`item_id` FROM `qd_news` WHERE ( item_id =8 )  [ RunTime:0.0000s ]
INFO: [ view_parse ] --START--
INFO: [ template_filter ] --START--
INFO: Run Behavior\ContentReplaceBehavior [ RunTime:0.000000s ]
INFO: [ template_filter ] --END-- [ RunTime:0.000000s ]
INFO: Run Behavior\ParseTemplateBehavior [ RunTime:0.011000s ]
INFO: [ view_parse ] --END-- [ RunTime:0.011000s ]
INFO: [ view_filter ] --START--
INFO: Run Behavior\WriteHtmlCacheBehavior [ RunTime:0.000000s ]
INFO: [ view_filter ] --END-- [ RunTime:0.000000s ]
INFO: [ app_end ] --START--
INFO: Run Behavior\ShowPageTraceBehavior [ RunTime:0.001000s ]
INFO: [ app_end ] --END-- [ RunTime:0.001000s ]

[ 2017-01-06T17:14:34+08:00 ] 192.168.1.110 /tp/qidian/index.html
INFO: [ app_init ] --START--
INFO: Run Behavior\BuildLiteBehavior [ RunTime:0.000000s ]
INFO: [ app_init ] --END-- [ RunTime:0.000000s ]
INFO: [ app_begin ] --START--
INFO: Run Behavior\ReadHtmlCacheBehavior [ RunTime:0.001000s ]
INFO: [ app_begin ] --END-- [ RunTime:0.001000s ]
SQL: SHOW COLUMNS FROM `qd_items` [ RunTime:0.0050s ]
SQL: SELECT * FROM `qd_items` WHERE ( pid=4 )  [ RunTime:0.0010s ]
SQL: SHOW COLUMNS FROM `qd_news` [ RunTime:0.0040s ]
SQL: SELECT `id`,`title`,`small_img`,`item_id` FROM `qd_news` WHERE ( item_id =5 )  [ RunTime:0.0010s ]
SQL: SELECT `id`,`title`,`small_img`,`item_id` FROM `qd_news` WHERE ( item_id =6 )  [ RunTime:0.0000s ]
SQL: SELECT `id`,`title`,`small_img`,`item_id` FROM `qd_news` WHERE ( item_id =7 )  [ RunTime:0.0000s ]
SQL: SELECT `id`,`title`,`small_img`,`item_id` FROM `qd_news` WHERE ( item_id =8 )  [ RunTime:0.0010s ]
INFO: [ view_parse ] --START--
INFO: [ template_filter ] --START--
INFO: Run Behavior\ContentReplaceBehavior [ RunTime:0.000000s ]
INFO: [ template_filter ] --END-- [ RunTime:0.000000s ]
INFO: Run Behavior\ParseTemplateBehavior [ RunTime:0.011000s ]
INFO: [ view_parse ] --END-- [ RunTime:0.011000s ]
INFO: [ view_filter ] --START--
INFO: Run Behavior\WriteHtmlCacheBehavior [ RunTime:0.001000s ]
INFO: [ view_filter ] --END-- [ RunTime:0.001000s ]
INFO: [ app_end ] --START--
INFO: Run Behavior\ShowPageTraceBehavior [ RunTime:0.001000s ]
INFO: [ app_end ] --END-- [ RunTime:0.001000s ]

[ 2017-01-06T17:15:24+08:00 ] 192.168.1.110 /tp/qidian/News/cpnew
INFO: [ app_init ] --START--
INFO: Run Behavior\BuildLiteBehavior [ RunTime:0.000000s ]
INFO: [ app_init ] --END-- [ RunTime:0.000000s ]
INFO: [ app_begin ] --START--
INFO: Run Behavior\ReadHtmlCacheBehavior [ RunTime:0.001000s ]
INFO: [ app_begin ] --END-- [ RunTime:0.001000s ]
SQL: SHOW COLUMNS FROM `qd_news` [ RunTime:0.0060s ]
SQL: SELECT * FROM `qd_news` WHERE ( id = 7 ) LIMIT 1   [ RunTime:0.0010s ]
SQL: SELECT * FROM `qd_news` WHERE `id` < '7' LIMIT 1   [ RunTime:0.0010s ]
SQL: SELECT * FROM `qd_news` WHERE `id` > '7' LIMIT 1   [ RunTime:0.0010s ]

[ 2017-01-06T17:15:34+08:00 ] 192.168.1.110 /tp/qidian/News/cpnew
INFO: [ app_init ] --START--
INFO: Run Behavior\BuildLiteBehavior [ RunTime:0.000000s ]
INFO: [ app_init ] --END-- [ RunTime:0.001000s ]
INFO: [ app_begin ] --START--
INFO: Run Behavior\ReadHtmlCacheBehavior [ RunTime:0.001000s ]
INFO: [ app_begin ] --END-- [ RunTime:0.001000s ]
SQL: SHOW COLUMNS FROM `qd_news` [ RunTime:0.0080s ]
SQL: SELECT * FROM `qd_news` WHERE ( id = 7 ) LIMIT 1   [ RunTime:0.0010s ]
SQL: SELECT * FROM `qd_news` WHERE `id` < '7' LIMIT 1   [ RunTime:0.0020s ]
SQL: SELECT * FROM `qd_news` WHERE `id` > '7' LIMIT 1   [ RunTime:0.0010s ]

[ 2017-01-06T17:22:46+08:00 ] 192.168.1.110 /tp/qidian/News/cpnew
INFO: [ app_init ] --START--
INFO: Run Behavior\BuildLiteBehavior [ RunTime:0.000000s ]
INFO: [ app_init ] --END-- [ RunTime:0.000000s ]
INFO: [ app_begin ] --START--
INFO: Run Behavior\ReadHtmlCacheBehavior [ RunTime:0.001000s ]
INFO: [ app_begin ] --END-- [ RunTime:0.001000s ]
SQL: SHOW COLUMNS FROM `qd_news` [ RunTime:0.0040s ]
SQL: SELECT * FROM `qd_news` WHERE ( id = 8 ) LIMIT 1   [ RunTime:0.0000s ]
SQL: SELECT * FROM `qd_news` WHERE `id` < '8' LIMIT 1   [ RunTime:0.0000s ]
SQL: SELECT * FROM `qd_news` WHERE `id` > '8' LIMIT 1   [ RunTime:0.0000s ]

[ 2017-01-06T17:36:58+08:00 ] 127.0.0.1 /
INFO: [ app_init ] --START--
INFO: Run Behavior\BuildLiteBehavior [ RunTime:0.000000s ]
INFO: [ app_init ] --END-- [ RunTime:0.001000s ]
INFO: [ app_begin ] --START--
INFO: Run Behavior\ReadHtmlCacheBehavior [ RunTime:0.001000s ]
INFO: [ app_begin ] --END-- [ RunTime:0.001000s ]
SQL: SHOW COLUMNS FROM `qd_items` [ RunTime:0.0040s ]
SQL: SELECT * FROM `qd_items` WHERE ( pid=4 )  [ RunTime:0.0010s ]
SQL: SHOW COLUMNS FROM `qd_news` [ RunTime:0.0050s ]
SQL: SELECT `id`,`title`,`small_img`,`item_id` FROM `qd_news` WHERE ( item_id =5 )  [ RunTime:0.0010s ]
SQL: SELECT `id`,`title`,`small_img`,`item_id` FROM `qd_news` WHERE ( item_id =6 )  [ RunTime:0.0010s ]
SQL: SELECT `id`,`title`,`small_img`,`item_id` FROM `qd_news` WHERE ( item_id =7 )  [ RunTime:0.0000s ]
SQL: SELECT `id`,`title`,`small_img`,`item_id` FROM `qd_news` WHERE ( item_id =8 )  [ RunTime:0.0010s ]
INFO: [ view_parse ] --START--
INFO: [ template_filter ] --START--
INFO: Run Behavior\ContentReplaceBehavior [ RunTime:0.000000s ]
INFO: [ template_filter ] --END-- [ RunTime:0.000000s ]
INFO: Run Behavior\ParseTemplateBehavior [ RunTime:0.010000s ]
INFO: [ view_parse ] --END-- [ RunTime:0.011000s ]
INFO: [ view_filter ] --START--
INFO: Run Behavior\WriteHtmlCacheBehavior [ RunTime:0.000000s ]
INFO: [ view_filter ] --END-- [ RunTime:0.000000s ]
INFO: [ app_end ] --START--
INFO: Run Behavior\ShowPageTraceBehavior [ RunTime:0.001000s ]
INFO: [ app_end ] --END-- [ RunTime:0.001000s ]

[ 2017-01-06T17:36:59+08:00 ] 127.0.0.1 /News/cpnew
INFO: [ app_init ] --START--
INFO: Run Behavior\BuildLiteBehavior [ RunTime:0.000000s ]
INFO: [ app_init ] --END-- [ RunTime:0.000000s ]
INFO: [ app_begin ] --START--
INFO: Run Behavior\ReadHtmlCacheBehavior [ RunTime:0.000000s ]
INFO: [ app_begin ] --END-- [ RunTime:0.001000s ]
SQL: SHOW COLUMNS FROM `qd_news` [ RunTime:0.0080s ]
SQL: SELECT * FROM `qd_news` WHERE ( id = 7 ) LIMIT 1   [ RunTime:0.0020s ]
SQL: SELECT * FROM `qd_news` WHERE `id` < '7' LIMIT 1   [ RunTime:0.0010s ]
SQL: SELECT * FROM `qd_news` WHERE `id` > '7' LIMIT 1   [ RunTime:0.0010s ]

[ 2017-01-06T17:37:01+08:00 ] 127.0.0.1 /News/cpnew
INFO: [ app_init ] --START--
INFO: Run Behavior\BuildLiteBehavior [ RunTime:0.000000s ]
INFO: [ app_init ] --END-- [ RunTime:0.001000s ]
INFO: [ app_begin ] --START--
INFO: Run Behavior\ReadHtmlCacheBehavior [ RunTime:0.000000s ]
INFO: [ app_begin ] --END-- [ RunTime:0.000000s ]
SQL: SHOW COLUMNS FROM `qd_news` [ RunTime:0.0050s ]
SQL: SELECT * FROM `qd_news` WHERE ( id = 8 ) LIMIT 1   [ RunTime:0.0000s ]
SQL: SELECT * FROM `qd_news` WHERE `id` < '8' LIMIT 1   [ RunTime:0.0000s ]
SQL: SELECT * FROM `qd_news` WHERE `id` > '8' LIMIT 1   [ RunTime:0.0010s ]

[ 2017-01-06T17:37:05+08:00 ] 127.0.0.1 /News/cpnew
INFO: [ app_init ] --START--
INFO: Run Behavior\BuildLiteBehavior [ RunTime:0.000000s ]
INFO: [ app_init ] --END-- [ RunTime:0.000000s ]
INFO: [ app_begin ] --START--
INFO: Run Behavior\ReadHtmlCacheBehavior [ RunTime:0.001000s ]
INFO: [ app_begin ] --END-- [ RunTime:0.001000s ]
SQL: SHOW COLUMNS FROM `qd_news` [ RunTime:0.0050s ]
SQL: SELECT * FROM `qd_news` WHERE ( id = 1 ) LIMIT 1   [ RunTime:0.0010s ]
SQL: SELECT * FROM `qd_news` WHERE `id` < '1' LIMIT 1   [ RunTime:0.0010s ]
SQL: SELECT * FROM `qd_news` WHERE `id` > '1' LIMIT 1   [ RunTime:0.0010s ]

[ 2017-01-06T17:45:46+08:00 ] 127.0.0.1 /
INFO: [ app_init ] --START--
INFO: Run Behavior\BuildLiteBehavior [ RunTime:0.000000s ]
INFO: [ app_init ] --END-- [ RunTime:0.001000s ]
INFO: [ app_begin ] --START--
INFO: Run Behavior\ReadHtmlCacheBehavior [ RunTime:0.000000s ]
INFO: [ app_begin ] --END-- [ RunTime:0.000000s ]
SQL: SHOW COLUMNS FROM `qd_items` [ RunTime:0.0040s ]
SQL: SELECT * FROM `qd_items` WHERE ( pid=4 )  [ RunTime:0.0000s ]
SQL: SHOW COLUMNS FROM `qd_news` [ RunTime:0.0040s ]
SQL: SELECT `id`,`title`,`small_img`,`item_id` FROM `qd_news` WHERE ( item_id =5 )  [ RunTime:0.0000s ]
SQL: SELECT `id`,`title`,`small_img`,`item_id` FROM `qd_news` WHERE ( item_id =6 )  [ RunTime:0.0000s ]
SQL: SELECT `id`,`title`,`small_img`,`item_id` FROM `qd_news` WHERE ( item_id =7 )  [ RunTime:0.0010s ]
SQL: SELECT `id`,`title`,`small_img`,`item_id` FROM `qd_news` WHERE ( item_id =8 )  [ RunTime:0.0000s ]
INFO: [ view_parse ] --START--
INFO: [ template_filter ] --START--
INFO: Run Behavior\ContentReplaceBehavior [ RunTime:0.000000s ]
INFO: [ template_filter ] --END-- [ RunTime:0.000000s ]
INFO: Run Behavior\ParseTemplateBehavior [ RunTime:0.013000s ]
INFO: [ view_parse ] --END-- [ RunTime:0.013000s ]
INFO: [ view_filter ] --START--
INFO: Run Behavior\WriteHtmlCacheBehavior [ RunTime:0.000000s ]
INFO: [ view_filter ] --END-- [ RunTime:0.000000s ]
INFO: [ app_end ] --START--
INFO: Run Behavior\ShowPageTraceBehavior [ RunTime:0.001000s ]
INFO: [ app_end ] --END-- [ RunTime:0.001000s ]

[ 2017-01-06T17:45:51+08:00 ] 127.0.0.1 /News/cpnew
INFO: [ app_init ] --START--
INFO: Run Behavior\BuildLiteBehavior [ RunTime:0.000000s ]
INFO: [ app_init ] --END-- [ RunTime:0.000000s ]
INFO: [ app_begin ] --START--
INFO: Run Behavior\ReadHtmlCacheBehavior [ RunTime:0.001000s ]
INFO: [ app_begin ] --END-- [ RunTime:0.001000s ]
SQL: SHOW COLUMNS FROM `qd_items` [ RunTime:0.0050s ]
SQL: SELECT `id` FROM `qd_items` WHERE ( pid=4 )  [ RunTime:0.0000s ]
SQL: SHOW COLUMNS FROM `qd_news` [ RunTime:0.0050s ]
SQL: SELECT * FROM `qd_news` WHERE ( id = 7 ) LIMIT 1   [ RunTime:0.0010s ]
SQL: SELECT * FROM `qd_news` WHERE `item_id` IN ('5','6','7','8') AND `id` < '7' LIMIT 1   [ RunTime:0.0010s ]
SQL: SELECT * FROM `qd_news` WHERE `item_id` IN ('5','6','7','8') AND `id` > '7' LIMIT 1   [ RunTime:0.0020s ]

[ 2017-01-06T17:45:54+08:00 ] 127.0.0.1 /News/cpnew
INFO: [ app_init ] --START--
INFO: Run Behavior\BuildLiteBehavior [ RunTime:0.000000s ]
INFO: [ app_init ] --END-- [ RunTime:0.001000s ]
INFO: [ app_begin ] --START--
INFO: Run Behavior\ReadHtmlCacheBehavior [ RunTime:0.001000s ]
INFO: [ app_begin ] --END-- [ RunTime:0.001000s ]
SQL: SHOW COLUMNS FROM `qd_items` [ RunTime:0.0070s ]
SQL: SELECT `id` FROM `qd_items` WHERE ( pid=4 )  [ RunTime:0.0010s ]
SQL: SHOW COLUMNS FROM `qd_news` [ RunTime:0.0080s ]
SQL: SELECT * FROM `qd_news` WHERE ( id = 8 ) LIMIT 1   [ RunTime:0.0010s ]
SQL: SELECT * FROM `qd_news` WHERE `item_id` IN ('5','6','7','8') AND `id` < '8' LIMIT 1   [ RunTime:0.0010s ]
SQL: SELECT * FROM `qd_news` WHERE `item_id` IN ('5','6','7','8') AND `id` > '8' LIMIT 1   [ RunTime:0.0000s ]

[ 2017-01-06T17:45:55+08:00 ] 127.0.0.1 /News/cpnew
INFO: [ app_init ] --START--
INFO: Run Behavior\BuildLiteBehavior [ RunTime:0.000000s ]
INFO: [ app_init ] --END-- [ RunTime:0.001000s ]
INFO: [ app_begin ] --START--
INFO: Run Behavior\ReadHtmlCacheBehavior [ RunTime:0.001000s ]
INFO: [ app_begin ] --END-- [ RunTime:0.001000s ]
SQL: SHOW COLUMNS FROM `qd_items` [ RunTime:0.0050s ]
SQL: SELECT `id` FROM `qd_items` WHERE ( pid=4 )  [ RunTime:0.0010s ]
SQL: SHOW COLUMNS FROM `qd_news` [ RunTime:0.0050s ]
SQL: SELECT * FROM `qd_news` WHERE ( id = 9 ) LIMIT 1   [ RunTime:0.0010s ]
SQL: SELECT * FROM `qd_news` WHERE `item_id` IN ('5','6','7','8') AND `id` < '9' LIMIT 1   [ RunTime:0.0010s ]
SQL: SELECT * FROM `qd_news` WHERE `item_id` IN ('5','6','7','8') AND `id` > '9' LIMIT 1   [ RunTime:0.0010s ]

[ 2017-01-06T17:45:56+08:00 ] 127.0.0.1 /News/cpnew
INFO: [ app_init ] --START--
INFO: Run Behavior\BuildLiteBehavior [ RunTime:0.000000s ]
INFO: [ app_init ] --END-- [ RunTime:0.001000s ]
INFO: [ app_begin ] --START--
INFO: Run Behavior\ReadHtmlCacheBehavior [ RunTime:0.001000s ]
INFO: [ app_begin ] --END-- [ RunTime:0.001000s ]
SQL: SHOW COLUMNS FROM `qd_items` [ RunTime:0.0060s ]
SQL: SELECT `id` FROM `qd_items` WHERE ( pid=4 )  [ RunTime:0.0010s ]
SQL: SHOW COLUMNS FROM `qd_news` [ RunTime:0.0050s ]
ERR: 1064:You have an error in your SQL syntax; check the manual that corresponds to your MySQL server version for the right syntax to use near ') LIMIT 1' at line 1
 [ SQL语句 ] : SELECT * FROM `qd_news` WHERE ( id =  ) LIMIT 1  
ERR: 1064:You have an error in your SQL syntax; check the manual that corresponds to your MySQL server version for the right syntax to use near ') LIMIT 1' at line 1
 [ SQL语句 ] : SELECT * FROM `qd_news` WHERE ( id =  ) LIMIT 1  

[ 2017-01-06T17:45:57+08:00 ] 127.0.0.1 /News/cpnew
INFO: [ app_init ] --START--
INFO: Run Behavior\BuildLiteBehavior [ RunTime:0.001000s ]
INFO: [ app_init ] --END-- [ RunTime:0.001000s ]
INFO: [ app_begin ] --START--
INFO: Run Behavior\ReadHtmlCacheBehavior [ RunTime:0.001000s ]
INFO: [ app_begin ] --END-- [ RunTime:0.001000s ]
SQL: SHOW COLUMNS FROM `qd_items` [ RunTime:0.0040s ]
SQL: SELECT `id` FROM `qd_items` WHERE ( pid=4 )  [ RunTime:0.0010s ]
SQL: SHOW COLUMNS FROM `qd_news` [ RunTime:0.0030s ]
ERR: 1064:You have an error in your SQL syntax; check the manual that corresponds to your MySQL server version for the right syntax to use near ') LIMIT 1' at line 1
 [ SQL语句 ] : SELECT * FROM `qd_news` WHERE ( id =  ) LIMIT 1  
ERR: 1064:You have an error in your SQL syntax; check the manual that corresponds to your MySQL server version for the right syntax to use near ') LIMIT 1' at line 1
 [ SQL语句 ] : SELECT * FROM `qd_news` WHERE ( id =  ) LIMIT 1  

[ 2017-01-06T17:45:57+08:00 ] 127.0.0.1 /News/cpnew
INFO: [ app_init ] --START--
INFO: Run Behavior\BuildLiteBehavior [ RunTime:0.000000s ]
INFO: [ app_init ] --END-- [ RunTime:0.000000s ]
INFO: [ app_begin ] --START--
INFO: Run Behavior\ReadHtmlCacheBehavior [ RunTime:0.001000s ]
INFO: [ app_begin ] --END-- [ RunTime:0.001000s ]
SQL: SHOW COLUMNS FROM `qd_items` [ RunTime:0.0040s ]
SQL: SELECT `id` FROM `qd_items` WHERE ( pid=4 )  [ RunTime:0.0000s ]
SQL: SHOW COLUMNS FROM `qd_news` [ RunTime:0.0040s ]
ERR: 1064:You have an error in your SQL syntax; check the manual that corresponds to your MySQL server version for the right syntax to use near ') LIMIT 1' at line 1
 [ SQL语句 ] : SELECT * FROM `qd_news` WHERE ( id =  ) LIMIT 1  
ERR: 1064:You have an error in your SQL syntax; check the manual that corresponds to your MySQL server version for the right syntax to use near ') LIMIT 1' at line 1
 [ SQL语句 ] : SELECT * FROM `qd_news` WHERE ( id =  ) LIMIT 1  

[ 2017-01-06T17:46:01+08:00 ] 127.0.0.1 /News/cpnew
INFO: [ app_init ] --START--
INFO: Run Behavior\BuildLiteBehavior [ RunTime:0.000000s ]
INFO: [ app_init ] --END-- [ RunTime:0.000000s ]
INFO: [ app_begin ] --START--
INFO: Run Behavior\ReadHtmlCacheBehavior [ RunTime:0.000000s ]
INFO: [ app_begin ] --END-- [ RunTime:0.000000s ]
SQL: SHOW COLUMNS FROM `qd_items` [ RunTime:0.0040s ]
SQL: SELECT `id` FROM `qd_items` WHERE ( pid=4 )  [ RunTime:0.0000s ]
SQL: SHOW COLUMNS FROM `qd_news` [ RunTime:0.0050s ]
SQL: SELECT * FROM `qd_news` WHERE ( id = 7 ) LIMIT 1   [ RunTime:0.0000s ]
SQL: SELECT * FROM `qd_news` WHERE `item_id` IN ('5','6','7','8') AND `id` < '7' LIMIT 1   [ RunTime:0.0000s ]
SQL: SELECT * FROM `qd_news` WHERE `item_id` IN ('5','6','7','8') AND `id` > '7' LIMIT 1   [ RunTime:0.0010s ]

[ 2017-01-06T17:46:02+08:00 ] 127.0.0.1 /News/cpnew
INFO: [ app_init ] --START--
INFO: Run Behavior\BuildLiteBehavior [ RunTime:0.000000s ]
INFO: [ app_init ] --END-- [ RunTime:0.001000s ]
INFO: [ app_begin ] --START--
INFO: Run Behavior\ReadHtmlCacheBehavior [ RunTime:0.001000s ]
INFO: [ app_begin ] --END-- [ RunTime:0.001000s ]
SQL: SHOW COLUMNS FROM `qd_items` [ RunTime:0.0040s ]
SQL: SELECT `id` FROM `qd_items` WHERE ( pid=4 )  [ RunTime:0.0000s ]
SQL: SHOW COLUMNS FROM `qd_news` [ RunTime:0.0040s ]
ERR: 1064:You have an error in your SQL syntax; check the manual that corresponds to your MySQL server version for the right syntax to use near ') LIMIT 1' at line 1
 [ SQL语句 ] : SELECT * FROM `qd_news` WHERE ( id =  ) LIMIT 1  
ERR: 1064:You have an error in your SQL syntax; check the manual that corresponds to your MySQL server version for the right syntax to use near ') LIMIT 1' at line 1
 [ SQL语句 ] : SELECT * FROM `qd_news` WHERE ( id =  ) LIMIT 1  

[ 2017-01-06T17:46:03+08:00 ] 127.0.0.1 /News/cpnew
INFO: [ app_init ] --START--
INFO: Run Behavior\BuildLiteBehavior [ RunTime:0.000000s ]
INFO: [ app_init ] --END-- [ RunTime:0.001000s ]
INFO: [ app_begin ] --START--
INFO: Run Behavior\ReadHtmlCacheBehavior [ RunTime:0.000000s ]
INFO: [ app_begin ] --END-- [ RunTime:0.000000s ]
SQL: SHOW COLUMNS FROM `qd_items` [ RunTime:0.0040s ]
SQL: SELECT `id` FROM `qd_items` WHERE ( pid=4 )  [ RunTime:0.0010s ]
SQL: SHOW COLUMNS FROM `qd_news` [ RunTime:0.0040s ]
ERR: 1064:You have an error in your SQL syntax; check the manual that corresponds to your MySQL server version for the right syntax to use near ') LIMIT 1' at line 1
 [ SQL语句 ] : SELECT * FROM `qd_news` WHERE ( id =  ) LIMIT 1  
ERR: 1064:You have an error in your SQL syntax; check the manual that corresponds to your MySQL server version for the right syntax to use near ') LIMIT 1' at line 1
 [ SQL语句 ] : SELECT * FROM `qd_news` WHERE ( id =  ) LIMIT 1  

[ 2017-01-06T17:46:04+08:00 ] 127.0.0.1 /News/cpnew
INFO: [ app_init ] --START--
INFO: Run Behavior\BuildLiteBehavior [ RunTime:0.000000s ]
INFO: [ app_init ] --END-- [ RunTime:0.000000s ]
INFO: [ app_begin ] --START--
INFO: Run Behavior\ReadHtmlCacheBehavior [ RunTime:0.001000s ]
INFO: [ app_begin ] --END-- [ RunTime:0.001000s ]
SQL: SHOW COLUMNS FROM `qd_items` [ RunTime:0.0040s ]
SQL: SELECT `id` FROM `qd_items` WHERE ( pid=4 )  [ RunTime:0.0010s ]
SQL: SHOW COLUMNS FROM `qd_news` [ RunTime:0.0040s ]
SQL: SELECT * FROM `qd_news` WHERE ( id = 8 ) LIMIT 1   [ RunTime:0.0000s ]
SQL: SELECT * FROM `qd_news` WHERE `item_id` IN ('5','6','7','8') AND `id` < '8' LIMIT 1   [ RunTime:0.0010s ]
SQL: SELECT * FROM `qd_news` WHERE `item_id` IN ('5','6','7','8') AND `id` > '8' LIMIT 1   [ RunTime:0.0010s ]

[ 2017-01-06T17:46:05+08:00 ] 127.0.0.1 /News/cpnew
INFO: [ app_init ] --START--
INFO: Run Behavior\BuildLiteBehavior [ RunTime:0.000000s ]
INFO: [ app_init ] --END-- [ RunTime:0.000000s ]
INFO: [ app_begin ] --START--
INFO: Run Behavior\ReadHtmlCacheBehavior [ RunTime:0.001000s ]
INFO: [ app_begin ] --END-- [ RunTime:0.001000s ]
SQL: SHOW COLUMNS FROM `qd_items` [ RunTime:0.0060s ]
SQL: SELECT `id` FROM `qd_items` WHERE ( pid=4 )  [ RunTime:0.0010s ]
SQL: SHOW COLUMNS FROM `qd_news` [ RunTime:0.0050s ]
SQL: SELECT * FROM `qd_news` WHERE ( id = 9 ) LIMIT 1   [ RunTime:0.0010s ]
SQL: SELECT * FROM `qd_news` WHERE `item_id` IN ('5','6','7','8') AND `id` < '9' LIMIT 1   [ RunTime:0.0010s ]
SQL: SELECT * FROM `qd_news` WHERE `item_id` IN ('5','6','7','8') AND `id` > '9' LIMIT 1   [ RunTime:0.0010s ]

[ 2017-01-06T17:46:06+08:00 ] 127.0.0.1 /News/cpnew
INFO: [ app_init ] --START--
INFO: Run Behavior\BuildLiteBehavior [ RunTime:0.000000s ]
INFO: [ app_init ] --END-- [ RunTime:0.000000s ]
INFO: [ app_begin ] --START--
INFO: Run Behavior\ReadHtmlCacheBehavior [ RunTime:0.000000s ]
INFO: [ app_begin ] --END-- [ RunTime:0.000000s ]
SQL: SHOW COLUMNS FROM `qd_items` [ RunTime:0.0030s ]
SQL: SELECT `id` FROM `qd_items` WHERE ( pid=4 )  [ RunTime:0.0010s ]
SQL: SHOW COLUMNS FROM `qd_news` [ RunTime:0.0030s ]
SQL: SELECT * FROM `qd_news` WHERE ( id = 7 ) LIMIT 1   [ RunTime:0.0000s ]
SQL: SELECT * FROM `qd_news` WHERE `item_id` IN ('5','6','7','8') AND `id` < '7' LIMIT 1   [ RunTime:0.0000s ]
SQL: SELECT * FROM `qd_news` WHERE `item_id` IN ('5','6','7','8') AND `id` > '7' LIMIT 1   [ RunTime:0.0010s ]

[ 2017-01-06T17:46:07+08:00 ] 127.0.0.1 /News/cpnew
INFO: [ app_init ] --START--
INFO: Run Behavior\BuildLiteBehavior [ RunTime:0.000000s ]
INFO: [ app_init ] --END-- [ RunTime:0.001000s ]
INFO: [ app_begin ] --START--
INFO: Run Behavior\ReadHtmlCacheBehavior [ RunTime:0.001000s ]
INFO: [ app_begin ] --END-- [ RunTime:0.001000s ]
SQL: SHOW COLUMNS FROM `qd_items` [ RunTime:0.0060s ]
SQL: SELECT `id` FROM `qd_items` WHERE ( pid=4 )  [ RunTime:0.0010s ]
SQL: SHOW COLUMNS FROM `qd_news` [ RunTime:0.0050s ]
ERR: 1064:You have an error in your SQL syntax; check the manual that corresponds to your MySQL server version for the right syntax to use near ') LIMIT 1' at line 1
 [ SQL语句 ] : SELECT * FROM `qd_news` WHERE ( id =  ) LIMIT 1  
ERR: 1064:You have an error in your SQL syntax; check the manual that corresponds to your MySQL server version for the right syntax to use near ') LIMIT 1' at line 1
 [ SQL语句 ] : SELECT * FROM `qd_news` WHERE ( id =  ) LIMIT 1  

[ 2017-01-06T17:46:08+08:00 ] 127.0.0.1 /News/cpnew
INFO: [ app_init ] --START--
INFO: Run Behavior\BuildLiteBehavior [ RunTime:0.000000s ]
INFO: [ app_init ] --END-- [ RunTime:0.000000s ]
INFO: [ app_begin ] --START--
INFO: Run Behavior\ReadHtmlCacheBehavior [ RunTime:0.001000s ]
INFO: [ app_begin ] --END-- [ RunTime:0.001000s ]
SQL: SHOW COLUMNS FROM `qd_items` [ RunTime:0.0050s ]
SQL: SELECT `id` FROM `qd_items` WHERE ( pid=4 )  [ RunTime:0.0000s ]
SQL: SHOW COLUMNS FROM `qd_news` [ RunTime:0.0070s ]
SQL: SELECT * FROM `qd_news` WHERE ( id = 8 ) LIMIT 1   [ RunTime:0.0000s ]
SQL: SELECT * FROM `qd_news` WHERE `item_id` IN ('5','6','7','8') AND `id` < '8' LIMIT 1   [ RunTime:0.0010s ]
SQL: SELECT * FROM `qd_news` WHERE `item_id` IN ('5','6','7','8') AND `id` > '8' LIMIT 1   [ RunTime:0.0000s ]

[ 2017-01-06T17:46:09+08:00 ] 127.0.0.1 /News/cpnew
INFO: [ app_init ] --START--
INFO: Run Behavior\BuildLiteBehavior [ RunTime:0.001000s ]
INFO: [ app_init ] --END-- [ RunTime:0.001000s ]
INFO: [ app_begin ] --START--
INFO: Run Behavior\ReadHtmlCacheBehavior [ RunTime:0.000000s ]
INFO: [ app_begin ] --END-- [ RunTime:0.001000s ]
SQL: SHOW COLUMNS FROM `qd_items` [ RunTime:0.0060s ]
SQL: SELECT `id` FROM `qd_items` WHERE ( pid=4 )  [ RunTime:0.0010s ]
SQL: SHOW COLUMNS FROM `qd_news` [ RunTime:0.0050s ]
SQL: SELECT * FROM `qd_news` WHERE ( id = 9 ) LIMIT 1   [ RunTime:0.0010s ]
SQL: SELECT * FROM `qd_news` WHERE `item_id` IN ('5','6','7','8') AND `id` < '9' LIMIT 1   [ RunTime:0.0010s ]
SQL: SELECT * FROM `qd_news` WHERE `item_id` IN ('5','6','7','8') AND `id` > '9' LIMIT 1   [ RunTime:0.0010s ]

[ 2017-01-06T17:46:10+08:00 ] 127.0.0.1 /News/cpnew
INFO: [ app_init ] --START--
INFO: Run Behavior\BuildLiteBehavior [ RunTime:0.001000s ]
INFO: [ app_init ] --END-- [ RunTime:0.001000s ]
INFO: [ app_begin ] --START--
INFO: Run Behavior\ReadHtmlCacheBehavior [ RunTime:0.001000s ]
INFO: [ app_begin ] --END-- [ RunTime:0.001000s ]
SQL: SHOW COLUMNS FROM `qd_items` [ RunTime:0.0040s ]
SQL: SELECT `id` FROM `qd_items` WHERE ( pid=4 )  [ RunTime:0.0000s ]
SQL: SHOW COLUMNS FROM `qd_news` [ RunTime:0.0050s ]
SQL: SELECT * FROM `qd_news` WHERE ( id = 7 ) LIMIT 1   [ RunTime:0.0000s ]
SQL: SELECT * FROM `qd_news` WHERE `item_id` IN ('5','6','7','8') AND `id` < '7' LIMIT 1   [ RunTime:0.0010s ]
SQL: SELECT * FROM `qd_news` WHERE `item_id` IN ('5','6','7','8') AND `id` > '7' LIMIT 1   [ RunTime:0.0010s ]

[ 2017-01-06T17:46:10+08:00 ] 127.0.0.1 /News/cpnew
INFO: [ app_init ] --START--
INFO: Run Behavior\BuildLiteBehavior [ RunTime:0.000000s ]
INFO: [ app_init ] --END-- [ RunTime:0.001000s ]
INFO: [ app_begin ] --START--
INFO: Run Behavior\ReadHtmlCacheBehavior [ RunTime:0.000000s ]
INFO: [ app_begin ] --END-- [ RunTime:0.000000s ]
SQL: SHOW COLUMNS FROM `qd_items` [ RunTime:0.0060s ]
SQL: SELECT `id` FROM `qd_items` WHERE ( pid=4 )  [ RunTime:0.0000s ]
SQL: SHOW COLUMNS FROM `qd_news` [ RunTime:0.0050s ]
ERR: 1064:You have an error in your SQL syntax; check the manual that corresponds to your MySQL server version for the right syntax to use near ') LIMIT 1' at line 1
 [ SQL语句 ] : SELECT * FROM `qd_news` WHERE ( id =  ) LIMIT 1  
ERR: 1064:You have an error in your SQL syntax; check the manual that corresponds to your MySQL server version for the right syntax to use near ') LIMIT 1' at line 1
 [ SQL语句 ] : SELECT * FROM `qd_news` WHERE ( id =  ) LIMIT 1  

