[ 2017-01-09T00:15:09+08:00 ] 127.0.0.1 /
INFO: [ app_init ] --START--
INFO: Run Behavior\BuildLiteBehavior [ RunTime:0.000000s ]
INFO: [ app_init ] --END-- [ RunTime:0.000000s ]
INFO: [ app_begin ] --START--
INFO: Run Behavior\ReadHtmlCacheBehavior [ RunTime:0.000000s ]
INFO: [ app_begin ] --END-- [ RunTime:0.000000s ]
SQL: SHOW COLUMNS FROM `qd_items` [ RunTime:0.0040s ]
SQL: SELECT * FROM `qd_items` WHERE ( pid=4 )  [ RunTime:0.0010s ]
SQL: SHOW COLUMNS FROM `qd_news` [ RunTime:0.0040s ]
SQL: SELECT `id`,`title`,`small_img`,`item_id` FROM `qd_news` WHERE ( item_id =5 )  [ RunTime:0.0000s ]
SQL: SELECT `id`,`title`,`small_img`,`item_id` FROM `qd_news` WHERE ( item_id =6 )  [ RunTime:0.0010s ]
SQL: SELECT `id`,`title`,`small_img`,`item_id` FROM `qd_news` WHERE ( item_id =7 )  [ RunTime:0.0000s ]
SQL: SELECT `id`,`title`,`small_img`,`item_id` FROM `qd_news` WHERE ( item_id =8 )  [ RunTime:0.0000s ]
SQL: SELECT `id`,`title`,`small_img`,`item_id` FROM `qd_news` WHERE ( item_id =12 )  [ RunTime:0.0000s ]
INFO: [ view_parse ] --START--
INFO: [ template_filter ] --START--
INFO: Run Behavior\ContentReplaceBehavior [ RunTime:0.001000s ]
INFO: [ template_filter ] --END-- [ RunTime:0.001000s ]
INFO: Run Behavior\ParseTemplateBehavior [ RunTime:0.018001s ]
INFO: [ view_parse ] --END-- [ RunTime:0.018001s ]
INFO: [ view_filter ] --START--
INFO: Run Behavior\WriteHtmlCacheBehavior [ RunTime:0.000000s ]
INFO: [ view_filter ] --END-- [ RunTime:0.000000s ]
INFO: [ app_end ] --START--
INFO: Run Behavior\ShowPageTraceBehavior [ RunTime:0.000000s ]
INFO: [ app_end ] --END-- [ RunTime:0.000000s ]

[ 2017-01-09T00:36:17+08:00 ] 127.0.0.1 /
INFO: [ app_init ] --START--
INFO: Run Behavior\BuildLiteBehavior [ RunTime:0.000000s ]
INFO: [ app_init ] --END-- [ RunTime:0.001000s ]
INFO: [ app_begin ] --START--
INFO: Run Behavior\ReadHtmlCacheBehavior [ RunTime:0.000000s ]
INFO: [ app_begin ] --END-- [ RunTime:0.000000s ]
SQL: SHOW COLUMNS FROM `qd_items` [ RunTime:0.0020s ]
SQL: SELECT * FROM `qd_items` WHERE ( pid=4 )  [ RunTime:0.0000s ]
SQL: SHOW COLUMNS FROM `qd_news` [ RunTime:0.0050s ]
SQL: SELECT `id`,`title`,`small_img`,`item_id` FROM `qd_news` WHERE ( item_id =5 )  [ RunTime:0.0010s ]
SQL: SELECT `id`,`title`,`small_img`,`item_id` FROM `qd_news` WHERE ( item_id =6 )  [ RunTime:0.0000s ]
SQL: SELECT `id`,`title`,`small_img`,`item_id` FROM `qd_news` WHERE ( item_id =7 )  [ RunTime:0.0000s ]
SQL: SELECT `id`,`title`,`small_img`,`item_id` FROM `qd_news` WHERE ( item_id =8 )  [ RunTime:0.0010s ]
SQL: SELECT `id`,`title`,`small_img`,`item_id` FROM `qd_news` WHERE ( item_id =12 )  [ RunTime:0.0000s ]
INFO: [ view_parse ] --START--
INFO: [ template_filter ] --START--
INFO: Run Behavior\ContentReplaceBehavior [ RunTime:0.000000s ]
INFO: [ template_filter ] --END-- [ RunTime:0.000000s ]
INFO: Run Behavior\ParseTemplateBehavior [ RunTime:0.015001s ]
INFO: [ view_parse ] --END-- [ RunTime:0.016001s ]
INFO: [ view_filter ] --START--
INFO: Run Behavior\WriteHtmlCacheBehavior [ RunTime:0.000000s ]
INFO: [ view_filter ] --END-- [ RunTime:0.000000s ]
INFO: [ app_end ] --START--
INFO: Run Behavior\ShowPageTraceBehavior [ RunTime:0.000000s ]
INFO: [ app_end ] --END-- [ RunTime:0.001000s ]

[ 2017-01-09T00:36:18+08:00 ] 127.0.0.1 /
INFO: [ app_init ] --START--
INFO: Run Behavior\BuildLiteBehavior [ RunTime:0.000000s ]
INFO: [ app_init ] --END-- [ RunTime:0.000000s ]
INFO: [ app_begin ] --START--
INFO: Run Behavior\ReadHtmlCacheBehavior [ RunTime:0.003001s ]
INFO: [ app_begin ] --END-- [ RunTime:0.003001s ]
SQL: SHOW COLUMNS FROM `qd_items` [ RunTime:0.0030s ]
SQL: SELECT * FROM `qd_items` WHERE ( pid=4 )  [ RunTime:0.0000s ]
SQL: SHOW COLUMNS FROM `qd_news` [ RunTime:0.0020s ]
SQL: SELECT `id`,`title`,`small_img`,`item_id` FROM `qd_news` WHERE ( item_id =5 )  [ RunTime:0.0000s ]
SQL: SELECT `id`,`title`,`small_img`,`item_id` FROM `qd_news` WHERE ( item_id =6 )  [ RunTime:0.0010s ]
SQL: SELECT `id`,`title`,`small_img`,`item_id` FROM `qd_news` WHERE ( item_id =7 )  [ RunTime:0.0000s ]
SQL: SELECT `id`,`title`,`small_img`,`item_id` FROM `qd_news` WHERE ( item_id =8 )  [ RunTime:0.0000s ]
SQL: SELECT `id`,`title`,`small_img`,`item_id` FROM `qd_news` WHERE ( item_id =12 )  [ RunTime:0.0010s ]
INFO: [ view_parse ] --START--
INFO: [ template_filter ] --START--
INFO: Run Behavior\ContentReplaceBehavior [ RunTime:0.000000s ]
INFO: [ template_filter ] --END-- [ RunTime:0.001000s ]
INFO: Run Behavior\ParseTemplateBehavior [ RunTime:0.016001s ]
INFO: [ view_parse ] --END-- [ RunTime:0.016001s ]
INFO: [ view_filter ] --START--
INFO: Run Behavior\WriteHtmlCacheBehavior [ RunTime:0.000000s ]
INFO: [ view_filter ] --END-- [ RunTime:0.000000s ]
INFO: [ app_end ] --START--
INFO: Run Behavior\ShowPageTraceBehavior [ RunTime:0.000000s ]
INFO: [ app_end ] --END-- [ RunTime:0.001000s ]

[ 2017-01-09T00:36:19+08:00 ] 127.0.0.1 /
INFO: [ app_init ] --START--
INFO: Run Behavior\BuildLiteBehavior [ RunTime:0.000000s ]
INFO: [ app_init ] --END-- [ RunTime:0.000000s ]
INFO: [ app_begin ] --START--
INFO: Run Behavior\ReadHtmlCacheBehavior [ RunTime:0.000000s ]
INFO: [ app_begin ] --END-- [ RunTime:0.000000s ]
SQL: SHOW COLUMNS FROM `qd_items` [ RunTime:0.0020s ]
SQL: SELECT * FROM `qd_items` WHERE ( pid=4 )  [ RunTime:0.0000s ]
SQL: SHOW COLUMNS FROM `qd_news` [ RunTime:0.0040s ]
SQL: SELECT `id`,`title`,`small_img`,`item_id` FROM `qd_news` WHERE ( item_id =5 )  [ RunTime:0.0010s ]
SQL: SELECT `id`,`title`,`small_img`,`item_id` FROM `qd_news` WHERE ( item_id =6 )  [ RunTime:0.0000s ]
SQL: SELECT `id`,`title`,`small_img`,`item_id` FROM `qd_news` WHERE ( item_id =7 )  [ RunTime:0.0000s ]
SQL: SELECT `id`,`title`,`small_img`,`item_id` FROM `qd_news` WHERE ( item_id =8 )  [ RunTime:0.0010s ]
SQL: SELECT `id`,`title`,`small_img`,`item_id` FROM `qd_news` WHERE ( item_id =12 )  [ RunTime:0.0000s ]
INFO: [ view_parse ] --START--
INFO: [ template_filter ] --START--
INFO: Run Behavior\ContentReplaceBehavior [ RunTime:0.000000s ]
INFO: [ template_filter ] --END-- [ RunTime:0.000000s ]
INFO: Run Behavior\ParseTemplateBehavior [ RunTime:0.015001s ]
INFO: [ view_parse ] --END-- [ RunTime:0.015001s ]
INFO: [ view_filter ] --START--
INFO: Run Behavior\WriteHtmlCacheBehavior [ RunTime:0.000000s ]
INFO: [ view_filter ] --END-- [ RunTime:0.000000s ]
INFO: [ app_end ] --START--
INFO: Run Behavior\ShowPageTraceBehavior [ RunTime:0.001000s ]
INFO: [ app_end ] --END-- [ RunTime:0.001000s ]

[ 2017-01-09T00:36:19+08:00 ] 127.0.0.1 /
INFO: [ app_init ] --START--
INFO: Run Behavior\BuildLiteBehavior [ RunTime:0.000000s ]
INFO: [ app_init ] --END-- [ RunTime:0.000000s ]
INFO: [ app_begin ] --START--
INFO: Run Behavior\ReadHtmlCacheBehavior [ RunTime:0.000000s ]
INFO: [ app_begin ] --END-- [ RunTime:0.001000s ]
SQL: SHOW COLUMNS FROM `qd_items` [ RunTime:0.0080s ]
SQL: SELECT * FROM `qd_items` WHERE ( pid=4 )  [ RunTime:0.0000s ]
SQL: SHOW COLUMNS FROM `qd_news` [ RunTime:0.0030s ]
SQL: SELECT `id`,`title`,`small_img`,`item_id` FROM `qd_news` WHERE ( item_id =5 )  [ RunTime:0.0000s ]
SQL: SELECT `id`,`title`,`small_img`,`item_id` FROM `qd_news` WHERE ( item_id =6 )  [ RunTime:0.0000s ]
SQL: SELECT `id`,`title`,`small_img`,`item_id` FROM `qd_news` WHERE ( item_id =7 )  [ RunTime:0.0000s ]
SQL: SELECT `id`,`title`,`small_img`,`item_id` FROM `qd_news` WHERE ( item_id =8 )  [ RunTime:0.0000s ]
SQL: SELECT `id`,`title`,`small_img`,`item_id` FROM `qd_news` WHERE ( item_id =12 )  [ RunTime:0.0020s ]
INFO: [ view_parse ] --START--
INFO: [ template_filter ] --START--
INFO: Run Behavior\ContentReplaceBehavior [ RunTime:0.000000s ]
INFO: [ template_filter ] --END-- [ RunTime:0.000000s ]
INFO: Run Behavior\ParseTemplateBehavior [ RunTime:0.018001s ]
INFO: [ view_parse ] --END-- [ RunTime:0.018001s ]
INFO: [ view_filter ] --START--
INFO: Run Behavior\WriteHtmlCacheBehavior [ RunTime:0.000000s ]
INFO: [ view_filter ] --END-- [ RunTime:0.000000s ]
INFO: [ app_end ] --START--
INFO: Run Behavior\ShowPageTraceBehavior [ RunTime:0.001000s ]
INFO: [ app_end ] --END-- [ RunTime:0.001000s ]

[ 2017-01-09T00:36:19+08:00 ] 127.0.0.1 /
INFO: [ app_init ] --START--
INFO: Run Behavior\BuildLiteBehavior [ RunTime:0.000000s ]
INFO: [ app_init ] --END-- [ RunTime:0.001000s ]
INFO: [ app_begin ] --START--
INFO: Run Behavior\ReadHtmlCacheBehavior [ RunTime:0.000000s ]
INFO: [ app_begin ] --END-- [ RunTime:0.000000s ]
SQL: SHOW COLUMNS FROM `qd_items` [ RunTime:0.0020s ]
SQL: SELECT * FROM `qd_items` WHERE ( pid=4 )  [ RunTime:0.0010s ]
SQL: SHOW COLUMNS FROM `qd_news` [ RunTime:0.0030s ]
SQL: SELECT `id`,`title`,`small_img`,`item_id` FROM `qd_news` WHERE ( item_id =5 )  [ RunTime:0.0000s ]
SQL: SELECT `id`,`title`,`small_img`,`item_id` FROM `qd_news` WHERE ( item_id =6 )  [ RunTime:0.0000s ]
SQL: SELECT `id`,`title`,`small_img`,`item_id` FROM `qd_news` WHERE ( item_id =7 )  [ RunTime:0.0010s ]
SQL: SELECT `id`,`title`,`small_img`,`item_id` FROM `qd_news` WHERE ( item_id =8 )  [ RunTime:0.0000s ]
SQL: SELECT `id`,`title`,`small_img`,`item_id` FROM `qd_news` WHERE ( item_id =12 )  [ RunTime:0.0000s ]
INFO: [ view_parse ] --START--
INFO: [ template_filter ] --START--
INFO: Run Behavior\ContentReplaceBehavior [ RunTime:0.000000s ]
INFO: [ template_filter ] --END-- [ RunTime:0.000000s ]
INFO: Run Behavior\ParseTemplateBehavior [ RunTime:0.022001s ]
INFO: [ view_parse ] --END-- [ RunTime:0.022001s ]
INFO: [ view_filter ] --START--
INFO: Run Behavior\WriteHtmlCacheBehavior [ RunTime:0.000000s ]
INFO: [ view_filter ] --END-- [ RunTime:0.000000s ]
INFO: [ app_end ] --START--
INFO: Run Behavior\ShowPageTraceBehavior [ RunTime:0.001000s ]
INFO: [ app_end ] --END-- [ RunTime:0.001000s ]

[ 2017-01-09T00:36:23+08:00 ] 127.0.0.1 /
INFO: [ app_init ] --START--
INFO: Run Behavior\BuildLiteBehavior [ RunTime:0.001000s ]
INFO: [ app_init ] --END-- [ RunTime:0.001000s ]
INFO: [ app_begin ] --START--
INFO: Run Behavior\ReadHtmlCacheBehavior [ RunTime:0.000000s ]
INFO: [ app_begin ] --END-- [ RunTime:0.000000s ]
SQL: SHOW COLUMNS FROM `qd_items` [ RunTime:0.0030s ]
SQL: SELECT * FROM `qd_items` WHERE ( pid=4 )  [ RunTime:0.0010s ]
SQL: SHOW COLUMNS FROM `qd_news` [ RunTime:0.0030s ]
SQL: SELECT `id`,`title`,`small_img`,`item_id` FROM `qd_news` WHERE ( item_id =5 )  [ RunTime:0.0010s ]
SQL: SELECT `id`,`title`,`small_img`,`item_id` FROM `qd_news` WHERE ( item_id =6 )  [ RunTime:0.0000s ]
SQL: SELECT `id`,`title`,`small_img`,`item_id` FROM `qd_news` WHERE ( item_id =7 )  [ RunTime:0.0000s ]
SQL: SELECT `id`,`title`,`small_img`,`item_id` FROM `qd_news` WHERE ( item_id =8 )  [ RunTime:0.0000s ]
SQL: SELECT `id`,`title`,`small_img`,`item_id` FROM `qd_news` WHERE ( item_id =12 )  [ RunTime:0.0010s ]
INFO: [ view_parse ] --START--
INFO: [ template_filter ] --START--
INFO: Run Behavior\ContentReplaceBehavior [ RunTime:0.000000s ]
INFO: [ template_filter ] --END-- [ RunTime:0.000000s ]
INFO: Run Behavior\ParseTemplateBehavior [ RunTime:0.016001s ]
INFO: [ view_parse ] --END-- [ RunTime:0.016001s ]
INFO: [ view_filter ] --START--
INFO: Run Behavior\WriteHtmlCacheBehavior [ RunTime:0.000000s ]
INFO: [ view_filter ] --END-- [ RunTime:0.000000s ]
INFO: [ app_end ] --START--
INFO: Run Behavior\ShowPageTraceBehavior [ RunTime:0.001000s ]
INFO: [ app_end ] --END-- [ RunTime:0.001000s ]

[ 2017-01-09T00:36:24+08:00 ] 127.0.0.1 /
INFO: [ app_init ] --START--
INFO: Run Behavior\BuildLiteBehavior [ RunTime:0.000000s ]
INFO: [ app_init ] --END-- [ RunTime:0.001000s ]
INFO: [ app_begin ] --START--
INFO: Run Behavior\ReadHtmlCacheBehavior [ RunTime:0.001001s ]
INFO: [ app_begin ] --END-- [ RunTime:0.001001s ]
SQL: SHOW COLUMNS FROM `qd_items` [ RunTime:0.0020s ]
SQL: SELECT * FROM `qd_items` WHERE ( pid=4 )  [ RunTime:0.0000s ]
SQL: SHOW COLUMNS FROM `qd_news` [ RunTime:0.0020s ]
SQL: SELECT `id`,`title`,`small_img`,`item_id` FROM `qd_news` WHERE ( item_id =5 )  [ RunTime:0.0000s ]
SQL: SELECT `id`,`title`,`small_img`,`item_id` FROM `qd_news` WHERE ( item_id =6 )  [ RunTime:0.0010s ]
SQL: SELECT `id`,`title`,`small_img`,`item_id` FROM `qd_news` WHERE ( item_id =7 )  [ RunTime:0.0000s ]
SQL: SELECT `id`,`title`,`small_img`,`item_id` FROM `qd_news` WHERE ( item_id =8 )  [ RunTime:0.0000s ]
SQL: SELECT `id`,`title`,`small_img`,`item_id` FROM `qd_news` WHERE ( item_id =12 )  [ RunTime:0.0010s ]
INFO: [ view_parse ] --START--
INFO: [ template_filter ] --START--
INFO: Run Behavior\ContentReplaceBehavior [ RunTime:0.000000s ]
INFO: [ template_filter ] --END-- [ RunTime:0.000000s ]
INFO: Run Behavior\ParseTemplateBehavior [ RunTime:0.015001s ]
INFO: [ view_parse ] --END-- [ RunTime:0.015001s ]
INFO: [ view_filter ] --START--
INFO: Run Behavior\WriteHtmlCacheBehavior [ RunTime:0.001000s ]
INFO: [ view_filter ] --END-- [ RunTime:0.001000s ]
INFO: [ app_end ] --START--
INFO: Run Behavior\ShowPageTraceBehavior [ RunTime:0.001000s ]
INFO: [ app_end ] --END-- [ RunTime:0.001000s ]

[ 2017-01-09T00:37:17+08:00 ] 127.0.0.1 /
INFO: [ app_init ] --START--
INFO: Run Behavior\BuildLiteBehavior [ RunTime:0.000000s ]
INFO: [ app_init ] --END-- [ RunTime:0.000000s ]
INFO: [ app_begin ] --START--
INFO: Run Behavior\ReadHtmlCacheBehavior [ RunTime:0.000000s ]
INFO: [ app_begin ] --END-- [ RunTime:0.000000s ]
SQL: SHOW COLUMNS FROM `qd_items` [ RunTime:0.0020s ]
SQL: SELECT * FROM `qd_items` WHERE ( pid=4 )  [ RunTime:0.0010s ]
SQL: SHOW COLUMNS FROM `qd_news` [ RunTime:0.0030s ]
SQL: SELECT `id`,`title`,`small_img`,`item_id` FROM `qd_news` WHERE ( item_id =5 )  [ RunTime:0.0000s ]
SQL: SELECT `id`,`title`,`small_img`,`item_id` FROM `qd_news` WHERE ( item_id =6 )  [ RunTime:0.0000s ]
SQL: SELECT `id`,`title`,`small_img`,`item_id` FROM `qd_news` WHERE ( item_id =7 )  [ RunTime:0.0000s ]
SQL: SELECT `id`,`title`,`small_img`,`item_id` FROM `qd_news` WHERE ( item_id =8 )  [ RunTime:0.0010s ]
SQL: SELECT `id`,`title`,`small_img`,`item_id` FROM `qd_news` WHERE ( item_id =12 )  [ RunTime:0.0010s ]
INFO: [ view_parse ] --START--
INFO: [ template_filter ] --START--
INFO: Run Behavior\ContentReplaceBehavior [ RunTime:0.000000s ]
INFO: [ template_filter ] --END-- [ RunTime:0.000000s ]
INFO: Run Behavior\ParseTemplateBehavior [ RunTime:0.018001s ]
INFO: [ view_parse ] --END-- [ RunTime:0.018001s ]
INFO: [ view_filter ] --START--
INFO: Run Behavior\WriteHtmlCacheBehavior [ RunTime:0.000000s ]
INFO: [ view_filter ] --END-- [ RunTime:0.000000s ]
INFO: [ app_end ] --START--
INFO: Run Behavior\ShowPageTraceBehavior [ RunTime:0.000000s ]
INFO: [ app_end ] --END-- [ RunTime:0.001000s ]

[ 2017-01-09T00:37:18+08:00 ] 127.0.0.1 /
INFO: [ app_init ] --START--
INFO: Run Behavior\BuildLiteBehavior [ RunTime:0.000000s ]
INFO: [ app_init ] --END-- [ RunTime:0.000000s ]
INFO: [ app_begin ] --START--
INFO: Run Behavior\ReadHtmlCacheBehavior [ RunTime:0.000000s ]
INFO: [ app_begin ] --END-- [ RunTime:0.001000s ]
SQL: SHOW COLUMNS FROM `qd_items` [ RunTime:0.0020s ]
SQL: SELECT * FROM `qd_items` WHERE ( pid=4 )  [ RunTime:0.0000s ]
SQL: SHOW COLUMNS FROM `qd_news` [ RunTime:0.0030s ]
SQL: SELECT `id`,`title`,`small_img`,`item_id` FROM `qd_news` WHERE ( item_id =5 )  [ RunTime:0.0010s ]
SQL: SELECT `id`,`title`,`small_img`,`item_id` FROM `qd_news` WHERE ( item_id =6 )  [ RunTime:0.0000s ]
SQL: SELECT `id`,`title`,`small_img`,`item_id` FROM `qd_news` WHERE ( item_id =7 )  [ RunTime:0.0000s ]
SQL: SELECT `id`,`title`,`small_img`,`item_id` FROM `qd_news` WHERE ( item_id =8 )  [ RunTime:0.0000s ]
SQL: SELECT `id`,`title`,`small_img`,`item_id` FROM `qd_news` WHERE ( item_id =12 )  [ RunTime:0.0000s ]
INFO: [ view_parse ] --START--
INFO: [ template_filter ] --START--
INFO: Run Behavior\ContentReplaceBehavior [ RunTime:0.001000s ]
INFO: [ template_filter ] --END-- [ RunTime:0.001000s ]
INFO: Run Behavior\ParseTemplateBehavior [ RunTime:0.016000s ]
INFO: [ view_parse ] --END-- [ RunTime:0.017000s ]
INFO: [ view_filter ] --START--
INFO: Run Behavior\WriteHtmlCacheBehavior [ RunTime:0.000000s ]
INFO: [ view_filter ] --END-- [ RunTime:0.000000s ]
INFO: [ app_end ] --START--
INFO: Run Behavior\ShowPageTraceBehavior [ RunTime:0.001001s ]
INFO: [ app_end ] --END-- [ RunTime:0.001001s ]

[ 2017-01-09T00:37:28+08:00 ] 127.0.0.1 /
INFO: [ app_init ] --START--
INFO: Run Behavior\BuildLiteBehavior [ RunTime:0.000000s ]
INFO: [ app_init ] --END-- [ RunTime:0.001000s ]
INFO: [ app_begin ] --START--
INFO: Run Behavior\ReadHtmlCacheBehavior [ RunTime:0.000000s ]
INFO: [ app_begin ] --END-- [ RunTime:0.000000s ]
SQL: SHOW COLUMNS FROM `qd_items` [ RunTime:0.0020s ]
SQL: SELECT * FROM `qd_items` WHERE ( pid=4 )  [ RunTime:0.0000s ]
SQL: SHOW COLUMNS FROM `qd_news` [ RunTime:0.0020s ]
SQL: SELECT `id`,`title`,`small_img`,`item_id` FROM `qd_news` WHERE ( item_id =5 )  [ RunTime:0.0000s ]
SQL: SELECT `id`,`title`,`small_img`,`item_id` FROM `qd_news` WHERE ( item_id =6 )  [ RunTime:0.0000s ]
SQL: SELECT `id`,`title`,`small_img`,`item_id` FROM `qd_news` WHERE ( item_id =7 )  [ RunTime:0.0000s ]
SQL: SELECT `id`,`title`,`small_img`,`item_id` FROM `qd_news` WHERE ( item_id =8 )  [ RunTime:0.0000s ]
SQL: SELECT `id`,`title`,`small_img`,`item_id` FROM `qd_news` WHERE ( item_id =12 )  [ RunTime:0.0000s ]
INFO: [ view_parse ] --START--
INFO: [ template_filter ] --START--
INFO: Run Behavior\ContentReplaceBehavior [ RunTime:0.001000s ]
INFO: [ template_filter ] --END-- [ RunTime:0.001000s ]
INFO: Run Behavior\ParseTemplateBehavior [ RunTime:0.016001s ]
INFO: [ view_parse ] --END-- [ RunTime:0.016001s ]
INFO: [ view_filter ] --START--
INFO: Run Behavior\WriteHtmlCacheBehavior [ RunTime:0.000000s ]
INFO: [ view_filter ] --END-- [ RunTime:0.001000s ]
INFO: [ app_end ] --START--
INFO: Run Behavior\ShowPageTraceBehavior [ RunTime:0.001000s ]
INFO: [ app_end ] --END-- [ RunTime:0.001000s ]

[ 2017-01-09T00:39:36+08:00 ] 127.0.0.1 /
INFO: [ app_init ] --START--
INFO: Run Behavior\BuildLiteBehavior [ RunTime:0.000000s ]
INFO: [ app_init ] --END-- [ RunTime:0.000000s ]
INFO: [ app_begin ] --START--
INFO: Run Behavior\ReadHtmlCacheBehavior [ RunTime:0.002000s ]
INFO: [ app_begin ] --END-- [ RunTime:0.002000s ]
SQL: SHOW COLUMNS FROM `qd_items` [ RunTime:0.0030s ]
SQL: SELECT * FROM `qd_items` WHERE ( pid=4 )  [ RunTime:0.0010s ]
SQL: SHOW COLUMNS FROM `qd_news` [ RunTime:0.0040s ]
SQL: SELECT `id`,`title`,`small_img`,`item_id` FROM `qd_news` WHERE ( item_id =5 )  [ RunTime:0.0000s ]
SQL: SELECT `id`,`title`,`small_img`,`item_id` FROM `qd_news` WHERE ( item_id =6 )  [ RunTime:0.0010s ]
SQL: SELECT `id`,`title`,`small_img`,`item_id` FROM `qd_news` WHERE ( item_id =7 )  [ RunTime:0.0010s ]
SQL: SELECT `id`,`title`,`small_img`,`item_id` FROM `qd_news` WHERE ( item_id =8 )  [ RunTime:0.0000s ]
SQL: SELECT `id`,`title`,`small_img`,`item_id` FROM `qd_news` WHERE ( item_id =12 )  [ RunTime:0.0000s ]
INFO: [ view_parse ] --START--
INFO: [ template_filter ] --START--
INFO: Run Behavior\ContentReplaceBehavior [ RunTime:0.000000s ]
INFO: [ template_filter ] --END-- [ RunTime:0.001000s ]
INFO: Run Behavior\ParseTemplateBehavior [ RunTime:0.022001s ]
INFO: [ view_parse ] --END-- [ RunTime:0.022001s ]
INFO: [ view_filter ] --START--
INFO: Run Behavior\WriteHtmlCacheBehavior [ RunTime:0.001000s ]
INFO: [ view_filter ] --END-- [ RunTime:0.001000s ]
INFO: [ app_end ] --START--
INFO: Run Behavior\ShowPageTraceBehavior [ RunTime:0.001000s ]
INFO: [ app_end ] --END-- [ RunTime:0.001000s ]

[ 2017-01-09T00:41:02+08:00 ] 127.0.0.1 /
INFO: [ app_init ] --START--
INFO: Run Behavior\BuildLiteBehavior [ RunTime:0.000000s ]
INFO: [ app_init ] --END-- [ RunTime:0.001000s ]
INFO: [ app_begin ] --START--
INFO: Run Behavior\ReadHtmlCacheBehavior [ RunTime:0.001000s ]
INFO: [ app_begin ] --END-- [ RunTime:0.001000s ]
SQL: SHOW COLUMNS FROM `qd_items` [ RunTime:0.0030s ]
SQL: SELECT * FROM `qd_items` WHERE ( pid=4 )  [ RunTime:0.0010s ]
SQL: SHOW COLUMNS FROM `qd_news` [ RunTime:0.0020s ]
SQL: SELECT `id`,`title`,`small_img`,`item_id` FROM `qd_news` WHERE ( item_id =5 )  [ RunTime:0.0000s ]
SQL: SELECT `id`,`title`,`small_img`,`item_id` FROM `qd_news` WHERE ( item_id =6 )  [ RunTime:0.0010s ]
SQL: SELECT `id`,`title`,`small_img`,`item_id` FROM `qd_news` WHERE ( item_id =7 )  [ RunTime:0.0000s ]
SQL: SELECT `id`,`title`,`small_img`,`item_id` FROM `qd_news` WHERE ( item_id =8 )  [ RunTime:0.0000s ]
SQL: SELECT `id`,`title`,`small_img`,`item_id` FROM `qd_news` WHERE ( item_id =12 )  [ RunTime:0.0000s ]
INFO: [ view_parse ] --START--
INFO: [ template_filter ] --START--
INFO: Run Behavior\ContentReplaceBehavior [ RunTime:0.000000s ]
INFO: [ template_filter ] --END-- [ RunTime:0.000000s ]
INFO: Run Behavior\ParseTemplateBehavior [ RunTime:0.019001s ]
INFO: [ view_parse ] --END-- [ RunTime:0.019001s ]
INFO: [ view_filter ] --START--
INFO: Run Behavior\WriteHtmlCacheBehavior [ RunTime:0.001001s ]
INFO: [ view_filter ] --END-- [ RunTime:0.002001s ]
INFO: [ app_end ] --START--
INFO: Run Behavior\ShowPageTraceBehavior [ RunTime:0.001000s ]
INFO: [ app_end ] --END-- [ RunTime:0.001000s ]

[ 2017-01-09T00:41:03+08:00 ] 127.0.0.1 /
INFO: [ app_init ] --START--
INFO: Run Behavior\BuildLiteBehavior [ RunTime:0.000000s ]
INFO: [ app_init ] --END-- [ RunTime:0.000000s ]
INFO: [ app_begin ] --START--
INFO: Run Behavior\ReadHtmlCacheBehavior [ RunTime:0.001000s ]
INFO: [ app_begin ] --END-- [ RunTime:0.001000s ]
SQL: SHOW COLUMNS FROM `qd_items` [ RunTime:0.0020s ]
SQL: SELECT * FROM `qd_items` WHERE ( pid=4 )  [ RunTime:0.0010s ]
SQL: SHOW COLUMNS FROM `qd_news` [ RunTime:0.0030s ]
SQL: SELECT `id`,`title`,`small_img`,`item_id` FROM `qd_news` WHERE ( item_id =5 )  [ RunTime:0.0000s ]
SQL: SELECT `id`,`title`,`small_img`,`item_id` FROM `qd_news` WHERE ( item_id =6 )  [ RunTime:0.0000s ]
SQL: SELECT `id`,`title`,`small_img`,`item_id` FROM `qd_news` WHERE ( item_id =7 )  [ RunTime:0.0000s ]
SQL: SELECT `id`,`title`,`small_img`,`item_id` FROM `qd_news` WHERE ( item_id =8 )  [ RunTime:0.0000s ]
SQL: SELECT `id`,`title`,`small_img`,`item_id` FROM `qd_news` WHERE ( item_id =12 )  [ RunTime:0.0010s ]
INFO: [ view_parse ] --START--
INFO: [ template_filter ] --START--
INFO: Run Behavior\ContentReplaceBehavior [ RunTime:0.001000s ]
INFO: [ template_filter ] --END-- [ RunTime:0.001000s ]
INFO: Run Behavior\ParseTemplateBehavior [ RunTime:0.018001s ]
INFO: [ view_parse ] --END-- [ RunTime:0.018001s ]
INFO: [ view_filter ] --START--
INFO: Run Behavior\WriteHtmlCacheBehavior [ RunTime:0.000000s ]
INFO: [ view_filter ] --END-- [ RunTime:0.000000s ]
INFO: [ app_end ] --START--
INFO: Run Behavior\ShowPageTraceBehavior [ RunTime:0.000000s ]
INFO: [ app_end ] --END-- [ RunTime:0.001000s ]

[ 2017-01-09T00:41:15+08:00 ] 127.0.0.1 /
INFO: [ app_init ] --START--
INFO: Run Behavior\BuildLiteBehavior [ RunTime:0.000000s ]
INFO: [ app_init ] --END-- [ RunTime:0.000000s ]
INFO: [ app_begin ] --START--
INFO: Run Behavior\ReadHtmlCacheBehavior [ RunTime:0.000000s ]
INFO: [ app_begin ] --END-- [ RunTime:0.000000s ]
SQL: SHOW COLUMNS FROM `qd_items` [ RunTime:0.0020s ]
SQL: SELECT * FROM `qd_items` WHERE ( pid=4 )  [ RunTime:0.0020s ]
SQL: SHOW COLUMNS FROM `qd_news` [ RunTime:0.0020s ]
SQL: SELECT `id`,`title`,`small_img`,`item_id` FROM `qd_news` WHERE ( item_id =5 )  [ RunTime:0.0000s ]
SQL: SELECT `id`,`title`,`small_img`,`item_id` FROM `qd_news` WHERE ( item_id =6 )  [ RunTime:0.0000s ]
SQL: SELECT `id`,`title`,`small_img`,`item_id` FROM `qd_news` WHERE ( item_id =7 )  [ RunTime:0.0000s ]
SQL: SELECT `id`,`title`,`small_img`,`item_id` FROM `qd_news` WHERE ( item_id =8 )  [ RunTime:0.0010s ]
SQL: SELECT `id`,`title`,`small_img`,`item_id` FROM `qd_news` WHERE ( item_id =12 )  [ RunTime:0.0010s ]
INFO: [ view_parse ] --START--
INFO: [ template_filter ] --START--
INFO: Run Behavior\ContentReplaceBehavior [ RunTime:0.000000s ]
INFO: [ template_filter ] --END-- [ RunTime:0.000000s ]
INFO: Run Behavior\ParseTemplateBehavior [ RunTime:0.019001s ]
INFO: [ view_parse ] --END-- [ RunTime:0.019001s ]
INFO: [ view_filter ] --START--
INFO: Run Behavior\WriteHtmlCacheBehavior [ RunTime:0.000000s ]
INFO: [ view_filter ] --END-- [ RunTime:0.000000s ]
INFO: [ app_end ] --START--
INFO: Run Behavior\ShowPageTraceBehavior [ RunTime:0.000000s ]
INFO: [ app_end ] --END-- [ RunTime:0.000000s ]

[ 2017-01-09T00:42:07+08:00 ] 127.0.0.1 /
INFO: [ app_init ] --START--
INFO: Run Behavior\BuildLiteBehavior [ RunTime:0.000000s ]
INFO: [ app_init ] --END-- [ RunTime:0.000000s ]
INFO: [ app_begin ] --START--
INFO: Run Behavior\ReadHtmlCacheBehavior [ RunTime:0.001000s ]
INFO: [ app_begin ] --END-- [ RunTime:0.001000s ]
SQL: SHOW COLUMNS FROM `qd_items` [ RunTime:0.0030s ]
SQL: SELECT * FROM `qd_items` WHERE ( pid=4 )  [ RunTime:0.0000s ]
SQL: SHOW COLUMNS FROM `qd_news` [ RunTime:0.0050s ]
SQL: SELECT `id`,`title`,`small_img`,`item_id` FROM `qd_news` WHERE ( item_id =5 )  [ RunTime:0.0010s ]
SQL: SELECT `id`,`title`,`small_img`,`item_id` FROM `qd_news` WHERE ( item_id =6 )  [ RunTime:0.0000s ]
SQL: SELECT `id`,`title`,`small_img`,`item_id` FROM `qd_news` WHERE ( item_id =7 )  [ RunTime:0.0000s ]
SQL: SELECT `id`,`title`,`small_img`,`item_id` FROM `qd_news` WHERE ( item_id =8 )  [ RunTime:0.0000s ]
SQL: SELECT `id`,`title`,`small_img`,`item_id` FROM `qd_news` WHERE ( item_id =12 )  [ RunTime:0.0000s ]
INFO: [ view_parse ] --START--
INFO: [ template_filter ] --START--
INFO: Run Behavior\ContentReplaceBehavior [ RunTime:0.001000s ]
INFO: [ template_filter ] --END-- [ RunTime:0.001000s ]
INFO: Run Behavior\ParseTemplateBehavior [ RunTime:0.017001s ]
INFO: [ view_parse ] --END-- [ RunTime:0.017001s ]
INFO: [ view_filter ] --START--
INFO: Run Behavior\WriteHtmlCacheBehavior [ RunTime:0.000000s ]
INFO: [ view_filter ] --END-- [ RunTime:0.000000s ]
INFO: [ app_end ] --START--
INFO: Run Behavior\ShowPageTraceBehavior [ RunTime:0.000000s ]
INFO: [ app_end ] --END-- [ RunTime:0.000000s ]

[ 2017-01-09T00:42:45+08:00 ] 127.0.0.1 /
INFO: [ app_init ] --START--
INFO: Run Behavior\BuildLiteBehavior [ RunTime:0.000000s ]
INFO: [ app_init ] --END-- [ RunTime:0.000000s ]
INFO: [ app_begin ] --START--
INFO: Run Behavior\ReadHtmlCacheBehavior [ RunTime:0.001000s ]
INFO: [ app_begin ] --END-- [ RunTime:0.001000s ]
SQL: SHOW COLUMNS FROM `qd_items` [ RunTime:0.0040s ]
SQL: SELECT * FROM `qd_items` WHERE ( pid=4 )  [ RunTime:0.0000s ]
SQL: SHOW COLUMNS FROM `qd_news` [ RunTime:0.0020s ]
SQL: SELECT `id`,`title`,`small_img`,`item_id` FROM `qd_news` WHERE ( item_id =5 )  [ RunTime:0.0000s ]
SQL: SELECT `id`,`title`,`small_img`,`item_id` FROM `qd_news` WHERE ( item_id =6 )  [ RunTime:0.0010s ]
SQL: SELECT `id`,`title`,`small_img`,`item_id` FROM `qd_news` WHERE ( item_id =7 )  [ RunTime:0.0000s ]
SQL: SELECT `id`,`title`,`small_img`,`item_id` FROM `qd_news` WHERE ( item_id =8 )  [ RunTime:0.0000s ]
SQL: SELECT `id`,`title`,`small_img`,`item_id` FROM `qd_news` WHERE ( item_id =12 )  [ RunTime:0.0000s ]
INFO: [ view_parse ] --START--
INFO: [ template_filter ] --START--
INFO: Run Behavior\ContentReplaceBehavior [ RunTime:0.000000s ]
INFO: [ template_filter ] --END-- [ RunTime:0.001000s ]
INFO: Run Behavior\ParseTemplateBehavior [ RunTime:0.022001s ]
INFO: [ view_parse ] --END-- [ RunTime:0.022001s ]
INFO: [ view_filter ] --START--
INFO: Run Behavior\WriteHtmlCacheBehavior [ RunTime:0.001000s ]
INFO: [ view_filter ] --END-- [ RunTime:0.001000s ]
INFO: [ app_end ] --START--
INFO: Run Behavior\ShowPageTraceBehavior [ RunTime:0.001000s ]
INFO: [ app_end ] --END-- [ RunTime:0.002000s ]

[ 2017-01-09T00:42:53+08:00 ] 127.0.0.1 /
INFO: [ app_init ] --START--
INFO: Run Behavior\BuildLiteBehavior [ RunTime:0.000000s ]
INFO: [ app_init ] --END-- [ RunTime:0.000000s ]
INFO: [ app_begin ] --START--
INFO: Run Behavior\ReadHtmlCacheBehavior [ RunTime:0.001000s ]
INFO: [ app_begin ] --END-- [ RunTime:0.001000s ]
SQL: SHOW COLUMNS FROM `qd_items` [ RunTime:0.0020s ]
SQL: SELECT * FROM `qd_items` WHERE ( pid=4 )  [ RunTime:0.0010s ]
SQL: SHOW COLUMNS FROM `qd_news` [ RunTime:0.0070s ]
SQL: SELECT `id`,`title`,`small_img`,`item_id` FROM `qd_news` WHERE ( item_id =5 )  [ RunTime:0.0000s ]
SQL: SELECT `id`,`title`,`small_img`,`item_id` FROM `qd_news` WHERE ( item_id =6 )  [ RunTime:0.0010s ]
SQL: SELECT `id`,`title`,`small_img`,`item_id` FROM `qd_news` WHERE ( item_id =7 )  [ RunTime:0.0000s ]
SQL: SELECT `id`,`title`,`small_img`,`item_id` FROM `qd_news` WHERE ( item_id =8 )  [ RunTime:0.0000s ]
SQL: SELECT `id`,`title`,`small_img`,`item_id` FROM `qd_news` WHERE ( item_id =12 )  [ RunTime:0.0000s ]
INFO: [ view_parse ] --START--
INFO: [ template_filter ] --START--
INFO: Run Behavior\ContentReplaceBehavior [ RunTime:0.001000s ]
INFO: [ template_filter ] --END-- [ RunTime:0.001000s ]
INFO: Run Behavior\ParseTemplateBehavior [ RunTime:0.018001s ]
INFO: [ view_parse ] --END-- [ RunTime:0.018001s ]
INFO: [ view_filter ] --START--
INFO: Run Behavior\WriteHtmlCacheBehavior [ RunTime:0.001000s ]
INFO: [ view_filter ] --END-- [ RunTime:0.001000s ]
INFO: [ app_end ] --START--
INFO: Run Behavior\ShowPageTraceBehavior [ RunTime:0.001001s ]
INFO: [ app_end ] --END-- [ RunTime:0.001001s ]

[ 2017-01-09T00:43:01+08:00 ] 127.0.0.1 /
INFO: [ app_init ] --START--
INFO: Run Behavior\BuildLiteBehavior [ RunTime:0.000000s ]
INFO: [ app_init ] --END-- [ RunTime:0.000000s ]
INFO: [ app_begin ] --START--
INFO: Run Behavior\ReadHtmlCacheBehavior [ RunTime:0.001000s ]
INFO: [ app_begin ] --END-- [ RunTime:0.001000s ]
SQL: SHOW COLUMNS FROM `qd_items` [ RunTime:0.0020s ]
SQL: SELECT * FROM `qd_items` WHERE ( pid=4 )  [ RunTime:0.0000s ]
SQL: SHOW COLUMNS FROM `qd_news` [ RunTime:0.0030s ]
SQL: SELECT `id`,`title`,`small_img`,`item_id` FROM `qd_news` WHERE ( item_id =5 )  [ RunTime:0.0010s ]
SQL: SELECT `id`,`title`,`small_img`,`item_id` FROM `qd_news` WHERE ( item_id =6 )  [ RunTime:0.0000s ]
SQL: SELECT `id`,`title`,`small_img`,`item_id` FROM `qd_news` WHERE ( item_id =7 )  [ RunTime:0.0010s ]
SQL: SELECT `id`,`title`,`small_img`,`item_id` FROM `qd_news` WHERE ( item_id =8 )  [ RunTime:0.0000s ]
SQL: SELECT `id`,`title`,`small_img`,`item_id` FROM `qd_news` WHERE ( item_id =12 )  [ RunTime:0.0000s ]
INFO: [ view_parse ] --START--
INFO: [ template_filter ] --START--
INFO: Run Behavior\ContentReplaceBehavior [ RunTime:0.001000s ]
INFO: [ template_filter ] --END-- [ RunTime:0.001000s ]
INFO: Run Behavior\ParseTemplateBehavior [ RunTime:0.017001s ]
INFO: [ view_parse ] --END-- [ RunTime:0.017001s ]
INFO: [ view_filter ] --START--
INFO: Run Behavior\WriteHtmlCacheBehavior [ RunTime:0.001000s ]
INFO: [ view_filter ] --END-- [ RunTime:0.001000s ]
INFO: [ app_end ] --START--
INFO: Run Behavior\ShowPageTraceBehavior [ RunTime:0.001000s ]
INFO: [ app_end ] --END-- [ RunTime:0.001000s ]

[ 2017-01-09T00:43:09+08:00 ] 127.0.0.1 /
INFO: [ app_init ] --START--
INFO: Run Behavior\BuildLiteBehavior [ RunTime:0.000000s ]
INFO: [ app_init ] --END-- [ RunTime:0.000000s ]
INFO: [ app_begin ] --START--
INFO: Run Behavior\ReadHtmlCacheBehavior [ RunTime:0.000000s ]
INFO: [ app_begin ] --END-- [ RunTime:0.001000s ]
SQL: SHOW COLUMNS FROM `qd_items` [ RunTime:0.0040s ]
SQL: SELECT * FROM `qd_items` WHERE ( pid=4 )  [ RunTime:0.0000s ]
SQL: SHOW COLUMNS FROM `qd_news` [ RunTime:0.0030s ]
SQL: SELECT `id`,`title`,`small_img`,`item_id` FROM `qd_news` WHERE ( item_id =5 )  [ RunTime:0.0010s ]
SQL: SELECT `id`,`title`,`small_img`,`item_id` FROM `qd_news` WHERE ( item_id =6 )  [ RunTime:0.0010s ]
SQL: SELECT `id`,`title`,`small_img`,`item_id` FROM `qd_news` WHERE ( item_id =7 )  [ RunTime:0.0000s ]
SQL: SELECT `id`,`title`,`small_img`,`item_id` FROM `qd_news` WHERE ( item_id =8 )  [ RunTime:0.0000s ]
SQL: SELECT `id`,`title`,`small_img`,`item_id` FROM `qd_news` WHERE ( item_id =12 )  [ RunTime:0.0010s ]
INFO: [ view_parse ] --START--
INFO: [ template_filter ] --START--
INFO: Run Behavior\ContentReplaceBehavior [ RunTime:0.001001s ]
INFO: [ template_filter ] --END-- [ RunTime:0.001001s ]
INFO: Run Behavior\ParseTemplateBehavior [ RunTime:0.019001s ]
INFO: [ view_parse ] --END-- [ RunTime:0.019001s ]
INFO: [ view_filter ] --START--
INFO: Run Behavior\WriteHtmlCacheBehavior [ RunTime:0.000000s ]
INFO: [ view_filter ] --END-- [ RunTime:0.000000s ]
INFO: [ app_end ] --START--
INFO: Run Behavior\ShowPageTraceBehavior [ RunTime:0.001000s ]
INFO: [ app_end ] --END-- [ RunTime:0.001000s ]

